Date: 19/03/2021 12:25:28
===============
Quantum Package
===============

Git Commit: Fixing zmq bug
Git Date  : Tue Mar 2 14:27:22 2021 +0100
Git SHA1  : ee9f4516b39d8dd8fa2476d3d5d738bacfd91718
EZFIO Dir : BH


Task server running : tcp://10.1.255.223:41279
.. >>>>> [ IO READ: read_wf ] <<<<< ..
 
.. >>>>> [ RES  MEM :       0.009518 GB ] [ VIRT MEM :       0.142143 GB ] <<<<< ..
.. >>>>> [ WALL TIME:       0.020463  s ] [ CPU  TIME:       0.016474  s ] <<<<< ..
 
* Dimension of the psi arrays                               100000
.. >>>>> [ IO READ: n_states ] <<<<< ..
 
.. >>>>> [ RES  MEM :       0.009716 GB ] [ VIRT MEM :       0.142143 GB ] <<<<< ..
.. >>>>> [ WALL TIME:       0.023009  s ] [ CPU  TIME:       0.016854  s ] <<<<< ..
 
 * mo_label          Canonical
* Number of determinants                                         1
.. >>>>> [ IO READ: n_det_max_full ] <<<<< ..
 
.. >>>>> [ RES  MEM :       0.015697 GB ] [ VIRT MEM :       1.675068 GB ] <<<<< ..
.. >>>>> [ WALL TIME:       0.061362  s ] [ CPU  TIME:       0.538549  s ] <<<<< ..
 
 
.. >>>>> [ RES  MEM :       0.015697 GB ] [ VIRT MEM :       1.675068 GB ] <<<<< ..
.. >>>>> [ WALL TIME:       0.063261  s ] [ CPU  TIME:       0.576913  s ] <<<<< ..
 
 Read  n_states_diag
.. >>>>> [ IO READ: threshold_davidson ] <<<<< ..
 
.. >>>>> [ RES  MEM :       0.015697 GB ] [ VIRT MEM :       1.675068 GB ] <<<<< ..
.. >>>>> [ WALL TIME:       0.065367  s ] [ CPU  TIME:       0.619400  s ] <<<<< ..
 
* mo_num                                                        69
* N_int                                                          2
.. >>>>> [ IO READ: elec_beta_num ] <<<<< ..
 
.. >>>>> [ RES  MEM :       0.015697 GB ] [ VIRT MEM :       1.675068 GB ] <<<<< ..
.. >>>>> [ WALL TIME:       0.070783  s ] [ CPU  TIME:       0.728375  s ] <<<<< ..
 
.. >>>>> [ IO READ: elec_alpha_num ] <<<<< ..
 
.. >>>>> [ RES  MEM :       0.015697 GB ] [ VIRT MEM :       1.675068 GB ] <<<<< ..
.. >>>>> [ WALL TIME:       0.075931  s ] [ CPU  TIME:       0.831634  s ] <<<<< ..
 
.. >>>>> [ IO READ: ao_num ] <<<<< ..
 
.. >>>>> [ RES  MEM :       0.015915 GB ] [ VIRT MEM :       1.675068 GB ] <<<<< ..
.. >>>>> [ WALL TIME:       0.090841  s ] [ CPU  TIME:       1.130359  s ] <<<<< ..
 
 Read  mo_coef
.. >>>>> [ IO READ: io_mo_two_e_integrals ] <<<<< ..
 
.. >>>>> [ RES  MEM :       0.019264 GB ] [ VIRT MEM :       1.678055 GB ] <<<<< ..
.. >>>>> [ WALL TIME:       0.207667  s ] [ CPU  TIME:       3.719057  s ] <<<<< ..
 
 MO map initialized:                2917320
.. >>>>> [ IO READ: no_vvvv_integrals ] <<<<< ..
 
.. >>>>> [ RES  MEM :       0.019264 GB ] [ VIRT MEM :       1.678055 GB ] <<<<< ..
.. >>>>> [ WALL TIME:       0.218484  s ] [ CPU  TIME:       3.968237  s ] <<<<< ..
 
.. >>>>> [ IO READ: mo_class ] <<<<< ..
 
.. >>>>> [ RES  MEM :       0.019375 GB ] [ VIRT MEM :       1.678055 GB ] <<<<< ..
.. >>>>> [ WALL TIME:       0.238366  s ] [ CPU  TIME:       4.424430  s ] <<<<< ..
 
.. >>>>> [ IO READ: io_ao_two_e_integrals ] <<<<< ..
 
.. >>>>> [ RES  MEM :       0.019375 GB ] [ VIRT MEM :       1.678055 GB ] <<<<< ..
.. >>>>> [ WALL TIME:       0.253210  s ] [ CPU  TIME:       4.765864  s ] <<<<< ..
 
 AO map initialized :                5250420
 Providing the AO integrals
.. >>>>> [ IO READ: ao_prim_num ] <<<<< ..
 
.. >>>>> [ RES  MEM :       0.019478 GB ] [ VIRT MEM :       1.678055 GB ] <<<<< ..
.. >>>>> [ WALL TIME:       0.266934  s ] [ CPU  TIME:       5.080493  s ] <<<<< ..
 
.. >>>>> [ IO READ: ao_normalized ] <<<<< ..
 
.. >>>>> [ RES  MEM :       0.019478 GB ] [ VIRT MEM :       1.678055 GB ] <<<<< ..
.. >>>>> [ WALL TIME:       0.273817  s ] [ CPU  TIME:       5.238826  s ] <<<<< ..
 
.. >>>>> [ IO READ: primitives_normalized ] <<<<< ..
 
.. >>>>> [ RES  MEM :       0.019478 GB ] [ VIRT MEM :       1.678055 GB ] <<<<< ..
.. >>>>> [ WALL TIME:       0.276981  s ] [ CPU  TIME:       5.311586  s ] <<<<< ..
 
.. >>>>> [ IO READ: ao_coef ] <<<<< ..
 
.. >>>>> [ RES  MEM :       0.019558 GB ] [ VIRT MEM :       1.678055 GB ] <<<<< ..
.. >>>>> [ WALL TIME:       0.297621  s ] [ CPU  TIME:       5.783842  s ] <<<<< ..
 
.. >>>>> [ IO READ: ao_power ] <<<<< ..
 
.. >>>>> [ RES  MEM :       0.019588 GB ] [ VIRT MEM :       1.678055 GB ] <<<<< ..
.. >>>>> [ WALL TIME:       0.305809  s ] [ CPU  TIME:       5.970519  s ] <<<<< ..
 
.. >>>>> [ IO READ: ao_expo ] <<<<< ..
 
.. >>>>> [ RES  MEM :       0.019604 GB ] [ VIRT MEM :       1.678055 GB ] <<<<< ..
.. >>>>> [ WALL TIME:       0.329844  s ] [ CPU  TIME:       6.521281  s ] <<<<< ..
 
.. >>>>> [ IO READ: ao_integrals_threshold ] <<<<< ..
 
.. >>>>> [ RES  MEM :       0.019604 GB ] [ VIRT MEM :       1.678055 GB ] <<<<< ..
.. >>>>> [ WALL TIME:       0.338102  s ] [ CPU  TIME:       6.711952  s ] <<<<< ..
 
.. >>>>> [ IO READ: ao_nucl ] <<<<< ..
 
.. >>>>> [ RES  MEM :       0.019760 GB ] [ VIRT MEM :       1.678055 GB ] <<<<< ..
.. >>>>> [ WALL TIME:       0.343352  s ] [ CPU  TIME:       6.831757  s ] <<<<< ..
 
.. >>>>> [ IO READ: is_periodic ] <<<<< ..
 
.. >>>>> [ RES  MEM :       0.020481 GB ] [ VIRT MEM :       1.822727 GB ] <<<<< ..
.. >>>>> [ WALL TIME:       0.380098  s ] [ CPU  TIME:       7.598451  s ] <<<<< ..
 
.. >>>>> [ IO READ: nucl_num ] <<<<< ..
 
.. >>>>> [ RES  MEM :       0.020683 GB ] [ VIRT MEM :       1.826633 GB ] <<<<< ..
.. >>>>> [ WALL TIME:       0.389537  s ] [ CPU  TIME:       7.795096  s ] <<<<< ..
 
.. >>>>> [ IO READ: nucl_label ] <<<<< ..
 
.. >>>>> [ RES  MEM :       0.020821 GB ] [ VIRT MEM :       1.826633 GB ] <<<<< ..
.. >>>>> [ WALL TIME:       0.399804  s ] [ CPU  TIME:       8.000864  s ] <<<<< ..
 
.. >>>>> [ IO READ: nucl_charge ] <<<<< ..
 
.. >>>>> [ RES  MEM :       0.020840 GB ] [ VIRT MEM :       1.826633 GB ] <<<<< ..
.. >>>>> [ WALL TIME:       0.419253  s ] [ CPU  TIME:       8.399091  s ] <<<<< ..
 
 
.. >>>>> [ RES  MEM :       0.020851 GB ] [ VIRT MEM :       1.826633 GB ] <<<<< ..
.. >>>>> [ WALL TIME:       0.429698  s ] [ CPU  TIME:       8.625039  s ] <<<<< ..
 

Nuclear Coordinates (Angstroms)
===============================

================ ============ ============ ============ ============
      Atom          Charge          X            Y            Z 
================ ============ ============ ============ ============
B                    5.000000     0.000000     0.000000     0.000000
H                    1.000000     0.000000     0.000000     1.222874
================ ============ ============ ============ ============

Minimal interatomic distance found:       1.2229 Angstrom
 Sorting the map
 AO integrals provided:
  Size of AO map :            15.0426597595215      MB
  Number of AO integrals :               1217107
  cpu  time :   22.5619730000000      s
  wall time :   1.38849616050720      s  ( x    16.2492152601692       )
 
 AO -> MO integrals transformation
 ---------------------------------
 
.. >>>>> [ IO READ: mo_integrals_threshold ] <<<<< ..
 
.. >>>>> [ RES  MEM :       0.045563 GB ] [ VIRT MEM :       1.905704 GB ] <<<<< ..
.. >>>>> [ WALL TIME:       1.656462  s ] [ CPU  TIME:      27.668152  s ] <<<<< ..
 
 Buffers :    14.31136     MB / core
.. >>>>> [ IO READ: io_ao_integrals_overlap ] <<<<< ..
 
.. >>>>> [ RES  MEM :       0.196804 GB ] [ VIRT MEM :       2.148228 GB ] <<<<< ..
.. >>>>> [ WALL TIME:       1.702520  s ] [ CPU  TIME:      28.622893  s ] <<<<< ..
 
.. >>>>> [ IO READ: ao_one_e_integrals_threshold ] <<<<< ..
 
.. >>>>> [ RES  MEM :       0.196804 GB ] [ VIRT MEM :       2.148228 GB ] <<<<< ..
.. >>>>> [ WALL TIME:       1.731425  s ] [ CPU  TIME:      29.306862  s ] <<<<< ..
 
   3.750000     % in    2.01390099525452      s   9.97241592407227      MB
 Molecular integrals provided:
  Size of MO map              27.7314338684082      MB
  Number of MO integrals:                1439427
  cpu  time :   64.2077010000000      s
  wall time :   2.68285202980042      s  ( x    23.9326285187546      )
.. >>>>> [ IO READ: io_mo_integrals_n_e ] <<<<< ..
 
.. >>>>> [ RES  MEM :       0.928421 GB ] [ VIRT MEM :       4.138924 GB ] <<<<< ..
.. >>>>> [ WALL TIME:       4.535816  s ] [ CPU  TIME:      96.564963  s ] <<<<< ..
 
.. >>>>> [ IO READ: io_ao_integrals_n_e ] <<<<< ..
 
.. >>>>> [ RES  MEM :       0.928421 GB ] [ VIRT MEM :       4.138924 GB ] <<<<< ..
.. >>>>> [ WALL TIME:       4.538749  s ] [ CPU  TIME:      96.632831  s ] <<<<< ..
 
.. >>>>> [ IO READ: do_pseudo ] <<<<< ..
 
.. >>>>> [ RES  MEM :       0.928421 GB ] [ VIRT MEM :       4.138924 GB ] <<<<< ..
.. >>>>> [ WALL TIME:       4.573977  s ] [ CPU  TIME:      97.443486  s ] <<<<< ..
 
.. >>>>> [ IO READ: restore_symm ] <<<<< ..
 
.. >>>>> [ RES  MEM :       0.931046 GB ] [ VIRT MEM :       4.210094 GB ] <<<<< ..
.. >>>>> [ WALL TIME:       4.599686  s ] [ CPU  TIME:      98.036110  s ] <<<<< ..
 
.. >>>>> [ IO READ: io_mo_integrals_kinetic ] <<<<< ..
 
.. >>>>> [ RES  MEM :       0.931046 GB ] [ VIRT MEM :       4.210094 GB ] <<<<< ..
.. >>>>> [ WALL TIME:       4.625803  s ] [ CPU  TIME:      98.645426  s ] <<<<< ..
 
.. >>>>> [ IO READ: io_ao_integrals_kinetic ] <<<<< ..
 
.. >>>>> [ RES  MEM :       0.931046 GB ] [ VIRT MEM :       4.210094 GB ] <<<<< ..
.. >>>>> [ WALL TIME:       4.635373  s ] [ CPU  TIME:      98.865874  s ] <<<<< ..
 
.. >>>>> [ IO READ: io_mo_one_e_integrals ] <<<<< ..
 
.. >>>>> [ RES  MEM :       0.931046 GB ] [ VIRT MEM :       4.210094 GB ] <<<<< ..
.. >>>>> [ WALL TIME:       4.663483  s ] [ CPU  TIME:      99.522915  s ] <<<<< ..
 
 Providing the one-electron integrals
.. >>>>> [ IO READ: s2_eig ] <<<<< ..
 
.. >>>>> [ RES  MEM :       0.931046 GB ] [ VIRT MEM :       4.210094 GB ] <<<<< ..
.. >>>>> [ WALL TIME:       4.692667  s ] [ CPU  TIME:     100.194585  s ] <<<<< ..
 
 Diagonalization of H using Lapack
.. >>>>> [ IO READ: only_expected_s2 ] <<<<< ..
 
.. >>>>> [ RES  MEM :       0.931046 GB ] [ VIRT MEM :       4.210094 GB ] <<<<< ..
.. >>>>> [ WALL TIME:       4.698620  s ] [ CPU  TIME:     100.331871  s ] <<<<< ..
 
.. >>>>> [ IO READ: io_nuclear_repulsion ] <<<<< ..
 
.. >>>>> [ RES  MEM :       0.931374 GB ] [ VIRT MEM :       4.210094 GB ] <<<<< ..
.. >>>>> [ WALL TIME:       4.723794  s ] [ CPU  TIME:     100.911517  s ] <<<<< ..
 
 
.. >>>>> [ RES  MEM :       0.931374 GB ] [ VIRT MEM :       4.210094 GB ] <<<<< ..
.. >>>>> [ WALL TIME:       4.724041  s ] [ CPU  TIME:     100.917412  s ] <<<<< ..
 
* Nuclear repulsion energy                           2.163662055551274    
 
.. >>>>> [ RES  MEM :       0.931374 GB ] [ VIRT MEM :       4.210094 GB ] <<<<< ..
.. >>>>> [ WALL TIME:       4.724295  s ] [ CPU  TIME:     100.923445  s ] <<<<< ..
 
* Energy of state    1                              -25.13024689544759    
* S^2 of state    1                                  0.000000000000000    
.. >>>>> [ IO READ: pseudo_sym ] <<<<< ..
 
.. >>>>> [ RES  MEM :       0.931374 GB ] [ VIRT MEM :       4.210094 GB ] <<<<< ..
.. >>>>> [ WALL TIME:       4.736825  s ] [ CPU  TIME:     101.211610  s ] <<<<< ..
 
* Number of active   MOs                                        68
 Active MOs:
           2           3           4           5           6           7
           8           9          10          11          12          13
          14          15          16          17          18          19
          20          21          22          23          24          25
          26          27          28          29          30          31
          32          33          34          35          36          37
          38          39          40          41          42          43
          44          45          46          47          48          49
          50          51          52          53          54          55
          56          57          58          59          60          61
          62          63          64          65          66          67
          68          69
* Number of virtual  MOs                                         0
* Number of inactive MOs                                         0
.. >>>>> [ IO READ: pruning ] <<<<< ..
 
.. >>>>> [ RES  MEM :       0.939445 GB ] [ VIRT MEM :       4.220451 GB ] <<<<< ..
.. >>>>> [ WALL TIME:       4.791341  s ] [ CPU  TIME:     102.463809  s ] <<<<< ..
 
.. >>>>> [ IO READ: weight_one_e_dm ] <<<<< ..
 
.. >>>>> [ RES  MEM :       0.935871 GB ] [ VIRT MEM :       4.219612 GB ] <<<<< ..
.. >>>>> [ WALL TIME:       4.800849  s ] [ CPU  TIME:     102.682477  s ] <<<<< ..
 
* Number of configurations                                     133
 
.. >>>>> [ RES  MEM :       0.941586 GB ] [ VIRT MEM :       4.229496 GB ] <<<<< ..
.. >>>>> [ WALL TIME:       4.832618  s ] [ CPU  TIME:     103.413113  s ] <<<<< ..
 
 Diagonalization of H using Lapack
 
.. >>>>> [ RES  MEM :       1.397495 GB ] [ VIRT MEM :       4.739113 GB ] <<<<< ..
.. >>>>> [ WALL TIME:       4.932810  s ] [ CPU  TIME:     105.700990  s ] <<<<< ..
 
* Energy of state    1                              -25.13024689544870    
* S^2 of state    1                                 0.2701566029172452E-27
* Energy of state    2                              -25.02521670271003    
* S^2 of state    2                                 0.1884120316410517E-26
 N_det =          265
 ******************************
 Energies  of the states:
           1  -25.1302468954487     
           2  -25.0252167027100     
 ******************************
 Excitation energies 
           2  0.105030192738667     
* Saved determinants                                           113
 Diagonalization of H using Lapack
 
.. >>>>> [ RES  MEM :       1.398190 GB ] [ VIRT MEM :       4.736858 GB ] <<<<< ..
.. >>>>> [ WALL TIME:       5.433178  s ] [ CPU  TIME:     117.241016  s ] <<<<< ..
 
* Energy of state    1                              -25.13024689544870    
* S^2 of state    1                                 0.2701566029172452E-27
* Energy of state    2                              -25.02521670271003    
* S^2 of state    2                                 0.1884120316410517E-26
Wall time: 0:00:07

