Date: 05/05/2021 01:04:09
===============
Quantum Package
===============

Git Commit: Fix space in size for EZFIO.cfg
Git Date  : Fri Oct 16 14:24:01 2020 +0200
Git SHA1  : fd990ec9ca7a51ee7a8ff855ee6e3a6929b0dc7b
EZFIO Dir : nitroxyl


Task server running : tcp://172.28.0.201:41279
.. >>>>> [ IO READ: n_states ] <<<<< ..
 
.. >>>>> [ RES  MEM :       0.017441 GB ] [ VIRT MEM :       0.201981 GB ] <<<<< ..
.. >>>>> [ WALL TIME:       0.023008  s ] [ CPU  TIME:       0.030326  s ] <<<<< ..
 
.. >>>>> [ IO READ: read_wf ] <<<<< ..
 
.. >>>>> [ RES  MEM :       0.017441 GB ] [ VIRT MEM :       0.201981 GB ] <<<<< ..
.. >>>>> [ WALL TIME:       0.032584  s ] [ CPU  TIME:       0.030914  s ] <<<<< ..
 
.. >>>>> [ IO READ: elec_beta_num ] <<<<< ..
 
.. >>>>> [ RES  MEM :       0.017441 GB ] [ VIRT MEM :       0.201981 GB ] <<<<< ..
.. >>>>> [ WALL TIME:       0.034580  s ] [ CPU  TIME:       0.031712  s ] <<<<< ..
 
* mo_num                                                        55
.. >>>>> [ IO READ: elec_alpha_num ] <<<<< ..
 
.. >>>>> [ RES  MEM :       0.017639 GB ] [ VIRT MEM :       0.201981 GB ] <<<<< ..
.. >>>>> [ WALL TIME:       0.046133  s ] [ CPU  TIME:       0.032924  s ] <<<<< ..
 
 Read mo_occ
.. >>>>> [ IO READ: mo_class ] <<<<< ..
 
.. >>>>> [ RES  MEM :       0.019478 GB ] [ VIRT MEM :       4.921574 GB ] <<<<< ..
.. >>>>> [ WALL TIME:       0.085642  s ] [ CPU  TIME:       1.503540  s ] <<<<< ..
 
* Number of virtual  MOs                                         0
 Virtual MOs:
 
.. >>>>> [ IO READ: ao_num ] <<<<< ..
 
.. >>>>> [ RES  MEM :       0.019478 GB ] [ VIRT MEM :       4.921574 GB ] <<<<< ..
.. >>>>> [ WALL TIME:       0.088515  s ] [ CPU  TIME:       1.670877  s ] <<<<< ..
 
 Read  mo_coef
 * mo_label          Canonical
* Number of determinants                                   6534687
* Dimension of the psi arrays                              6534687
* N_int                                                          1
 Read psi_det
* Number of unique beta determinants                        257189
* Number of unique alpha determinants                       257189
 Read psi_coef     6534687           2
.. >>>>> [ IO READ: weight_one_e_dm ] <<<<< ..
 
.. >>>>> [ RES  MEM :       1.304390 GB ] [ VIRT MEM :       6.280342 GB ] <<<<< ..
.. >>>>> [ WALL TIME:      65.501040  s ] [ CPU  TIME:    1344.601235  s ] <<<<< ..
 
* Number of active   MOs                                        53
* Number of core     MOs                                         2
* Number of inactive MOs                                         0
 Core MOs:
           1           2
 Active MOs:
           3           4           5           6           7           8
           9          10          11          12          13          14
          15          16          17          18          19          20
          21          22          23          24          25          26
          27          28          29          30          31          32
          33          34          35          36          37          38
          39          40          41          42          43          44
          45          46          47          48          49          50
          51          52          53          54          55
 Core, Inactive and Active MOs:
           1           2           3           4           5           6
           7           8           9          10          11          12
          13          14          15          16          17          18
          19          20          21          22          23          24
          25          26          27          28          29          30
          31          32          33          34          35          36
          37          38          39          40          41          42
          43          44          45          46          47          48
          49          50          51          52          53          54
          55
 
.. >>>>> [ RES  MEM :       1.304588 GB ] [ VIRT MEM :       6.280342 GB ] <<<<< ..
.. >>>>> [ WALL TIME:      65.504151  s ] [ CPU  TIME:    1344.821007  s ] <<<<< ..
 
MOs are now **Natural**

Eigenvalues
-----------

======== ================ ================
   MO       Eigenvalue       Cumulative   
======== ================ ================
       1     2.0000000000     2.0000000000
       2     2.0000000000     4.0000000000
       3     1.9847930220     5.9847930220
       4     1.9726986538     7.9574916758
       5     1.9597189725     9.9172106483
       6     1.9356815823    11.8528922306
       7     1.9166454935    13.7695377241
       8     1.0485459640    14.8180836882
       9     1.0265800744    15.8446637625
      10     0.0301086803    15.8747724428
      11     0.0209008177    15.8956732605
      12     0.0129905809    15.9086638414
      13     0.0111620842    15.9198259257
      14     0.0100066300    15.9298325557
      15     0.0096031882    15.9394357439
      16     0.0073792921    15.9468150359
      17     0.0060732359    15.9528882718
      18     0.0059314343    15.9588197061
      19     0.0058154240    15.9646351300
      20     0.0056879466    15.9703230766
      21     0.0055337470    15.9758568236
      22     0.0040360373    15.9798928608
      23     0.0035919238    15.9834847846
      24     0.0025193146    15.9860040992
      25     0.0018896958    15.9878937950
      26     0.0017769884    15.9896707834
      27     0.0015886766    15.9912594600
      28     0.0010114892    15.9922709492
      29     0.0008397962    15.9931107455
      30     0.0008333393    15.9939440848
      31     0.0006645183    15.9946086031
      32     0.0005739328    15.9951825358
      33     0.0004993931    15.9956819290
      34     0.0004199254    15.9961018544
      35     0.0003987274    15.9965005818
      36     0.0003982916    15.9968988734
      37     0.0003630027    15.9972618761
      38     0.0003480269    15.9976099030
      39     0.0002931808    15.9979030838
      40     0.0002844283    15.9981875122
      41     0.0002485593    15.9984360715
      42     0.0002376756    15.9986737471
      43     0.0002263372    15.9989000843
      44     0.0002037670    15.9991038514
      45     0.0001895006    15.9992933519
      46     0.0001290423    15.9994223942
      47     0.0001119611    15.9995343553
      48     0.0001083563    15.9996427116
      49     0.0000844634    15.9997271750
      50     0.0000779130    15.9998050880
      51     0.0000684932    15.9998735813
      52     0.0000554789    15.9999290602
      53     0.0000338798    15.9999629400
      54     0.0000202888    15.9999832288
      55     0.0000167712    16.0000000000
======== ================ ================

 
.. >>>>> [ RES  MEM :       1.306786 GB ] [ VIRT MEM :       6.354542 GB ] <<<<< ..
.. >>>>> [ WALL TIME:      65.521833  s ] [ CPU  TIME:    1346.072590  s ] <<<<< ..
 
.. >>>>> [ IO READ: ao_md5 ] <<<<< ..
 
.. >>>>> [ RES  MEM :       1.306786 GB ] [ VIRT MEM :       6.354542 GB ] <<<<< ..
.. >>>>> [ WALL TIME:      65.522707  s ] [ CPU  TIME:    1346.134893  s ] <<<<< ..
 
* Saved determinants                                             1
Wall time: 0:01:08

