Date: 18/03/2021 17:20:59
===============
Quantum Package
===============

Git Commit: Fixing zmq bug
Git Date  : Tue Mar 2 14:27:22 2021 +0100
Git SHA1  : ee9f4516b39d8dd8fa2476d3d5d738bacfd91718
EZFIO Dir : BF


Task server running : tcp://10.1.255.228:41279
.. >>>>> [ IO READ: ao_num ] <<<<< ..
 
.. >>>>> [ RES  MEM :       0.009502 GB ] [ VIRT MEM :       0.141159 GB ] <<<<< ..
.. >>>>> [ WALL TIME:       0.001185  s ] [ CPU  TIME:       0.011948  s ] <<<<< ..
 
* mo_num                                                        46
 Read  mo_coef
.. >>>>> [ IO READ: lin_dep_cutoff ] <<<<< ..
 
.. >>>>> [ RES  MEM :       0.014385 GB ] [ VIRT MEM :       1.672585 GB ] <<<<< ..
.. >>>>> [ WALL TIME:       0.139689  s ] [ CPU  TIME:       2.903185  s ] <<<<< ..
 
.. >>>>> [ IO READ: io_ao_integrals_overlap ] <<<<< ..
 
.. >>>>> [ RES  MEM :       0.014385 GB ] [ VIRT MEM :       1.672585 GB ] <<<<< ..
.. >>>>> [ WALL TIME:       0.141262  s ] [ CPU  TIME:       2.939380  s ] <<<<< ..
 
.. >>>>> [ IO READ: ao_prim_num ] <<<<< ..
 
.. >>>>> [ RES  MEM :       0.014576 GB ] [ VIRT MEM :       1.672585 GB ] <<<<< ..
.. >>>>> [ WALL TIME:       0.153493  s ] [ CPU  TIME:       3.220220  s ] <<<<< ..
 
.. >>>>> [ IO READ: ao_normalized ] <<<<< ..
 
.. >>>>> [ RES  MEM :       0.014576 GB ] [ VIRT MEM :       1.672585 GB ] <<<<< ..
.. >>>>> [ WALL TIME:       0.154774  s ] [ CPU  TIME:       3.249689  s ] <<<<< ..
 
.. >>>>> [ IO READ: primitives_normalized ] <<<<< ..
 
.. >>>>> [ RES  MEM :       0.014576 GB ] [ VIRT MEM :       1.672585 GB ] <<<<< ..
.. >>>>> [ WALL TIME:       0.155681  s ] [ CPU  TIME:       3.270556  s ] <<<<< ..
 
.. >>>>> [ IO READ: ao_coef ] <<<<< ..
 
.. >>>>> [ RES  MEM :       0.014599 GB ] [ VIRT MEM :       1.672585 GB ] <<<<< ..
.. >>>>> [ WALL TIME:       0.159770  s ] [ CPU  TIME:       3.361681  s ] <<<<< ..
 
.. >>>>> [ IO READ: ao_power ] <<<<< ..
 
.. >>>>> [ RES  MEM :       0.014603 GB ] [ VIRT MEM :       1.672585 GB ] <<<<< ..
.. >>>>> [ WALL TIME:       0.163437  s ] [ CPU  TIME:       3.441351  s ] <<<<< ..
 
.. >>>>> [ IO READ: ao_expo ] <<<<< ..
 
.. >>>>> [ RES  MEM :       0.014626 GB ] [ VIRT MEM :       1.672585 GB ] <<<<< ..
.. >>>>> [ WALL TIME:       0.166742  s ] [ CPU  TIME:       3.512798  s ] <<<<< ..
 
.. >>>>> [ IO READ: ao_nucl ] <<<<< ..
 
.. >>>>> [ RES  MEM :       0.014759 GB ] [ VIRT MEM :       1.672585 GB ] <<<<< ..
.. >>>>> [ WALL TIME:       0.171060  s ] [ CPU  TIME:       3.611486  s ] <<<<< ..
 
.. >>>>> [ IO READ: nucl_num ] <<<<< ..
 
.. >>>>> [ RES  MEM :       0.014759 GB ] [ VIRT MEM :       1.672585 GB ] <<<<< ..
.. >>>>> [ WALL TIME:       0.385635  s ] [ CPU  TIME:       7.975939  s ] <<<<< ..
 
.. >>>>> [ IO READ: nucl_label ] <<<<< ..
 
.. >>>>> [ RES  MEM :       0.014774 GB ] [ VIRT MEM :       1.672585 GB ] <<<<< ..
.. >>>>> [ WALL TIME:       0.396919  s ] [ CPU  TIME:       8.012156  s ] <<<<< ..
 
.. >>>>> [ IO READ: nucl_charge ] <<<<< ..
 
.. >>>>> [ RES  MEM :       0.014790 GB ] [ VIRT MEM :       1.672585 GB ] <<<<< ..
.. >>>>> [ WALL TIME:       0.411626  s ] [ CPU  TIME:       8.351000  s ] <<<<< ..
 
 
.. >>>>> [ RES  MEM :       0.014797 GB ] [ VIRT MEM :       1.672585 GB ] <<<<< ..
.. >>>>> [ WALL TIME:       0.442240  s ] [ CPU  TIME:       9.055720  s ] <<<<< ..
 

Nuclear Coordinates (Angstroms)
===============================

================ ============ ============ ============ ============
      Atom          Charge          X            Y            Z 
================ ============ ============ ============ ============
B                    5.000000     0.000000     0.000000     0.000000
F                    9.000000     0.000000     0.000000     1.268595
================ ============ ============ ============ ============

Minimal interatomic distance found:       1.2686 Angstrom
.. >>>>> [ IO READ: io_ao_one_e_integrals ] <<<<< ..
 
.. >>>>> [ RES  MEM :       0.017101 GB ] [ VIRT MEM :       1.743874 GB ] <<<<< ..
.. >>>>> [ WALL TIME:       0.456390  s ] [ CPU  TIME:       9.387701  s ] <<<<< ..
 
.. >>>>> [ IO READ: io_ao_integrals_kinetic ] <<<<< ..
 
.. >>>>> [ RES  MEM :       0.017101 GB ] [ VIRT MEM :       1.743874 GB ] <<<<< ..
.. >>>>> [ WALL TIME:       0.466556  s ] [ CPU  TIME:       9.621888  s ] <<<<< ..
 
.. >>>>> [ IO READ: io_ao_integrals_n_e ] <<<<< ..
 
.. >>>>> [ RES  MEM :       0.017101 GB ] [ VIRT MEM :       1.743874 GB ] <<<<< ..
.. >>>>> [ WALL TIME:       0.475542  s ] [ CPU  TIME:       9.830637  s ] <<<<< ..
 
.. >>>>> [ IO READ: do_pseudo ] <<<<< ..
 
.. >>>>> [ RES  MEM :       0.017101 GB ] [ VIRT MEM :       1.743874 GB ] <<<<< ..
.. >>>>> [ WALL TIME:       0.597228  s ] [ CPU  TIME:      12.629854  s ] <<<<< ..
 
.. >>>>> [ IO READ: do_direct_integrals ] <<<<< ..
 
.. >>>>> [ RES  MEM :       0.017101 GB ] [ VIRT MEM :       1.743874 GB ] <<<<< ..
.. >>>>> [ WALL TIME:       0.632408  s ] [ CPU  TIME:      13.440026  s ] <<<<< ..
 
.. >>>>> [ IO READ: elec_beta_num ] <<<<< ..
 
.. >>>>> [ RES  MEM :       0.017101 GB ] [ VIRT MEM :       1.743874 GB ] <<<<< ..
.. >>>>> [ WALL TIME:       0.687620  s ] [ CPU  TIME:      14.710033  s ] <<<<< ..
 
.. >>>>> [ IO READ: elec_alpha_num ] <<<<< ..
 
.. >>>>> [ RES  MEM :       0.017101 GB ] [ VIRT MEM :       1.743874 GB ] <<<<< ..
.. >>>>> [ WALL TIME:       0.691331  s ] [ CPU  TIME:      14.795363  s ] <<<<< ..
 
 AO map initialized :                 813450
.. >>>>> [ IO READ: io_ao_two_e_integrals ] <<<<< ..
 
.. >>>>> [ RES  MEM :       0.017315 GB ] [ VIRT MEM :       1.743874 GB ] <<<<< ..
.. >>>>> [ WALL TIME:       0.697340  s ] [ CPU  TIME:      14.933945  s ] <<<<< ..
 
 Providing the AO integrals
.. >>>>> [ IO READ: ao_integrals_threshold ] <<<<< ..
 
.. >>>>> [ RES  MEM :       0.017315 GB ] [ VIRT MEM :       1.743874 GB ] <<<<< ..
.. >>>>> [ WALL TIME:       0.706109  s ] [ CPU  TIME:      15.135962  s ] <<<<< ..
 
.. >>>>> [ IO READ: is_periodic ] <<<<< ..
 
.. >>>>> [ RES  MEM :       0.018036 GB ] [ VIRT MEM :       1.888420 GB ] <<<<< ..
.. >>>>> [ WALL TIME:       0.749363  s ] [ CPU  TIME:      16.021072  s ] <<<<< ..
 
 Sorting the map
 AO integrals provided:
  Size of AO map :            2.48324012756348      MB
  Number of AO integrals :                208746
  cpu  time :   13.1575150000000      s
  wall time :  0.653523206710815      s  ( x    20.1332024094780       )
.. >>>>> [ IO READ: io_nuclear_repulsion ] <<<<< ..
 
.. >>>>> [ RES  MEM :       0.027321 GB ] [ VIRT MEM :       1.963676 GB ] <<<<< ..
.. >>>>> [ WALL TIME:       1.359169  s ] [ CPU  TIME:      28.286652  s ] <<<<< ..
 
 
.. >>>>> [ RES  MEM :       0.027321 GB ] [ VIRT MEM :       1.963676 GB ] <<<<< ..
.. >>>>> [ WALL TIME:       1.359418  s ] [ CPU  TIME:      28.292587  s ] <<<<< ..
 
* Nuclear repulsion energy                           18.77114678792951    
 * mo_label          Canonical
.. >>>>> [ IO READ: frozen_orb_scf ] <<<<< ..
 
.. >>>>> [ RES  MEM :       0.027321 GB ] [ VIRT MEM :       1.963676 GB ] <<<<< ..
.. >>>>> [ WALL TIME:       1.383038  s ] [ CPU  TIME:      28.839839  s ] <<<<< ..
 
.. >>>>> [ IO READ: n_it_scf_max ] <<<<< ..
 
.. >>>>> [ RES  MEM :       0.027321 GB ] [ VIRT MEM :       1.963676 GB ] <<<<< ..
.. >>>>> [ WALL TIME:       1.392164  s ] [ CPU  TIME:      29.058867  s ] <<<<< ..
 
.. >>>>> [ IO READ: level_shift ] <<<<< ..
 
.. >>>>> [ RES  MEM :       0.027321 GB ] [ VIRT MEM :       1.963676 GB ] <<<<< ..
.. >>>>> [ WALL TIME:       1.405175  s ] [ CPU  TIME:      29.371099  s ] <<<<< ..
 
.. >>>>> [ IO READ: restore_symm ] <<<<< ..
 
.. >>>>> [ RES  MEM :       0.027561 GB ] [ VIRT MEM :       1.963676 GB ] <<<<< ..
.. >>>>> [ WALL TIME:       1.456326  s ] [ CPU  TIME:      30.598786  s ] <<<<< ..
 
.. >>>>> [ IO READ: scf_algorithm ] <<<<< ..
 
.. >>>>> [ RES  MEM :       0.028259 GB ] [ VIRT MEM :       1.963676 GB ] <<<<< ..
.. >>>>> [ WALL TIME:       1.477069  s ] [ CPU  TIME:      31.096626  s ] <<<<< ..
 
.. >>>>> [ IO READ: max_dim_diis ] <<<<< ..
 
.. >>>>> [ RES  MEM :       0.028702 GB ] [ VIRT MEM :       1.963676 GB ] <<<<< ..
.. >>>>> [ WALL TIME:       1.502641  s ] [ CPU  TIME:      31.710355  s ] <<<<< ..
 
.. >>>>> [ IO READ: threshold_diis ] <<<<< ..
 
.. >>>>> [ RES  MEM :       0.028702 GB ] [ VIRT MEM :       1.963676 GB ] <<<<< ..
.. >>>>> [ WALL TIME:       1.509903  s ] [ CPU  TIME:      31.879057  s ] <<<<< ..
 
.. >>>>> [ IO READ: thresh_scf ] <<<<< ..
 
.. >>>>> [ RES  MEM :       0.028702 GB ] [ VIRT MEM :       1.963676 GB ] <<<<< ..
.. >>>>> [ WALL TIME:       1.520825  s ] [ CPU  TIME:      32.130288  s ] <<<<< ..
 
.. >>>>> [ IO READ: ao_md5 ] <<<<< ..
 
.. >>>>> [ RES  MEM :       0.028702 GB ] [ VIRT MEM :       1.963676 GB ] <<<<< ..
.. >>>>> [ WALL TIME:       1.527888  s ] [ CPU  TIME:      32.292729  s ] <<<<< ..
 
 Read mo_occ
 
.. >>>>> [ RES  MEM :       0.029282 GB ] [ VIRT MEM :       1.963676 GB ] <<<<< ..
.. >>>>> [ WALL TIME:       1.565822  s ] [ CPU  TIME:      33.163082  s ] <<<<< ..
 
 Energy of the guess =   -124.114994276837     
==== ================ ================ ================ ================
  N          Energy      Energy diff       DIIS error     Level shift   
==== ================ ================ ================ ================
   1  -124.1149942768    -0.0000000000     0.0000003653     0.0000000000   1
.. >>>>> [ IO READ: mo_class ] <<<<< ..
 
.. >>>>> [ RES  MEM :       0.029552 GB ] [ VIRT MEM :       1.963676 GB ] <<<<< ..
.. >>>>> [ WALL TIME:       1.616817  s ] [ CPU  TIME:      34.344219  s ] <<<<< ..
 
==== ================ ================ ================ ================
 
 
.. >>>>> [ RES  MEM :       0.031624 GB ] [ VIRT MEM :       1.963726 GB ] <<<<< ..
.. >>>>> [ WALL TIME:       2.102703  s ] [ CPU  TIME:      42.262501  s ] <<<<< ..
 
MOs are now **Canonical**

Eigenvalues
-----------

======== ================
       1   -26.3891493178
       2    -7.7263109531
       3    -1.7066482224
       4    -0.8581586836
       5    -0.7462895191
       6    -0.7462895191
       7    -0.4062927669
       8     0.0442184855
       9     0.0442184855
      10     0.0554274418
      11     0.0737171383
      12     0.1297866704
      13     0.1297866704
      14     0.2308341883
      15     0.2607035726
      16     0.2721170270
      17     0.2721170270
      18     0.2733914531
      19     0.2733914531
      20     0.3704416133
      21     0.3704416133
      22     0.4099183720
      23     0.4627833488
      24     0.5663155619
      25     0.5663155619
      26     0.7140570287
      27     0.9967832743
      28     1.0160798203
      29     1.0160798203
      30     1.1394304290
      31     1.1394304290
      32     1.3884668976
      33     1.3884668976
      34     1.4320005707
      35     1.5615986129
      36     1.5615986129
      37     1.7380708909
      38     1.9257116191
      39     1.9257116191
      40     2.1346892160
      41     3.5964332522
      42     4.8039327933
      43     4.8039327933
      44     4.9216576059
      45     4.9216576059
      46     4.9673383203
======== ================

 
.. >>>>> [ RES  MEM :       0.031704 GB ] [ VIRT MEM :       1.963726 GB ] <<<<< ..
.. >>>>> [ WALL TIME:       2.103694  s ] [ CPU  TIME:      42.286103  s ] <<<<< ..
 
* SCF energy                                        -124.1149942768379    
 
.. >>>>> [ RES  MEM :       0.032402 GB ] [ VIRT MEM :       1.963787 GB ] <<<<< ..
.. >>>>> [ WALL TIME:       2.764114  s ] [ CPU  TIME:      52.665184  s ] <<<<< ..
 
Wall time: 0:00:08

