Date: 04/05/2021 24:13:25
===============
Quantum Package
===============

Git Commit: Fix space in size for EZFIO.cfg
Git Date  : Fri Oct 16 14:24:01 2020 +0200
Git SHA1  : fd990ec9ca7a51ee7a8ff855ee6e3a6929b0dc7b
EZFIO Dir : C2


Task server running : tcp://172.28.0.161:41279
.. >>>>> [ IO READ: n_states ] <<<<< ..
 
.. >>>>> [ RES  MEM :       0.017441 GB ] [ VIRT MEM :       0.201981 GB ] <<<<< ..
.. >>>>> [ WALL TIME:       0.016938  s ] [ CPU  TIME:       0.030675  s ] <<<<< ..
 
.. >>>>> [ IO READ: read_wf ] <<<<< ..
 
.. >>>>> [ RES  MEM :       0.017441 GB ] [ VIRT MEM :       0.201981 GB ] <<<<< ..
.. >>>>> [ WALL TIME:       0.023819  s ] [ CPU  TIME:       0.031275  s ] <<<<< ..
 
.. >>>>> [ IO READ: elec_beta_num ] <<<<< ..
 
.. >>>>> [ RES  MEM :       0.017441 GB ] [ VIRT MEM :       0.201981 GB ] <<<<< ..
.. >>>>> [ WALL TIME:       0.025965  s ] [ CPU  TIME:       0.031998  s ] <<<<< ..
 
* mo_num                                                        46
.. >>>>> [ IO READ: elec_alpha_num ] <<<<< ..
 
.. >>>>> [ RES  MEM :       0.017639 GB ] [ VIRT MEM :       0.201981 GB ] <<<<< ..
.. >>>>> [ WALL TIME:       0.037555  s ] [ CPU  TIME:       0.033087  s ] <<<<< ..
 
 Read mo_occ
.. >>>>> [ IO READ: mo_class ] <<<<< ..
 
.. >>>>> [ RES  MEM :       0.019501 GB ] [ VIRT MEM :       4.921574 GB ] <<<<< ..
.. >>>>> [ WALL TIME:       0.089362  s ] [ CPU  TIME:       2.055263  s ] <<<<< ..
 
* Number of virtual  MOs                                         0
 Virtual MOs:
 
.. >>>>> [ IO READ: ao_num ] <<<<< ..
 
.. >>>>> [ RES  MEM :       0.019501 GB ] [ VIRT MEM :       4.921574 GB ] <<<<< ..
.. >>>>> [ WALL TIME:       0.099856  s ] [ CPU  TIME:       2.636204  s ] <<<<< ..
 
 Read  mo_coef
 * mo_label          Canonical
* Number of determinants                                   5699684
* Dimension of the psi arrays                              5699684
* N_int                                                          1
 Read psi_det
* Number of unique beta determinants                         71732
* Number of unique alpha determinants                        71732
 Read psi_coef     5699684           4
.. >>>>> [ IO READ: weight_one_e_dm ] <<<<< ..
 
.. >>>>> [ RES  MEM :       1.642021 GB ] [ VIRT MEM :       6.626541 GB ] <<<<< ..
.. >>>>> [ WALL TIME:      67.826790  s ] [ CPU  TIME:    1056.581319  s ] <<<<< ..
 
* Number of active   MOs                                        44
* Number of core     MOs                                         2
* Number of inactive MOs                                         0
 Core MOs:
           1           2
 Active MOs:
           3           4           5           6           7           8
           9          10          11          12          13          14
          15          16          17          18          19          20
          21          22          23          24          25          26
          27          28          29          30          31          32
          33          34          35          36          37          38
          39          40          41          42          43          44
          45          46
 Core, Inactive and Active MOs:
           1           2           3           4           5           6
           7           8           9          10          11          12
          13          14          15          16          17          18
          19          20          21          22          23          24
          25          26          27          28          29          30
          31          32          33          34          35          36
          37          38          39          40          41          42
          43          44          45          46
 
.. >>>>> [ RES  MEM :       1.642128 GB ] [ VIRT MEM :       6.626541 GB ] <<<<< ..
.. >>>>> [ WALL TIME:      67.846492  s ] [ CPU  TIME:    1057.978083  s ] <<<<< ..
 
MOs are now **Natural**

Eigenvalues
-----------

======== ================ ================
   MO       Eigenvalue       Cumulative   
======== ================ ================
       1     2.0000000000     2.0000000000
       2     2.0000000000     4.0000000000
       3     1.9646946319     5.9646946319
       4     1.8061935215     7.7708881535
       5     1.5335778904     9.3044660439
       6     1.2275183344    10.5319843783
       7     1.2274317079    11.7594160862
       8     0.0702321788    11.8296482649
       9     0.0701351096    11.8997833746
      10     0.0174852062    11.9172685808
      11     0.0139391187    11.9312076996
      12     0.0079340723    11.9391417719
      13     0.0079191619    11.9470609337
      14     0.0075140518    11.9545749855
      15     0.0068861160    11.9614611016
      16     0.0065609619    11.9680220635
      17     0.0065524724    11.9745745358
      18     0.0045064536    11.9790809894
      19     0.0045048914    11.9835858808
      20     0.0024753889    11.9860612697
      21     0.0024740689    11.9885353386
      22     0.0021415339    11.9906768725
      23     0.0021378481    11.9928147206
      24     0.0018728234    11.9946875440
      25     0.0008740546    11.9955615986
      26     0.0005703572    11.9961319559
      27     0.0005692520    11.9967012079
      28     0.0005558153    11.9972570232
      29     0.0003298908    11.9975869140
      30     0.0003297222    11.9979166361
      31     0.0002888400    11.9982054761
      32     0.0002883454    11.9984938216
      33     0.0002396324    11.9987334540
      34     0.0001786317    11.9989120858
      35     0.0001565134    11.9990685991
      36     0.0001337513    11.9992023504
      37     0.0001315074    11.9993338578
      38     0.0001238315    11.9994576893
      39     0.0001234488    11.9995811381
      40     0.0000855834    11.9996667215
      41     0.0000847195    11.9997514410
      42     0.0000830591    11.9998345002
      43     0.0000824532    11.9999169533
      44     0.0000412054    11.9999581587
      45     0.0000308081    11.9999889668
      46     0.0000110332    12.0000000000
======== ================ ================

 
.. >>>>> [ RES  MEM :       1.644562 GB ] [ VIRT MEM :       6.692760 GB ] <<<<< ..
.. >>>>> [ WALL TIME:      67.858489  s ] [ CPU  TIME:    1058.830418  s ] <<<<< ..
 
.. >>>>> [ IO READ: ao_md5 ] <<<<< ..
 
.. >>>>> [ RES  MEM :       1.644562 GB ] [ VIRT MEM :       6.692760 GB ] <<<<< ..
.. >>>>> [ WALL TIME:      67.861534  s ] [ CPU  TIME:    1059.047022  s ] <<<<< ..
 
* Saved determinants                                             1
Wall time: 0:01:11

