Date: 05/05/2021 01:49:56
===============
Quantum Package
===============

Git Commit: Fix space in size for EZFIO.cfg
Git Date  : Fri Oct 16 14:24:01 2020 +0200
Git SHA1  : fd990ec9ca7a51ee7a8ff855ee6e3a6929b0dc7b
EZFIO Dir : nitroxyl


Task server running : tcp://172.28.0.195:41279
.. >>>>> [ IO READ: n_states ] <<<<< ..
 
.. >>>>> [ RES  MEM :       0.017441 GB ] [ VIRT MEM :       0.201981 GB ] <<<<< ..
.. >>>>> [ WALL TIME:       0.022002  s ] [ CPU  TIME:       0.031313  s ] <<<<< ..
 
.. >>>>> [ IO READ: read_wf ] <<<<< ..
 
.. >>>>> [ RES  MEM :       0.017441 GB ] [ VIRT MEM :       0.201981 GB ] <<<<< ..
.. >>>>> [ WALL TIME:       0.031661  s ] [ CPU  TIME:       0.032029  s ] <<<<< ..
 
.. >>>>> [ IO READ: elec_beta_num ] <<<<< ..
 
.. >>>>> [ RES  MEM :       0.017441 GB ] [ VIRT MEM :       0.201981 GB ] <<<<< ..
.. >>>>> [ WALL TIME:       0.042949  s ] [ CPU  TIME:       0.032870  s ] <<<<< ..
 
* mo_num                                                        55
.. >>>>> [ IO READ: elec_alpha_num ] <<<<< ..
 
.. >>>>> [ RES  MEM :       0.017639 GB ] [ VIRT MEM :       0.201981 GB ] <<<<< ..
.. >>>>> [ WALL TIME:       0.059752  s ] [ CPU  TIME:       0.033951  s ] <<<<< ..
 
 Read mo_occ
.. >>>>> [ IO READ: mo_class ] <<<<< ..
 
.. >>>>> [ RES  MEM :       0.019466 GB ] [ VIRT MEM :       4.921574 GB ] <<<<< ..
.. >>>>> [ WALL TIME:       0.131181  s ] [ CPU  TIME:       3.289926  s ] <<<<< ..
 
* Number of virtual  MOs                                         0
 Virtual MOs:
 
.. >>>>> [ IO READ: ao_num ] <<<<< ..
 
.. >>>>> [ RES  MEM :       0.019466 GB ] [ VIRT MEM :       4.921574 GB ] <<<<< ..
.. >>>>> [ WALL TIME:       0.150237  s ] [ CPU  TIME:       4.428580  s ] <<<<< ..
 
 Read  mo_coef
 * mo_label          Canonical
* Number of determinants                                   9198704
* Dimension of the psi arrays                              9198704
* N_int                                                          1
 Read psi_det
* Number of unique beta determinants                        312140
* Number of unique alpha determinants                       312140
 Read psi_coef     9198704           2
.. >>>>> [ IO READ: weight_one_e_dm ] <<<<< ..
 
.. >>>>> [ RES  MEM :       1.850880 GB ] [ VIRT MEM :       6.832100 GB ] <<<<< ..
.. >>>>> [ WALL TIME:      83.900575  s ] [ CPU  TIME:    1876.552061  s ] <<<<< ..
 
* Number of active   MOs                                        53
* Number of core     MOs                                         2
* Number of inactive MOs                                         0
 Core MOs:
           1           2
 Active MOs:
           3           4           5           6           7           8
           9          10          11          12          13          14
          15          16          17          18          19          20
          21          22          23          24          25          26
          27          28          29          30          31          32
          33          34          35          36          37          38
          39          40          41          42          43          44
          45          46          47          48          49          50
          51          52          53          54          55
 Core, Inactive and Active MOs:
           1           2           3           4           5           6
           7           8           9          10          11          12
          13          14          15          16          17          18
          19          20          21          22          23          24
          25          26          27          28          29          30
          31          32          33          34          35          36
          37          38          39          40          41          42
          43          44          45          46          47          48
          49          50          51          52          53          54
          55
 
.. >>>>> [ RES  MEM :       1.850964 GB ] [ VIRT MEM :       6.832100 GB ] <<<<< ..
.. >>>>> [ WALL TIME:      83.923290  s ] [ CPU  TIME:    1878.161730  s ] <<<<< ..
 
MOs are now **Natural**

Eigenvalues
-----------

======== ================ ================
   MO       Eigenvalue       Cumulative   
======== ================ ================
       1     2.0000000000     2.0000000000
       2     2.0000000000     4.0000000000
       3     1.9855693879     5.9855693879
       4     1.9740474843     7.9596168722
       5     1.9615178124     9.9211346846
       6     1.9553072293    11.8764419139
       7     1.9177716558    13.7942135697
       8     1.4917505507    15.2859641205
       9     0.5623147777    15.8482788981
      10     0.0300616378    15.8783405359
      11     0.0231661811    15.9015067171
      12     0.0118915526    15.9133982697
      13     0.0100940652    15.9234923349
      14     0.0092512550    15.9327435899
      15     0.0079948501    15.9407384400
      16     0.0076893091    15.9484277491
      17     0.0059232781    15.9543510273
      18     0.0058581320    15.9602091593
      19     0.0055682261    15.9657773854
      20     0.0055208380    15.9712982234
      21     0.0052719060    15.9765701294
      22     0.0040124930    15.9805826224
      23     0.0035131718    15.9840957942
      24     0.0024236079    15.9865194021
      25     0.0020257964    15.9885451985
      26     0.0015862085    15.9901314070
      27     0.0015278474    15.9916592544
      28     0.0010724106    15.9927316650
      29     0.0008984022    15.9936300672
      30     0.0006336758    15.9942637430
      31     0.0005857921    15.9948495351
      32     0.0005361942    15.9953857293
      33     0.0004243018    15.9958100311
      34     0.0004154616    15.9962254927
      35     0.0003739749    15.9965994676
      36     0.0003692401    15.9969687077
      37     0.0003362354    15.9973049431
      38     0.0003243362    15.9976292794
      39     0.0003158415    15.9979451209
      40     0.0002785508    15.9982236716
      41     0.0002512441    15.9984749157
      42     0.0002196880    15.9986946037
      43     0.0002132548    15.9989078585
      44     0.0001994133    15.9991072718
      45     0.0001594847    15.9992667565
      46     0.0001391976    15.9994059541
      47     0.0001191979    15.9995251520
      48     0.0000916556    15.9996168077
      49     0.0000906292    15.9997074369
      50     0.0000820526    15.9997894895
      51     0.0000752853    15.9998647748
      52     0.0000605840    15.9999253588
      53     0.0000361679    15.9999615267
      54     0.0000209789    15.9999825056
      55     0.0000174944    16.0000000000
======== ================ ================

 
.. >>>>> [ RES  MEM :       1.853172 GB ] [ VIRT MEM :       6.906300 GB ] <<<<< ..
.. >>>>> [ WALL TIME:      83.935389  s ] [ CPU  TIME:    1879.018994  s ] <<<<< ..
 
.. >>>>> [ IO READ: ao_md5 ] <<<<< ..
 
.. >>>>> [ RES  MEM :       1.853172 GB ] [ VIRT MEM :       6.906300 GB ] <<<<< ..
.. >>>>> [ WALL TIME:      83.936201  s ] [ CPU  TIME:    1879.076445  s ] <<<<< ..
 
* Saved determinants                                             1
Wall time: 0:01:27

