Date: 04/05/2021 22:55:44
===============
Quantum Package
===============

Git Commit: Fix space in size for EZFIO.cfg
Git Date  : Fri Oct 16 14:24:01 2020 +0200
Git SHA1  : fd990ec9ca7a51ee7a8ff855ee6e3a6929b0dc7b
EZFIO Dir : nitroxyl


Task server running : tcp://172.28.0.195:41279
.. >>>>> [ IO READ: mo_guess_type ] <<<<< ..
 
.. >>>>> [ RES  MEM :       0.017391 GB ] [ VIRT MEM :       0.201401 GB ] <<<<< ..
.. >>>>> [ WALL TIME:       0.001185  s ] [ CPU  TIME:       0.063254  s ] <<<<< ..
 
.. >>>>> [ IO READ: ao_num ] <<<<< ..
 
.. >>>>> [ RES  MEM :       0.017391 GB ] [ VIRT MEM :       0.201401 GB ] <<<<< ..
.. >>>>> [ WALL TIME:       0.002977  s ] [ CPU  TIME:       0.064024  s ] <<<<< ..
 
.. >>>>> [ IO READ: io_ao_one_e_integrals ] <<<<< ..
 
.. >>>>> [ RES  MEM :       0.017605 GB ] [ VIRT MEM :       0.201401 GB ] <<<<< ..
.. >>>>> [ WALL TIME:       0.004229  s ] [ CPU  TIME:       0.064805  s ] <<<<< ..
 
.. >>>>> [ IO READ: do_pseudo ] <<<<< ..
 
.. >>>>> [ RES  MEM :       0.017605 GB ] [ VIRT MEM :       0.201401 GB ] <<<<< ..
.. >>>>> [ WALL TIME:       0.020178  s ] [ CPU  TIME:       0.065693  s ] <<<<< ..
 
.. >>>>> [ IO READ: io_ao_integrals_kinetic ] <<<<< ..
 
.. >>>>> [ RES  MEM :       0.017605 GB ] [ VIRT MEM :       0.201401 GB ] <<<<< ..
.. >>>>> [ WALL TIME:       0.020669  s ] [ CPU  TIME:       0.066049  s ] <<<<< ..
 
.. >>>>> [ IO READ: ao_prim_num ] <<<<< ..
 
.. >>>>> [ RES  MEM :       0.019203 GB ] [ VIRT MEM :       4.920994 GB ] <<<<< ..
.. >>>>> [ WALL TIME:       0.049708  s ] [ CPU  TIME:       0.159935  s ] <<<<< ..
 
.. >>>>> [ IO READ: ao_expo ] <<<<< ..
 
.. >>>>> [ RES  MEM :       0.019474 GB ] [ VIRT MEM :       4.920994 GB ] <<<<< ..
.. >>>>> [ WALL TIME:       0.054803  s ] [ CPU  TIME:       0.394074  s ] <<<<< ..
 
.. >>>>> [ IO READ: ao_coef ] <<<<< ..
 
.. >>>>> [ RES  MEM :       0.019482 GB ] [ VIRT MEM :       4.920994 GB ] <<<<< ..
.. >>>>> [ WALL TIME:       0.057748  s ] [ CPU  TIME:       0.538026  s ] <<<<< ..
 
.. >>>>> [ IO READ: ao_power ] <<<<< ..
 
.. >>>>> [ RES  MEM :       0.019493 GB ] [ VIRT MEM :       4.920994 GB ] <<<<< ..
.. >>>>> [ WALL TIME:       0.060150  s ] [ CPU  TIME:       0.662159  s ] <<<<< ..
 
.. >>>>> [ IO READ: ao_nucl ] <<<<< ..
 
.. >>>>> [ RES  MEM :       0.019676 GB ] [ VIRT MEM :       4.920994 GB ] <<<<< ..
.. >>>>> [ WALL TIME:       0.063619  s ] [ CPU  TIME:       0.848467  s ] <<<<< ..
 
.. >>>>> [ IO READ: nucl_num ] <<<<< ..
 
.. >>>>> [ RES  MEM :       0.019676 GB ] [ VIRT MEM :       4.920994 GB ] <<<<< ..
.. >>>>> [ WALL TIME:       0.081828  s ] [ CPU  TIME:       1.829781  s ] <<<<< ..
 
.. >>>>> [ IO READ: nucl_label ] <<<<< ..
 
.. >>>>> [ RES  MEM :       0.019707 GB ] [ VIRT MEM :       4.920994 GB ] <<<<< ..
.. >>>>> [ WALL TIME:       0.084047  s ] [ CPU  TIME:       1.949767  s ] <<<<< ..
 
.. >>>>> [ IO READ: nucl_charge ] <<<<< ..
 
.. >>>>> [ RES  MEM :       0.019711 GB ] [ VIRT MEM :       4.920994 GB ] <<<<< ..
.. >>>>> [ WALL TIME:       0.086545  s ] [ CPU  TIME:       2.085829  s ] <<<<< ..
 
 
.. >>>>> [ RES  MEM :       0.019714 GB ] [ VIRT MEM :       4.920994 GB ] <<<<< ..
.. >>>>> [ WALL TIME:       0.088687  s ] [ CPU  TIME:       2.201657  s ] <<<<< ..
 

Nuclear Coordinates (Angstroms)
===============================

================ ============ ============ ============ ============
      Atom          Charge          X            Y            Z 
================ ============ ============ ============ ============
O                    8.000000     0.111655     0.000000     1.140178
N                    7.000000    -0.236949     0.000000    -0.018994
H                    1.000000     0.625294     0.000000    -0.621185
================ ============ ============ ============ ============

.. >>>>> [ IO READ: io_ao_integrals_e_n ] <<<<< ..
 
.. >>>>> [ RES  MEM :       0.019714 GB ] [ VIRT MEM :       4.920994 GB ] <<<<< ..
.. >>>>> [ WALL TIME:       0.092219  s ] [ CPU  TIME:       2.394903  s ] <<<<< ..
 
.. >>>>> [ IO READ: ao_cartesian ] <<<<< ..
 
.. >>>>> [ RES  MEM :       0.019714 GB ] [ VIRT MEM :       4.920994 GB ] <<<<< ..
.. >>>>> [ WALL TIME:       0.094221  s ] [ CPU  TIME:       2.504283  s ] <<<<< ..
 
.. >>>>> [ IO READ: io_ao_integrals_overlap ] <<<<< ..
 
.. >>>>> [ RES  MEM :       0.019928 GB ] [ VIRT MEM :       4.920994 GB ] <<<<< ..
.. >>>>> [ WALL TIME:       0.095458  s ] [ CPU  TIME:       2.571099  s ] <<<<< ..
 
* mo_num                                                        55
.. >>>>> [ IO READ: elec_beta_num ] <<<<< ..
 
.. >>>>> [ RES  MEM :       0.022385 GB ] [ VIRT MEM :       4.995193 GB ] <<<<< ..
.. >>>>> [ WALL TIME:       0.154082  s ] [ CPU  TIME:       5.774950  s ] <<<<< ..
 
.. >>>>> [ IO READ: level_shift ] <<<<< ..
 
.. >>>>> [ RES  MEM :       0.022385 GB ] [ VIRT MEM :       4.995193 GB ] <<<<< ..
.. >>>>> [ WALL TIME:       0.154634  s ] [ CPU  TIME:       5.806854  s ] <<<<< ..
 
.. >>>>> [ IO READ: elec_alpha_num ] <<<<< ..
 
.. >>>>> [ RES  MEM :       0.022385 GB ] [ VIRT MEM :       4.995193 GB ] <<<<< ..
.. >>>>> [ WALL TIME:       0.155169  s ] [ CPU  TIME:       5.836911  s ] <<<<< ..
 
.. >>>>> [ IO READ: do_direct_integrals ] <<<<< ..
 
.. >>>>> [ RES  MEM :       0.022385 GB ] [ VIRT MEM :       4.995193 GB ] <<<<< ..
.. >>>>> [ WALL TIME:       0.157222  s ] [ CPU  TIME:       5.952090  s ] <<<<< ..
 
 AO map initialized :                1567335
.. >>>>> [ IO READ: io_ao_two_e_integrals ] <<<<< ..
 
.. >>>>> [ RES  MEM :       0.022602 GB ] [ VIRT MEM :       4.995193 GB ] <<<<< ..
.. >>>>> [ WALL TIME:       0.158306  s ] [ CPU  TIME:       6.013480  s ] <<<<< ..
 
.. >>>>> [ IO READ: ao_integrals_threshold ] <<<<< ..
 
.. >>>>> [ RES  MEM :       0.022602 GB ] [ VIRT MEM :       4.995193 GB ] <<<<< ..
.. >>>>> [ WALL TIME:       0.158974  s ] [ CPU  TIME:       6.051708  s ] <<<<< ..
 
 Providing the AO integrals
 Sorting the map
 AO integrals provided:
  Size of AO map :            8.41656112670898      MB
  Number of AO integrals :                782661
  cpu  time :   31.6020490000000      s
  wall time :  0.601644039154053      s  ( x    52.5261565699784       )
.. >>>>> [ IO READ: frozen_orb_scf ] <<<<< ..
 
.. >>>>> [ RES  MEM :       0.059044 GB ] [ VIRT MEM :       5.232738 GB ] <<<<< ..
.. >>>>> [ WALL TIME:       0.773910  s ] [ CPU  TIME:      38.579621  s ] <<<<< ..
 
 Read mo_occ
.. >>>>> [ IO READ: ao_md5 ] <<<<< ..
 
.. >>>>> [ RES  MEM :       0.060162 GB ] [ VIRT MEM :       5.232738 GB ] <<<<< ..
.. >>>>> [ WALL TIME:       0.777247  s ] [ CPU  TIME:      38.815142  s ] <<<<< ..
 
 
.. >>>>> [ RES  MEM :       0.060162 GB ] [ VIRT MEM :       5.232738 GB ] <<<<< ..
.. >>>>> [ WALL TIME:       0.777615  s ] [ CPU  TIME:      38.841587  s ] <<<<< ..
 
 * mo_label          no_label
.. >>>>> [ IO READ: io_nuclear_repulsion ] <<<<< ..
 
.. >>>>> [ RES  MEM :       0.061237 GB ] [ VIRT MEM :       5.232738 GB ] <<<<< ..
.. >>>>> [ WALL TIME:       0.865193  s ] [ CPU  TIME:      44.807637  s ] <<<<< ..
 
 
.. >>>>> [ RES  MEM :       0.061237 GB ] [ VIRT MEM :       5.232738 GB ] <<<<< ..
.. >>>>> [ WALL TIME:       0.865466  s ] [ CPU  TIME:      44.827976  s ] <<<<< ..
 
* Nuclear repulsion energy                           30.31110815198311    
.. >>>>> [ IO READ: max_dim_diis ] <<<<< ..
 
.. >>>>> [ RES  MEM :       0.064850 GB ] [ VIRT MEM :       5.232738 GB ] <<<<< ..
.. >>>>> [ WALL TIME:       0.872556  s ] [ CPU  TIME:      45.336234  s ] <<<<< ..
 
.. >>>>> [ IO READ: scf_algorithm ] <<<<< ..
 
.. >>>>> [ RES  MEM :       0.064857 GB ] [ VIRT MEM :       5.232738 GB ] <<<<< ..
.. >>>>> [ WALL TIME:       0.873960  s ] [ CPU  TIME:      45.435886  s ] <<<<< ..
 
.. >>>>> [ IO READ: n_it_scf_max ] <<<<< ..
 
.. >>>>> [ RES  MEM :       0.064880 GB ] [ VIRT MEM :       5.232738 GB ] <<<<< ..
.. >>>>> [ WALL TIME:       0.874958  s ] [ CPU  TIME:      45.508002  s ] <<<<< ..
 
.. >>>>> [ IO READ: thresh_scf ] <<<<< ..
 
.. >>>>> [ RES  MEM :       0.064880 GB ] [ VIRT MEM :       5.232738 GB ] <<<<< ..
.. >>>>> [ WALL TIME:       0.875566  s ] [ CPU  TIME:      45.551768  s ] <<<<< ..
 
.. >>>>> [ IO READ: threshold_diis ] <<<<< ..
 
.. >>>>> [ RES  MEM :       0.064880 GB ] [ VIRT MEM :       5.232738 GB ] <<<<< ..
.. >>>>> [ WALL TIME:       0.876195  s ] [ CPU  TIME:      45.596681  s ] <<<<< ..
 
 
.. >>>>> [ RES  MEM :       0.064880 GB ] [ VIRT MEM :       5.232738 GB ] <<<<< ..
.. >>>>> [ WALL TIME:       0.876513  s ] [ CPU  TIME:      45.619935  s ] <<<<< ..
 
 Energy of the guess =   -126.839067065748     
==== ================ ================ ================ ================
  N          Energy      Energy diff       DIIS error     Level shift   
==== ================ ================ ================ ================
   1  -129.2863319049    -2.4472648392     0.4213504132     0.0000000000   1
   2  -129.7530613213    -0.4667294164     0.1467031650     0.0000000000   2
   3  -129.8047475494    -0.0516862281     0.0464494353     0.0000000000   3
   4  -129.8099845574    -0.0052370080     0.0093022691     0.0000000000   4
   5  -129.8104085037    -0.0004239463     0.0036420960     0.0000000000   5
   6  -129.8104547545    -0.0000462508     0.0016376857     0.0000000000   6
   7  -129.8104639817    -0.0000092272     0.0007459471     0.0000000000   7
   8  -129.8104655991    -0.0000016174     0.0005044086     0.0000000000   8
   9  -129.8104657206    -0.0000001215     0.0004994741     0.0000000000   9
  10  -129.8104664104    -0.0000006898     0.0005372865     0.5000000000   0
  11  -129.8104665605    -0.0000001501     0.0002439351     0.2500000000   1
  12  -129.8104666698    -0.0000001093     0.0001807357     0.1250000000   0
  13  -129.8104667392    -0.0000000694     0.0001265483     0.0625000000   1
  14  -129.8104667759    -0.0000000367     0.0000826772     0.0312500000   0
  15  -129.8104667930    -0.0000000170     0.0000530982     0.0156250000   1
  16  -129.8104667766     0.0000000164     0.0000760187     0.0312500000   0
  17  -129.8104667932    -0.0000000166     0.0000555512     0.0156250000   1
  18  -129.8104668003    -0.0000000071     0.0000295984     0.0078125000   0
  19  -129.8104668032    -0.0000000029     0.0000232335     0.0039062500   1
  20  -129.8104668044    -0.0000000012     0.0000102223     0.0019531250   0
  21  -129.8104668049    -0.0000000005     0.0000102199     0.0009765625   1
  22  -129.8104668050    -0.0000000002     0.0000040597     0.0004882812   0
  23  -129.8104668051    -0.0000000001     0.0000049808     0.0002441406   1
==== ================ ================ ================ ================
 
 
.. >>>>> [ RES  MEM :       0.068474 GB ] [ VIRT MEM :       5.232738 GB ] <<<<< ..
.. >>>>> [ WALL TIME:       3.167991  s ] [ CPU  TIME:     202.041123  s ] <<<<< ..
 
MOs are now **Canonical**

Eigenvalues
-----------

======== ================
       1   -20.6659564290
       2   -15.7242377988
       3    -1.5343879009
       4    -0.9979425855
       5    -0.7476352089
       6    -0.6658934247
       7    -0.5959907003
       8    -0.4307077375
       9     0.0354729061
      10     0.0646377784
      11     0.1108073708
      12     0.1468958624
      13     0.1598466075
      14     0.1923224718
      15     0.2183224358
      16     0.2446571293
      17     0.2580522040
      18     0.2979780271
      19     0.3714999869
      20     0.3794133924
      21     0.4542212053
      22     0.5659180840
      23     0.6047103239
      24     0.6994708028
      25     0.7565342983
      26     0.8327045668
      27     0.8368385332
      28     0.9215108643
      29     0.9781215161
      30     1.0228356866
      31     1.0848715869
      32     1.1378539799
      33     1.1960151113
      34     1.2239792383
      35     1.2464547111
      36     1.3469323703
      37     1.4904524330
      38     1.6747836111
      39     1.7425571624
      40     1.8892938546
      41     1.9253601517
      42     2.0717384045
      43     2.2370240555
      44     2.2883992574
      45     2.4633579407
      46     2.5987022048
      47     2.6055455502
      48     2.7963879718
      49     3.1084380727
      50     3.4456760735
      51     3.5646663835
      52     3.6458044803
      53     3.8104210680
      54     3.8613687898
      55     4.0134598034
======== ================

 
.. >>>>> [ RES  MEM :       0.068512 GB ] [ VIRT MEM :       5.371460 GB ] <<<<< ..
.. >>>>> [ WALL TIME:       3.170628  s ] [ CPU  TIME:     202.207450  s ] <<<<< ..
 
* SCF energy                                        -129.8104668051005    
 
.. >>>>> [ RES  MEM :       0.068512 GB ] [ VIRT MEM :       5.371460 GB ] <<<<< ..
.. >>>>> [ WALL TIME:       3.241616  s ] [ CPU  TIME:     206.956500  s ] <<<<< ..
 
Wall time: 0:00:07

