Date: 17/03/2021 20:24:27
===============
Quantum Package
===============

Git Commit: Fixing zmq bug
Git Date  : Tue Mar 2 14:27:22 2021 +0100
Git SHA1  : ee9f4516b39d8dd8fa2476d3d5d738bacfd91718
EZFIO Dir : carbon_monoxide


Task server running : tcp://10.1.255.222:41279
.. >>>>> [ IO READ: n_states ] <<<<< ..
 
.. >>>>> [ RES  MEM :       0.009556 GB ] [ VIRT MEM :       0.141804 GB ] <<<<< ..
.. >>>>> [ WALL TIME:       0.004465  s ] [ CPU  TIME:       0.020419  s ] <<<<< ..
 
.. >>>>> [ IO READ: read_wf ] <<<<< ..
 
.. >>>>> [ RES  MEM :       0.009739 GB ] [ VIRT MEM :       0.141804 GB ] <<<<< ..
.. >>>>> [ WALL TIME:       0.005949  s ] [ CPU  TIME:       0.020667  s ] <<<<< ..
 
.. >>>>> [ IO READ: ao_num ] <<<<< ..
 
.. >>>>> [ RES  MEM :       0.009739 GB ] [ VIRT MEM :       0.141804 GB ] <<<<< ..
.. >>>>> [ WALL TIME:       0.018288  s ] [ CPU  TIME:       0.021004  s ] <<<<< ..
 
* mo_num                                                        46
 Read  mo_coef
.. >>>>> [ IO READ: elec_beta_num ] <<<<< ..
 
.. >>>>> [ RES  MEM :       0.012566 GB ] [ VIRT MEM :       1.673229 GB ] <<<<< ..
.. >>>>> [ WALL TIME:       0.132020  s ] [ CPU  TIME:       1.004825  s ] <<<<< ..
 
.. >>>>> [ IO READ: elec_alpha_num ] <<<<< ..
 
.. >>>>> [ RES  MEM :       0.012566 GB ] [ VIRT MEM :       1.673229 GB ] <<<<< ..
.. >>>>> [ WALL TIME:       0.133460  s ] [ CPU  TIME:       1.035083  s ] <<<<< ..
 
 Read mo_occ
 * mo_label          Canonical
* Number of determinants                                   4433696
* N_int                                                          1
* Dimension of the psi arrays                              4433696
 Read psi_det
* Number of unique beta determinants                         82660
* Number of unique alpha determinants                        82660
 Read psi_coef     4433696           4
.. >>>>> [ IO READ: weight_one_e_dm ] <<<<< ..
 
.. >>>>> [ RES  MEM :       1.303043 GB ] [ VIRT MEM :       2.987392 GB ] <<<<< ..
.. >>>>> [ WALL TIME:      39.640806  s ] [ CPU  TIME:     303.972184  s ] <<<<< ..
 
.. >>>>> [ IO READ: mo_class ] <<<<< ..
 
.. >>>>> [ RES  MEM :       1.303154 GB ] [ VIRT MEM :       2.987392 GB ] <<<<< ..
.. >>>>> [ WALL TIME:      39.681073  s ] [ CPU  TIME:     304.897953  s ] <<<<< ..
 
* Number of core     MOs                                         2
* Number of inactive MOs                                         0
* Number of active   MOs                                        44
 Core MOs:
           1           2
 Active MOs:
           3           4           5           6           7           8
           9          10          11          12          13          14
          15          16          17          18          19          20
          21          22          23          24          25          26
          27          28          29          30          31          32
          33          34          35          36          37          38
          39          40          41          42          43          44
          45          46
 Core, Inactive and Active MOs:
           1           2           3           4           5           6
           7           8           9          10          11          12
          13          14          15          16          17          18
          19          20          21          22          23          24
          25          26          27          28          29          30
          31          32          33          34          35          36
          37          38          39          40          41          42
          43          44          45          46
* Number of virtual  MOs                                         0
 Virtual MOs:
 
 
.. >>>>> [ RES  MEM :       1.303154 GB ] [ VIRT MEM :       2.987392 GB ] <<<<< ..
.. >>>>> [ WALL TIME:      39.726952  s ] [ CPU  TIME:     305.953338  s ] <<<<< ..
 
MOs are now **Natural**

Eigenvalues
-----------

======== ================ ================
   MO       Eigenvalue       Cumulative   
======== ================ ================
       1     2.0000000000     2.0000000000
       2     2.0000000000     4.0000000000
       3     1.9846181478     5.9846181478
       4     1.9538945020     7.9385126497
       5     1.8178353194     9.7563479691
       6     1.8175002054    11.5738481745
       7     1.4793341264    13.0531823009
       8     0.4107607056    13.4639430065
       9     0.4103411740    13.8742841805
      10     0.0215570131    13.8958411937
      11     0.0110822402    13.9069234338
      12     0.0106806995    13.9176041333
      13     0.0106708502    13.9282749835
      14     0.0080434293    13.9363184128
      15     0.0080300019    13.9443484147
      16     0.0073524296    13.9517008443
      17     0.0064605868    13.9581614311
      18     0.0064407720    13.9646022032
      19     0.0060217174    13.9706239206
      20     0.0050979777    13.9757218983
      21     0.0050963729    13.9808182712
      22     0.0032535403    13.9840718115
      23     0.0032512683    13.9873230798
      24     0.0026756971    13.9899987769
      25     0.0014928110    13.9914915879
      26     0.0014917933    13.9929833812
      27     0.0009437533    13.9939271345
      28     0.0008247487    13.9947518832
      29     0.0008233977    13.9955752809
      30     0.0004832762    13.9960585570
      31     0.0004830753    13.9965416324
      32     0.0004605775    13.9970022099
      33     0.0003594155    13.9973616254
      34     0.0003571383    13.9977187636
      35     0.0003031541    13.9980219177
      36     0.0002883434    13.9983102612
      37     0.0002879174    13.9985981786
      38     0.0002478370    13.9988460155
      39     0.0002305901    13.9990766056
      40     0.0002295594    13.9993061649
      41     0.0002170986    13.9995232636
      42     0.0001397389    13.9996630024
      43     0.0001387303    13.9998017328
      44     0.0001062298    13.9999079626
      45     0.0000543501    13.9999623127
      46     0.0000376873    14.0000000000
======== ================ ================

 
.. >>>>> [ RES  MEM :       1.305889 GB ] [ VIRT MEM :       3.058681 GB ] <<<<< ..
.. >>>>> [ WALL TIME:      39.782475  s ] [ CPU  TIME:     307.195388  s ] <<<<< ..
 
.. >>>>> [ IO READ: lin_dep_cutoff ] <<<<< ..
 
.. >>>>> [ RES  MEM :       1.305889 GB ] [ VIRT MEM :       3.058681 GB ] <<<<< ..
.. >>>>> [ WALL TIME:      39.816936  s ] [ CPU  TIME:     307.988311  s ] <<<<< ..
 
.. >>>>> [ IO READ: io_ao_integrals_overlap ] <<<<< ..
 
.. >>>>> [ RES  MEM :       1.305889 GB ] [ VIRT MEM :       3.058681 GB ] <<<<< ..
.. >>>>> [ WALL TIME:      39.830494  s ] [ CPU  TIME:     308.300437  s ] <<<<< ..
 
.. >>>>> [ IO READ: ao_prim_num ] <<<<< ..
 
.. >>>>> [ RES  MEM :       1.306042 GB ] [ VIRT MEM :       3.058681 GB ] <<<<< ..
.. >>>>> [ WALL TIME:      39.861706  s ] [ CPU  TIME:     309.016967  s ] <<<<< ..
 
.. >>>>> [ IO READ: ao_normalized ] <<<<< ..
 
.. >>>>> [ RES  MEM :       1.306042 GB ] [ VIRT MEM :       3.058681 GB ] <<<<< ..
.. >>>>> [ WALL TIME:      39.866543  s ] [ CPU  TIME:     309.128548  s ] <<<<< ..
 
.. >>>>> [ IO READ: primitives_normalized ] <<<<< ..
 
.. >>>>> [ RES  MEM :       1.306042 GB ] [ VIRT MEM :       3.058681 GB ] <<<<< ..
.. >>>>> [ WALL TIME:      39.869797  s ] [ CPU  TIME:     309.203706  s ] <<<<< ..
 
.. >>>>> [ IO READ: ao_coef ] <<<<< ..
 
.. >>>>> [ RES  MEM :       1.306084 GB ] [ VIRT MEM :       3.058681 GB ] <<<<< ..
.. >>>>> [ WALL TIME:      39.893151  s ] [ CPU  TIME:     309.738689  s ] <<<<< ..
 
.. >>>>> [ IO READ: ao_power ] <<<<< ..
 
.. >>>>> [ RES  MEM :       1.306087 GB ] [ VIRT MEM :       3.058681 GB ] <<<<< ..
.. >>>>> [ WALL TIME:      39.921192  s ] [ CPU  TIME:     310.381974  s ] <<<<< ..
 
.. >>>>> [ IO READ: ao_expo ] <<<<< ..
 
.. >>>>> [ RES  MEM :       1.306095 GB ] [ VIRT MEM :       3.058681 GB ] <<<<< ..
.. >>>>> [ WALL TIME:      39.940440  s ] [ CPU  TIME:     310.822895  s ] <<<<< ..
 
.. >>>>> [ IO READ: ao_nucl ] <<<<< ..
 
.. >>>>> [ RES  MEM :       1.306187 GB ] [ VIRT MEM :       3.058681 GB ] <<<<< ..
.. >>>>> [ WALL TIME:      39.953646  s ] [ CPU  TIME:     311.126319  s ] <<<<< ..
 
.. >>>>> [ IO READ: nucl_num ] <<<<< ..
 
.. >>>>> [ RES  MEM :       1.306187 GB ] [ VIRT MEM :       3.058681 GB ] <<<<< ..
.. >>>>> [ WALL TIME:      39.983905  s ] [ CPU  TIME:     311.822471  s ] <<<<< ..
 
.. >>>>> [ IO READ: nucl_label ] <<<<< ..
 
.. >>>>> [ RES  MEM :       1.306213 GB ] [ VIRT MEM :       3.058681 GB ] <<<<< ..
.. >>>>> [ WALL TIME:      40.035923  s ] [ CPU  TIME:     313.018610  s ] <<<<< ..
 
.. >>>>> [ IO READ: nucl_charge ] <<<<< ..
 
.. >>>>> [ RES  MEM :       1.306217 GB ] [ VIRT MEM :       3.058681 GB ] <<<<< ..
.. >>>>> [ WALL TIME:      40.091729  s ] [ CPU  TIME:     314.302017  s ] <<<<< ..
 
 
.. >>>>> [ RES  MEM :       1.306225 GB ] [ VIRT MEM :       3.058681 GB ] <<<<< ..
.. >>>>> [ WALL TIME:      40.126258  s ] [ CPU  TIME:     315.096035  s ] <<<<< ..
 

Nuclear Coordinates (Angstroms)
===============================

================ ============ ============ ============ ============
      Atom          Charge          X            Y            Z 
================ ============ ============ ============ ============
C                    6.000000     0.000000     0.000000    -0.661165
O                    8.000000     0.000000     0.000000     0.472379
================ ============ ============ ============ ============

Minimal interatomic distance found:       1.1335 Angstrom
.. >>>>> [ IO READ: ao_md5 ] <<<<< ..
 
.. >>>>> [ RES  MEM :       1.306965 GB ] [ VIRT MEM :       3.058681 GB ] <<<<< ..
.. >>>>> [ WALL TIME:      40.174555  s ] [ CPU  TIME:     316.206994  s ] <<<<< ..
 
* Saved determinants                                             1
Wall time: 0:00:46

