Date: 22/03/2021 15:32:12
===============
Quantum Package
===============

Git Commit: Fixing zmq bug
Git Date  : Tue Mar 2 14:27:22 2021 +0100
Git SHA1  : ee9f4516b39d8dd8fa2476d3d5d738bacfd91718
EZFIO Dir : carbon_monoxide


Task server running : tcp://10.1.255.208:41279
.. >>>>> [ IO READ: n_states ] <<<<< ..
 
.. >>>>> [ RES  MEM :       0.009552 GB ] [ VIRT MEM :       0.141804 GB ] <<<<< ..
.. >>>>> [ WALL TIME:       0.001208  s ] [ CPU  TIME:       0.020038  s ] <<<<< ..
 
.. >>>>> [ IO READ: read_wf ] <<<<< ..
 
.. >>>>> [ RES  MEM :       0.009739 GB ] [ VIRT MEM :       0.141804 GB ] <<<<< ..
.. >>>>> [ WALL TIME:       0.002302  s ] [ CPU  TIME:       0.020317  s ] <<<<< ..
 
.. >>>>> [ IO READ: ao_num ] <<<<< ..
 
.. >>>>> [ RES  MEM :       0.009739 GB ] [ VIRT MEM :       0.141804 GB ] <<<<< ..
.. >>>>> [ WALL TIME:       0.054563  s ] [ CPU  TIME:       0.020689  s ] <<<<< ..
 
* mo_num                                                        46
 Read  mo_coef
.. >>>>> [ IO READ: elec_beta_num ] <<<<< ..
 
.. >>>>> [ RES  MEM :       0.014519 GB ] [ VIRT MEM :       2.204540 GB ] <<<<< ..
.. >>>>> [ WALL TIME:       0.072374  s ] [ CPU  TIME:       0.230916  s ] <<<<< ..
 
.. >>>>> [ IO READ: elec_alpha_num ] <<<<< ..
 
.. >>>>> [ RES  MEM :       0.014519 GB ] [ VIRT MEM :       2.204540 GB ] <<<<< ..
.. >>>>> [ WALL TIME:       0.073548  s ] [ CPU  TIME:       0.262913  s ] <<<<< ..
 
 Read mo_occ
 * mo_label          Canonical
* Number of determinants                                   5415509
* N_int                                                          1
* Dimension of the psi arrays                              5415509
 Read psi_det
* Number of unique beta determinants                         89845
* Number of unique alpha determinants                        89845
 Read psi_coef     5415509           8
.. >>>>> [ IO READ: weight_one_e_dm ] <<<<< ..
 
.. >>>>> [ RES  MEM :       2.556431 GB ] [ VIRT MEM :       4.781445 GB ] <<<<< ..
.. >>>>> [ WALL TIME:      58.759025  s ] [ CPU  TIME:     567.844215  s ] <<<<< ..
 
.. >>>>> [ IO READ: mo_class ] <<<<< ..
 
.. >>>>> [ RES  MEM :       2.556618 GB ] [ VIRT MEM :       4.781445 GB ] <<<<< ..
.. >>>>> [ WALL TIME:      58.772824  s ] [ CPU  TIME:     568.269744  s ] <<<<< ..
 
* Number of core     MOs                                         2
* Number of inactive MOs                                         0
* Number of active   MOs                                        44
 Core MOs:
           1           2
 Active MOs:
           3           4           5           6           7           8
           9          10          11          12          13          14
          15          16          17          18          19          20
          21          22          23          24          25          26
          27          28          29          30          31          32
          33          34          35          36          37          38
          39          40          41          42          43          44
          45          46
 Core, Inactive and Active MOs:
           1           2           3           4           5           6
           7           8           9          10          11          12
          13          14          15          16          17          18
          19          20          21          22          23          24
          25          26          27          28          29          30
          31          32          33          34          35          36
          37          38          39          40          41          42
          43          44          45          46
* Number of virtual  MOs                                         0
 Virtual MOs:
 
 
.. >>>>> [ RES  MEM :       2.556618 GB ] [ VIRT MEM :       4.781445 GB ] <<<<< ..
.. >>>>> [ WALL TIME:      58.784371  s ] [ CPU  TIME:     568.627461  s ] <<<<< ..
 
MOs are now **Natural**

Eigenvalues
-----------

======== ================ ================
   MO       Eigenvalue       Cumulative   
======== ================ ================
       1     2.0000000000     2.0000000000
       2     2.0000000000     4.0000000000
       3     1.9839573903     5.9839573903
       4     1.9551111826     7.9390685729
       5     1.7524711041     9.6915396771
       6     1.7524452703    11.4439849474
       7     1.4712983691    12.9152833165
       8     0.3594271231    13.2747104397
       9     0.3594061010    13.6341165406
      10     0.1258411512    13.7599576918
      11     0.1244041945    13.8843618863
      12     0.0205150398    13.9048769261
      13     0.0096450551    13.9145219812
      14     0.0096418156    13.9241637968
      15     0.0083426297    13.9325064265
      16     0.0082149239    13.9407213503
      17     0.0082122799    13.9489336302
      18     0.0065017438    13.9554353740
      19     0.0057650673    13.9612004413
      20     0.0057612923    13.9669617335
      21     0.0050872177    13.9720489512
      22     0.0050238784    13.9770728296
      23     0.0050234974    13.9820963270
      24     0.0029177886    13.9850141156
      25     0.0029147799    13.9879288955
      26     0.0023788697    13.9903077652
      27     0.0014036996    13.9917114649
      28     0.0014028837    13.9931143486
      29     0.0009357451    13.9940500937
      30     0.0008223207    13.9948724143
      31     0.0008211374    13.9956935517
      32     0.0006058290    13.9962993807
      33     0.0006052346    13.9969046153
      34     0.0003974560    13.9973020713
      35     0.0003268361    13.9976289074
      36     0.0003257923    13.9979546996
      37     0.0002901722    13.9982448718
      38     0.0002719101    13.9985167818
      39     0.0002717136    13.9987884954
      40     0.0002251062    13.9990136016
      41     0.0001981671    13.9992117687
      42     0.0001976942    13.9994094629
      43     0.0001777938    13.9995872567
      44     0.0001409679    13.9997282246
      45     0.0001407392    13.9998689638
      46     0.0001310362    14.0000000000
======== ================ ================

 
.. >>>>> [ RES  MEM :       2.559723 GB ] [ VIRT MEM :       4.858429 GB ] <<<<< ..
.. >>>>> [ WALL TIME:      58.856176  s ] [ CPU  TIME:     570.843696  s ] <<<<< ..
 
.. >>>>> [ IO READ: lin_dep_cutoff ] <<<<< ..
 
.. >>>>> [ RES  MEM :       2.559822 GB ] [ VIRT MEM :       4.858429 GB ] <<<<< ..
.. >>>>> [ WALL TIME:      58.864511  s ] [ CPU  TIME:     571.101549  s ] <<<<< ..
 
.. >>>>> [ IO READ: io_ao_integrals_overlap ] <<<<< ..
 
.. >>>>> [ RES  MEM :       2.559822 GB ] [ VIRT MEM :       4.858429 GB ] <<<<< ..
.. >>>>> [ WALL TIME:      58.868994  s ] [ CPU  TIME:     571.240246  s ] <<<<< ..
 
.. >>>>> [ IO READ: ao_prim_num ] <<<<< ..
 
.. >>>>> [ RES  MEM :       2.559891 GB ] [ VIRT MEM :       4.858429 GB ] <<<<< ..
.. >>>>> [ WALL TIME:      58.872097  s ] [ CPU  TIME:     571.334250  s ] <<<<< ..
 
.. >>>>> [ IO READ: ao_normalized ] <<<<< ..
 
.. >>>>> [ RES  MEM :       2.559891 GB ] [ VIRT MEM :       4.858429 GB ] <<<<< ..
.. >>>>> [ WALL TIME:      58.873239  s ] [ CPU  TIME:     571.368772  s ] <<<<< ..
 
.. >>>>> [ IO READ: primitives_normalized ] <<<<< ..
 
.. >>>>> [ RES  MEM :       2.559891 GB ] [ VIRT MEM :       4.858429 GB ] <<<<< ..
.. >>>>> [ WALL TIME:      58.874149  s ] [ CPU  TIME:     571.396287  s ] <<<<< ..
 
.. >>>>> [ IO READ: ao_coef ] <<<<< ..
 
.. >>>>> [ RES  MEM :       2.559982 GB ] [ VIRT MEM :       4.858429 GB ] <<<<< ..
.. >>>>> [ WALL TIME:      58.877168  s ] [ CPU  TIME:     571.483843  s ] <<<<< ..
 
.. >>>>> [ IO READ: ao_power ] <<<<< ..
 
.. >>>>> [ RES  MEM :       2.559986 GB ] [ VIRT MEM :       4.858429 GB ] <<<<< ..
.. >>>>> [ WALL TIME:      58.879899  s ] [ CPU  TIME:     571.562471  s ] <<<<< ..
 
.. >>>>> [ IO READ: ao_expo ] <<<<< ..
 
.. >>>>> [ RES  MEM :       2.559998 GB ] [ VIRT MEM :       4.858429 GB ] <<<<< ..
.. >>>>> [ WALL TIME:      58.885754  s ] [ CPU  TIME:     571.732742  s ] <<<<< ..
 
.. >>>>> [ IO READ: ao_nucl ] <<<<< ..
 
.. >>>>> [ RES  MEM :       2.560101 GB ] [ VIRT MEM :       4.858429 GB ] <<<<< ..
.. >>>>> [ WALL TIME:      58.892518  s ] [ CPU  TIME:     571.939693  s ] <<<<< ..
 
.. >>>>> [ IO READ: nucl_num ] <<<<< ..
 
.. >>>>> [ RES  MEM :       2.560101 GB ] [ VIRT MEM :       4.858429 GB ] <<<<< ..
.. >>>>> [ WALL TIME:      58.894208  s ] [ CPU  TIME:     571.992394  s ] <<<<< ..
 
.. >>>>> [ IO READ: nucl_label ] <<<<< ..
 
.. >>>>> [ RES  MEM :       2.560127 GB ] [ VIRT MEM :       4.858429 GB ] <<<<< ..
.. >>>>> [ WALL TIME:      58.917552  s ] [ CPU  TIME:     572.714775  s ] <<<<< ..
 
.. >>>>> [ IO READ: nucl_charge ] <<<<< ..
 
.. >>>>> [ RES  MEM :       2.560131 GB ] [ VIRT MEM :       4.858429 GB ] <<<<< ..
.. >>>>> [ WALL TIME:      58.920012  s ] [ CPU  TIME:     572.791319  s ] <<<<< ..
 
 
.. >>>>> [ RES  MEM :       2.560139 GB ] [ VIRT MEM :       4.858429 GB ] <<<<< ..
.. >>>>> [ WALL TIME:      58.929294  s ] [ CPU  TIME:     573.078833  s ] <<<<< ..
 

Nuclear Coordinates (Angstroms)
===============================

================ ============ ============ ============ ============
      Atom          Charge          X            Y            Z 
================ ============ ============ ============ ============
C                    6.000000     0.000000     0.000000    -0.661165
O                    8.000000     0.000000     0.000000     0.472379
================ ============ ============ ============ ============

Minimal interatomic distance found:       1.1335 Angstrom
.. >>>>> [ IO READ: ao_md5 ] <<<<< ..
 
.. >>>>> [ RES  MEM :       2.560459 GB ] [ VIRT MEM :       4.858429 GB ] <<<<< ..
.. >>>>> [ WALL TIME:      58.938117  s ] [ CPU  TIME:     573.353390  s ] <<<<< ..
 
* Saved determinants                                             1
Wall time: 0:01:04

