Date: 18/03/2021 16:15:28
===============
Quantum Package
===============

Git Commit: Fixing zmq bug
Git Date  : Tue Mar 2 14:27:22 2021 +0100
Git SHA1  : ee9f4516b39d8dd8fa2476d3d5d738bacfd91718
EZFIO Dir : hydrogen_chloride


Task server running : tcp://10.1.255.213:41279
.. >>>>> [ IO READ: n_states ] <<<<< ..
 
.. >>>>> [ RES  MEM :       0.009560 GB ] [ VIRT MEM :       0.141804 GB ] <<<<< ..
.. >>>>> [ WALL TIME:       0.026058  s ] [ CPU  TIME:       0.017152  s ] <<<<< ..
 
.. >>>>> [ IO READ: read_wf ] <<<<< ..
 
.. >>>>> [ RES  MEM :       0.009739 GB ] [ VIRT MEM :       0.141804 GB ] <<<<< ..
.. >>>>> [ WALL TIME:       0.047134  s ] [ CPU  TIME:       0.017398  s ] <<<<< ..
 
.. >>>>> [ IO READ: ao_num ] <<<<< ..
 
.. >>>>> [ RES  MEM :       0.009739 GB ] [ VIRT MEM :       0.141804 GB ] <<<<< ..
.. >>>>> [ WALL TIME:       0.093713  s ] [ CPU  TIME:       0.017748  s ] <<<<< ..
 
* mo_num                                                        36
 Read  mo_coef
.. >>>>> [ IO READ: elec_beta_num ] <<<<< ..
 
.. >>>>> [ RES  MEM :       0.012569 GB ] [ VIRT MEM :       1.938885 GB ] <<<<< ..
.. >>>>> [ WALL TIME:       0.172796  s ] [ CPU  TIME:       0.988805  s ] <<<<< ..
 
.. >>>>> [ IO READ: elec_alpha_num ] <<<<< ..
 
.. >>>>> [ RES  MEM :       0.012569 GB ] [ VIRT MEM :       1.938885 GB ] <<<<< ..
.. >>>>> [ WALL TIME:       0.173763  s ] [ CPU  TIME:       1.010399  s ] <<<<< ..
 
 Read mo_occ
 * mo_label          Canonical
* Number of determinants                                  10461728
* N_int                                                          1
* Dimension of the psi arrays                             10461728
 Read psi_det
* Number of unique beta determinants                         29821
* Number of unique alpha determinants                        29821
 Read psi_coef    10461728           2
.. >>>>> [ IO READ: weight_one_e_dm ] <<<<< ..
 
.. >>>>> [ RES  MEM :       2.099087 GB ] [ VIRT MEM :       4.053349 GB ] <<<<< ..
.. >>>>> [ WALL TIME:      84.199462  s ] [ CPU  TIME:     601.170522  s ] <<<<< ..
 
.. >>>>> [ IO READ: mo_class ] <<<<< ..
 
.. >>>>> [ RES  MEM :       2.099182 GB ] [ VIRT MEM :       4.053349 GB ] <<<<< ..
.. >>>>> [ WALL TIME:      84.301421  s ] [ CPU  TIME:     603.922374  s ] <<<<< ..
 
* Number of core     MOs                                         5
* Number of inactive MOs                                         0
* Number of active   MOs                                        31
 Core MOs:
           1           2           3           4           5
 Active MOs:
           6           7           8           9          10          11
          12          13          14          15          16          17
          18          19          20          21          22          23
          24          25          26          27          28          29
          30          31          32          33          34          35
          36
 Core, Inactive and Active MOs:
           1           2           3           4           5           6
           7           8           9          10          11          12
          13          14          15          16          17          18
          19          20          21          22          23          24
          25          26          27          28          29          30
          31          32          33          34          35          36
* Number of virtual  MOs                                         0
 Virtual MOs:
 
 
.. >>>>> [ RES  MEM :       2.099182 GB ] [ VIRT MEM :       4.053349 GB ] <<<<< ..
.. >>>>> [ WALL TIME:      84.397131  s ] [ CPU  TIME:     606.507024  s ] <<<<< ..
 
MOs are now **Natural**

Eigenvalues
-----------

======== ================ ================
   MO       Eigenvalue       Cumulative   
======== ================ ================
       1     2.0000000000     2.0000000000
       2     2.0000000000     4.0000000000
       3     2.0000000000     6.0000000000
       4     2.0000000000     8.0000000000
       5     2.0000000000    10.0000000000
       6     1.9769164978    11.9769164978
       7     1.9528651495    13.9297816473
       8     1.9462322935    15.8760139408
       9     1.4707696843    17.3467836252
      10     0.5058765119    17.8526601371
      11     0.0249398513    17.8775999884
      12     0.0179887430    17.8955887314
      13     0.0171382341    17.9127269654
      14     0.0168903907    17.9296173562
      15     0.0164988171    17.9461161733
      16     0.0128070338    17.9589232071
      17     0.0119808455    17.9709040527
      18     0.0104242273    17.9813282800
      19     0.0065286683    17.9878569484
      20     0.0026036776    17.9904606259
      21     0.0015788131    17.9920394390
      22     0.0014659186    17.9935053577
      23     0.0012270954    17.9947324531
      24     0.0007622898    17.9954947429
      25     0.0007460903    17.9962408332
      26     0.0006694252    17.9969102584
      27     0.0006267927    17.9975370512
      28     0.0006142078    17.9981512589
      29     0.0005790613    17.9987303202
      30     0.0005409627    17.9992712829
      31     0.0002884479    17.9995597308
      32     0.0001630365    17.9997227674
      33     0.0000927697    17.9998155371
      34     0.0000857148    17.9999012519
      35     0.0000685548    17.9999698067
      36     0.0000301933    18.0000000000
======== ================ ================

 
.. >>>>> [ RES  MEM :       2.101738 GB ] [ VIRT MEM :       4.124638 GB ] <<<<< ..
.. >>>>> [ WALL TIME:      84.467224  s ] [ CPU  TIME:     608.360155  s ] <<<<< ..
 
.. >>>>> [ IO READ: lin_dep_cutoff ] <<<<< ..
 
.. >>>>> [ RES  MEM :       2.101799 GB ] [ VIRT MEM :       4.124638 GB ] <<<<< ..
.. >>>>> [ WALL TIME:      84.496434  s ] [ CPU  TIME:     609.149143  s ] <<<<< ..
 
.. >>>>> [ IO READ: io_ao_integrals_overlap ] <<<<< ..
 
.. >>>>> [ RES  MEM :       2.101799 GB ] [ VIRT MEM :       4.124638 GB ] <<<<< ..
.. >>>>> [ WALL TIME:      84.506313  s ] [ CPU  TIME:     609.416220  s ] <<<<< ..
 
.. >>>>> [ IO READ: ao_prim_num ] <<<<< ..
 
.. >>>>> [ RES  MEM :       2.101868 GB ] [ VIRT MEM :       4.124638 GB ] <<<<< ..
.. >>>>> [ WALL TIME:      84.528408  s ] [ CPU  TIME:     610.011043  s ] <<<<< ..
 
.. >>>>> [ IO READ: ao_normalized ] <<<<< ..
 
.. >>>>> [ RES  MEM :       2.101868 GB ] [ VIRT MEM :       4.124638 GB ] <<<<< ..
.. >>>>> [ WALL TIME:      84.539561  s ] [ CPU  TIME:     610.312552  s ] <<<<< ..
 
.. >>>>> [ IO READ: primitives_normalized ] <<<<< ..
 
.. >>>>> [ RES  MEM :       2.101868 GB ] [ VIRT MEM :       4.124638 GB ] <<<<< ..
.. >>>>> [ WALL TIME:      84.553170  s ] [ CPU  TIME:     610.680276  s ] <<<<< ..
 
.. >>>>> [ IO READ: ao_coef ] <<<<< ..
 
.. >>>>> [ RES  MEM :       2.101913 GB ] [ VIRT MEM :       4.124638 GB ] <<<<< ..
.. >>>>> [ WALL TIME:      84.572222  s ] [ CPU  TIME:     611.190874  s ] <<<<< ..
 
.. >>>>> [ IO READ: ao_power ] <<<<< ..
 
.. >>>>> [ RES  MEM :       2.101917 GB ] [ VIRT MEM :       4.124638 GB ] <<<<< ..
.. >>>>> [ WALL TIME:      84.603474  s ] [ CPU  TIME:     612.001290  s ] <<<<< ..
 
.. >>>>> [ IO READ: ao_expo ] <<<<< ..
 
.. >>>>> [ RES  MEM :       2.102001 GB ] [ VIRT MEM :       4.124638 GB ] <<<<< ..
.. >>>>> [ WALL TIME:      84.648580  s ] [ CPU  TIME:     613.186487  s ] <<<<< ..
 
.. >>>>> [ IO READ: ao_nucl ] <<<<< ..
 
.. >>>>> [ RES  MEM :       2.102100 GB ] [ VIRT MEM :       4.124638 GB ] <<<<< ..
.. >>>>> [ WALL TIME:      84.666284  s ] [ CPU  TIME:     613.664253  s ] <<<<< ..
 
.. >>>>> [ IO READ: nucl_num ] <<<<< ..
 
.. >>>>> [ RES  MEM :       2.102100 GB ] [ VIRT MEM :       4.124638 GB ] <<<<< ..
.. >>>>> [ WALL TIME:      84.699218  s ] [ CPU  TIME:     614.553865  s ] <<<<< ..
 
.. >>>>> [ IO READ: nucl_label ] <<<<< ..
 
.. >>>>> [ RES  MEM :       2.102127 GB ] [ VIRT MEM :       4.124638 GB ] <<<<< ..
.. >>>>> [ WALL TIME:      84.726588  s ] [ CPU  TIME:     615.293355  s ] <<<<< ..
 
.. >>>>> [ IO READ: nucl_charge ] <<<<< ..
 
.. >>>>> [ RES  MEM :       2.102131 GB ] [ VIRT MEM :       4.124638 GB ] <<<<< ..
.. >>>>> [ WALL TIME:      84.763348  s ] [ CPU  TIME:     616.286363  s ] <<<<< ..
 
 
.. >>>>> [ RES  MEM :       2.102139 GB ] [ VIRT MEM :       4.124638 GB ] <<<<< ..
.. >>>>> [ WALL TIME:      84.787636  s ] [ CPU  TIME:     616.942701  s ] <<<<< ..
 

Nuclear Coordinates (Angstroms)
===============================

================ ============ ============ ============ ============
      Atom          Charge          X            Y            Z 
================ ============ ============ ============ ============
Cl                  17.000000     0.000000     0.000000    -0.013175
H                    1.000000     0.000000     0.000000     1.261999
================ ============ ============ ============ ============

Minimal interatomic distance found:       1.2752 Angstrom
.. >>>>> [ IO READ: ao_md5 ] <<<<< ..
 
.. >>>>> [ RES  MEM :       2.103199 GB ] [ VIRT MEM :       4.124638 GB ] <<<<< ..
.. >>>>> [ WALL TIME:      84.890973  s ] [ CPU  TIME:     619.733698  s ] <<<<< ..
 
* Saved determinants                                             1
Wall time: 0:01:32

