Date: 18/03/2021 17:20:17
===============
Quantum Package
===============

Git Commit: Fixing zmq bug
Git Date  : Tue Mar 2 14:27:22 2021 +0100
Git SHA1  : ee9f4516b39d8dd8fa2476d3d5d738bacfd91718
EZFIO Dir : BH


Task server running : tcp://10.1.255.228:41279
.. >>>>> [ IO READ: io_mo_two_e_integrals ] <<<<< ..
 
.. >>>>> [ RES  MEM :       0.009556 GB ] [ VIRT MEM :       0.142761 GB ] <<<<< ..
.. >>>>> [ WALL TIME:       0.025591  s ] [ CPU  TIME:       0.011620  s ] <<<<< ..
 
* mo_num                                                        32
 MO map initialized:                 139656
.. >>>>> [ IO READ: no_vvvv_integrals ] <<<<< ..
 
.. >>>>> [ RES  MEM :       0.020061 GB ] [ VIRT MEM :       1.674187 GB ] <<<<< ..
.. >>>>> [ WALL TIME:       0.042566  s ] [ CPU  TIME:       0.189144  s ] <<<<< ..
 
.. >>>>> [ IO READ: mo_class ] <<<<< ..
 
.. >>>>> [ RES  MEM :       0.022205 GB ] [ VIRT MEM :       1.674187 GB ] <<<<< ..
.. >>>>> [ WALL TIME:       0.058006  s ] [ CPU  TIME:       0.484098  s ] <<<<< ..
 
* N_int                                                          1
.. >>>>> [ IO READ: io_ao_two_e_integrals ] <<<<< ..
 
.. >>>>> [ RES  MEM :       0.022205 GB ] [ VIRT MEM :       1.674187 GB ] <<<<< ..
.. >>>>> [ WALL TIME:       0.066616  s ] [ CPU  TIME:       0.656682  s ] <<<<< ..
 
.. >>>>> [ IO READ: ao_num ] <<<<< ..
 
.. >>>>> [ RES  MEM :       0.022205 GB ] [ VIRT MEM :       1.674187 GB ] <<<<< ..
.. >>>>> [ WALL TIME:       0.083572  s ] [ CPU  TIME:       0.996727  s ] <<<<< ..
 
 AO map initialized :                 177310
 Providing the AO integrals
.. >>>>> [ IO READ: ao_prim_num ] <<<<< ..
 
.. >>>>> [ RES  MEM :       0.022335 GB ] [ VIRT MEM :       1.674187 GB ] <<<<< ..
.. >>>>> [ WALL TIME:       0.108002  s ] [ CPU  TIME:       1.534494  s ] <<<<< ..
 
.. >>>>> [ IO READ: ao_normalized ] <<<<< ..
 
.. >>>>> [ RES  MEM :       0.022335 GB ] [ VIRT MEM :       1.674187 GB ] <<<<< ..
.. >>>>> [ WALL TIME:       0.109168  s ] [ CPU  TIME:       1.560392  s ] <<<<< ..
 
.. >>>>> [ IO READ: primitives_normalized ] <<<<< ..
 
.. >>>>> [ RES  MEM :       0.022335 GB ] [ VIRT MEM :       1.674187 GB ] <<<<< ..
.. >>>>> [ WALL TIME:       0.116357  s ] [ CPU  TIME:       1.718785  s ] <<<<< ..
 
.. >>>>> [ IO READ: ao_coef ] <<<<< ..
 
.. >>>>> [ RES  MEM :       0.022430 GB ] [ VIRT MEM :       1.674187 GB ] <<<<< ..
.. >>>>> [ WALL TIME:       0.142100  s ] [ CPU  TIME:       2.283511  s ] <<<<< ..
 
.. >>>>> [ IO READ: ao_power ] <<<<< ..
 
.. >>>>> [ RES  MEM :       0.022446 GB ] [ VIRT MEM :       1.674187 GB ] <<<<< ..
.. >>>>> [ WALL TIME:       0.164518  s ] [ CPU  TIME:       2.775314  s ] <<<<< ..
 
.. >>>>> [ IO READ: ao_expo ] <<<<< ..
 
.. >>>>> [ RES  MEM :       0.022449 GB ] [ VIRT MEM :       1.674187 GB ] <<<<< ..
.. >>>>> [ WALL TIME:       0.167822  s ] [ CPU  TIME:       2.847229  s ] <<<<< ..
 
.. >>>>> [ IO READ: ao_integrals_threshold ] <<<<< ..
 
.. >>>>> [ RES  MEM :       0.022449 GB ] [ VIRT MEM :       1.674187 GB ] <<<<< ..
.. >>>>> [ WALL TIME:       0.169020  s ] [ CPU  TIME:       2.875423  s ] <<<<< ..
 
.. >>>>> [ IO READ: ao_nucl ] <<<<< ..
 
.. >>>>> [ RES  MEM :       0.022598 GB ] [ VIRT MEM :       1.674187 GB ] <<<<< ..
.. >>>>> [ WALL TIME:       0.184240  s ] [ CPU  TIME:       3.224879  s ] <<<<< ..
 
.. >>>>> [ IO READ: is_periodic ] <<<<< ..
 
.. >>>>> [ RES  MEM :       0.025272 GB ] [ VIRT MEM :       1.818859 GB ] <<<<< ..
.. >>>>> [ WALL TIME:       0.208896  s ] [ CPU  TIME:       3.560632  s ] <<<<< ..
 
.. >>>>> [ IO READ: nucl_num ] <<<<< ..
 
.. >>>>> [ RES  MEM :       0.025459 GB ] [ VIRT MEM :       1.818859 GB ] <<<<< ..
.. >>>>> [ WALL TIME:       0.217055  s ] [ CPU  TIME:       3.731961  s ] <<<<< ..
 
.. >>>>> [ IO READ: nucl_label ] <<<<< ..
 
.. >>>>> [ RES  MEM :       0.025520 GB ] [ VIRT MEM :       1.818859 GB ] <<<<< ..
.. >>>>> [ WALL TIME:       0.227948  s ] [ CPU  TIME:       3.960690  s ] <<<<< ..
 
.. >>>>> [ IO READ: nucl_charge ] <<<<< ..
 
.. >>>>> [ RES  MEM :       0.025543 GB ] [ VIRT MEM :       1.818859 GB ] <<<<< ..
.. >>>>> [ WALL TIME:       0.245020  s ] [ CPU  TIME:       4.319184  s ] <<<<< ..
 
 
.. >>>>> [ RES  MEM :       0.025555 GB ] [ VIRT MEM :       1.818859 GB ] <<<<< ..
.. >>>>> [ WALL TIME:       0.252504  s ] [ CPU  TIME:       4.476538  s ] <<<<< ..
 

Nuclear Coordinates (Angstroms)
===============================

================ ============ ============ ============ ============
      Atom          Charge          X            Y            Z 
================ ============ ============ ============ ============
B                    5.000000     0.000000     0.000000     0.000000
H                    1.000000     0.000000     0.000000     1.222874
================ ============ ============ ============ ============

Minimal interatomic distance found:       1.2229 Angstrom
 Sorting the map
 AO integrals provided:
  Size of AO map :           0.527584075927734      MB
  Number of AO integrals :                 43012
  cpu  time :   5.72838400000000      s
  wall time :  0.324522972106934      s  ( x    17.6517057107207       )
 
 AO -> MO integrals transformation
 ---------------------------------
 
.. >>>>> [ IO READ: mo_integrals_threshold ] <<<<< ..
 
.. >>>>> [ RES  MEM :       0.027058 GB ] [ VIRT MEM :       1.882305 GB ] <<<<< ..
.. >>>>> [ WALL TIME:       0.414165  s ] [ CPU  TIME:       6.858913  s ] <<<<< ..
 
 Read  mo_coef
 Buffers :    1.166733     MB / core
.. >>>>> [ IO READ: io_ao_integrals_overlap ] <<<<< ..
 
.. >>>>> [ RES  MEM :       0.040531 GB ] [ VIRT MEM :       1.907745 GB ] <<<<< ..
.. >>>>> [ WALL TIME:       0.444277  s ] [ CPU  TIME:       7.546259  s ] <<<<< ..
 
.. >>>>> [ IO READ: ao_one_e_integrals_threshold ] <<<<< ..
 
.. >>>>> [ RES  MEM :       0.040531 GB ] [ VIRT MEM :       1.907745 GB ] <<<<< ..
.. >>>>> [ WALL TIME:       0.457531  s ] [ CPU  TIME:       7.864499  s ] <<<<< ..
 
 Molecular integrals provided:
  Size of MO map              2.66391372680664      MB
  Number of MO integrals:                 139656
  cpu  time :   7.66110300000000      s
  wall time :  0.321577072143555      s  ( x    23.8235361399771      )
.. >>>>> [ IO READ: do_pt2 ] <<<<< ..
 
.. >>>>> [ RES  MEM :       0.133469 GB ] [ VIRT MEM :       2.048897 GB ] <<<<< ..
.. >>>>> [ WALL TIME:       0.769026  s ] [ CPU  TIME:      15.292317  s ] <<<<< ..
 
.. >>>>> [ IO READ: read_wf ] <<<<< ..
 
.. >>>>> [ RES  MEM :       0.133469 GB ] [ VIRT MEM :       2.048897 GB ] <<<<< ..
.. >>>>> [ WALL TIME:       0.795470  s ] [ CPU  TIME:      15.900660  s ] <<<<< ..
 
 * mo_label          Natural
* Number of determinants                                        85
.. >>>>> [ IO READ: elec_beta_num ] <<<<< ..
 
.. >>>>> [ RES  MEM :       0.133469 GB ] [ VIRT MEM :       2.048897 GB ] <<<<< ..
.. >>>>> [ WALL TIME:       0.833927  s ] [ CPU  TIME:      16.785196  s ] <<<<< ..
 
.. >>>>> [ IO READ: elec_alpha_num ] <<<<< ..
 
.. >>>>> [ RES  MEM :       0.133469 GB ] [ VIRT MEM :       2.048897 GB ] <<<<< ..
.. >>>>> [ WALL TIME:       0.846609  s ] [ CPU  TIME:      17.076900  s ] <<<<< ..
 
* Dimension of the psi arrays                               100000
 Read psi_det
.. >>>>> [ IO READ: n_states ] <<<<< ..
 
.. >>>>> [ RES  MEM :       0.135082 GB ] [ VIRT MEM :       2.050396 GB ] <<<<< ..
.. >>>>> [ WALL TIME:       0.893660  s ] [ CPU  TIME:      18.156856  s ] <<<<< ..
 
 Read psi_coef          85           2
.. >>>>> [ IO READ: n_det_max_full ] <<<<< ..
 
.. >>>>> [ RES  MEM :       0.136597 GB ] [ VIRT MEM :       2.051895 GB ] <<<<< ..
.. >>>>> [ WALL TIME:       0.972771  s ] [ CPU  TIME:      19.975368  s ] <<<<< ..
 
.. >>>>> [ IO READ: distributed_davidson ] <<<<< ..
 
.. >>>>> [ RES  MEM :       0.136597 GB ] [ VIRT MEM :       2.051895 GB ] <<<<< ..
.. >>>>> [ WALL TIME:       0.985588  s ] [ CPU  TIME:      20.270522  s ] <<<<< ..
 
.. >>>>> [ IO READ: io_mo_integrals_n_e ] <<<<< ..
 
.. >>>>> [ RES  MEM :       0.255539 GB ] [ VIRT MEM :       3.926895 GB ] <<<<< ..
.. >>>>> [ WALL TIME:       1.038071  s ] [ CPU  TIME:      21.493123  s ] <<<<< ..
 
.. >>>>> [ IO READ: io_ao_integrals_n_e ] <<<<< ..
 
.. >>>>> [ RES  MEM :       0.255539 GB ] [ VIRT MEM :       3.926895 GB ] <<<<< ..
.. >>>>> [ WALL TIME:       1.063166  s ] [ CPU  TIME:      22.070815  s ] <<<<< ..
 
.. >>>>> [ IO READ: do_pseudo ] <<<<< ..
 
.. >>>>> [ RES  MEM :       0.255539 GB ] [ VIRT MEM :       3.926895 GB ] <<<<< ..
.. >>>>> [ WALL TIME:       1.114555  s ] [ CPU  TIME:      23.253119  s ] <<<<< ..
 
.. >>>>> [ IO READ: restore_symm ] <<<<< ..
 
.. >>>>> [ RES  MEM :       0.256992 GB ] [ VIRT MEM :       3.998066 GB ] <<<<< ..
.. >>>>> [ WALL TIME:       1.129536  s ] [ CPU  TIME:      23.599830  s ] <<<<< ..
 
.. >>>>> [ IO READ: io_mo_integrals_kinetic ] <<<<< ..
 
.. >>>>> [ RES  MEM :       0.256992 GB ] [ VIRT MEM :       3.998066 GB ] <<<<< ..
.. >>>>> [ WALL TIME:       1.136916  s ] [ CPU  TIME:      23.772158  s ] <<<<< ..
 
.. >>>>> [ IO READ: io_ao_integrals_kinetic ] <<<<< ..
 
.. >>>>> [ RES  MEM :       0.256992 GB ] [ VIRT MEM :       3.998066 GB ] <<<<< ..
.. >>>>> [ WALL TIME:       1.138136  s ] [ CPU  TIME:      23.800541  s ] <<<<< ..
 
.. >>>>> [ IO READ: io_mo_one_e_integrals ] <<<<< ..
 
.. >>>>> [ RES  MEM :       0.256992 GB ] [ VIRT MEM :       3.998066 GB ] <<<<< ..
.. >>>>> [ WALL TIME:       1.157091  s ] [ CPU  TIME:      24.240054  s ] <<<<< ..
 
 Providing the one-electron integrals
.. >>>>> [ IO READ: io_nuclear_repulsion ] <<<<< ..
 
.. >>>>> [ RES  MEM :       0.257214 GB ] [ VIRT MEM :       3.998066 GB ] <<<<< ..
.. >>>>> [ WALL TIME:       1.160096  s ] [ CPU  TIME:      24.311401  s ] <<<<< ..
 
 
.. >>>>> [ RES  MEM :       0.257214 GB ] [ VIRT MEM :       3.998066 GB ] <<<<< ..
.. >>>>> [ WALL TIME:       1.160364  s ] [ CPU  TIME:      24.317789  s ] <<<<< ..
 
* Nuclear repulsion energy                           2.163662055551274    
.. >>>>> [ IO READ: weight_one_e_dm ] <<<<< ..
 
.. >>>>> [ RES  MEM :       0.257214 GB ] [ VIRT MEM :       3.998066 GB ] <<<<< ..
.. >>>>> [ WALL TIME:       1.161362  s ] [ CPU  TIME:      24.341108  s ] <<<<< ..
 
.. >>>>> [ IO READ: save_wf_after_selection ] <<<<< ..
 
.. >>>>> [ RES  MEM :       0.260792 GB ] [ VIRT MEM :       4.004974 GB ] <<<<< ..
.. >>>>> [ WALL TIME:       1.215999  s ] [ CPU  TIME:      25.598257  s ] <<<<< ..
 
 
.. >>>>> [ RES  MEM :       0.261108 GB ] [ VIRT MEM :       4.005039 GB ] <<<<< ..
.. >>>>> [ WALL TIME:       1.566039  s ] [ CPU  TIME:      33.644037  s ] <<<<< ..
 
 
.. >>>>> [ RES  MEM :       0.263062 GB ] [ VIRT MEM :       4.005039 GB ] <<<<< ..
.. >>>>> [ WALL TIME:       1.582867  s ] [ CPU  TIME:      34.031345  s ] <<<<< ..
 
 Read  n_states_diag
.. >>>>> [ IO READ: selection_factor ] <<<<< ..
 
.. >>>>> [ RES  MEM :       0.263062 GB ] [ VIRT MEM :       4.005039 GB ] <<<<< ..
.. >>>>> [ WALL TIME:       1.617773  s ] [ CPU  TIME:      34.834390  s ] <<<<< ..
 
.. >>>>> [ IO READ: n_det_max ] <<<<< ..
 
.. >>>>> [ RES  MEM :       0.263062 GB ] [ VIRT MEM :       4.005039 GB ] <<<<< ..
.. >>>>> [ WALL TIME:       1.629781  s ] [ CPU  TIME:      35.110588  s ] <<<<< ..
 
.. >>>>> [ IO READ: pt2_max ] <<<<< ..
 
.. >>>>> [ RES  MEM :       0.263062 GB ] [ VIRT MEM :       4.005039 GB ] <<<<< ..
.. >>>>> [ WALL TIME:       1.633779  s ] [ CPU  TIME:      35.202550  s ] <<<<< ..
 
.. >>>>> [ IO READ: variance_max ] <<<<< ..
 
.. >>>>> [ RES  MEM :       0.263062 GB ] [ VIRT MEM :       4.005039 GB ] <<<<< ..
.. >>>>> [ WALL TIME:       1.643418  s ] [ CPU  TIME:      35.424232  s ] <<<<< ..
 
.. >>>>> [ IO READ: correlation_energy_ratio_max ] <<<<< ..
 
.. >>>>> [ RES  MEM :       0.263062 GB ] [ VIRT MEM :       4.005039 GB ] <<<<< ..
.. >>>>> [ WALL TIME:       1.650756  s ] [ CPU  TIME:      35.593015  s ] <<<<< ..
 
.. >>>>> [ IO READ: s2_eig ] <<<<< ..
 
.. >>>>> [ RES  MEM :       0.263062 GB ] [ VIRT MEM :       4.005039 GB ] <<<<< ..
.. >>>>> [ WALL TIME:       1.669731  s ] [ CPU  TIME:      36.029450  s ] <<<<< ..
 
.. >>>>> [ IO READ: pt2_relative_error ] <<<<< ..
 
.. >>>>> [ RES  MEM :       0.263062 GB ] [ VIRT MEM :       4.005039 GB ] <<<<< ..
.. >>>>> [ WALL TIME:       1.670757  s ] [ CPU  TIME:      36.053053  s ] <<<<< ..
 
.. >>>>> [ IO READ: threshold_generators ] <<<<< ..
 
.. >>>>> [ RES  MEM :       0.263062 GB ] [ VIRT MEM :       4.005039 GB ] <<<<< ..
.. >>>>> [ WALL TIME:       1.672084  s ] [ CPU  TIME:      36.083573  s ] <<<<< ..
 
* Target maximum memory (GB)                                  2000
* Number of configurations                                      43
 
.. >>>>> [ RES  MEM :       0.275078 GB ] [ VIRT MEM :       4.016769 GB ] <<<<< ..
.. >>>>> [ WALL TIME:       1.678981  s ] [ CPU  TIME:      36.241303  s ] <<<<< ..
 
.. >>>>> [ IO READ: threshold_davidson ] <<<<< ..
 
.. >>>>> [ RES  MEM :       0.275078 GB ] [ VIRT MEM :       4.016769 GB ] <<<<< ..
.. >>>>> [ WALL TIME:       1.699020  s ] [ CPU  TIME:      36.702562  s ] <<<<< ..
 
 Diagonalization of H using Lapack
.. >>>>> [ IO READ: only_expected_s2 ] <<<<< ..
 
.. >>>>> [ RES  MEM :       0.275078 GB ] [ VIRT MEM :       4.016769 GB ] <<<<< ..
.. >>>>> [ WALL TIME:       1.700452  s ] [ CPU  TIME:      36.735868  s ] <<<<< ..
 
 
.. >>>>> [ RES  MEM :       0.371147 GB ] [ VIRT MEM :       4.119480 GB ] <<<<< ..
.. >>>>> [ WALL TIME:       1.716800  s ] [ CPU  TIME:      37.105269  s ] <<<<< ..
 
* Energy of state    1                              -25.12651636245510    
* S^2 of state    1                                 0.2785911590594578E-27
* Energy of state    2                              -25.02597197446518    
* S^2 of state    2                                 0.7522577592187580E-26
* Saved determinants                                            85
--------------------------------------------------------------------------------
 
.. >>>>> [ RES  MEM :       0.371281 GB ] [ VIRT MEM :       4.119667 GB ] <<<<< ..
.. >>>>> [ WALL TIME:       2.314534  s ] [ CPU  TIME:      50.130994  s ] <<<<< ..
 
* Number of generators                                          81
* Number of comb teeth                                           1
.. >>>>> [ IO READ: h0_type ] <<<<< ..
 
.. >>>>> [ RES  MEM :       0.371281 GB ] [ VIRT MEM :       4.119667 GB ] <<<<< ..
.. >>>>> [ WALL TIME:       2.316217  s ] [ CPU  TIME:      50.169699  s ] <<<<< ..
 
.. >>>>> [ IO READ: weight_selection ] <<<<< ..
 
.. >>>>> [ RES  MEM :       0.371281 GB ] [ VIRT MEM :       4.119667 GB ] <<<<< ..
.. >>>>> [ WALL TIME:       2.327527  s ] [ CPU  TIME:      50.429834  s ] <<<<< ..
 
 Using 1/c_max^2 weight in selection
 # Total weight    1.000000       2.000915    
.. >>>>> [ IO READ: pseudo_sym ] <<<<< ..
 
.. >>>>> [ RES  MEM :       0.371281 GB ] [ VIRT MEM :       4.119667 GB ] <<<<< ..
.. >>>>> [ WALL TIME:       2.346453  s ] [ CPU  TIME:      50.865134  s ] <<<<< ..
 
* Number of unique beta determinants                            43
* Number of unique alpha determinants                           43
 
.. >>>>> [ RES  MEM :       0.373672 GB ] [ VIRT MEM :       4.123577 GB ] <<<<< ..
.. >>>>> [ WALL TIME:       2.355463  s ] [ CPU  TIME:      51.072381  s ] <<<<< ..
 
* Number of selectors                                           81
.. >>>>> [ IO READ: pt2_min_parallel_tasks ] <<<<< ..
 
.. >>>>> [ RES  MEM :       0.376659 GB ] [ VIRT MEM :       4.129669 GB ] <<<<< ..
.. >>>>> [ WALL TIME:       2.361057  s ] [ CPU  TIME:      51.201044  s ] <<<<< ..
 
* Number of core     MOs                                         1
* pt2_n_tasks_max                                                1
* PT2 Energy denominator                            -25.12651636245510    
* PT2 Energy denominator                            -25.02597197446518    
* Estimated memory/thread (Gb)                      0.8866190910339355E-05
* Number of active   MOs                                        31
 Active MOs:
           2           3           4           5           6           7
           8           9          10          11          12          13
          14          15          16          17          18          19
          20          21          22          23          24          25
          26          27          28          29          30          31
          32
* Number of virtual  MOs                                         0
* Number of inactive MOs                                         0
.. >>>>> [ IO READ: pert_2rdm ] <<<<< ..
 
.. >>>>> [ RES  MEM :       0.380810 GB ] [ VIRT MEM :       4.146805 GB ] <<<<< ..
.. >>>>> [ WALL TIME:       2.406028  s ] [ CPU  TIME:      52.059446  s ] <<<<< ..
 
.. >>>>> [ IO READ: excitation_beta_max ] <<<<< ..
 
.. >>>>> [ RES  MEM :       0.381409 GB ] [ VIRT MEM :       4.146805 GB ] <<<<< ..
.. >>>>> [ WALL TIME:       2.409399  s ] [ CPU  TIME:      52.124107  s ] <<<<< ..
 
.. >>>>> [ IO READ: excitation_alpha_max ] <<<<< ..
 
.. >>>>> [ RES  MEM :       0.381409 GB ] [ VIRT MEM :       4.146805 GB ] <<<<< ..
.. >>>>> [ WALL TIME:       2.410717  s ] [ CPU  TIME:      52.149358  s ] <<<<< ..
 
.. >>>>> [ IO READ: excitation_max ] <<<<< ..
 
.. >>>>> [ RES  MEM :       0.381409 GB ] [ VIRT MEM :       4.146805 GB ] <<<<< ..
.. >>>>> [ WALL TIME:       2.414341  s ] [ CPU  TIME:      52.220526  s ] <<<<< ..
 
.. >>>>> [ IO READ: seniority_max ] <<<<< ..
 
.. >>>>> [ RES  MEM :       0.381409 GB ] [ VIRT MEM :       4.146805 GB ] <<<<< ..
.. >>>>> [ WALL TIME:       2.423314  s ] [ CPU  TIME:      52.404246  s ] <<<<< ..
 
 Overlap of perturbed states:
  0.135400247485776      -5.592213434121800E-008
 -5.592213434121800E-008  0.105909177570385     
 -------
 Using 1/c_max^2 weight in selection
 # Total weight    1.000000       2.000915    
* Correlation ratio                                 0.1278637523410013E-02
 
Summary at N_det =           85
-----------------------------------
 
# ============ ============================= =============================
                     State      1                  State      2
# ============ ============================= =============================
# E             -25.12651636                  -25.02597197
# Excit. (au)     0.00000000                    0.10054439
# Excit. (eV)     0.00000000                    2.73595322
# PT2            -0.11291215     0.00000000    -0.10639523     0.00000000
# rPT2           -0.09944700     0.00000000    -0.09620611     0.00000000
#
# E+PT2         -25.23942851     0.00000000   -25.13236720     0.00000000
# E+rPT2        -25.22596336     0.00000000   -25.12217809     0.00000000
# Excit. (au)     0.00000000     0.00000000     0.10706131     0.00000000
# Excit. (eV)     0.00000000     0.00000000     2.91328779     0.00000000
# ============ ============================= =============================
 
 N_det             =           85
 N_states          =            2
 N_cfg             =           43
 
 * State            1
 < S^2 >         =   2.785911590594578E-028
 E               =   -25.1265163624551     
 Variance        =   0.142071957787259       +/-   0.000000000000000E+000
 PT norm         =   0.367967726146975       +/-   0.000000000000000E+000
 PT2             =  -0.112912147851368       +/-   0.000000000000000E+000
 rPT2            =  -9.944699950647400E-002  +/-   0.000000000000000E+000
 E+PT2           =   -25.2394285103065       +/-   0.000000000000000E+000
 E+rPT2          =   -25.2259633619616       +/-   0.000000000000000E+000
 
 * State            2
 < S^2 >         =   7.522577592187580E-027
 E               =   -25.0259719744652     
 Variance        =   0.129191873124296       +/-   0.000000000000000E+000
 PT norm         =   0.325436902594627       +/-   0.000000000000000E+000
 PT2             =  -0.106395225177893       +/-   0.000000000000000E+000
 rPT2            =  -9.620611469346592E-002  +/-   0.000000000000000E+000
 E+PT2           =   -25.1323671996431       +/-   0.000000000000000E+000
 E+rPT2          =   -25.1221780891586       +/-   0.000000000000000E+000
 
 -----
 Variational Energy difference (au | eV)
 Delta E =   0.100544387989924        2.73595322165138     
 -----
 Variational + perturbative Energy difference (au | eV)
 Delta E =   0.107061310663399        2.91328778940005     
 -----
 Variational + renormalized perturbative Energy difference (au | eV)
 Delta E =   0.103785272802931        2.82414222376690     
.. >>>>> [ IO READ: io_mo_integrals_pseudo ] <<<<< ..
 
.. >>>>> [ RES  MEM :       0.384045 GB ] [ VIRT MEM :       4.146805 GB ] <<<<< ..
.. >>>>> [ WALL TIME:       2.471721  s ] [ CPU  TIME:      53.233477  s ] <<<<< ..
 
 Energy components
 =================
 
 Vnn  : Nucleus-Nucleus   potential energy
 Ven  : Electron-Nucleus  potential energy
 Vee  : Electron-Electron potential energy
 Vecp : Potential energy of the pseudo-potentials
 T    : Electronic kinetic energy
 
 State            1
 ---------
 
 Vnn  =    2.16366205555127     
 Ven  =   -62.2822535511581     
 Vee  =    9.89958779144628     
 Vecp =   0.000000000000000E+000
 T    =    25.0924873417055     
 
 State            2
 ---------
 
 Vnn  =    2.16366205555127     
 Ven  =   -62.0688374972646     
 Vee  =    9.87131193602451     
 Vecp =   0.000000000000000E+000
 T    =    25.0078915312236     
 
 
.. >>>>> [ IO READ: n_det_iterations ] <<<<< ..
 
.. >>>>> [ RES  MEM :       0.384197 GB ] [ VIRT MEM :       4.146805 GB ] <<<<< ..
.. >>>>> [ WALL TIME:       2.740987  s ] [ CPU  TIME:      59.481994  s ] <<<<< ..
 
.. >>>>> [ IO READ: pt2_iterations ] <<<<< ..
 
.. >>>>> [ RES  MEM :       0.384197 GB ] [ VIRT MEM :       4.146805 GB ] <<<<< ..
.. >>>>> [ WALL TIME:       2.775122  s ] [ CPU  TIME:      60.257626  s ] <<<<< ..
 
.. >>>>> [ IO READ: energy_iterations ] <<<<< ..
 
.. >>>>> [ RES  MEM :       0.384197 GB ] [ VIRT MEM :       4.146805 GB ] <<<<< ..
.. >>>>> [ WALL TIME:       2.832460  s ] [ CPU  TIME:      61.517861  s ] <<<<< ..
 
.. >>>>> [ IO READ: pruning ] <<<<< ..
 
.. >>>>> [ RES  MEM :       0.384197 GB ] [ VIRT MEM :       4.146805 GB ] <<<<< ..
.. >>>>> [ WALL TIME:       3.034146  s ] [ CPU  TIME:      66.144479  s ] <<<<< ..
 
 Diagonalization of H using Lapack
 
.. >>>>> [ RES  MEM :       0.659897 GB ] [ VIRT MEM :       4.450993 GB ] <<<<< ..
.. >>>>> [ WALL TIME:       3.079403  s ] [ CPU  TIME:      67.146233  s ] <<<<< ..
 
* Energy of state    1                              -25.18850016838088    
* S^2 of state    1                                 0.1506755161217041E-18
* Energy of state    2                              -25.09053574220344    
* S^2 of state    2                                -0.2385702754048720E-17
* Saved determinants                                           206
--------------------------------------------------------------------------------
 
.. >>>>> [ RES  MEM :       0.660038 GB ] [ VIRT MEM :       4.450993 GB ] <<<<< ..
.. >>>>> [ WALL TIME:       3.577783  s ] [ CPU  TIME:      78.211843  s ] <<<<< ..
 
* Number of generators                                         202
* Number of comb teeth                                           1
 Using 1/c_max^2 weight in selection
 # Total weight    1.000000       1.981723    
* Number of unique beta determinants                            59
* Number of unique alpha determinants                           59
 
.. >>>>> [ RES  MEM :       0.660290 GB ] [ VIRT MEM :       4.450993 GB ] <<<<< ..
.. >>>>> [ WALL TIME:       3.578470  s ] [ CPU  TIME:      78.228260  s ] <<<<< ..
 
* Number of selectors                                          202
* pt2_n_tasks_max                                                1
* PT2 Energy denominator                            -25.18850016838088    
* PT2 Energy denominator                            -25.09053574220344    
* Estimated memory/thread (Gb)                      0.2148747444152832E-04
 Overlap of perturbed states:
  2.266574811497729E-002 -3.383817795153803E-010
 -3.383817795153803E-010  1.306537700145465E-002
 -------
 Using 1/c_max^2 weight in selection
 # Total weight    1.000000       1.981723    
* Correlation ratio                                 0.6356989961313521    
 
Summary at N_det =          206
-----------------------------------
 
# ============ ============================= =============================
                     State      1                  State      2
# ============ ============================= =============================
# E             -25.18850017                  -25.09053574
# Excit. (au)     0.00000000                    0.09796443
# Excit. (eV)     0.00000000                    2.66574886
# PT2            -0.03640089     0.00000000    -0.02199894     0.00000000
# rPT2           -0.03559412     0.00000000    -0.02171522     0.00000000
#
# E+PT2         -25.22490105     0.00000000   -25.11253468     0.00000000
# E+rPT2        -25.22409429     0.00000000   -25.11225096     0.00000000
# Excit. (au)     0.00000000     0.00000000     0.11236637     0.00000000
# Excit. (eV)     0.00000000     0.00000000     3.05764591     0.00000000
# ============ ============================= =============================
 
 N_det             =          206
 N_states          =            2
 N_cfg             =           92
 
 * State            1
 < S^2 >         =   1.506755161217041E-019
 E               =   -25.1885001683809     
 Variance        =   6.507700896712920E-002  +/-   0.000000000000000E+000
 PT norm         =   0.150551479949475       +/-   0.000000000000000E+000
 PT2             =  -3.640088571335898E-002  +/-   0.000000000000000E+000
 rPT2            =  -3.559411839152206E-002  +/-   0.000000000000000E+000
 E+PT2           =   -25.2249010540942       +/-   0.000000000000000E+000
 E+rPT2          =   -25.2240942867724       +/-   0.000000000000000E+000
 
 * State            2
 < S^2 >         =  -2.385702754048720E-018
 E               =   -25.0905357422034     
 Variance        =   4.022831237961526E-002  +/-   0.000000000000000E+000
 PT norm         =   0.114303880080488       +/-   0.000000000000000E+000
 PT2             =  -2.199894001378985E-002  +/-   0.000000000000000E+000
 rPT2            =  -2.171522244586419E-002  +/-   0.000000000000000E+000
 E+PT2           =   -25.1125346822172       +/-   0.000000000000000E+000
 E+rPT2          =   -25.1122509646493       +/-   0.000000000000000E+000
 
 -----
 Variational Energy difference (au | eV)
 Delta E =   9.796442617744816E-002   2.66574885745268     
 -----
 Variational + perturbative Energy difference (au | eV)
 Delta E =   0.112366371877017        3.05764591429024     
 -----
 Variational + renormalized perturbative Energy difference (au | eV)
 Delta E =   0.111843322123106        3.04341299997342     
 Energy components
 =================
 
 State            1
 ---------
 
 Vnn  =    2.16366205555127     
 Ven  =   -62.3738085474310     
 Vee  =    9.85717313965074     
 Vecp =   0.000000000000000E+000
 T    =    25.1644731838481     
 
 State            2
 ---------
 
 Vnn  =    2.16366205555127     
 Ven  =   -62.0988212421388     
 Vee  =    9.77707564052068     
 Vecp =   0.000000000000000E+000
 T    =    25.0675478038634     
 
 

Extrapolated energies
------------------------

 
 State            1
 
 =========== ===================
 minimum PT2 Extrapolated energy
 =========== ===================
    -0.0994        -25.22305239
 =========== ===================
 
 State            2
 
 =========== =================== =================== ===================
 minimum PT2 Extrapolated energy   Excitation (a.u)    Excitation (eV)  
 =========== =================== =================== ===================
    -0.0962        -25.10935706         0.11369533         3.09380880
 =========== =================== =================== ===================
 
 Diagonalization of H using Lapack
 
.. >>>>> [ RES  MEM :       0.755066 GB ] [ VIRT MEM :       4.557266 GB ] <<<<< ..
.. >>>>> [ WALL TIME:       4.074698  s ] [ CPU  TIME:      88.913552  s ] <<<<< ..
 
* Energy of state    1                              -25.21008068150395    
* S^2 of state    1                                -0.4765358100121798E-19
* Energy of state    2                              -25.10192776928504    
* S^2 of state    2                                 0.2844450088201589E-17
* Saved determinants                                           498
--------------------------------------------------------------------------------
 
.. >>>>> [ RES  MEM :       0.755066 GB ] [ VIRT MEM :       4.557266 GB ] <<<<< ..
.. >>>>> [ WALL TIME:       4.676070  s ] [ CPU  TIME:     101.603306  s ] <<<<< ..
 
* Number of generators                                         494
* Number of comb teeth                                           1
 Using 1/c_max^2 weight in selection
 # Total weight    1.000000       1.962343    
* Number of unique beta determinants                            90
* Number of unique alpha determinants                           90
 
.. >>>>> [ RES  MEM :       0.755066 GB ] [ VIRT MEM :       4.557266 GB ] <<<<< ..
.. >>>>> [ WALL TIME:       4.683477  s ] [ CPU  TIME:     101.773685  s ] <<<<< ..
 
* Number of selectors                                          494
* pt2_n_tasks_max                                                1
* PT2 Energy denominator                            -25.21008068150395    
* PT2 Energy denominator                            -25.10192776928504    
* Estimated memory/thread (Gb)                      0.5194544792175293E-04
 Overlap of perturbed states:
  4.233144455662911E-003  7.773524035101685E-009
  7.773524035101685E-009  4.776007099260007E-003
 -------
 Using 1/c_max^2 weight in selection
 # Total weight    1.000000       1.962343    
* Correlation ratio                                 0.9036961480616721    
 
Summary at N_det =          498
-----------------------------------
 
# ============ ============================= =============================
                     State      1                  State      2
# ============ ============================= =============================
# E             -25.21008068                  -25.10192777
# Excit. (au)     0.00000000                    0.10815291
# Excit. (eV)     0.00000000                    2.94299179
# PT2            -0.00895649     0.00000000    -0.00843714     0.00000000
# rPT2           -0.00891874     0.00000000    -0.00839704     0.00000000
#
# E+PT2         -25.21903717     0.00000000   -25.11036491     0.00000000
# E+rPT2        -25.21899942     0.00000000   -25.11032481     0.00000000
# Excit. (au)     0.00000000     0.00000000     0.10867226     0.00000000
# Excit. (eV)     0.00000000     0.00000000     2.95712401     0.00000000
# ============ ============================= =============================
 
 N_det             =          498
 N_states          =            2
 N_cfg             =          179
 
 * State            1
 < S^2 >         =  -4.765358100121798E-020
 E               =   -25.2100806815039     
 Variance        =   1.992440652615278E-002  +/-   0.000000000000000E+000
 PT norm         =   6.506261949585884E-002  +/-   0.000000000000000E+000
 PT2             =  -8.956490069722822E-003  +/-   0.000000000000000E+000
 rPT2            =  -8.918735772834526E-003  +/-   0.000000000000000E+000
 E+PT2           =   -25.2190371715737       +/-   0.000000000000000E+000
 E+rPT2          =   -25.2189994172768       +/-   0.000000000000000E+000
 
 * State            2
 < S^2 >         =   2.844450088201589E-018
 E               =   -25.1019277692850     
 Variance        =   1.673009165886383E-002  +/-   0.000000000000000E+000
 PT norm         =   6.910866153572942E-002  +/-   0.000000000000000E+000
 PT2             =  -8.437140919603486E-003  +/-   0.000000000000000E+000
 rPT2            =  -8.397036613126449E-003  +/-   0.000000000000000E+000
 E+PT2           =   -25.1103649102046       +/-   0.000000000000000E+000
 E+rPT2          =   -25.1103248058982       +/-   0.000000000000000E+000
 
 -----
 Variational Energy difference (au | eV)
 Delta E =   0.108152912218905        2.94299179230120     
 -----
 Variational + perturbative Energy difference (au | eV)
 Delta E =   0.108672261369023        2.95712400802038     
 -----
 Variational + renormalized perturbative Energy difference (au | eV)
 Delta E =   0.108674611378613        2.95718795506344     
 Energy components
 =================
 
 State            1
 ---------
 
 Vnn  =    2.16366205555127     
 Ven  =   -62.3541112930081     
 Vee  =    9.80809216497070     
 Vecp =   0.000000000000000E+000
 T    =    25.1722763909822     
 
 State            2
 ---------
 
 Vnn  =    2.16366205555127     
 Ven  =   -62.1128202467611     
 Vee  =    9.76481635809199     
 Vecp =   0.000000000000000E+000
 T    =    25.0824140638328     
 
 

Extrapolated energies
------------------------

 
 State            1
 
 =========== ===================
 minimum PT2 Extrapolated energy
 =========== ===================
    -0.0356        -25.21729598
    -0.0994        -25.21974571
 =========== ===================
 
 State            2
 
 =========== =================== =================== ===================
 minimum PT2 Extrapolated energy   Excitation (a.u)    Excitation (eV)  
 =========== =================== =================== ===================
    -0.0217        -25.10911037         0.10818561         2.94388147
    -0.0962        -25.10925868         0.11048703         3.00650632
 =========== =================== =================== ===================
 
* Number of unique alpha determinants                          146
* Number of unique beta determinants                           146
.. >>>>> [ IO READ: davidson_sze_max ] <<<<< ..
 
.. >>>>> [ RES  MEM :       0.755466 GB ] [ VIRT MEM :       4.557270 GB ] <<<<< ..
.. >>>>> [ WALL TIME:       5.173837  s ] [ CPU  TIME:     111.962633  s ] <<<<< ..
 
.. >>>>> [ IO READ: state_following ] <<<<< ..
 
.. >>>>> [ RES  MEM :       0.755466 GB ] [ VIRT MEM :       4.557270 GB ] <<<<< ..
.. >>>>> [ WALL TIME:       5.178067  s ] [ CPU  TIME:     112.060165  s ] <<<<< ..
 
.. >>>>> [ IO READ: disk_based_davidson ] <<<<< ..
 
.. >>>>> [ RES  MEM :       0.755466 GB ] [ VIRT MEM :       4.557270 GB ] <<<<< ..
.. >>>>> [ WALL TIME:       5.180793  s ] [ CPU  TIME:     112.123184  s ] <<<<< ..
 
.. >>>>> [ IO READ: threshold_davidson_from_pt2 ] <<<<< ..
 
.. >>>>> [ RES  MEM :       0.755466 GB ] [ VIRT MEM :       4.557270 GB ] <<<<< ..
.. >>>>> [ WALL TIME:       5.182975  s ] [ CPU  TIME:     112.173711  s ] <<<<< ..
 
 
.. >>>>> [ RES  MEM :       0.755466 GB ] [ VIRT MEM :       4.557270 GB ] <<<<< ..
.. >>>>> [ WALL TIME:       5.183217  s ] [ CPU  TIME:     112.179494  s ] <<<<< ..
 

Davidson Diagonalization
------------------------

* Number of states                                               2
* Number of states in diagonalization                            8
* Number of determinants                                      1204
* Number of threads for diagonalization                         24
* Memory(Gb)                                        0.4043024033308029E-02

===== ================ =========== =========== ================ =========== =========== 
Iter       Energy          S^2       Residual       Energy          S^2       Residual  
===== ================ =========== =========== ================ =========== =========== 
   0    -25.2100806815    0.000000   0.261E-02   -25.1019277693   -0.000000   0.341E-02
   1    -25.2148389725    0.000000   0.136E-03   -25.1069395143    0.000007   0.172E-03
   2    -25.2150360120    0.000000   0.103E-04   -25.1071553069    0.000001   0.154E-04
   3    -25.2150511595    0.000000   0.109E-05   -25.1071713304    0.000000   0.211E-05
   4    -25.2150528720    0.000000   0.129E-06   -25.1071730494    0.000000   0.281E-06
   5    -25.2150530725    0.000000   0.155E-07   -25.1071733073    0.000000   0.371E-07
   6    -25.2150530965    0.000000   0.266E-08   -25.1071733468    0.000000   0.436E-08
   7    -25.2150530998    0.000000   0.297E-09   -25.1071733517    0.000000   0.504E-09
   8    -25.2150531002    0.000000   0.276E-10   -25.1071733522    0.000000   0.662E-10
====== ================ =========== =========== ================ =========== ===========

 
.. >>>>> [ RES  MEM :       0.757950 GB ] [ VIRT MEM :       4.557270 GB ] <<<<< ..
.. >>>>> [ WALL TIME:       5.281729  s ] [ CPU  TIME:     114.490954  s ] <<<<< ..
 
 
.. >>>>> [ RES  MEM :       0.757950 GB ] [ VIRT MEM :       4.557270 GB ] <<<<< ..
.. >>>>> [ WALL TIME:       5.281992  s ] [ CPU  TIME:     114.497223  s ] <<<<< ..
 
* Energy of state    1                              -25.21505310017231    
* S^2 of state    1                                 0.1010779152567011E-10
* Energy of state    2                              -25.10717335222350    
* S^2 of state    2                                 0.1953866103070956E-09
* Saved determinants                                          1204
--------------------------------------------------------------------------------
 
.. >>>>> [ RES  MEM :       0.757980 GB ] [ VIRT MEM :       4.557270 GB ] <<<<< ..
.. >>>>> [ WALL TIME:       6.189614  s ] [ CPU  TIME:     133.291574  s ] <<<<< ..
 
* Number of generators                                        1200
* Number of comb teeth                                          29
 Using 1/c_max^2 weight in selection
 # Total weight    1.000000       1.957109    
 
.. >>>>> [ RES  MEM :       0.757980 GB ] [ VIRT MEM :       4.557270 GB ] <<<<< ..
.. >>>>> [ WALL TIME:       6.206743  s ] [ CPU  TIME:     133.685549  s ] <<<<< ..
 
* Number of selectors                                         1200
* pt2_n_tasks_max                                                1
* PT2 Energy denominator                            -25.21505310017231    
* PT2 Energy denominator                            -25.10717335222350    
 
.. >>>>> [ RES  MEM :       0.757980 GB ] [ VIRT MEM :       4.557270 GB ] <<<<< ..
.. >>>>> [ WALL TIME:       6.210118  s ] [ CPU  TIME:     133.763173  s ] <<<<< ..
 
* Number of generators                                         498
* Number of comb teeth                                           1
 
.. >>>>> [ RES  MEM :       0.757980 GB ] [ VIRT MEM :       4.557270 GB ] <<<<< ..
.. >>>>> [ WALL TIME:       6.210383  s ] [ CPU  TIME:     133.769272  s ] <<<<< ..
 
* Number of selectors                                          498
* pt2_n_tasks_max                                                1
* Number of tasks                                              498
* Number of fragmented tasks                                     0
* Number of threads for PT2                                     24
* Memory (Gb)                                       0.3156775459647179E-02
========== ======================= ===================== ===================== ===========
 Samples          Energy                Variance               Norm^2          Seconds
========== ======================= ===================== ===================== ===========
       493   -25.218275   0.00       0.007669   0.00       0.001445   0.00         0.1621
========== ======================= ===================== ===================== ===========
 
.. >>>>> [ RES  MEM :       0.754787 GB ] [ VIRT MEM :       4.553555 GB ] <<<<< ..
.. >>>>> [ WALL TIME:       6.448458  s ] [ CPU  TIME:     136.720417  s ] <<<<< ..
 
* Number of generators                                         702
* Number of comb teeth                                           1
 
.. >>>>> [ RES  MEM :       0.754787 GB ] [ VIRT MEM :       4.553555 GB ] <<<<< ..
.. >>>>> [ WALL TIME:       6.448700  s ] [ CPU  TIME:     136.725734  s ] <<<<< ..
 
* Number of selectors                                          702
* pt2_n_tasks_max                                                1
* Number of tasks                                              702
* Number of fragmented tasks                                     0
* Number of threads for PT2                                     24
* Memory (Gb)                                       0.3172939792275429E-02
========== ======================= ===================== ===================== ===========
 Samples          Energy                Variance               Norm^2          Seconds
========== ======================= ===================== ===================== ===========
       695   -25.109854   0.00       0.006306   0.00       0.001217   0.00         0.2135
========== ======================= ===================== ===================== ===========
 Overlap of perturbed states:
  1.445020186911148E-003 -1.971563485909071E-010
 -1.971563485909071E-010  1.217496450397009E-003
 -------
 
.. >>>>> [ RES  MEM :       0.754890 GB ] [ VIRT MEM :       4.553555 GB ] <<<<< ..
.. >>>>> [ WALL TIME:       6.698140  s ] [ CPU  TIME:     139.001300  s ] <<<<< ..
 
* Number of generators                                        1200
* Number of comb teeth                                          29
 Using 1/c_max^2 weight in selection
 # Total weight    1.000000       1.957109    
 
.. >>>>> [ RES  MEM :       0.754890 GB ] [ VIRT MEM :       4.553555 GB ] <<<<< ..
.. >>>>> [ WALL TIME:       6.714643  s ] [ CPU  TIME:     139.331389  s ] <<<<< ..
 
* Number of selectors                                         1200
* pt2_n_tasks_max                                                1
 Using 1/c_max^2 weight in selection
 # Total weight    1.000000       1.957109    
* Correlation ratio                                 0.9649802461759248    
 
Summary at N_det =         1204
-----------------------------------
 
# ============ ============================= =============================
                     State      1                  State      2
# ============ ============================= =============================
# E             -25.21505310                  -25.10717335
# Excit. (au)     0.00000000                    0.10787975
# Excit. (eV)     0.00000000                    2.93555861
# PT2            -0.00322233     0.00000000    -0.00268048     0.00000000
# rPT2           -0.00321768     0.00000000    -0.00267722     0.00000000
#
# E+PT2         -25.21827543     0.00000000   -25.10985383     0.00000000
# E+rPT2        -25.21827078     0.00000000   -25.10985057     0.00000000
# Excit. (au)     0.00000000     0.00000000     0.10842160     0.00000000
# Excit. (eV)     0.00000000     0.00000000     2.95030311     0.00000000
# ============ ============================= =============================
 
 N_det             =         1204
 N_states          =            2
 N_cfg             =          397
 
 * State            1
 < S^2 >         =   1.010779152567011E-011
 E               =   -25.2150531001723     
 Variance        =   7.668962345983823E-003  +/-   0.000000000000000E+000
 PT norm         =   3.801342114189602E-002  +/-   0.000000000000000E+000
 PT2             =  -3.222325271379223E-003  +/-   0.000000000000000E+000
 rPT2            =  -3.217675665088237E-003  +/-   0.000000000000000E+000
 E+PT2           =   -25.2182754254437       +/-   0.000000000000000E+000
 E+rPT2          =   -25.2182707758374       +/-   0.000000000000000E+000
 
 * State            2
 < S^2 >         =   1.953866103070956E-010
 E               =   -25.1071733522235     
 Variance        =   6.305910430960898E-003  +/-   0.000000000000000E+000
 PT norm         =   3.489264178013766E-002  +/-   0.000000000000000E+000
 PT2             =  -2.680475034423840E-003  +/-   0.000000000000000E+000
 rPT2            =  -2.677215534014230E-003  +/-   0.000000000000000E+000
 E+PT2           =   -25.1098538272579       +/-   0.000000000000000E+000
 E+rPT2          =   -25.1098505677575       +/-   0.000000000000000E+000
 
 -----
 Variational Energy difference (au | eV)
 Delta E =   0.107879747948804        2.93555861099923     
 -----
 Variational + perturbative Energy difference (au | eV)
 Delta E =   0.108421598185761        2.95030311271725     
 -----
 Variational + renormalized perturbative Energy difference (au | eV)
 Delta E =   0.108420208079877        2.95026528599469     
 Energy components
 =================
 
 State            1
 ---------
 
 Vnn  =    2.16366205555127     
 Ven  =   -62.3551708319584     
 Vee  =    9.79844237178230     
 Vecp =   0.000000000000000E+000
 T    =    25.1780133044525     
 
 State            2
 ---------
 
 Vnn  =    2.16366205555127     
 Ven  =   -62.1004453230286     
 Vee  =    9.75044672312397     
 Vecp =   0.000000000000000E+000
 T    =    25.0791631921298     
 
 

Extrapolated energies
------------------------

 
 State            1
 
 =========== ===================
 minimum PT2 Extrapolated energy
 =========== ===================
    -0.0089        -25.21785953
    -0.0356        -25.21753782
    -0.0994        -25.21896312
 =========== ===================
 
 State            2
 
 =========== =================== =================== ===================
 minimum PT2 Extrapolated energy   Excitation (a.u)    Excitation (eV)  
 =========== =================== =================== ===================
    -0.0084        -25.10962860         0.10823093         2.94511489
    -0.0217        -25.10939488         0.10814294         2.94272054
    -0.0962        -25.10935590         0.10960722         2.98256544
 =========== =================== =================== ===================
 
* Number of unique alpha determinants                          228
* Number of unique beta determinants                           228
 
.. >>>>> [ RES  MEM :       0.754974 GB ] [ VIRT MEM :       4.553555 GB ] <<<<< ..
.. >>>>> [ WALL TIME:       7.446283  s ] [ CPU  TIME:     155.567891  s ] <<<<< ..
 

Davidson Diagonalization
------------------------

* Number of states                                               2
* Number of states in diagonalization                            8
* Number of determinants                                      2912
* Number of threads for diagonalization                         24
* Memory(Gb)                                        0.8894134312868118E-02

===== ================ =========== =========== ================ =========== =========== 
Iter       Energy          S^2       Residual       Energy          S^2       Residual  
===== ================ =========== =========== ================ =========== =========== 
   0    -25.2150531002    0.000000   0.960E-03   -25.1071733522    0.000000   0.858E-03
   1    -25.2168700234    0.000000   0.769E-04   -25.1088250107    0.000000   0.120E-03
   2    -25.2169693204    0.000000   0.611E-05   -25.1089244758    0.000000   0.123E-04
   3    -25.2169793848    0.000000   0.620E-06   -25.1089346369    0.000000   0.114E-05
   4    -25.2169802792    0.000000   0.829E-07   -25.1089359593    0.000000   0.187E-06
   5    -25.2169804031    0.000000   0.108E-07   -25.1089361701    0.000000   0.325E-07
   6    -25.2169804185    0.000000   0.126E-08   -25.1089362039    0.000000   0.337E-08
   7    -25.2169804204    0.000000   0.137E-09   -25.1089362085    0.000000   0.452E-09
   8    -25.2169804206    0.000000   0.193E-10   -25.1089362091    0.000000   0.770E-10
====== ================ =========== =========== ================ =========== ===========

 
.. >>>>> [ RES  MEM :       0.751945 GB ] [ VIRT MEM :       4.569626 GB ] <<<<< ..
.. >>>>> [ WALL TIME:       7.607648  s ] [ CPU  TIME:     159.412550  s ] <<<<< ..
 
 
.. >>>>> [ RES  MEM :       0.750328 GB ] [ VIRT MEM :       4.564316 GB ] <<<<< ..
.. >>>>> [ WALL TIME:       7.608101  s ] [ CPU  TIME:     159.423421  s ] <<<<< ..
 
* Energy of state    1                              -25.21698042058589    
* S^2 of state    1                                 0.5629477115063951E-10
* Energy of state    2                              -25.10893620905104    
* S^2 of state    2                                 0.7471902825585607E-10
* Saved determinants                                          2912
--------------------------------------------------------------------------------
 
.. >>>>> [ RES  MEM :       0.750328 GB ] [ VIRT MEM :       4.564316 GB ] <<<<< ..
.. >>>>> [ WALL TIME:       8.507391  s ] [ CPU  TIME:     177.524602  s ] <<<<< ..
 
* Number of generators                                        2901
* Number of comb teeth                                          31
 Using 1/c_max^2 weight in selection
 # Total weight    1.000000       1.956256    
 
.. >>>>> [ RES  MEM :       0.750328 GB ] [ VIRT MEM :       4.564316 GB ] <<<<< ..
.. >>>>> [ WALL TIME:       8.520827  s ] [ CPU  TIME:     177.836359  s ] <<<<< ..
 
* Number of selectors                                         2901
* pt2_n_tasks_max                                                1
* PT2 Energy denominator                            -25.21698042058589    
* PT2 Energy denominator                            -25.10893620905104    
 
.. >>>>> [ RES  MEM :       0.750328 GB ] [ VIRT MEM :       4.564316 GB ] <<<<< ..
.. >>>>> [ WALL TIME:       8.524422  s ] [ CPU  TIME:     177.922350  s ] <<<<< ..
 
* Number of generators                                        1124
* Number of comb teeth                                          11
 
.. >>>>> [ RES  MEM :       0.750328 GB ] [ VIRT MEM :       4.564316 GB ] <<<<< ..
.. >>>>> [ WALL TIME:       8.539168  s ] [ CPU  TIME:     178.270763  s ] <<<<< ..
 
* Number of selectors                                         1124
* pt2_n_tasks_max                                                1
* Number of tasks                                             1124
* Number of fragmented tasks                                     0
* Number of threads for PT2                                     24
* Memory (Gb)                                       0.7087653428316116E-02
========== ======================= ===================== ===================== ===========
 Samples          Energy                Variance               Norm^2          Seconds
========== ======================= ===================== ===================== ===========
       720   -25.218132   0.00       0.002985   0.00       0.000473   0.00         0.3066
========== ======================= ===================== ===================== ===========
 
.. >>>>> [ RES  MEM :       0.750343 GB ] [ VIRT MEM :       4.573257 GB ] <<<<< ..
.. >>>>> [ WALL TIME:       8.885258  s ] [ CPU  TIME:     182.768065  s ] <<<<< ..
 
* Number of generators                                        1778
* Number of comb teeth                                          13
 
.. >>>>> [ RES  MEM :       0.750343 GB ] [ VIRT MEM :       4.573257 GB ] <<<<< ..
.. >>>>> [ WALL TIME:       8.903886  s ] [ CPU  TIME:     183.140639  s ] <<<<< ..
 
* Number of selectors                                         1778
* pt2_n_tasks_max                                                1
* Number of tasks                                             1778
* Number of fragmented tasks                                     0
* Number of threads for PT2                                     24
* Memory (Gb)                                       0.7139533981680870E-02
========== ======================= ===================== ===================== ===========
 Samples          Energy                Variance               Norm^2          Seconds
========== ======================= ===================== ===================== ===========
      1187   -25.109769   0.00       0.002127   0.00       0.000348   0.00         0.4459
========== ======================= ===================== ===================== ===========
 Overlap of perturbed states:
  4.728693637148546E-004  2.128707914054627E-010
  2.128707914054627E-010  3.480255629067424E-004
 -------
 
.. >>>>> [ RES  MEM :       0.751362 GB ] [ VIRT MEM :       4.573257 GB ] <<<<< ..
.. >>>>> [ WALL TIME:       9.368778  s ] [ CPU  TIME:     188.180183  s ] <<<<< ..
 
* Number of generators                                        2901
* Number of comb teeth                                          31
 Using 1/c_max^2 weight in selection
 # Total weight    1.000000       1.956256    
 
.. >>>>> [ RES  MEM :       0.751362 GB ] [ VIRT MEM :       4.573257 GB ] <<<<< ..
.. >>>>> [ WALL TIME:       9.378597  s ] [ CPU  TIME:     188.362525  s ] <<<<< ..
 
* Number of selectors                                         2901
* pt2_n_tasks_max                                                1
 Using 1/c_max^2 weight in selection
 # Total weight    1.000000       1.956256    
* Correlation ratio                                 0.9874500607723552    
 
Summary at N_det =         2912
-----------------------------------
 
# ============ ============================= =============================
                     State      1                  State      2
# ============ ============================= =============================
# E             -25.21698042                  -25.10893621
# Excit. (au)     0.00000000                    0.10804421
# Excit. (eV)     0.00000000                    2.94003389
# PT2            -0.00115191     0.00000000    -0.00083325     0.00000000
# rPT2           -0.00115137     0.00000000    -0.00083296     0.00000000
#
# E+PT2         -25.21813233     0.00000000   -25.10976946     0.00000000
# E+rPT2        -25.21813179     0.00000000   -25.10976917     0.00000000
# Excit. (au)     0.00000000     0.00000000     0.10836287     0.00000000
# Excit. (eV)     0.00000000     0.00000000     2.94870509     0.00000000
# ============ ============================= =============================
 
 N_det             =         2912
 N_states          =            2
 N_cfg             =          841
 
 * State            1
 < S^2 >         =   5.629477115063951E-011
 E               =   -25.2169804205859     
 Variance        =   2.985325441319174E-003  +/-   0.000000000000000E+000
 PT norm         =   2.174555963213765E-002  +/-   0.000000000000000E+000
 PT2             =  -1.151910300467962E-003  +/-   0.000000000000000E+000
 rPT2            =  -1.151365854828786E-003  +/-   0.000000000000000E+000
 E+PT2           =   -25.2181323308864       +/-   0.000000000000000E+000
 E+rPT2          =   -25.2181317864407       +/-   0.000000000000000E+000
 
 * State            2
 < S^2 >         =   7.471902825585607E-011
 E               =   -25.1089362090510     
 Variance        =   2.126678166033949E-003  +/-   0.000000000000000E+000
 PT norm         =   1.865544325141438E-002  +/-   0.000000000000000E+000
 PT2             =  -8.332499119859211E-004  +/-   0.000000000000000E+000
 rPT2            =  -8.329600206058710E-004  +/-   0.000000000000000E+000
 E+PT2           =   -25.1097694589630       +/-   0.000000000000000E+000
 E+rPT2          =   -25.1097691690717       +/-   0.000000000000000E+000
 
 -----
 Variational Energy difference (au | eV)
 Delta E =   0.108044211534846        2.94003389487208     
 -----
 Variational + perturbative Energy difference (au | eV)
 Delta E =   0.108362871923328        2.94870508909694     
 -----
 Variational + renormalized perturbative Energy difference (au | eV)
 Delta E =   0.108362617369068        2.94869816231999     
 Energy components
 =================
 
 State            1
 ---------
 
 Vnn  =    2.16366205555127     
 Ven  =   -62.3513277779040     
 Vee  =    9.79165391610449     
 Vecp =   0.000000000000000E+000
 T    =    25.1790313856624     
 
 State            2
 ---------
 
 Vnn  =    2.16366205555127     
 Ven  =   -62.0971358594476     
 Vee  =    9.74366431870512     
 Vecp =   0.000000000000000E+000
 T    =    25.0808732761401     
 
 

Extrapolated energies
------------------------

 
 State            1
 
 =========== ===================
 minimum PT2 Extrapolated energy
 =========== ===================
    -0.0032        -25.21805434
    -0.0089        -25.21795735
    -0.0356        -25.21770161
    -0.0994        -25.21866511
 =========== ===================
 
 State            2
 
 =========== =================== =================== ===================
 minimum PT2 Extrapolated energy   Excitation (a.u)    Excitation (eV)  
 =========== =================== =================== ===================
    -0.0027        -25.10973241         0.10832194         2.94759114
    -0.0084        -25.10968104         0.10827630         2.94634938
    -0.0217        -25.10952498         0.10817663         2.94363721
    -0.0962        -25.10944703         0.10921808         2.97197654
 =========== =================== =================== ===================
 
* Number of unique alpha determinants                          332
* Number of unique beta determinants                           332
 
.. >>>>> [ RES  MEM :       0.749878 GB ] [ VIRT MEM :       4.571400 GB ] <<<<< ..
.. >>>>> [ WALL TIME:       9.598753  s ] [ CPU  TIME:     193.174396  s ] <<<<< ..
 

Davidson Diagonalization
------------------------

* Number of states                                               2
* Number of states in diagonalization                            8
* Number of determinants                                      7034
* Number of threads for diagonalization                         24
* Memory(Gb)                                        0.2052565291523933E-01

===== ================ =========== =========== ================ =========== =========== 
Iter       Energy          S^2       Residual       Energy          S^2       Residual  
===== ================ =========== =========== ================ =========== =========== 
   0    -25.2169804206    0.000000   0.372E-03   -25.1089362091    0.000000   0.280E-03
   1    -25.2177836252    0.000000   0.343E-04   -25.1095481954    0.000000   0.214E-04
   2    -25.2178284379    0.000000   0.303E-05   -25.1095857218    0.000000   0.315E-05
   3    -25.2178331125    0.000000   0.549E-06   -25.1095906724    0.000000   0.532E-06
   4    -25.2178338523    0.000000   0.994E-07   -25.1095913917    0.000000   0.108E-06
   5    -25.2178340096    0.000000   0.195E-07   -25.1095915256    0.000000   0.236E-07
   6    -25.2178340390    0.000000   0.281E-08   -25.1095915570    0.000000   0.760E-08
   7    -25.2178340433    0.000000   0.367E-09   -25.1095915666    0.000000   0.204E-08
   8    -25.2178340439    0.000000   0.564E-10   -25.1095915695    0.000000   0.469E-09
   9    -25.2178340440    0.000000   0.869E-11   -25.1095915703    0.000000   0.994E-10
====== ================ =========== =========== ================ =========== ===========

 
.. >>>>> [ RES  MEM :       0.772717 GB ] [ VIRT MEM :       4.648556 GB ] <<<<< ..
.. >>>>> [ WALL TIME:      10.112532  s ] [ CPU  TIME:     205.489693  s ] <<<<< ..
 
 
.. >>>>> [ RES  MEM :       0.766705 GB ] [ VIRT MEM :       4.641838 GB ] <<<<< ..
.. >>>>> [ WALL TIME:      10.112865  s ] [ CPU  TIME:     205.497665  s ] <<<<< ..
 
* Energy of state    1                              -25.21783404398026    
* S^2 of state    1                                 0.5042500029159811E-11
* Energy of state    2                              -25.10959157025997    
* S^2 of state    2                                 0.3630091830165994E-10
* Saved determinants                                          7034
--------------------------------------------------------------------------------
 
.. >>>>> [ RES  MEM :       0.766716 GB ] [ VIRT MEM :       4.641838 GB ] <<<<< ..
.. >>>>> [ WALL TIME:      10.627769  s ] [ CPU  TIME:     217.094320  s ] <<<<< ..
 
* Number of generators                                        6985
* Number of comb teeth                                          32
 Using 1/c_max^2 weight in selection
 # Total weight    1.000000       1.954012    
 
.. >>>>> [ RES  MEM :       0.766716 GB ] [ VIRT MEM :       4.641838 GB ] <<<<< ..
.. >>>>> [ WALL TIME:      10.643420  s ] [ CPU  TIME:     217.465837  s ] <<<<< ..
 
* Number of selectors                                         6985
* pt2_n_tasks_max                                                1
* PT2 Energy denominator                            -25.21783404398026    
* PT2 Energy denominator                            -25.10959157025997    
 
.. >>>>> [ RES  MEM :       0.766964 GB ] [ VIRT MEM :       4.641838 GB ] <<<<< ..
.. >>>>> [ WALL TIME:      10.648340  s ] [ CPU  TIME:     217.583636  s ] <<<<< ..
 
* Number of generators                                        2890
* Number of comb teeth                                          11
 
.. >>>>> [ RES  MEM :       0.766964 GB ] [ VIRT MEM :       4.641838 GB ] <<<<< ..
.. >>>>> [ WALL TIME:      10.663194  s ] [ CPU  TIME:     217.935010  s ] <<<<< ..
 
* Number of selectors                                         2890
* pt2_n_tasks_max                                                1
* Number of tasks                                             2890
* Number of fragmented tasks                                     0
* Number of threads for PT2                                     24
* Memory (Gb)                                       0.1659359149634838E-01
========== ======================= ===================== ===================== ===========
 Samples          Energy                Variance               Norm^2          Seconds
========== ======================= ===================== ===================== ===========
      2272   -25.218105   0.00       0.000779   0.00       0.000100   0.00         0.6709
========== ======================= ===================== ===================== ===========
 
.. >>>>> [ RES  MEM :       0.743999 GB ] [ VIRT MEM :       4.626827 GB ] <<<<< ..
.. >>>>> [ WALL TIME:      11.390153  s ] [ CPU  TIME:     224.868090  s ] <<<<< ..
 
* Number of generators                                        4099
* Number of comb teeth                                          13
 
.. >>>>> [ RES  MEM :       0.743999 GB ] [ VIRT MEM :       4.626827 GB ] <<<<< ..
.. >>>>> [ WALL TIME:      11.410864  s ] [ CPU  TIME:     225.302988  s ] <<<<< ..
 
* Number of selectors                                         4099
* pt2_n_tasks_max                                                1
* Number of tasks                                             4099
* Number of fragmented tasks                                     0
* Number of threads for PT2                                     24
* Memory (Gb)                                       0.1668944854289293E-01
========== ======================= ===================== ===================== ===========
 Samples          Energy                Variance               Norm^2          Seconds
========== ======================= ===================== ===================== ===========
      3056   -25.109782  0.683E-08   0.000546  0.289E-07   0.000071  0.164E-08     1.0001
========== ======================= ===================== ===================== ===========
 Overlap of perturbed states:
  9.985369981144635E-005 -1.264638590932310E-010
 -1.264638590932310E-010  7.059923692183459E-005
 -------
 
.. >>>>> [ RES  MEM :       0.744965 GB ] [ VIRT MEM :       4.626896 GB ] <<<<< ..
.. >>>>> [ WALL TIME:      12.454999  s ] [ CPU  TIME:     235.630369  s ] <<<<< ..
 
* Number of generators                                        6985
* Number of comb teeth                                          32
 Using 1/c_max^2 weight in selection
 # Total weight    1.000000       1.954012    
 
.. >>>>> [ RES  MEM :       0.744965 GB ] [ VIRT MEM :       4.626896 GB ] <<<<< ..
.. >>>>> [ WALL TIME:      12.468518  s ] [ CPU  TIME:     235.910010  s ] <<<<< ..
 
* Number of selectors                                         6985
* pt2_n_tasks_max                                                1
 Using 1/c_max^2 weight in selection
 # Total weight    1.000000       1.954012    
* Correlation ratio                                 0.9970457450242670    
 
Summary at N_det =         7034
-----------------------------------
 
# ============ ============================= =============================
                     State      1                  State      2
# ============ ============================= =============================
# E             -25.21783404                  -25.10959157
# Excit. (au)     0.00000000                    0.10824247
# Excit. (eV)     0.00000000                    2.94542889
# PT2            -0.00027098     0.00000000    -0.00019062     0.00000001
# rPT2           -0.00027095     0.00000000    -0.00019061     0.00000001
#
# E+PT2         -25.21810502     0.00000000   -25.10978219     0.00000001
# E+rPT2        -25.21810500     0.00000000   -25.10978218     0.00000001
# Excit. (au)     0.00000000     0.00000000     0.10832283     0.00000001
# Excit. (eV)     0.00000000     0.00000000     2.94761550     0.00000018
# ============ ============================= =============================
 
 N_det             =         7034
 N_states          =            2
 N_cfg             =         1856
 
 * State            1
 < S^2 >         =   5.042500029159811E-012
 E               =   -25.2178340439803     
 Variance        =   7.794985890883359E-004  +/-   0.000000000000000E+000
 PT norm         =   9.992682313145273E-003  +/-   0.000000000000000E+000
 PT2             =  -2.709793669729565E-004  +/-   0.000000000000000E+000
 rPT2            =  -2.709523113821926E-004  +/-   0.000000000000000E+000
 E+PT2           =   -25.2181050233472       +/-   0.000000000000000E+000
 E+rPT2          =   -25.2181049962916       +/-   0.000000000000000E+000
 
 * State            2
 < S^2 >         =   3.630091830165994E-011
 E               =   -25.1095915702600     
 Variance        =   5.457138066333135E-004  +/-   2.875483585422390E-008
 PT norm         =   8.402335206466984E-003  +/-   9.692874874088139E-008
 PT2             =  -1.906228273207881E-004  +/-   6.792259489240352E-009
 rPT2            =  -1.906093704446846E-004  +/-   6.791779994755381E-009
 E+PT2           =   -25.1097821930873       +/-   6.792259489240352E-009
 E+rPT2          =   -25.1097821796304       +/-   6.791779994755381E-009
 
 -----
 Variational Energy difference (au | eV)
 Delta E =   0.108242473720296        2.94542888583932     
 -----
 Variational + perturbative Energy difference (au | eV)
 Delta E =   0.108322830259949        2.94761549951254     
 -----
 Variational + renormalized perturbative Energy difference (au | eV)
 Delta E =   0.108322816661233        2.94761512947250     
 Energy components
 =================
 
 State            1
 ---------
 
 Vnn  =    2.16366205555127     
 Ven  =   -62.3477468878199     
 Vee  =    9.78746823116058     
 Vecp =   0.000000000000000E+000
 T    =    25.1787825571277     
 
 State            2
 ---------
 
 Vnn  =    2.16366205555127     
 Ven  =   -62.0941373297452     
 Vee  =    9.74027432024301     
 Vecp =   0.000000000000000E+000
 T    =    25.0806093836910     
 
 

Extrapolated energies
------------------------

 
 State            1
 
 =========== ===================
 minimum PT2 Extrapolated energy
 =========== ===================
    -0.0012        -25.21809675
    -0.0032        -25.21807913
    -0.0089        -25.21801361
    -0.0356        -25.21781081
    -0.0994        -25.21852138
 =========== ===================
 
 State            2
 
 =========== =================== =================== ===================
 minimum PT2 Extrapolated energy   Excitation (a.u)    Excitation (eV)  
 =========== =================== =================== ===================
    -0.0008        -25.10978604         0.10831071         2.94728572
    -0.0027        -25.10976216         0.10831697         2.94745609
    -0.0084        -25.10972049         0.10829312         2.94680710
    -0.0217        -25.10960414         0.10820666         2.94445439
    -0.0962        -25.10951934         0.10900204         2.96609783
 =========== =================== =================== ===================
 
* Number of unique alpha determinants                          415
* Number of unique beta determinants                           415
 
.. >>>>> [ RES  MEM :       0.747898 GB ] [ VIRT MEM :       4.626896 GB ] <<<<< ..
.. >>>>> [ WALL TIME:      12.752853  s ] [ CPU  TIME:     242.407620  s ] <<<<< ..
 

Davidson Diagonalization
------------------------

* Number of states                                               2
* Number of states in diagonalization                            8
* Number of determinants                                     16982
* Number of threads for diagonalization                         24
* Memory(Gb)                                        0.4846125841140747E-01

===== ================ =========== =========== ================ =========== =========== 
Iter       Energy          S^2       Residual       Energy          S^2       Residual  
===== ================ =========== =========== ================ =========== =========== 
   0    -25.2178340440    0.000000   0.860E-04   -25.1095915703    0.000000   0.621E-04
   1    -25.2180447657    0.000000   0.788E-05   -25.1097459270    0.000000   0.522E-05
   2    -25.2180584980    0.000000   0.912E-06   -25.1097564436    0.000000   0.686E-06
   3    -25.2180601129    0.000000   0.162E-06   -25.1097576566    0.000000   0.134E-06
   4    -25.2180603795    0.000000   0.341E-07   -25.1097578765    0.000000   0.273E-07
   5    -25.2180604306    0.000000   0.723E-08   -25.1097579183    0.000000   0.581E-08
   6    -25.2180604431    0.000000   0.146E-08   -25.1097579266    0.000000   0.156E-08
   7    -25.2180604458    0.000000   0.313E-09   -25.1097579286    0.000000   0.359E-09
   8    -25.2180604463    0.000000   0.566E-10   -25.1097579292    0.000000   0.831E-10
====== ================ =========== =========== ================ =========== ===========

 
.. >>>>> [ RES  MEM :       0.795368 GB ] [ VIRT MEM :       4.683685 GB ] <<<<< ..
.. >>>>> [ WALL TIME:      14.221587  s ] [ CPU  TIME:     277.642244  s ] <<<<< ..
 
 
.. >>>>> [ RES  MEM :       0.777462 GB ] [ VIRT MEM :       4.658775 GB ] <<<<< ..
.. >>>>> [ WALL TIME:      14.222010  s ] [ CPU  TIME:     277.652457  s ] <<<<< ..
 
* Energy of state    1                              -25.21806044631545    
* S^2 of state    1                                 0.6945940439320699E-11
* Energy of state    2                              -25.10975792916034    
* S^2 of state    2                                 0.1786960348731801E-10
* Saved determinants                                         16982
--------------------------------------------------------------------------------
 
.. >>>>> [ RES  MEM :       0.777462 GB ] [ VIRT MEM :       4.658775 GB ] <<<<< ..
.. >>>>> [ WALL TIME:      15.216141  s ] [ CPU  TIME:     298.983375  s ] <<<<< ..
 
* Number of generators                                       16839
* Number of comb teeth                                          32
 Using 1/c_max^2 weight in selection
 # Total weight    1.000000       1.953539    
 
.. >>>>> [ RES  MEM :       0.777462 GB ] [ VIRT MEM :       4.658775 GB ] <<<<< ..
.. >>>>> [ WALL TIME:      15.237104  s ] [ CPU  TIME:     299.482352  s ] <<<<< ..
 
* Number of selectors                                        16839
* pt2_n_tasks_max                                                2
* PT2 Energy denominator                            -25.21806044631545    
* PT2 Energy denominator                            -25.10975792916034    
 
.. >>>>> [ RES  MEM :       0.777710 GB ] [ VIRT MEM :       4.658775 GB ] <<<<< ..
.. >>>>> [ WALL TIME:      15.244761  s ] [ CPU  TIME:     299.665852  s ] <<<<< ..
 
* Number of generators                                        7228
* Number of comb teeth                                          11
 
.. >>>>> [ RES  MEM :       0.777710 GB ] [ VIRT MEM :       4.658775 GB ] <<<<< ..
.. >>>>> [ WALL TIME:      15.261742  s ] [ CPU  TIME:     300.067766  s ] <<<<< ..
 
* Number of selectors                                         7228
* pt2_n_tasks_max                                                1
* Number of tasks                                             7228
* Number of fragmented tasks                                     0
* Number of threads for PT2                                     24
* Memory (Gb)                                       0.1934317335486412E-01
========== ======================= ===================== ===================== ===========
 Samples          Energy                Variance               Norm^2          Seconds
========== ======================= ===================== ===================== ===========
      2578   -25.218101  0.208E-07   0.000125  0.789E-07   0.000014  0.554E-08     1.0002
========== ======================= ===================== ===================== ===========
 
.. >>>>> [ RES  MEM :       0.758415 GB ] [ VIRT MEM :       4.638252 GB ] <<<<< ..
.. >>>>> [ WALL TIME:      16.321741  s ] [ CPU  TIME:     314.348254  s ] <<<<< ..
 
* Number of generators                                        9619
* Number of comb teeth                                          13
 
.. >>>>> [ RES  MEM :       0.758415 GB ] [ VIRT MEM :       4.638252 GB ] <<<<< ..
.. >>>>> [ WALL TIME:      16.338638  s ] [ CPU  TIME:     314.698042  s ] <<<<< ..
 
* Number of selectors                                         9619
* pt2_n_tasks_max                                                1
* Number of tasks                                             9619
* Number of fragmented tasks                                     0
* Number of threads for PT2                                     24
* Memory (Gb)                                       0.1953268844634294E-01
========== ======================= ===================== ===================== ===========
 Samples          Energy                Variance               Norm^2          Seconds
========== ======================= ===================== ===================== ===========
      1779   -25.109784  0.793E-08   0.000081  0.330E-07   0.000009  0.194E-08     1.0000
========== ======================= ===================== ===================== ===========
 Overlap of perturbed states:
  1.360474679949275E-005 -1.256257919970612E-011
 -1.256257919970612E-011  8.642459634927642E-006
 -------
 
.. >>>>> [ RES  MEM :       0.759342 GB ] [ VIRT MEM :       4.638386 GB ] <<<<< ..
.. >>>>> [ WALL TIME:      17.418858  s ] [ CPU  TIME:     333.129108  s ] <<<<< ..
 
* Number of generators                                       16839
* Number of comb teeth                                          32
 Using 1/c_max^2 weight in selection
 # Total weight    1.000000       1.953539    
 
.. >>>>> [ RES  MEM :       0.759342 GB ] [ VIRT MEM :       4.638386 GB ] <<<<< ..
.. >>>>> [ WALL TIME:      17.434144  s ] [ CPU  TIME:     333.430592  s ] <<<<< ..
 
* Number of selectors                                        16839
* pt2_n_tasks_max                                                2
 Using 1/c_max^2 weight in selection
 # Total weight    1.000000       1.953539    
* Correlation ratio                                 0.9995621341846469    
 
Summary at N_det =        16982
-----------------------------------
 
# ============ ============================= =============================
                     State      1                  State      2
# ============ ============================= =============================
# E             -25.21806045                  -25.10975793
# Excit. (au)     0.00000000                    0.10830252
# Excit. (eV)     0.00000000                    2.94706275
# PT2            -0.00004016     0.00000002    -0.00002586     0.00000001
# rPT2           -0.00004016     0.00000002    -0.00002586     0.00000001
#
# E+PT2         -25.21810060     0.00000002   -25.10978379     0.00000001
# E+rPT2        -25.21810060     0.00000002   -25.10978379     0.00000001
# Excit. (au)     0.00000000     0.00000003     0.10831682     0.00000002
# Excit. (eV)     0.00000000     0.00000079     2.94745183     0.00000060
# ============ ============================= =============================
 
 N_det             =        16982
 N_states          =            2
 N_cfg             =         4201
 
 * State            1
 < S^2 >         =   6.945940439320699E-012
 E               =   -25.2180604463154     
 Variance        =   1.254638557739186E-004  +/-   7.752588110091247E-008
 PT norm         =   3.688461305136974E-003  +/-   7.384640036962750E-007
 PT2             =  -4.015790362516849E-005  +/-   2.042726360400007E-008
 rPT2            =  -4.015735729449036E-005  +/-   2.042698570003174E-008
 E+PT2           =   -25.2181006042191       +/-   2.042726360400007E-008
 E+rPT2          =   -25.2181006036727       +/-   2.042698570003174E-008
 
 * State            2
 < S^2 >         =   1.786960348731801E-011
 E               =   -25.1097579291603     
 Variance        =   8.147896227402501E-005  +/-   3.254867648250126E-008
 PT norm         =   2.939806053964724E-003  +/-   3.253511732655366E-007
 PT2             =  -2.585946352798334E-005  +/-   7.825543136946669E-009
 rPT2            =  -2.585924004054510E-005  +/-   7.825475505590489E-009
 E+PT2           =   -25.1097837886239       +/-   7.825543136946669E-009
 E+rPT2          =   -25.1097837884004       +/-   7.825475505590489E-009
 
 -----
 Variational Energy difference (au | eV)
 Delta E =   0.108302517155106        2.94706275155966     
 -----
 Variational + perturbative Energy difference (au | eV)
 Delta E =   0.108316815595205        2.94745183208454     
 -----
 Variational + renormalized perturbative Energy difference (au | eV)
 Delta E =   0.108316815272360        2.94745182329946     
 Energy components
 =================
 
 State            1
 ---------
 
 Vnn  =    2.16366205555127     
 Ven  =   -62.3473656535335     
 Vee  =    9.78663558141087     
 Vecp =   0.000000000000000E+000
 T    =    25.1790075702560     
 
 State            2
 ---------
 
 Vnn  =    2.16366205555127     
 Ven  =   -62.0929152624044     
 Vee  =    9.73912602346225     
 Vecp =   0.000000000000000E+000
 T    =    25.0803692542305     
 
 

Extrapolated energies
------------------------

 
 State            1
 
 =========== ===================
 minimum PT2 Extrapolated energy
 =========== ===================
    -0.0003        -25.21809984
    -0.0012        -25.21809846
    -0.0032        -25.21808795
    -0.0089        -25.21804125
    -0.0356        -25.21787775
    -0.0994        -25.21843720
 =========== ===================
 
 State            2
 
 =========== =================== =================== ===================
 minimum PT2 Extrapolated energy   Excitation (a.u)    Excitation (eV)  
 =========== =================== =================== ===================
    -0.0002        -25.10978404         0.10831580         2.94742415
    -0.0008        -25.10978493         0.10831354         2.94736260
    -0.0027        -25.10977134         0.10831661         2.94744621
    -0.0084        -25.10974009         0.10830116         2.94702581
    -0.0217        -25.10964915         0.10822860         2.94505138
    -0.0962        -25.10956881         0.10886839         2.96246099
 =========== =================== =================== ===================
 
* Number of unique alpha determinants                          458
* Number of unique beta determinants                           458
 
.. >>>>> [ RES  MEM :       0.756744 GB ] [ VIRT MEM :       4.635265 GB ] <<<<< ..
.. >>>>> [ WALL TIME:      18.372964  s ] [ CPU  TIME:     355.386185  s ] <<<<< ..
 

Davidson Diagonalization
------------------------

* Number of states                                               2
* Number of states in diagonalization                            8
* Number of determinants                                     41004
* Number of threads for diagonalization                         24
* Memory(Gb)                                        0.1157916896045208    

===== ================ =========== =========== ================ =========== =========== 
Iter       Energy          S^2       Residual       Energy          S^2       Residual  
===== ================ =========== =========== ================ =========== =========== 
   0    -25.2180604463    0.000000   0.127E-04   -25.1097579292    0.000000   0.841E-05
   1    -25.2180950553    0.000000   0.998E-06   -25.1097818324    0.000000   0.597E-06
   2    -25.2180973944    0.000000   0.108E-06   -25.1097833544    0.000000   0.741E-07
   3    -25.2180976343    0.000000   0.179E-07   -25.1097835159    0.000000   0.131E-07
   4    -25.2180976680    0.000000   0.400E-08   -25.1097835421    0.000000   0.271E-08
   5    -25.2180976750    0.000000   0.851E-09   -25.1097835472    0.000000   0.653E-09
   6    -25.2180976765    0.000000   0.205E-09   -25.1097835483    0.000000   0.211E-09
   7    -25.2180976769    0.000000   0.469E-10   -25.1097835486    0.000000   0.699E-10
====== ================ =========== =========== ================ =========== ===========

 
.. >>>>> [ RES  MEM :       0.853848 GB ] [ VIRT MEM :       4.766407 GB ] <<<<< ..
.. >>>>> [ WALL TIME:      23.168191  s ] [ CPU  TIME:     470.399239  s ] <<<<< ..
 
 
.. >>>>> [ RES  MEM :       0.819607 GB ] [ VIRT MEM :       4.706829 GB ] <<<<< ..
.. >>>>> [ WALL TIME:      23.168952  s ] [ CPU  TIME:     470.417516  s ] <<<<< ..
 
* Energy of state    1                              -25.21809767690297    
* S^2 of state    1                                 0.6736446147989227E-11
* Energy of state    2                              -25.10978354859023    
* S^2 of state    2                                 0.6946750655895287E-11
* Saved determinants                                         41004
* Saved determinants                                         41004
 
.. >>>>> [ RES  MEM :       0.775841 GB ] [ VIRT MEM :       4.659393 GB ] <<<<< ..
.. >>>>> [ WALL TIME:      25.542465  s ] [ CPU  TIME:     513.505219  s ] <<<<< ..
 
* Number of generators                                       40123
* Number of comb teeth                                          32
 Using 1/c_max^2 weight in selection
 # Total weight    1.000000       1.953449    
 
.. >>>>> [ RES  MEM :       0.773926 GB ] [ VIRT MEM :       4.657475 GB ] <<<<< ..
.. >>>>> [ WALL TIME:      25.572472  s ] [ CPU  TIME:     514.221271  s ] <<<<< ..
 
* Number of selectors                                        40123
* pt2_n_tasks_max                                                5
* PT2 Energy denominator                            -25.21809767690297    
* PT2 Energy denominator                            -25.10978354859023    
 
.. >>>>> [ RES  MEM :       0.774677 GB ] [ VIRT MEM :       4.657475 GB ] <<<<< ..
.. >>>>> [ WALL TIME:      25.583318  s ] [ CPU  TIME:     514.481277  s ] <<<<< ..
 
* Number of generators                                       17567
* Number of comb teeth                                          11
 
.. >>>>> [ RES  MEM :       0.774677 GB ] [ VIRT MEM :       4.657475 GB ] <<<<< ..
.. >>>>> [ WALL TIME:      25.602447  s ] [ CPU  TIME:     514.934882  s ] <<<<< ..
 
* Number of selectors                                        17567
* pt2_n_tasks_max                                                2
* Number of tasks                                            17628
* Number of fragmented tasks                                    61
* Number of threads for PT2                                     24
* Memory (Gb)                                       0.1803066615015268E-01
========== ======================= ===================== ===================== ===========
 Samples          Energy                Variance               Norm^2          Seconds
========== ======================= ===================== ===================== ===========
       836   -25.218101  0.693E-08   0.000010  0.299E-07   0.000001  0.165E-08     1.0001
      2936   -25.218101  0.416E-08   0.000010  0.176E-07   0.000001  0.101E-08     2.0004
========== ======================= ===================== ===================== ===========
 
.. >>>>> [ RES  MEM :       0.774055 GB ] [ VIRT MEM :       4.656502 GB ] <<<<< ..
.. >>>>> [ WALL TIME:      27.743676  s ] [ CPU  TIME:     560.542619  s ] <<<<< ..
 
* Number of generators                                       22597
* Number of comb teeth                                          13
 
.. >>>>> [ RES  MEM :       0.774555 GB ] [ VIRT MEM :       4.656502 GB ] <<<<< ..
.. >>>>> [ WALL TIME:      27.777445  s ] [ CPU  TIME:     561.284603  s ] <<<<< ..
 
* Number of selectors                                        22597
* pt2_n_tasks_max                                                3
* Number of tasks                                            22753
* Number of fragmented tasks                                    78
* Number of threads for PT2                                     24
* Memory (Gb)                                       0.1844465803354979E-01
========== ======================= ===================== ===================== ===========
 Samples          Energy                Variance               Norm^2          Seconds
========== ======================= ===================== ===================== ===========
       394   -25.109784  0.766E-08   0.000003  0.322E-07   0.000000  0.184E-08     1.0000
      2436   -25.109784  0.356E-08   0.000003  0.149E-07   0.000000  0.863E-09     2.0000
      5123   -25.109784  0.241E-08   0.000003  0.100E-07   0.000000  0.585E-09     3.0005
      8110   -25.109784  0.188E-08   0.000003  0.780E-08   0.000000  0.460E-09     4.0007
     10938   -25.109784  0.166E-08   0.000003  0.687E-08   0.000000  0.405E-09     5.0010
========== ======================= ===================== ===================== ===========
 Overlap of perturbed states:
  9.436560656731402E-007  2.562174008659923E-009
  2.562174008659923E-009  2.472705589688958E-007
 -------
 
.. >>>>> [ RES  MEM :       0.786583 GB ] [ VIRT MEM :       4.668232 GB ] <<<<< ..
.. >>>>> [ WALL TIME:      33.009730  s ] [ CPU  TIME:     655.600773  s ] <<<<< ..
 
* Number of generators                                       40123
* Number of comb teeth                                          32
 Using 1/c_max^2 weight in selection
 # Total weight    1.000000       1.953449    
 
.. >>>>> [ RES  MEM :       0.787083 GB ] [ VIRT MEM :       4.672142 GB ] <<<<< ..
.. >>>>> [ WALL TIME:      33.036132  s ] [ CPU  TIME:     656.156408  s ] <<<<< ..
 
* Number of selectors                                        40123
* pt2_n_tasks_max                                                5
 Using 1/c_max^2 weight in selection
 # Total weight    1.000000       1.953449    
 
Summary at N_det =        41004
-----------------------------------
 
# ============ ============================= =============================
                     State      1                  State      2
# ============ ============================= =============================
# E             -25.21809768                  -25.10978355
# Excit. (au)     0.00000000                    0.10831413
# Excit. (eV)     0.00000000                    2.94737871
# PT2            -0.00000303     0.00000000    -0.00000088     0.00000000
# rPT2           -0.00000303     0.00000000    -0.00000088     0.00000000
#
# E+PT2         -25.21810071     0.00000000   -25.10978443     0.00000000
# E+rPT2        -25.21810071     0.00000000   -25.10978443     0.00000000
# Excit. (au)     0.00000000     0.00000001     0.10831628     0.00000000
# Excit. (eV)     0.00000000     0.00000016     2.94743727     0.00000012
# ============ ============================= =============================
 
 N_det             =        41004
 N_states          =            2
 N_cfg             =         9527
 
 * State            1
 < S^2 >         =   6.736446147989227E-012
 E               =   -25.2180976769030     
 Variance        =   1.018099400414056E-005  +/-   1.748472023626820E-008
 PT norm         =   9.714196135929829E-004  +/-   5.166008141123811E-007
 PT2             =  -3.030925722139616E-006  +/-   4.125424213029829E-009
 rPT2            =  -3.030922861990872E-006  +/-   4.125420320051920E-009
 E+PT2           =   -25.2181007078287       +/-   4.125424213029829E-009
 E+rPT2          =   -25.2181007078258       +/-   4.125420320051920E-009
 
 * State            2
 < S^2 >         =   6.946750655895287E-012
 E               =   -25.1097835485902     
 Variance        =   3.231917341573820E-006  +/-   6.839758986912579E-009
 PT norm         =   4.972630681730706E-004  +/-   4.058845870508807E-007
 PT2             =  -8.787828370324925E-007  +/-   1.650522281198954E-009
 rPT2            =  -8.787826197354229E-007  +/-   1.650521873073488E-009
 E+PT2           =   -25.1097844273731       +/-   1.650522281198954E-009
 E+rPT2          =   -25.1097844273728       +/-   1.650521873073488E-009
 
 -----
 Variational Energy difference (au | eV)
 Delta E =   0.108314128312749        2.94737870737574     
 -----
 Variational + perturbative Energy difference (au | eV)
 Delta E =   0.108316280455634        2.94743727018941     
 -----
 Variational + renormalized perturbative Energy difference (au | eV)
 Delta E =   0.108316280452991        2.94743727011750     
 Energy components
 =================
 
 State            1
 ---------
 
 Vnn  =    2.16366205555127     
 Ven  =   -62.3471938879169     
 Vee  =    9.78641077815685     
 Vecp =   0.000000000000000E+000
 T    =    25.1790233773058     
 
 State            2
 ---------
 
 Vnn  =    2.16366205555127     
 Ven  =   -62.0927902191045     
 Vee  =    9.73896981091328     
 Vecp =   0.000000000000000E+000
 T    =    25.0803748040498     
 
 

Extrapolated energies
------------------------

 
 State            1
 
 =========== ===================
 minimum PT2 Extrapolated energy
 =========== ===================
    -0.0000        -25.21810072
    -0.0003        -25.21810031
    -0.0012        -25.21809933
    -0.0032        -25.21809196
    -0.0089        -25.21805613
    -0.0356        -25.21792038
    -0.0994        -25.21838141
 =========== ===================
 
 State            2
 
 =========== =================== =================== ===================
 minimum PT2 Extrapolated energy   Excitation (a.u)    Excitation (eV)  
 =========== =================== =================== ===================
    -0.0000        -25.10978445         0.10831627         2.94743689
    -0.0002        -25.10978427         0.10831605         2.94743088
    -0.0008        -25.10978473         0.10831460         2.94739160
    -0.0027        -25.10977537         0.10831659         2.94744577
    -0.0084        -25.10975082         0.10830531         2.94713862
    -0.0217        -25.10967664         0.10824374         2.94546329
    -0.0962        -25.10960315         0.10877826         2.96000836
 =========== =================== =================== ===================
 
Wall time: 0:00:35

