Date: 18/03/2021 16:26:50
===============
Quantum Package
===============

Git Commit: Fixing zmq bug
Git Date  : Tue Mar 2 14:27:22 2021 +0100
Git SHA1  : ee9f4516b39d8dd8fa2476d3d5d738bacfd91718
EZFIO Dir : BH


Task server running : tcp://10.1.255.228:41279
.. >>>>> [ IO READ: ao_num ] <<<<< ..
 
.. >>>>> [ RES  MEM :       0.009502 GB ] [ VIRT MEM :       0.141159 GB ] <<<<< ..
.. >>>>> [ WALL TIME:       0.055334  s ] [ CPU  TIME:       0.012786  s ] <<<<< ..
 
* mo_num                                                        32
 Read  mo_coef
.. >>>>> [ IO READ: lin_dep_cutoff ] <<<<< ..
 
.. >>>>> [ RES  MEM :       0.014374 GB ] [ VIRT MEM :       1.672585 GB ] <<<<< ..
.. >>>>> [ WALL TIME:       0.202727  s ] [ CPU  TIME:       2.764188  s ] <<<<< ..
 
.. >>>>> [ IO READ: io_ao_integrals_overlap ] <<<<< ..
 
.. >>>>> [ RES  MEM :       0.014374 GB ] [ VIRT MEM :       1.672585 GB ] <<<<< ..
.. >>>>> [ WALL TIME:       0.208338  s ] [ CPU  TIME:       2.893246  s ] <<<<< ..
 
.. >>>>> [ IO READ: ao_prim_num ] <<<<< ..
 
.. >>>>> [ RES  MEM :       0.014496 GB ] [ VIRT MEM :       1.672585 GB ] <<<<< ..
.. >>>>> [ WALL TIME:       0.243847  s ] [ CPU  TIME:       3.709985  s ] <<<<< ..
 
.. >>>>> [ IO READ: ao_normalized ] <<<<< ..
 
.. >>>>> [ RES  MEM :       0.014496 GB ] [ VIRT MEM :       1.672585 GB ] <<<<< ..
.. >>>>> [ WALL TIME:       0.249516  s ] [ CPU  TIME:       3.840370  s ] <<<<< ..
 
.. >>>>> [ IO READ: primitives_normalized ] <<<<< ..
 
.. >>>>> [ RES  MEM :       0.014496 GB ] [ VIRT MEM :       1.672585 GB ] <<<<< ..
.. >>>>> [ WALL TIME:       0.253113  s ] [ CPU  TIME:       3.923316  s ] <<<<< ..
 
.. >>>>> [ IO READ: ao_coef ] <<<<< ..
 
.. >>>>> [ RES  MEM :       0.014519 GB ] [ VIRT MEM :       1.672585 GB ] <<<<< ..
.. >>>>> [ WALL TIME:       0.272490  s ] [ CPU  TIME:       4.367696  s ] <<<<< ..
 
.. >>>>> [ IO READ: ao_power ] <<<<< ..
 
.. >>>>> [ RES  MEM :       0.014545 GB ] [ VIRT MEM :       1.672585 GB ] <<<<< ..
.. >>>>> [ WALL TIME:       0.291314  s ] [ CPU  TIME:       4.799861  s ] <<<<< ..
 
.. >>>>> [ IO READ: ao_expo ] <<<<< ..
 
.. >>>>> [ RES  MEM :       0.014549 GB ] [ VIRT MEM :       1.672585 GB ] <<<<< ..
.. >>>>> [ WALL TIME:       0.315867  s ] [ CPU  TIME:       5.363177  s ] <<<<< ..
 
.. >>>>> [ IO READ: ao_nucl ] <<<<< ..
 
.. >>>>> [ RES  MEM :       0.014679 GB ] [ VIRT MEM :       1.672585 GB ] <<<<< ..
.. >>>>> [ WALL TIME:       0.333160  s ] [ CPU  TIME:       5.760538  s ] <<<<< ..
 
.. >>>>> [ IO READ: nucl_num ] <<<<< ..
 
.. >>>>> [ RES  MEM :       0.014679 GB ] [ VIRT MEM :       1.672585 GB ] <<<<< ..
.. >>>>> [ WALL TIME:       0.527349  s ] [ CPU  TIME:      10.121567  s ] <<<<< ..
 
.. >>>>> [ IO READ: nucl_label ] <<<<< ..
 
.. >>>>> [ RES  MEM :       0.014694 GB ] [ VIRT MEM :       1.672585 GB ] <<<<< ..
.. >>>>> [ WALL TIME:       0.541090  s ] [ CPU  TIME:      10.152938  s ] <<<<< ..
 
.. >>>>> [ IO READ: nucl_charge ] <<<<< ..
 
.. >>>>> [ RES  MEM :       0.014706 GB ] [ VIRT MEM :       1.672585 GB ] <<<<< ..
.. >>>>> [ WALL TIME:       0.558499  s ] [ CPU  TIME:      10.550029  s ] <<<<< ..
 
 
.. >>>>> [ RES  MEM :       0.014713 GB ] [ VIRT MEM :       1.672585 GB ] <<<<< ..
.. >>>>> [ WALL TIME:       0.607762  s ] [ CPU  TIME:      11.681848  s ] <<<<< ..
 

Nuclear Coordinates (Angstroms)
===============================

================ ============ ============ ============ ============
      Atom          Charge          X            Y            Z 
================ ============ ============ ============ ============
B                    5.000000     0.000000     0.000000     0.000000
H                    1.000000     0.000000     0.000000     1.222874
================ ============ ============ ============ ============

Minimal interatomic distance found:       1.2229 Angstrom
.. >>>>> [ IO READ: io_ao_one_e_integrals ] <<<<< ..
 
.. >>>>> [ RES  MEM :       0.016834 GB ] [ VIRT MEM :       1.743755 GB ] <<<<< ..
.. >>>>> [ WALL TIME:       0.629413  s ] [ CPU  TIME:      12.183169  s ] <<<<< ..
 
.. >>>>> [ IO READ: io_ao_integrals_kinetic ] <<<<< ..
 
.. >>>>> [ RES  MEM :       0.016834 GB ] [ VIRT MEM :       1.743755 GB ] <<<<< ..
.. >>>>> [ WALL TIME:       0.632361  s ] [ CPU  TIME:      12.251339  s ] <<<<< ..
 
.. >>>>> [ IO READ: io_ao_integrals_n_e ] <<<<< ..
 
.. >>>>> [ RES  MEM :       0.016834 GB ] [ VIRT MEM :       1.743755 GB ] <<<<< ..
.. >>>>> [ WALL TIME:       0.637570  s ] [ CPU  TIME:      12.372486  s ] <<<<< ..
 
.. >>>>> [ IO READ: do_pseudo ] <<<<< ..
 
.. >>>>> [ RES  MEM :       0.016834 GB ] [ VIRT MEM :       1.743755 GB ] <<<<< ..
.. >>>>> [ WALL TIME:       0.738764  s ] [ CPU  TIME:      14.700579  s ] <<<<< ..
 
.. >>>>> [ IO READ: do_direct_integrals ] <<<<< ..
 
.. >>>>> [ RES  MEM :       0.016834 GB ] [ VIRT MEM :       1.743755 GB ] <<<<< ..
.. >>>>> [ WALL TIME:       0.760318  s ] [ CPU  TIME:      15.197162  s ] <<<<< ..
 
.. >>>>> [ IO READ: elec_beta_num ] <<<<< ..
 
.. >>>>> [ RES  MEM :       0.016834 GB ] [ VIRT MEM :       1.743755 GB ] <<<<< ..
.. >>>>> [ WALL TIME:       0.778177  s ] [ CPU  TIME:      15.608381  s ] <<<<< ..
 
.. >>>>> [ IO READ: elec_alpha_num ] <<<<< ..
 
.. >>>>> [ RES  MEM :       0.016834 GB ] [ VIRT MEM :       1.743755 GB ] <<<<< ..
.. >>>>> [ WALL TIME:       0.783680  s ] [ CPU  TIME:      15.735376  s ] <<<<< ..
 
 AO map initialized :                 177310
.. >>>>> [ IO READ: io_ao_two_e_integrals ] <<<<< ..
 
.. >>>>> [ RES  MEM :       0.017048 GB ] [ VIRT MEM :       1.743755 GB ] <<<<< ..
.. >>>>> [ WALL TIME:       0.786302  s ] [ CPU  TIME:      15.796120  s ] <<<<< ..
 
 Providing the AO integrals
.. >>>>> [ IO READ: ao_integrals_threshold ] <<<<< ..
 
.. >>>>> [ RES  MEM :       0.017048 GB ] [ VIRT MEM :       1.743755 GB ] <<<<< ..
.. >>>>> [ WALL TIME:       0.788052  s ] [ CPU  TIME:      15.836731  s ] <<<<< ..
 
.. >>>>> [ IO READ: is_periodic ] <<<<< ..
 
.. >>>>> [ RES  MEM :       0.017761 GB ] [ VIRT MEM :       1.888428 GB ] <<<<< ..
.. >>>>> [ WALL TIME:       0.817243  s ] [ CPU  TIME:      16.436611  s ] <<<<< ..
 
 Sorting the map
 AO integrals provided:
  Size of AO map :           0.527584075927734      MB
  Number of AO integrals :                 43012
  cpu  time :   3.45744800000000      s
  wall time :  0.211287021636963      s  ( x    16.3637499985240       )
.. >>>>> [ IO READ: io_nuclear_repulsion ] <<<<< ..
 
.. >>>>> [ RES  MEM :       0.026844 GB ] [ VIRT MEM :       1.963627 GB ] <<<<< ..
.. >>>>> [ WALL TIME:       1.006623  s ] [ CPU  TIME:      19.452523  s ] <<<<< ..
 
 
.. >>>>> [ RES  MEM :       0.026844 GB ] [ VIRT MEM :       1.963627 GB ] <<<<< ..
.. >>>>> [ WALL TIME:       1.006869  s ] [ CPU  TIME:      19.457983  s ] <<<<< ..
 
* Nuclear repulsion energy                           2.163662055551274    
 * mo_label          Natural
.. >>>>> [ IO READ: frozen_orb_scf ] <<<<< ..
 
.. >>>>> [ RES  MEM :       0.026844 GB ] [ VIRT MEM :       1.963627 GB ] <<<<< ..
.. >>>>> [ WALL TIME:       1.038277  s ] [ CPU  TIME:      20.148953  s ] <<<<< ..
 
.. >>>>> [ IO READ: n_it_scf_max ] <<<<< ..
 
.. >>>>> [ RES  MEM :       0.026844 GB ] [ VIRT MEM :       1.963627 GB ] <<<<< ..
.. >>>>> [ WALL TIME:       1.047758  s ] [ CPU  TIME:      20.357535  s ] <<<<< ..
 
.. >>>>> [ IO READ: level_shift ] <<<<< ..
 
.. >>>>> [ RES  MEM :       0.026844 GB ] [ VIRT MEM :       1.963627 GB ] <<<<< ..
.. >>>>> [ WALL TIME:       1.051590  s ] [ CPU  TIME:      20.441846  s ] <<<<< ..
 
.. >>>>> [ IO READ: restore_symm ] <<<<< ..
 
.. >>>>> [ RES  MEM :       0.026844 GB ] [ VIRT MEM :       1.963627 GB ] <<<<< ..
.. >>>>> [ WALL TIME:       1.069919  s ] [ CPU  TIME:      20.863827  s ] <<<<< ..
 
.. >>>>> [ IO READ: scf_algorithm ] <<<<< ..
 
.. >>>>> [ RES  MEM :       0.027699 GB ] [ VIRT MEM :       1.963627 GB ] <<<<< ..
.. >>>>> [ WALL TIME:       1.080520  s ] [ CPU  TIME:      21.118198  s ] <<<<< ..
 
.. >>>>> [ IO READ: max_dim_diis ] <<<<< ..
 
.. >>>>> [ RES  MEM :       0.027699 GB ] [ VIRT MEM :       1.963627 GB ] <<<<< ..
.. >>>>> [ WALL TIME:       1.085720  s ] [ CPU  TIME:      21.242986  s ] <<<<< ..
 
.. >>>>> [ IO READ: threshold_diis ] <<<<< ..
 
.. >>>>> [ RES  MEM :       0.027699 GB ] [ VIRT MEM :       1.963627 GB ] <<<<< ..
.. >>>>> [ WALL TIME:       1.087174  s ] [ CPU  TIME:      21.277900  s ] <<<<< ..
 
.. >>>>> [ IO READ: thresh_scf ] <<<<< ..
 
.. >>>>> [ RES  MEM :       0.027699 GB ] [ VIRT MEM :       1.963627 GB ] <<<<< ..
.. >>>>> [ WALL TIME:       1.091471  s ] [ CPU  TIME:      21.381032  s ] <<<<< ..
 
.. >>>>> [ IO READ: ao_md5 ] <<<<< ..
 
.. >>>>> [ RES  MEM :       0.027699 GB ] [ VIRT MEM :       1.963627 GB ] <<<<< ..
.. >>>>> [ WALL TIME:       1.093340  s ] [ CPU  TIME:      21.425910  s ] <<<<< ..
 
 Read mo_occ
 
.. >>>>> [ RES  MEM :       0.027802 GB ] [ VIRT MEM :       1.963627 GB ] <<<<< ..
.. >>>>> [ WALL TIME:       1.117170  s ] [ CPU  TIME:      21.996985  s ] <<<<< ..
 
 Energy of the guess =   -25.1255968648702     
==== ================ ================ ================ ================
  N          Energy      Energy diff       DIIS error     Level shift   
==== ================ ================ ================ ================
   1   -25.1263137743    -0.0007169094     0.0049613441     0.0000000000   1
.. >>>>> [ IO READ: mo_class ] <<<<< ..
 
.. >>>>> [ RES  MEM :       0.028008 GB ] [ VIRT MEM :       1.963627 GB ] <<<<< ..
.. >>>>> [ WALL TIME:       1.163740  s ] [ CPU  TIME:      23.113214  s ] <<<<< ..
 
   2   -25.1263865403    -0.0000727660     0.0006796034     0.0000000000   2
   3   -25.1263890052    -0.0000024649     0.0000914756     0.0000000000   3
   4   -25.1263890159    -0.0000000106     0.0001004373     0.5000000000   0
   5   -25.1263890253    -0.0000000094     0.0000711952     0.2500000000   1
   6   -25.1263890336    -0.0000000084     0.0000532939     0.1250000000   2
   7   -25.1263890392    -0.0000000055     0.0000344624     0.0625000000   3
   8   -25.1263890418    -0.0000000026     0.0000192642     0.0312500000   4
   9   -25.1263890427    -0.0000000009     0.0000096148     0.0156250000   5
  10   -25.1263890429    -0.0000000002     0.0000044761     0.0078125000   6
  11   -25.1263890430    -0.0000000001     0.0000020138     0.0039062500   7
==== ================ ================ ================ ================
 
 
.. >>>>> [ RES  MEM :       0.029285 GB ] [ VIRT MEM :       1.963669 GB ] <<<<< ..
.. >>>>> [ WALL TIME:       6.416327  s ] [ CPU  TIME:     117.132670  s ] <<<<< ..
 
MOs are now **Canonical**

Eigenvalues
-----------

======== ================
       1    -7.6904717655
       2    -0.6521595275
       3    -0.3471427223
       4     0.0268927314
       5     0.0268927314
       6     0.0526499536
       7     0.0648623729
       8     0.1069219461
       9     0.1069219461
      10     0.1318501530
      11     0.2723696459
      12     0.2741275352
      13     0.2741275352
      14     0.2762499602
      15     0.2762499602
      16     0.3537070465
      17     0.4111917707
      18     0.4969268203
      19     0.4969268203
      20     0.5626204605
      21     0.5626204605
      22     0.7163208318
      23     0.8326463458
      24     1.0554898672
      25     1.0554898672
      26     1.0637613032
      27     1.0637613032
      28     1.0966889680
      29     1.4998164612
      30     2.0367122448
      31     2.0367122448
      32     2.4589386034
======== ================

 
.. >>>>> [ RES  MEM :       0.029285 GB ] [ VIRT MEM :       1.963669 GB ] <<<<< ..
.. >>>>> [ WALL TIME:       6.416960  s ] [ CPU  TIME:     117.147266  s ] <<<<< ..
 
* SCF energy                                        -25.12638904298217    
 
.. >>>>> [ RES  MEM :       0.029396 GB ] [ VIRT MEM :       1.963722 GB ] <<<<< ..
.. >>>>> [ WALL TIME:       6.739625  s ] [ CPU  TIME:     124.493452  s ] <<<<< ..
 
Wall time: 0:00:11

