Date: 16/03/2021 20:15:50
===============
Quantum Package
===============

Git Commit: Fixing zmq bug
Git Date  : Tue Mar 2 14:27:22 2021 +0100
Git SHA1  : ee9f4516b39d8dd8fa2476d3d5d738bacfd91718
EZFIO Dir : dinitrogen


Task server running : tcp://10.1.255.225:41279
 * mo_label          no_label
.. >>>>> [ IO READ: mo_guess_type ] <<<<< ..
 
.. >>>>> [ RES  MEM :       0.009510 GB ] [ VIRT MEM :       0.141159 GB ] <<<<< ..
.. >>>>> [ WALL TIME:       0.000249  s ] [ CPU  TIME:       0.033610  s ] <<<<< ..
 
.. >>>>> [ IO READ: ao_num ] <<<<< ..
 
.. >>>>> [ RES  MEM :       0.009716 GB ] [ VIRT MEM :       0.141159 GB ] <<<<< ..
.. >>>>> [ WALL TIME:       0.004016  s ] [ CPU  TIME:       0.033964  s ] <<<<< ..
 
.. >>>>> [ IO READ: ao_cartesian ] <<<<< ..
 
.. >>>>> [ RES  MEM :       0.009716 GB ] [ VIRT MEM :       0.141159 GB ] <<<<< ..
.. >>>>> [ WALL TIME:       0.004945  s ] [ CPU  TIME:       0.034206  s ] <<<<< ..
 
.. >>>>> [ IO READ: lin_dep_cutoff ] <<<<< ..
 
.. >>>>> [ RES  MEM :       0.009716 GB ] [ VIRT MEM :       0.141159 GB ] <<<<< ..
.. >>>>> [ WALL TIME:       0.007191  s ] [ CPU  TIME:       0.034558  s ] <<<<< ..
 
* Linear dependencies cut-off                       0.1000000000000000E-05
.. >>>>> [ IO READ: ao_power ] <<<<< ..
 
.. >>>>> [ RES  MEM :       0.014439 GB ] [ VIRT MEM :       1.676491 GB ] <<<<< ..
.. >>>>> [ WALL TIME:       0.023486  s ] [ CPU  TIME:       0.052086  s ] <<<<< ..
 
.. >>>>> [ IO READ: io_ao_integrals_overlap ] <<<<< ..
 
.. >>>>> [ RES  MEM :       0.014439 GB ] [ VIRT MEM :       1.676491 GB ] <<<<< ..
.. >>>>> [ WALL TIME:       0.024413  s ] [ CPU  TIME:       0.068144  s ] <<<<< ..
 
.. >>>>> [ IO READ: ao_prim_num ] <<<<< ..
 
.. >>>>> [ RES  MEM :       0.014622 GB ] [ VIRT MEM :       1.676491 GB ] <<<<< ..
.. >>>>> [ WALL TIME:       0.027865  s ] [ CPU  TIME:       0.128921  s ] <<<<< ..
 
.. >>>>> [ IO READ: ao_normalized ] <<<<< ..
 
.. >>>>> [ RES  MEM :       0.014622 GB ] [ VIRT MEM :       1.676491 GB ] <<<<< ..
.. >>>>> [ WALL TIME:       0.028691  s ] [ CPU  TIME:       0.145706  s ] <<<<< ..
 
.. >>>>> [ IO READ: primitives_normalized ] <<<<< ..
 
.. >>>>> [ RES  MEM :       0.014622 GB ] [ VIRT MEM :       1.676491 GB ] <<<<< ..
.. >>>>> [ WALL TIME:       0.032274  s ] [ CPU  TIME:       0.217597  s ] <<<<< ..
 
.. >>>>> [ IO READ: ao_coef ] <<<<< ..
 
.. >>>>> [ RES  MEM :       0.014645 GB ] [ VIRT MEM :       1.676491 GB ] <<<<< ..
.. >>>>> [ WALL TIME:       0.037711  s ] [ CPU  TIME:       0.327574  s ] <<<<< ..
 
.. >>>>> [ IO READ: ao_expo ] <<<<< ..
 
.. >>>>> [ RES  MEM :       0.014656 GB ] [ VIRT MEM :       1.676491 GB ] <<<<< ..
.. >>>>> [ WALL TIME:       0.047312  s ] [ CPU  TIME:       0.546335  s ] <<<<< ..
 
.. >>>>> [ IO READ: ao_nucl ] <<<<< ..
 
.. >>>>> [ RES  MEM :       0.014782 GB ] [ VIRT MEM :       1.676491 GB ] <<<<< ..
.. >>>>> [ WALL TIME:       0.052866  s ] [ CPU  TIME:       0.672690  s ] <<<<< ..
 
.. >>>>> [ IO READ: nucl_num ] <<<<< ..
 
.. >>>>> [ RES  MEM :       0.014782 GB ] [ VIRT MEM :       1.676491 GB ] <<<<< ..
.. >>>>> [ WALL TIME:       0.066268  s ] [ CPU  TIME:       0.980953  s ] <<<<< ..
 
.. >>>>> [ IO READ: nucl_label ] <<<<< ..
 
.. >>>>> [ RES  MEM :       0.014805 GB ] [ VIRT MEM :       1.676491 GB ] <<<<< ..
.. >>>>> [ WALL TIME:       0.077726  s ] [ CPU  TIME:       1.244466  s ] <<<<< ..
 
.. >>>>> [ IO READ: nucl_charge ] <<<<< ..
 
.. >>>>> [ RES  MEM :       0.014820 GB ] [ VIRT MEM :       1.676491 GB ] <<<<< ..
.. >>>>> [ WALL TIME:       0.084020  s ] [ CPU  TIME:       1.389141  s ] <<<<< ..
 
 
.. >>>>> [ RES  MEM :       0.014828 GB ] [ VIRT MEM :       1.676491 GB ] <<<<< ..
.. >>>>> [ WALL TIME:       0.091252  s ] [ CPU  TIME:       1.556369  s ] <<<<< ..
 

Nuclear Coordinates (Angstroms)
===============================

================ ============ ============ ============ ============
      Atom          Charge          X            Y            Z 
================ ============ ============ ============ ============
N                    7.000000     0.000000     0.000000     0.550390
N                    7.000000     0.000000     0.000000    -0.550390
================ ============ ============ ============ ============

Minimal interatomic distance found:       1.1008 Angstrom
* mo_num                                                        46
.. >>>>> [ IO READ: level_shift ] <<<<< ..
 
.. >>>>> [ RES  MEM :       0.017113 GB ] [ VIRT MEM :       1.747780 GB ] <<<<< ..
.. >>>>> [ WALL TIME:       0.155850  s ] [ CPU  TIME:       3.002874  s ] <<<<< ..
 
.. >>>>> [ IO READ: elec_alpha_num ] <<<<< ..
 
.. >>>>> [ RES  MEM :       0.017113 GB ] [ VIRT MEM :       1.747780 GB ] <<<<< ..
.. >>>>> [ WALL TIME:       0.159719  s ] [ CPU  TIME:       3.091910  s ] <<<<< ..
 
.. >>>>> [ IO READ: elec_beta_num ] <<<<< ..
 
.. >>>>> [ RES  MEM :       0.017113 GB ] [ VIRT MEM :       1.747780 GB ] <<<<< ..
.. >>>>> [ WALL TIME:       0.161744  s ] [ CPU  TIME:       3.138495  s ] <<<<< ..
 
.. >>>>> [ IO READ: frozen_orb_scf ] <<<<< ..
 
.. >>>>> [ RES  MEM :       0.017113 GB ] [ VIRT MEM :       1.747780 GB ] <<<<< ..
.. >>>>> [ WALL TIME:       0.163105  s ] [ CPU  TIME:       3.169800  s ] <<<<< ..
 
.. >>>>> [ IO READ: io_ao_one_e_integrals ] <<<<< ..
 
.. >>>>> [ RES  MEM :       0.017113 GB ] [ VIRT MEM :       1.747780 GB ] <<<<< ..
.. >>>>> [ WALL TIME:       0.164263  s ] [ CPU  TIME:       3.196407  s ] <<<<< ..
 
.. >>>>> [ IO READ: io_ao_integrals_kinetic ] <<<<< ..
 
.. >>>>> [ RES  MEM :       0.017113 GB ] [ VIRT MEM :       1.747780 GB ] <<<<< ..
.. >>>>> [ WALL TIME:       0.170018  s ] [ CPU  TIME:       3.328668  s ] <<<<< ..
 
.. >>>>> [ IO READ: io_ao_integrals_n_e ] <<<<< ..
 
.. >>>>> [ RES  MEM :       0.017113 GB ] [ VIRT MEM :       1.747780 GB ] <<<<< ..
.. >>>>> [ WALL TIME:       0.179081  s ] [ CPU  TIME:       3.537225  s ] <<<<< ..
 
.. >>>>> [ IO READ: do_pseudo ] <<<<< ..
 
.. >>>>> [ RES  MEM :       0.017113 GB ] [ VIRT MEM :       1.747780 GB ] <<<<< ..
.. >>>>> [ WALL TIME:       0.183619  s ] [ CPU  TIME:       3.641624  s ] <<<<< ..
 
.. >>>>> [ IO READ: do_direct_integrals ] <<<<< ..
 
.. >>>>> [ RES  MEM :       0.017113 GB ] [ VIRT MEM :       1.747780 GB ] <<<<< ..
.. >>>>> [ WALL TIME:       0.191945  s ] [ CPU  TIME:       3.833129  s ] <<<<< ..
 
 AO map initialized :                 813450
.. >>>>> [ IO READ: io_ao_two_e_integrals ] <<<<< ..
 
.. >>>>> [ RES  MEM :       0.017323 GB ] [ VIRT MEM :       1.747780 GB ] <<<<< ..
.. >>>>> [ WALL TIME:       0.197684  s ] [ CPU  TIME:       3.965123  s ] <<<<< ..
 
 Providing the AO integrals
.. >>>>> [ IO READ: ao_integrals_threshold ] <<<<< ..
 
.. >>>>> [ RES  MEM :       0.017323 GB ] [ VIRT MEM :       1.747780 GB ] <<<<< ..
.. >>>>> [ WALL TIME:       0.202171  s ] [ CPU  TIME:       4.068357  s ] <<<<< ..
 
.. >>>>> [ IO READ: is_periodic ] <<<<< ..
 
.. >>>>> [ RES  MEM :       0.018494 GB ] [ VIRT MEM :       1.892326 GB ] <<<<< ..
.. >>>>> [ WALL TIME:       0.225004  s ] [ CPU  TIME:       4.515689  s ] <<<<< ..
 
 Sorting the map
 AO integrals provided:
  Size of AO map :            2.48324012756348      MB
  Number of AO integrals :                208746
  cpu  time :   12.7734570000000      s
  wall time :  0.716707944869995      s  ( x    17.8224018464271       )
.. >>>>> [ IO READ: restore_symm ] <<<<< ..
 
.. >>>>> [ RES  MEM :       0.028893 GB ] [ VIRT MEM :       1.967583 GB ] <<<<< ..
.. >>>>> [ WALL TIME:       0.924768  s ] [ CPU  TIME:      16.974211  s ] <<<<< ..
 
 
.. >>>>> [ RES  MEM :       0.029617 GB ] [ VIRT MEM :       1.967583 GB ] <<<<< ..
.. >>>>> [ WALL TIME:       0.937380  s ] [ CPU  TIME:      17.264154  s ] <<<<< ..
 
 Read mo_occ
.. >>>>> [ IO READ: ao_md5 ] <<<<< ..
 
.. >>>>> [ RES  MEM :       0.029617 GB ] [ VIRT MEM :       1.967583 GB ] <<<<< ..
.. >>>>> [ WALL TIME:       0.938730  s ] [ CPU  TIME:      17.294721  s ] <<<<< ..
 
.. >>>>> [ IO READ: io_nuclear_repulsion ] <<<<< ..
 
.. >>>>> [ RES  MEM :       0.032303 GB ] [ VIRT MEM :       1.967632 GB ] <<<<< ..
.. >>>>> [ WALL TIME:       1.019093  s ] [ CPU  TIME:      19.148992  s ] <<<<< ..
 
 
.. >>>>> [ RES  MEM :       0.032303 GB ] [ VIRT MEM :       1.967632 GB ] <<<<< ..
.. >>>>> [ WALL TIME:       1.019337  s ] [ CPU  TIME:      19.154830  s ] <<<<< ..
 
* Nuclear repulsion energy                           23.55573708199530    
.. >>>>> [ IO READ: n_it_scf_max ] <<<<< ..
 
.. >>>>> [ RES  MEM :       0.032303 GB ] [ VIRT MEM :       1.967632 GB ] <<<<< ..
.. >>>>> [ WALL TIME:       1.020412  s ] [ CPU  TIME:      19.179889  s ] <<<<< ..
 
.. >>>>> [ IO READ: scf_algorithm ] <<<<< ..
 
.. >>>>> [ RES  MEM :       0.032310 GB ] [ VIRT MEM :       1.967632 GB ] <<<<< ..
.. >>>>> [ WALL TIME:       1.023035  s ] [ CPU  TIME:      19.242059  s ] <<<<< ..
 
.. >>>>> [ IO READ: max_dim_diis ] <<<<< ..
 
.. >>>>> [ RES  MEM :       0.032349 GB ] [ VIRT MEM :       1.967632 GB ] <<<<< ..
.. >>>>> [ WALL TIME:       1.026522  s ] [ CPU  TIME:      19.322974  s ] <<<<< ..
 
.. >>>>> [ IO READ: threshold_diis ] <<<<< ..
 
.. >>>>> [ RES  MEM :       0.032349 GB ] [ VIRT MEM :       1.967632 GB ] <<<<< ..
.. >>>>> [ WALL TIME:       1.029046  s ] [ CPU  TIME:      19.381362  s ] <<<<< ..
 
.. >>>>> [ IO READ: thresh_scf ] <<<<< ..
 
.. >>>>> [ RES  MEM :       0.032349 GB ] [ VIRT MEM :       1.967632 GB ] <<<<< ..
.. >>>>> [ WALL TIME:       1.030107  s ] [ CPU  TIME:      19.406066  s ] <<<<< ..
 
 
.. >>>>> [ RES  MEM :       0.032703 GB ] [ VIRT MEM :       1.967632 GB ] <<<<< ..
.. >>>>> [ WALL TIME:       1.030758  s ] [ CPU  TIME:      19.421655  s ] <<<<< ..
 
 Energy of the guess =   -106.948090421057     
==== ================ ================ ================ ================
  N          Energy      Energy diff       DIIS error     Level shift   
==== ================ ================ ================ ================
   1  -108.8351730083    -1.8870825872     0.2421628236     0.0000000000   1
   2  -108.9569943206    -0.1218213124     0.0493121078     0.0000000000   2
   3  -108.9600442387    -0.0030499181     0.0101062523     0.0000000000   3
   4  -108.9602206134    -0.0001763747     0.0008980094     0.0000000000   4
   5  -108.9602208185    -0.0000002050     0.0006712686     0.0000000000   5
   6  -108.9602215773    -0.0000007589     0.0001752866     0.0000000000   6
   7  -108.9602216209    -0.0000000435     0.0000420776     0.0000000000   7
   8  -108.9602216234    -0.0000000025     0.0000102398     0.0000000000   8
   9  -108.9602216236    -0.0000000001     0.0000025584     0.0000000000   9
  10  -108.9602216236    -0.0000000000     0.0000006348     0.0000000000  10
==== ================ ================ ================ ================
 
 
.. >>>>> [ RES  MEM :       0.033466 GB ] [ VIRT MEM :       1.967632 GB ] <<<<< ..
.. >>>>> [ WALL TIME:       2.698560  s ] [ CPU  TIME:      57.460247  s ] <<<<< ..
 
MOs are now **Canonical**

Eigenvalues
-----------

======== ================
       1   -15.6994441678
       2   -15.6960804792
       3    -1.4770587348
       4    -0.7821827081
       5    -0.6341072859
       6    -0.6141208251
       7    -0.6141208251
       8     0.1038381306
       9     0.1236190195
      10     0.1236190195
      11     0.1401572281
      12     0.1504793842
      13     0.1504793842
      14     0.1961538609
      15     0.2522284923
      16     0.2522284923
      17     0.3252061760
      18     0.5859804248
      19     0.5859804248
      20     0.6908674281
      21     0.7118256161
      22     0.8004593575
      23     0.8004593575
      24     0.8658481057
      25     0.8658481057
      26     0.9472897752
      27     0.9810684639
      28     0.9810684639
      29     1.0843679383
      30     1.0843679383
      31     1.1363257070
      32     1.3273575018
      33     1.3838435750
      34     1.3838435750
      35     1.9001135352
      36     2.2223943820
      37     2.2223943820
      38     2.2452967062
      39     2.2452967062
      40     2.6507041008
      41     2.6507041008
      42     2.9527913154
      43     2.9979411233
      44     3.1307458923
      45     3.1307458923
      46     3.3303995450
======== ================

 
.. >>>>> [ RES  MEM :       0.111691 GB ] [ VIRT MEM :       2.054409 GB ] <<<<< ..
.. >>>>> [ WALL TIME:       2.704216  s ] [ CPU  TIME:      57.533831  s ] <<<<< ..
 
* SCF energy                                        -108.9602216235618    
 
.. >>>>> [ RES  MEM :       0.111858 GB ] [ VIRT MEM :       2.054470 GB ] <<<<< ..
.. >>>>> [ WALL TIME:       2.838375  s ] [ CPU  TIME:      60.626687  s ] <<<<< ..
 
Wall time: 0:00:05

