Date: 18/03/2021 04:20:19
===============
Quantum Package
===============

Git Commit: Fixing zmq bug
Git Date  : Tue Mar 2 14:27:22 2021 +0100
Git SHA1  : ee9f4516b39d8dd8fa2476d3d5d738bacfd91718
EZFIO Dir : ammonia


Task server running : tcp://10.1.255.215:41279
.. >>>>> [ IO READ: read_wf ] <<<<< ..
 
.. >>>>> [ RES  MEM :       0.009525 GB ] [ VIRT MEM :       0.142143 GB ] <<<<< ..
.. >>>>> [ WALL TIME:       0.008746  s ] [ CPU  TIME:       0.016812  s ] <<<<< ..
 
* Dimension of the psi arrays                               100000
.. >>>>> [ IO READ: n_states ] <<<<< ..
 
.. >>>>> [ RES  MEM :       0.009724 GB ] [ VIRT MEM :       0.142143 GB ] <<<<< ..
.. >>>>> [ WALL TIME:       0.017917  s ] [ CPU  TIME:       0.017231  s ] <<<<< ..
 
 * mo_label          Natural
* Number of determinants                                         1
.. >>>>> [ IO READ: n_det_max_full ] <<<<< ..
 
.. >>>>> [ RES  MEM :       0.017979 GB ] [ VIRT MEM :       1.942959 GB ] <<<<< ..
.. >>>>> [ WALL TIME:       0.096431  s ] [ CPU  TIME:       1.509351  s ] <<<<< ..
 
 
.. >>>>> [ RES  MEM :       0.017979 GB ] [ VIRT MEM :       1.942959 GB ] <<<<< ..
.. >>>>> [ WALL TIME:       0.099622  s ] [ CPU  TIME:       1.592660  s ] <<<<< ..
 
 Read  n_states_diag
.. >>>>> [ IO READ: threshold_davidson ] <<<<< ..
 
.. >>>>> [ RES  MEM :       0.017979 GB ] [ VIRT MEM :       1.942959 GB ] <<<<< ..
.. >>>>> [ WALL TIME:       0.104046  s ] [ CPU  TIME:       1.708019  s ] <<<<< ..
 
* mo_num                                                        50
* N_int                                                          1
.. >>>>> [ IO READ: elec_beta_num ] <<<<< ..
 
.. >>>>> [ RES  MEM :       0.018211 GB ] [ VIRT MEM :       1.942959 GB ] <<<<< ..
.. >>>>> [ WALL TIME:       0.121376  s ] [ CPU  TIME:       2.161035  s ] <<<<< ..
 
.. >>>>> [ IO READ: elec_alpha_num ] <<<<< ..
 
.. >>>>> [ RES  MEM :       0.018211 GB ] [ VIRT MEM :       1.942959 GB ] <<<<< ..
.. >>>>> [ WALL TIME:       0.122984  s ] [ CPU  TIME:       2.204810  s ] <<<<< ..
 
.. >>>>> [ IO READ: ao_num ] <<<<< ..
 
.. >>>>> [ RES  MEM :       0.018211 GB ] [ VIRT MEM :       1.942959 GB ] <<<<< ..
.. >>>>> [ WALL TIME:       0.142002  s ] [ CPU  TIME:       2.718789  s ] <<<<< ..
 
 Read  mo_coef
.. >>>>> [ IO READ: io_mo_two_e_integrals ] <<<<< ..
 
.. >>>>> [ RES  MEM :       0.019905 GB ] [ VIRT MEM :       1.944458 GB ] <<<<< ..
.. >>>>> [ WALL TIME:       0.185880  s ] [ CPU  TIME:       3.894601  s ] <<<<< ..
 
 MO map initialized:                 813450
.. >>>>> [ IO READ: no_vvvv_integrals ] <<<<< ..
 
.. >>>>> [ RES  MEM :       0.019905 GB ] [ VIRT MEM :       1.944458 GB ] <<<<< ..
.. >>>>> [ WALL TIME:       0.194768  s ] [ CPU  TIME:       4.134614  s ] <<<<< ..
 
.. >>>>> [ IO READ: mo_class ] <<<<< ..
 
.. >>>>> [ RES  MEM :       0.020107 GB ] [ VIRT MEM :       1.944458 GB ] <<<<< ..
.. >>>>> [ WALL TIME:       0.212027  s ] [ CPU  TIME:       4.598736  s ] <<<<< ..
 
.. >>>>> [ IO READ: io_ao_two_e_integrals ] <<<<< ..
 
.. >>>>> [ RES  MEM :       0.020107 GB ] [ VIRT MEM :       1.944458 GB ] <<<<< ..
.. >>>>> [ WALL TIME:       0.306844  s ] [ CPU  TIME:       7.159252  s ] <<<<< ..
 
 AO map initialized :                 950131
 Providing the AO integrals
.. >>>>> [ IO READ: ao_prim_num ] <<<<< ..
 
.. >>>>> [ RES  MEM :       0.020176 GB ] [ VIRT MEM :       1.944458 GB ] <<<<< ..
.. >>>>> [ WALL TIME:       0.311198  s ] [ CPU  TIME:       7.276701  s ] <<<<< ..
 
.. >>>>> [ IO READ: ao_normalized ] <<<<< ..
 
.. >>>>> [ RES  MEM :       0.020176 GB ] [ VIRT MEM :       1.944458 GB ] <<<<< ..
.. >>>>> [ WALL TIME:       0.312632  s ] [ CPU  TIME:       7.315763  s ] <<<<< ..
 
.. >>>>> [ IO READ: primitives_normalized ] <<<<< ..
 
.. >>>>> [ RES  MEM :       0.020176 GB ] [ VIRT MEM :       1.944458 GB ] <<<<< ..
.. >>>>> [ WALL TIME:       0.314124  s ] [ CPU  TIME:       7.356335  s ] <<<<< ..
 
.. >>>>> [ IO READ: ao_coef ] <<<<< ..
 
.. >>>>> [ RES  MEM :       0.020248 GB ] [ VIRT MEM :       1.944458 GB ] <<<<< ..
.. >>>>> [ WALL TIME:       0.320819  s ] [ CPU  TIME:       7.533680  s ] <<<<< ..
 
.. >>>>> [ IO READ: ao_power ] <<<<< ..
 
.. >>>>> [ RES  MEM :       0.020256 GB ] [ VIRT MEM :       1.944458 GB ] <<<<< ..
.. >>>>> [ WALL TIME:       0.329212  s ] [ CPU  TIME:       7.757238  s ] <<<<< ..
 
.. >>>>> [ IO READ: ao_expo ] <<<<< ..
 
.. >>>>> [ RES  MEM :       0.020271 GB ] [ VIRT MEM :       1.944458 GB ] <<<<< ..
.. >>>>> [ WALL TIME:       0.347012  s ] [ CPU  TIME:       8.234349  s ] <<<<< ..
 
.. >>>>> [ IO READ: ao_integrals_threshold ] <<<<< ..
 
.. >>>>> [ RES  MEM :       0.020271 GB ] [ VIRT MEM :       1.944458 GB ] <<<<< ..
.. >>>>> [ WALL TIME:       0.351146  s ] [ CPU  TIME:       8.346390  s ] <<<<< ..
 
.. >>>>> [ IO READ: ao_nucl ] <<<<< ..
 
.. >>>>> [ RES  MEM :       0.020393 GB ] [ VIRT MEM :       1.944458 GB ] <<<<< ..
.. >>>>> [ WALL TIME:       0.378068  s ] [ CPU  TIME:       9.071471  s ] <<<<< ..
 
.. >>>>> [ IO READ: is_periodic ] <<<<< ..
 
.. >>>>> [ RES  MEM :       0.021355 GB ] [ VIRT MEM :       2.089134 GB ] <<<<< ..
.. >>>>> [ WALL TIME:       0.404901  s ] [ CPU  TIME:       9.700454  s ] <<<<< ..
 
.. >>>>> [ IO READ: nucl_num ] <<<<< ..
 
.. >>>>> [ RES  MEM :       0.021355 GB ] [ VIRT MEM :       2.089134 GB ] <<<<< ..
.. >>>>> [ WALL TIME:       0.417267  s ] [ CPU  TIME:      10.028876  s ] <<<<< ..
 
.. >>>>> [ IO READ: nucl_label ] <<<<< ..
 
.. >>>>> [ RES  MEM :       0.021557 GB ] [ VIRT MEM :       2.089134 GB ] <<<<< ..
.. >>>>> [ WALL TIME:       0.427361  s ] [ CPU  TIME:      10.292119  s ] <<<<< ..
 
.. >>>>> [ IO READ: nucl_charge ] <<<<< ..
 
.. >>>>> [ RES  MEM :       0.021561 GB ] [ VIRT MEM :       2.089134 GB ] <<<<< ..
.. >>>>> [ WALL TIME:       0.439285  s ] [ CPU  TIME:      10.602851  s ] <<<<< ..
 
 
.. >>>>> [ RES  MEM :       0.021584 GB ] [ VIRT MEM :       2.089134 GB ] <<<<< ..
.. >>>>> [ WALL TIME:       0.448380  s ] [ CPU  TIME:      10.840121  s ] <<<<< ..
 

Nuclear Coordinates (Angstroms)
===============================

================ ============ ============ ============ ============
      Atom          Charge          X            Y            Z 
================ ============ ============ ============ ============
N                    7.000000     0.067759     0.000000     0.000000
H                    1.000000    -0.313823     0.468746    -0.811891
H                    1.000000    -0.313823    -0.937491     0.000000
H                    1.000000    -0.313823     0.468746     0.811891
================ ============ ============ ============ ============

Minimal interatomic distance found:       1.0122 Angstrom
 Sorting the map
 AO integrals provided:
  Size of AO map :            9.73248481750488      MB
  Number of AO integrals :                808475
  cpu  time :   14.0403150000000      s
  wall time :  0.699460983276367      s  ( x    20.0730495848865       )
 
 AO -> MO integrals transformation
 ---------------------------------
 
.. >>>>> [ IO READ: mo_integrals_threshold ] <<<<< ..
 
.. >>>>> [ RES  MEM :       0.039013 GB ] [ VIRT MEM :       2.166271 GB ] <<<<< ..
.. >>>>> [ WALL TIME:       1.013138  s ] [ CPU  TIME:      21.364754  s ] <<<<< ..
 
 Buffers :    4.212418     MB / core
.. >>>>> [ IO READ: io_ao_integrals_overlap ] <<<<< ..
 
.. >>>>> [ RES  MEM :       0.120003 GB ] [ VIRT MEM :       2.255352 GB ] <<<<< ..
.. >>>>> [ WALL TIME:       1.038347  s ] [ CPU  TIME:      21.988718  s ] <<<<< ..
 
.. >>>>> [ IO READ: ao_one_e_integrals_threshold ] <<<<< ..
 
.. >>>>> [ RES  MEM :       0.120003 GB ] [ VIRT MEM :       2.255352 GB ] <<<<< ..
.. >>>>> [ WALL TIME:       1.040765  s ] [ CPU  TIME:      22.056534  s ] <<<<< ..
 
   7.692307     % in    1.05724000930786      s   7.50091171264648      MB
 Molecular integrals provided:
  Size of MO map              7.81339263916016      MB
  Number of MO integrals:                 813450
  cpu  time :   34.8107340000000      s
  wall time :   1.24716210365295      s  ( x    27.9119561908102      )
.. >>>>> [ IO READ: io_mo_integrals_n_e ] <<<<< ..
 
.. >>>>> [ RES  MEM :       0.618187 GB ] [ VIRT MEM :       4.263512 GB ] <<<<< ..
.. >>>>> [ WALL TIME:       2.311743  s ] [ CPU  TIME:      57.636598  s ] <<<<< ..
 
.. >>>>> [ IO READ: io_ao_integrals_n_e ] <<<<< ..
 
.. >>>>> [ RES  MEM :       0.618187 GB ] [ VIRT MEM :       4.263512 GB ] <<<<< ..
.. >>>>> [ WALL TIME:       2.314259  s ] [ CPU  TIME:      57.705000  s ] <<<<< ..
 
.. >>>>> [ IO READ: do_pseudo ] <<<<< ..
 
.. >>>>> [ RES  MEM :       0.618187 GB ] [ VIRT MEM :       4.263512 GB ] <<<<< ..
.. >>>>> [ WALL TIME:       2.338198  s ] [ CPU  TIME:      58.351704  s ] <<<<< ..
 
.. >>>>> [ IO READ: restore_symm ] <<<<< ..
 
.. >>>>> [ RES  MEM :       0.620193 GB ] [ VIRT MEM :       4.334682 GB ] <<<<< ..
.. >>>>> [ WALL TIME:       2.350201  s ] [ CPU  TIME:      58.677324  s ] <<<<< ..
 
.. >>>>> [ IO READ: io_mo_integrals_kinetic ] <<<<< ..
 
.. >>>>> [ RES  MEM :       0.620193 GB ] [ VIRT MEM :       4.334682 GB ] <<<<< ..
.. >>>>> [ WALL TIME:       2.366656  s ] [ CPU  TIME:      59.133420  s ] <<<<< ..
 
.. >>>>> [ IO READ: io_ao_integrals_kinetic ] <<<<< ..
 
.. >>>>> [ RES  MEM :       0.620193 GB ] [ VIRT MEM :       4.334682 GB ] <<<<< ..
.. >>>>> [ WALL TIME:       2.376005  s ] [ CPU  TIME:      59.386183  s ] <<<<< ..
 
.. >>>>> [ IO READ: io_mo_one_e_integrals ] <<<<< ..
 
.. >>>>> [ RES  MEM :       0.620373 GB ] [ VIRT MEM :       4.334682 GB ] <<<<< ..
.. >>>>> [ WALL TIME:       2.395437  s ] [ CPU  TIME:      59.924085  s ] <<<<< ..
 
 Providing the one-electron integrals
.. >>>>> [ IO READ: s2_eig ] <<<<< ..
 
.. >>>>> [ RES  MEM :       0.620373 GB ] [ VIRT MEM :       4.334682 GB ] <<<<< ..
.. >>>>> [ WALL TIME:       2.397921  s ] [ CPU  TIME:      59.991529  s ] <<<<< ..
 
 Diagonalization of H using Lapack
.. >>>>> [ IO READ: only_expected_s2 ] <<<<< ..
 
.. >>>>> [ RES  MEM :       0.620373 GB ] [ VIRT MEM :       4.334682 GB ] <<<<< ..
.. >>>>> [ WALL TIME:       2.401175  s ] [ CPU  TIME:      60.079739  s ] <<<<< ..
 
.. >>>>> [ IO READ: io_nuclear_repulsion ] <<<<< ..
 
.. >>>>> [ RES  MEM :       0.620544 GB ] [ VIRT MEM :       4.334682 GB ] <<<<< ..
.. >>>>> [ WALL TIME:       2.425689  s ] [ CPU  TIME:      60.742244  s ] <<<<< ..
 
 
.. >>>>> [ RES  MEM :       0.620544 GB ] [ VIRT MEM :       4.334682 GB ] <<<<< ..
.. >>>>> [ WALL TIME:       2.425933  s ] [ CPU  TIME:      60.749026  s ] <<<<< ..
 
* Nuclear repulsion energy                           11.95674635143708    
 
.. >>>>> [ RES  MEM :       0.620544 GB ] [ VIRT MEM :       4.334682 GB ] <<<<< ..
.. >>>>> [ WALL TIME:       2.426190  s ] [ CPU  TIME:      60.756183  s ] <<<<< ..
 
* Energy of state    1                              -56.14872378629200    
* S^2 of state    1                                  0.000000000000000    
.. >>>>> [ IO READ: pseudo_sym ] <<<<< ..
 
.. >>>>> [ RES  MEM :       0.620544 GB ] [ VIRT MEM :       4.334682 GB ] <<<<< ..
.. >>>>> [ WALL TIME:       2.433661  s ] [ CPU  TIME:      60.958211  s ] <<<<< ..
 
* Number of active   MOs                                        49
 Active MOs:
           2           3           4           5           6           7
           8           9          10          11          12          13
          14          15          16          17          18          19
          20          21          22          23          24          25
          26          27          28          29          30          31
          32          33          34          35          36          37
          38          39          40          41          42          43
          44          45          46          47          48          49
          50
* Number of virtual  MOs                                         0
* Number of inactive MOs                                         0
.. >>>>> [ IO READ: pruning ] <<<<< ..
 
.. >>>>> [ RES  MEM :       0.646355 GB ] [ VIRT MEM :       4.361877 GB ] <<<<< ..
.. >>>>> [ WALL TIME:       2.506781  s ] [ CPU  TIME:      62.939647  s ] <<<<< ..
 
.. >>>>> [ IO READ: weight_one_e_dm ] <<<<< ..
 
.. >>>>> [ RES  MEM :       0.648308 GB ] [ VIRT MEM :       4.367111 GB ] <<<<< ..
.. >>>>> [ WALL TIME:       2.516938  s ] [ CPU  TIME:      63.214840  s ] <<<<< ..
 
* Number of configurations                                     181
 
.. >>>>> [ RES  MEM :       0.655926 GB ] [ VIRT MEM :       4.376255 GB ] <<<<< ..
.. >>>>> [ WALL TIME:       2.547067  s ] [ CPU  TIME:      64.028399  s ] <<<<< ..
 
 Diagonalization of H using Lapack
 
.. >>>>> [ RES  MEM :       1.194973 GB ] [ VIRT MEM :       4.979988 GB ] <<<<< ..
.. >>>>> [ WALL TIME:       2.709046  s ] [ CPU  TIME:      68.278703  s ] <<<<< ..
 
* Energy of state    1                              -56.22610127499161    
* S^2 of state    1                                 0.2570663497034056E-26
* Energy of state    2                              -55.99426816294022    
* S^2 of state    2                                 0.4809710823630956E-25
* Energy of state    3                              -55.94146267277338    
* S^2 of state    3                                 0.2477683297104517E-24
* Energy of state    4                              -55.94146086133810    
* S^2 of state    4                                 0.3213627659322330E-25
* Energy of state    5                              -55.88300034865313    
* S^2 of state    5                                 0.4522455013603792E-24
 N_det =          361
 ******************************
 Energies  of the states:
           1  -56.2261012749916     
           2  -55.9942681629402     
           3  -55.9414626727734     
           4  -55.9414608613381     
           5  -55.8830003486531     
 ******************************
 Excitation energies 
           2  0.231833112051390     
           3  0.284638602218223     
           4  0.284640413653506     
           5  0.343100926338479     
* Saved determinants                                           361
 Diagonalization of H using Lapack
 
.. >>>>> [ RES  MEM :       1.190655 GB ] [ VIRT MEM :       4.975441 GB ] <<<<< ..
.. >>>>> [ WALL TIME:       3.122121  s ] [ CPU  TIME:      79.495433  s ] <<<<< ..
 
* Energy of state    1                              -56.22610127499161    
* S^2 of state    1                                 0.2570663497034056E-26
* Energy of state    2                              -55.99426816294022    
* S^2 of state    2                                 0.4809710823630956E-25
* Energy of state    3                              -55.94146267277338    
* S^2 of state    3                                 0.2477683297104517E-24
* Energy of state    4                              -55.94146086133810    
* S^2 of state    4                                 0.3213627659322330E-25
* Energy of state    5                              -55.88300034865313    
* S^2 of state    5                                 0.4522455013603792E-24
Wall time: 0:00:07

