Date: 16/03/2021 20:15:56
===============
Quantum Package
===============

Git Commit: Fixing zmq bug
Git Date  : Tue Mar 2 14:27:22 2021 +0100
Git SHA1  : ee9f4516b39d8dd8fa2476d3d5d738bacfd91718
EZFIO Dir : dinitrogen


Task server running : tcp://10.1.255.225:41279
.. >>>>> [ IO READ: read_wf ] <<<<< ..
 
.. >>>>> [ RES  MEM :       0.009518 GB ] [ VIRT MEM :       0.142143 GB ] <<<<< ..
.. >>>>> [ WALL TIME:       0.010623  s ] [ CPU  TIME:       0.014946  s ] <<<<< ..
 
* Dimension of the psi arrays                               100000
.. >>>>> [ IO READ: n_states ] <<<<< ..
 
.. >>>>> [ RES  MEM :       0.009720 GB ] [ VIRT MEM :       0.142143 GB ] <<<<< ..
.. >>>>> [ WALL TIME:       0.026844  s ] [ CPU  TIME:       0.015389  s ] <<<<< ..
 
 * mo_label          Canonical
* Number of determinants                                         1
.. >>>>> [ IO READ: n_det_max_full ] <<<<< ..
 
.. >>>>> [ RES  MEM :       0.017235 GB ] [ VIRT MEM :       1.676556 GB ] <<<<< ..
.. >>>>> [ WALL TIME:       0.079784  s ] [ CPU  TIME:       0.782646  s ] <<<<< ..
 
 
.. >>>>> [ RES  MEM :       0.017235 GB ] [ VIRT MEM :       1.676556 GB ] <<<<< ..
.. >>>>> [ WALL TIME:       0.088739  s ] [ CPU  TIME:       0.962074  s ] <<<<< ..
 
 Read  n_states_diag
.. >>>>> [ IO READ: threshold_davidson ] <<<<< ..
 
.. >>>>> [ RES  MEM :       0.017235 GB ] [ VIRT MEM :       1.676556 GB ] <<<<< ..
.. >>>>> [ WALL TIME:       0.092867  s ] [ CPU  TIME:       1.044969  s ] <<<<< ..
 
* mo_num                                                        46
* N_int                                                          1
.. >>>>> [ IO READ: elec_beta_num ] <<<<< ..
 
.. >>>>> [ RES  MEM :       0.017235 GB ] [ VIRT MEM :       1.676556 GB ] <<<<< ..
.. >>>>> [ WALL TIME:       0.101307  s ] [ CPU  TIME:       1.214356  s ] <<<<< ..
 
.. >>>>> [ IO READ: elec_alpha_num ] <<<<< ..
 
.. >>>>> [ RES  MEM :       0.017235 GB ] [ VIRT MEM :       1.676556 GB ] <<<<< ..
.. >>>>> [ WALL TIME:       0.103003  s ] [ CPU  TIME:       1.248575  s ] <<<<< ..
 
.. >>>>> [ IO READ: ao_num ] <<<<< ..
 
.. >>>>> [ RES  MEM :       0.017235 GB ] [ VIRT MEM :       1.676556 GB ] <<<<< ..
.. >>>>> [ WALL TIME:       0.111568  s ] [ CPU  TIME:       1.420329  s ] <<<<< ..
 
 Read  mo_coef
.. >>>>> [ IO READ: io_mo_two_e_integrals ] <<<<< ..
 
.. >>>>> [ RES  MEM :       0.019047 GB ] [ VIRT MEM :       1.678055 GB ] <<<<< ..
.. >>>>> [ WALL TIME:       0.142553  s ] [ CPU  TIME:       2.079812  s ] <<<<< ..
 
 MO map initialized:                 584821
.. >>>>> [ IO READ: no_vvvv_integrals ] <<<<< ..
 
.. >>>>> [ RES  MEM :       0.019047 GB ] [ VIRT MEM :       1.678055 GB ] <<<<< ..
.. >>>>> [ WALL TIME:       0.146051  s ] [ CPU  TIME:       2.160268  s ] <<<<< ..
 
.. >>>>> [ IO READ: mo_class ] <<<<< ..
 
.. >>>>> [ RES  MEM :       0.019245 GB ] [ VIRT MEM :       1.678055 GB ] <<<<< ..
.. >>>>> [ WALL TIME:       0.149240  s ] [ CPU  TIME:       2.232444  s ] <<<<< ..
 
.. >>>>> [ IO READ: io_ao_two_e_integrals ] <<<<< ..
 
.. >>>>> [ RES  MEM :       0.019245 GB ] [ VIRT MEM :       1.678055 GB ] <<<<< ..
.. >>>>> [ WALL TIME:       0.152070  s ] [ CPU  TIME:       2.295158  s ] <<<<< ..
 
 AO map initialized :                 813450
 Providing the AO integrals
.. >>>>> [ IO READ: ao_prim_num ] <<<<< ..
 
.. >>>>> [ RES  MEM :       0.019321 GB ] [ VIRT MEM :       1.678055 GB ] <<<<< ..
.. >>>>> [ WALL TIME:       0.161283  s ] [ CPU  TIME:       2.500795  s ] <<<<< ..
 
.. >>>>> [ IO READ: ao_normalized ] <<<<< ..
 
.. >>>>> [ RES  MEM :       0.019321 GB ] [ VIRT MEM :       1.678055 GB ] <<<<< ..
.. >>>>> [ WALL TIME:       0.164207  s ] [ CPU  TIME:       2.568382  s ] <<<<< ..
 
.. >>>>> [ IO READ: primitives_normalized ] <<<<< ..
 
.. >>>>> [ RES  MEM :       0.019321 GB ] [ VIRT MEM :       1.678055 GB ] <<<<< ..
.. >>>>> [ WALL TIME:       0.165722  s ] [ CPU  TIME:       2.603544  s ] <<<<< ..
 
.. >>>>> [ IO READ: ao_coef ] <<<<< ..
 
.. >>>>> [ RES  MEM :       0.019394 GB ] [ VIRT MEM :       1.678055 GB ] <<<<< ..
.. >>>>> [ WALL TIME:       0.170661  s ] [ CPU  TIME:       2.715630  s ] <<<<< ..
 
.. >>>>> [ IO READ: ao_power ] <<<<< ..
 
.. >>>>> [ RES  MEM :       0.019402 GB ] [ VIRT MEM :       1.678055 GB ] <<<<< ..
.. >>>>> [ WALL TIME:       0.179402  s ] [ CPU  TIME:       2.915387  s ] <<<<< ..
 
.. >>>>> [ IO READ: ao_expo ] <<<<< ..
 
.. >>>>> [ RES  MEM :       0.019417 GB ] [ VIRT MEM :       1.678055 GB ] <<<<< ..
.. >>>>> [ WALL TIME:       0.196298  s ] [ CPU  TIME:       3.302377  s ] <<<<< ..
 
.. >>>>> [ IO READ: ao_integrals_threshold ] <<<<< ..
 
.. >>>>> [ RES  MEM :       0.019417 GB ] [ VIRT MEM :       1.678055 GB ] <<<<< ..
.. >>>>> [ WALL TIME:       0.200165  s ] [ CPU  TIME:       3.392045  s ] <<<<< ..
 
.. >>>>> [ IO READ: ao_nucl ] <<<<< ..
 
.. >>>>> [ RES  MEM :       0.019543 GB ] [ VIRT MEM :       1.678055 GB ] <<<<< ..
.. >>>>> [ WALL TIME:       0.205888  s ] [ CPU  TIME:       3.522188  s ] <<<<< ..
 
.. >>>>> [ IO READ: is_periodic ] <<<<< ..
 
.. >>>>> [ RES  MEM :       0.020264 GB ] [ VIRT MEM :       1.822727 GB ] <<<<< ..
.. >>>>> [ WALL TIME:       0.233398  s ] [ CPU  TIME:       3.909405  s ] <<<<< ..
 
.. >>>>> [ IO READ: nucl_num ] <<<<< ..
 
.. >>>>> [ RES  MEM :       0.020264 GB ] [ VIRT MEM :       1.822727 GB ] <<<<< ..
.. >>>>> [ WALL TIME:       0.239599  s ] [ CPU  TIME:       4.036647  s ] <<<<< ..
 
.. >>>>> [ IO READ: nucl_label ] <<<<< ..
 
.. >>>>> [ RES  MEM :       0.020515 GB ] [ VIRT MEM :       1.822727 GB ] <<<<< ..
.. >>>>> [ WALL TIME:       0.244363  s ] [ CPU  TIME:       4.132389  s ] <<<<< ..
 
.. >>>>> [ IO READ: nucl_charge ] <<<<< ..
 
.. >>>>> [ RES  MEM :       0.020527 GB ] [ VIRT MEM :       1.822727 GB ] <<<<< ..
.. >>>>> [ WALL TIME:       0.248590  s ] [ CPU  TIME:       4.217362  s ] <<<<< ..
 
 
.. >>>>> [ RES  MEM :       0.020538 GB ] [ VIRT MEM :       1.822727 GB ] <<<<< ..
.. >>>>> [ WALL TIME:       0.258696  s ] [ CPU  TIME:       4.419887  s ] <<<<< ..
 

Nuclear Coordinates (Angstroms)
===============================

================ ============ ============ ============ ============
      Atom          Charge          X            Y            Z 
================ ============ ============ ============ ============
N                    7.000000     0.000000     0.000000     0.550390
N                    7.000000     0.000000     0.000000    -0.550390
================ ============ ============ ============ ============

Minimal interatomic distance found:       1.1008 Angstrom
 Sorting the map
 AO integrals provided:
  Size of AO map :            2.48324012756348      MB
  Number of AO integrals :                208746
  cpu  time :   13.7038620000000      s
  wall time :  0.734283924102783      s  ( x    18.6628925817008       )
 
 AO -> MO integrals transformation
 ---------------------------------
 
.. >>>>> [ IO READ: mo_integrals_threshold ] <<<<< ..
 
.. >>>>> [ RES  MEM :       0.025249 GB ] [ VIRT MEM :       1.890079 GB ] <<<<< ..
.. >>>>> [ WALL TIME:       0.892373  s ] [ CPU  TIME:      16.137793  s ] <<<<< ..
 
 Buffers :    3.639587     MB / core
.. >>>>> [ IO READ: io_ao_integrals_overlap ] <<<<< ..
 
.. >>>>> [ RES  MEM :       0.084454 GB ] [ VIRT MEM :       1.957531 GB ] <<<<< ..
.. >>>>> [ WALL TIME:       0.915606  s ] [ CPU  TIME:      16.678712  s ] <<<<< ..
 
.. >>>>> [ IO READ: ao_one_e_integrals_threshold ] <<<<< ..
 
.. >>>>> [ RES  MEM :       0.084454 GB ] [ VIRT MEM :       1.957531 GB ] <<<<< ..
.. >>>>> [ WALL TIME:       0.917859  s ] [ CPU  TIME:      16.730976  s ] <<<<< ..
 
 Molecular integrals provided:
  Size of MO map              5.43114089965820      MB
  Number of MO integrals:                 291230
  cpu  time :   18.9612160000000      s
  wall time :  0.793100118637085      s  ( x    23.9077205442665      )
.. >>>>> [ IO READ: io_mo_integrals_n_e ] <<<<< ..
 
.. >>>>> [ RES  MEM :       0.490273 GB ] [ VIRT MEM :       4.017696 GB ] <<<<< ..
.. >>>>> [ WALL TIME:       1.722061  s ] [ CPU  TIME:      35.979148  s ] <<<<< ..
 
.. >>>>> [ IO READ: io_ao_integrals_n_e ] <<<<< ..
 
.. >>>>> [ RES  MEM :       0.490273 GB ] [ VIRT MEM :       4.017696 GB ] <<<<< ..
.. >>>>> [ WALL TIME:       1.723231  s ] [ CPU  TIME:      36.006462  s ] <<<<< ..
 
.. >>>>> [ IO READ: do_pseudo ] <<<<< ..
 
.. >>>>> [ RES  MEM :       0.490273 GB ] [ VIRT MEM :       4.017696 GB ] <<<<< ..
.. >>>>> [ WALL TIME:       1.726133  s ] [ CPU  TIME:      36.073661  s ] <<<<< ..
 
.. >>>>> [ IO READ: restore_symm ] <<<<< ..
 
.. >>>>> [ RES  MEM :       0.491947 GB ] [ VIRT MEM :       4.088867 GB ] <<<<< ..
.. >>>>> [ WALL TIME:       1.736011  s ] [ CPU  TIME:      36.302018  s ] <<<<< ..
 
.. >>>>> [ IO READ: io_mo_integrals_kinetic ] <<<<< ..
 
.. >>>>> [ RES  MEM :       0.491947 GB ] [ VIRT MEM :       4.088867 GB ] <<<<< ..
.. >>>>> [ WALL TIME:       1.738200  s ] [ CPU  TIME:      36.353771  s ] <<<<< ..
 
.. >>>>> [ IO READ: io_ao_integrals_kinetic ] <<<<< ..
 
.. >>>>> [ RES  MEM :       0.491947 GB ] [ VIRT MEM :       4.088867 GB ] <<<<< ..
.. >>>>> [ WALL TIME:       1.739286  s ] [ CPU  TIME:      36.379079  s ] <<<<< ..
 
.. >>>>> [ IO READ: io_mo_one_e_integrals ] <<<<< ..
 
.. >>>>> [ RES  MEM :       0.491947 GB ] [ VIRT MEM :       4.088867 GB ] <<<<< ..
.. >>>>> [ WALL TIME:       1.743163  s ] [ CPU  TIME:      36.471539  s ] <<<<< ..
 
 Providing the one-electron integrals
.. >>>>> [ IO READ: s2_eig ] <<<<< ..
 
.. >>>>> [ RES  MEM :       0.491947 GB ] [ VIRT MEM :       4.088867 GB ] <<<<< ..
.. >>>>> [ WALL TIME:       1.745137  s ] [ CPU  TIME:      36.517331  s ] <<<<< ..
 
 Diagonalization of H using Lapack
.. >>>>> [ IO READ: only_expected_s2 ] <<<<< ..
 
.. >>>>> [ RES  MEM :       0.491947 GB ] [ VIRT MEM :       4.088867 GB ] <<<<< ..
.. >>>>> [ WALL TIME:       1.746700  s ] [ CPU  TIME:      36.553598  s ] <<<<< ..
 
.. >>>>> [ IO READ: io_nuclear_repulsion ] <<<<< ..
 
.. >>>>> [ RES  MEM :       0.492126 GB ] [ VIRT MEM :       4.088867 GB ] <<<<< ..
.. >>>>> [ WALL TIME:       1.751437  s ] [ CPU  TIME:      36.663155  s ] <<<<< ..
 
 
.. >>>>> [ RES  MEM :       0.492126 GB ] [ VIRT MEM :       4.088867 GB ] <<<<< ..
.. >>>>> [ WALL TIME:       1.751641  s ] [ CPU  TIME:      36.668033  s ] <<<<< ..
 
* Nuclear repulsion energy                           23.55573708199530    
 
.. >>>>> [ RES  MEM :       0.492126 GB ] [ VIRT MEM :       4.088867 GB ] <<<<< ..
.. >>>>> [ WALL TIME:       1.751897  s ] [ CPU  TIME:      36.674138  s ] <<<<< ..
 
* Energy of state    1                              -108.9602216235614    
* S^2 of state    1                                  0.000000000000000    
.. >>>>> [ IO READ: pseudo_sym ] <<<<< ..
 
.. >>>>> [ RES  MEM :       0.492126 GB ] [ VIRT MEM :       4.088867 GB ] <<<<< ..
.. >>>>> [ WALL TIME:       1.753370  s ] [ CPU  TIME:      36.708307  s ] <<<<< ..
 
* Number of active   MOs                                        44
 Active MOs:
           3           4           5           6           7           8
           9          10          11          12          13          14
          15          16          17          18          19          20
          21          22          23          24          25          26
          27          28          29          30          31          32
          33          34          35          36          37          38
          39          40          41          42          43          44
          45          46
* Number of virtual  MOs                                         0
* Number of inactive MOs                                         0
.. >>>>> [ IO READ: pruning ] <<<<< ..
 
.. >>>>> [ RES  MEM :       0.505165 GB ] [ VIRT MEM :       4.103584 GB ] <<<<< ..
.. >>>>> [ WALL TIME:       1.774792  s ] [ CPU  TIME:      37.205766  s ] <<<<< ..
 
.. >>>>> [ IO READ: weight_one_e_dm ] <<<<< ..
 
.. >>>>> [ RES  MEM :       0.507118 GB ] [ VIRT MEM :       4.108070 GB ] <<<<< ..
.. >>>>> [ WALL TIME:       1.778015  s ] [ CPU  TIME:      37.280762  s ] <<<<< ..
 
* Number of configurations                                     196
 
.. >>>>> [ RES  MEM :       0.513203 GB ] [ VIRT MEM :       4.116467 GB ] <<<<< ..
.. >>>>> [ WALL TIME:       1.795298  s ] [ CPU  TIME:      37.687857  s ] <<<<< ..
 
 Diagonalization of H using Lapack
 
.. >>>>> [ RES  MEM :       0.984394 GB ] [ VIRT MEM :       4.640453 GB ] <<<<< ..
.. >>>>> [ WALL TIME:       1.964217  s ] [ CPU  TIME:      41.584278  s ] <<<<< ..
 
* Energy of state    1                              -108.9602216235617    
* S^2 of state    1                                 0.1109296759369561E-26
* Energy of state    2                              -108.6496623311093    
* S^2 of state    2                                 0.1321373570681410E-24
* Energy of state    3                              -108.6290762471927    
* S^2 of state    3                                 0.2887483348598580E-24
* Energy of state    4                              -108.6290762471902    
* S^2 of state    4                                 0.4835401804642729E-24
 N_det =          391
 ******************************
 Energies  of the states:
           1  -108.960221623562     
           2  -108.649662331109     
           3  -108.629076247193     
           4  -108.629076247190     
 ******************************
 Excitation energies 
           2  0.310559292452325     
           3  0.331145376368966     
           4  0.331145376371467     
* Saved determinants                                            65
 Diagonalization of H using Lapack
 
.. >>>>> [ RES  MEM :       0.982681 GB ] [ VIRT MEM :       4.641087 GB ] <<<<< ..
.. >>>>> [ WALL TIME:       2.189528  s ] [ CPU  TIME:      46.867302  s ] <<<<< ..
 
* Energy of state    1                              -108.9602216235617    
* S^2 of state    1                                 0.1109296759369561E-26
* Energy of state    2                              -108.6496623311093    
* S^2 of state    2                                 0.1321373570681410E-24
* Energy of state    3                              -108.6290762471927    
* S^2 of state    3                                 0.2887483348598580E-24
* Energy of state    4                              -108.6290762471902    
* S^2 of state    4                                 0.4835401804642729E-24
Wall time: 0:00:04

