Date: 27/03/2021 11:38:33
===============
Quantum Package
===============

Git Commit: Fixing zmq bug
Git Date  : Tue Mar 2 14:27:22 2021 +0100
Git SHA1  : ee9f4516b39d8dd8fa2476d3d5d738bacfd91718
EZFIO Dir : BF


Task server running : tcp://10.1.255.222:41279
.. >>>>> [ IO READ: n_states ] <<<<< ..
 
.. >>>>> [ RES  MEM :       0.009556 GB ] [ VIRT MEM :       0.141804 GB ] <<<<< ..
.. >>>>> [ WALL TIME:       0.002542  s ] [ CPU  TIME:       0.018613  s ] <<<<< ..
 
.. >>>>> [ IO READ: read_wf ] <<<<< ..
 
.. >>>>> [ RES  MEM :       0.009731 GB ] [ VIRT MEM :       0.141804 GB ] <<<<< ..
.. >>>>> [ WALL TIME:       0.004236  s ] [ CPU  TIME:       0.018862  s ] <<<<< ..
 
.. >>>>> [ IO READ: ao_num ] <<<<< ..
 
.. >>>>> [ RES  MEM :       0.009731 GB ] [ VIRT MEM :       0.141804 GB ] <<<<< ..
.. >>>>> [ WALL TIME:       0.220746  s ] [ CPU  TIME:       0.019219  s ] <<<<< ..
 
* mo_num                                                        92
 Read  mo_coef
.. >>>>> [ IO READ: elec_beta_num ] <<<<< ..
 
.. >>>>> [ RES  MEM :       0.024261 GB ] [ VIRT MEM :       1.692760 GB ] <<<<< ..
.. >>>>> [ WALL TIME:       0.300035  s ] [ CPU  TIME:       1.288957  s ] <<<<< ..
 
.. >>>>> [ IO READ: elec_alpha_num ] <<<<< ..
 
.. >>>>> [ RES  MEM :       0.024261 GB ] [ VIRT MEM :       1.692760 GB ] <<<<< ..
.. >>>>> [ WALL TIME:       0.301558  s ] [ CPU  TIME:       1.322484  s ] <<<<< ..
 
 Read mo_occ
 * mo_label          Canonical
* Number of determinants                                  14856577
* N_int                                                          2
* Dimension of the psi arrays                             14856577
 Read psi_det
* Number of unique beta determinants                        374516
* Number of unique alpha determinants                       374516
 Read psi_coef    14856577           2
.. >>>>> [ IO READ: weight_one_e_dm ] <<<<< ..
 
.. >>>>> [ RES  MEM :       4.079803 GB ] [ VIRT MEM :       5.764244 GB ] <<<<< ..
.. >>>>> [ WALL TIME:     144.139837  s ] [ CPU  TIME:    1890.284015  s ] <<<<< ..
 
.. >>>>> [ IO READ: mo_class ] <<<<< ..
 
.. >>>>> [ RES  MEM :       4.079926 GB ] [ VIRT MEM :       5.764244 GB ] <<<<< ..
.. >>>>> [ WALL TIME:     144.174818  s ] [ CPU  TIME:    1891.087676  s ] <<<<< ..
 
* Number of core     MOs                                         2
* Number of inactive MOs                                         0
* Number of active   MOs                                        90
 Core MOs:
           1           2
 Active MOs:
           3           4           5           6           7           8
           9          10          11          12          13          14
          15          16          17          18          19          20
          21          22          23          24          25          26
          27          28          29          30          31          32
          33          34          35          36          37          38
          39          40          41          42          43          44
          45          46          47          48          49          50
          51          52          53          54          55          56
          57          58          59          60          61          62
          63          64          65          66          67          68
          69          70          71          72          73          74
          75          76          77          78          79          80
          81          82          83          84          85          86
          87          88          89          90          91          92
 Core, Inactive and Active MOs:
           1           2           3           4           5           6
           7           8           9          10          11          12
          13          14          15          16          17          18
          19          20          21          22          23          24
          25          26          27          28          29          30
          31          32          33          34          35          36
          37          38          39          40          41          42
          43          44          45          46          47          48
          49          50          51          52          53          54
          55          56          57          58          59          60
          61          62          63          64          65          66
          67          68          69          70          71          72
          73          74          75          76          77          78
          79          80          81          82          83          84
          85          86          87          88          89          90
          91          92
* Number of virtual  MOs                                         0
 Virtual MOs:
 
 
.. >>>>> [ RES  MEM :       4.079926 GB ] [ VIRT MEM :       5.764244 GB ] <<<<< ..
.. >>>>> [ WALL TIME:     144.262363  s ] [ CPU  TIME:    1893.101068  s ] <<<<< ..
 
MOs are now **Natural**

Eigenvalues
-----------

======== ================ ================
   MO       Eigenvalue       Cumulative   
======== ================ ================
       1     2.0000000000     2.0000000000
       2     2.0000000000     4.0000000000
       3     1.9869971175     5.9869971175
       4     1.9666918721     7.9536889896
       5     1.9660203156     9.9197093052
       6     1.9653028918    11.8850121970
       7     1.4379551189    13.3229673159
       8     0.5124253160    13.8353926319
       9     0.0374274059    13.8728200378
      10     0.0247059423    13.8975259800
      11     0.0133292294    13.9108552095
      12     0.0112634122    13.9221186217
      13     0.0100429590    13.9321615806
      14     0.0082607944    13.9404223750
      15     0.0075068455    13.9479292205
      16     0.0059805454    13.9539097660
      17     0.0056902873    13.9596000532
      18     0.0052724966    13.9648725498
      19     0.0051425653    13.9700151151
      20     0.0051394127    13.9751545278
      21     0.0044112173    13.9795657450
      22     0.0035800742    13.9831458193
      23     0.0017497285    13.9848955478
      24     0.0015508122    13.9864463600
      25     0.0010684115    13.9875147716
      26     0.0010149773    13.9885297489
      27     0.0008192630    13.9893490118
      28     0.0008128218    13.9901618336
      29     0.0007206777    13.9908825113
      30     0.0006904558    13.9915729672
      31     0.0005959459    13.9921689131
      32     0.0005332879    13.9927022010
      33     0.0004400415    13.9931422425
      34     0.0004158170    13.9935580595
      35     0.0004089422    13.9939670017
      36     0.0003990600    13.9943660618
      37     0.0003987649    13.9947648267
      38     0.0003965773    13.9951614040
      39     0.0003962934    13.9955576974
      40     0.0003868039    13.9959445013
      41     0.0003381942    13.9962826955
      42     0.0002964563    13.9965791518
      43     0.0002148291    13.9967939809
      44     0.0001961107    13.9969900917
      45     0.0001927696    13.9971828613
      46     0.0001868592    13.9973697205
      47     0.0001823972    13.9975521177
      48     0.0001798632    13.9977319809
      49     0.0001194209    13.9978514018
      50     0.0001193230    13.9979707248
      51     0.0001174991    13.9980882239
      52     0.0001144934    13.9982027173
      53     0.0001087293    13.9983114466
      54     0.0001025790    13.9984140256
      55     0.0000902580    13.9985042837
      56     0.0000856941    13.9985899778
      57     0.0000817867    13.9986717645
      58     0.0000804240    13.9987521885
      59     0.0000757693    13.9988279577
      60     0.0000733031    13.9989012608
      61     0.0000718617    13.9989731225
      62     0.0000694956    13.9990426180
      63     0.0000652279    13.9991078460
      64     0.0000549585    13.9991628045
      65     0.0000537989    13.9992166034
      66     0.0000516460    13.9992682494
      67     0.0000496213    13.9993178707
      68     0.0000484760    13.9993663467
      69     0.0000472169    13.9994135636
      70     0.0000454006    13.9994589642
      71     0.0000421144    13.9995010786
      72     0.0000392798    13.9995403584
      73     0.0000375469    13.9995779053
      74     0.0000356173    13.9996135226
      75     0.0000352939    13.9996488164
      76     0.0000332695    13.9996820859
      77     0.0000318143    13.9997139002
      78     0.0000307589    13.9997446590
      79     0.0000295381    13.9997741971
      80     0.0000282347    13.9998024319
      81     0.0000257095    13.9998281414
      82     0.0000246364    13.9998527778
      83     0.0000237758    13.9998765536
      84     0.0000210357    13.9998975893
      85     0.0000183531    13.9999159423
      86     0.0000168541    13.9999327964
      87     0.0000158549    13.9999486513
      88     0.0000138733    13.9999625246
      89     0.0000105597    13.9999730842
      90     0.0000094146    13.9999824989
      91     0.0000087833    13.9999912822
      92     0.0000087178    14.0000000000
======== ================ ================

 
.. >>>>> [ RES  MEM :       4.147587 GB ] [ VIRT MEM :       5.946041 GB ] <<<<< ..
.. >>>>> [ WALL TIME:     144.340242  s ] [ CPU  TIME:    1894.821243  s ] <<<<< ..
 
.. >>>>> [ IO READ: lin_dep_cutoff ] <<<<< ..
 
.. >>>>> [ RES  MEM :       4.147587 GB ] [ VIRT MEM :       5.946041 GB ] <<<<< ..
.. >>>>> [ WALL TIME:     144.390629  s ] [ CPU  TIME:    1895.975702  s ] <<<<< ..
 
.. >>>>> [ IO READ: io_ao_integrals_overlap ] <<<<< ..
 
.. >>>>> [ RES  MEM :       4.147587 GB ] [ VIRT MEM :       5.946041 GB ] <<<<< ..
.. >>>>> [ WALL TIME:     144.397565  s ] [ CPU  TIME:    1896.135563  s ] <<<<< ..
 
.. >>>>> [ IO READ: ao_prim_num ] <<<<< ..
 
.. >>>>> [ RES  MEM :       4.147697 GB ] [ VIRT MEM :       5.946148 GB ] <<<<< ..
.. >>>>> [ WALL TIME:     144.419931  s ] [ CPU  TIME:    1896.648655  s ] <<<<< ..
 
.. >>>>> [ IO READ: ao_normalized ] <<<<< ..
 
.. >>>>> [ RES  MEM :       4.147697 GB ] [ VIRT MEM :       5.946148 GB ] <<<<< ..
.. >>>>> [ WALL TIME:     144.450452  s ] [ CPU  TIME:    1897.350924  s ] <<<<< ..
 
.. >>>>> [ IO READ: primitives_normalized ] <<<<< ..
 
.. >>>>> [ RES  MEM :       4.147697 GB ] [ VIRT MEM :       5.946148 GB ] <<<<< ..
.. >>>>> [ WALL TIME:     144.452111  s ] [ CPU  TIME:    1897.389416  s ] <<<<< ..
 
.. >>>>> [ IO READ: ao_coef ] <<<<< ..
 
.. >>>>> [ RES  MEM :       4.147762 GB ] [ VIRT MEM :       5.946148 GB ] <<<<< ..
.. >>>>> [ WALL TIME:     144.460815  s ] [ CPU  TIME:    1897.586831  s ] <<<<< ..
 
.. >>>>> [ IO READ: ao_power ] <<<<< ..
 
.. >>>>> [ RES  MEM :       4.147766 GB ] [ VIRT MEM :       5.946148 GB ] <<<<< ..
.. >>>>> [ WALL TIME:     144.467253  s ] [ CPU  TIME:    1897.732604  s ] <<<<< ..
 
.. >>>>> [ IO READ: ao_expo ] <<<<< ..
 
.. >>>>> [ RES  MEM :       4.147774 GB ] [ VIRT MEM :       5.946148 GB ] <<<<< ..
.. >>>>> [ WALL TIME:     144.471881  s ] [ CPU  TIME:    1897.835965  s ] <<<<< ..
 
.. >>>>> [ IO READ: ao_nucl ] <<<<< ..
 
.. >>>>> [ RES  MEM :       4.147850 GB ] [ VIRT MEM :       5.946148 GB ] <<<<< ..
.. >>>>> [ WALL TIME:     144.510883  s ] [ CPU  TIME:    1898.731873  s ] <<<<< ..
 
.. >>>>> [ IO READ: nucl_num ] <<<<< ..
 
.. >>>>> [ RES  MEM :       4.147850 GB ] [ VIRT MEM :       5.946148 GB ] <<<<< ..
.. >>>>> [ WALL TIME:     144.565969  s ] [ CPU  TIME:    1899.999231  s ] <<<<< ..
 
.. >>>>> [ IO READ: nucl_label ] <<<<< ..
 
.. >>>>> [ RES  MEM :       4.147877 GB ] [ VIRT MEM :       5.946148 GB ] <<<<< ..
.. >>>>> [ WALL TIME:     144.579021  s ] [ CPU  TIME:    1900.299988  s ] <<<<< ..
 
.. >>>>> [ IO READ: nucl_charge ] <<<<< ..
 
.. >>>>> [ RES  MEM :       4.147881 GB ] [ VIRT MEM :       5.946148 GB ] <<<<< ..
.. >>>>> [ WALL TIME:     144.587212  s ] [ CPU  TIME:    1900.488924  s ] <<<<< ..
 
 
.. >>>>> [ RES  MEM :       4.147888 GB ] [ VIRT MEM :       5.946148 GB ] <<<<< ..
.. >>>>> [ WALL TIME:     144.703356  s ] [ CPU  TIME:    1903.160375  s ] <<<<< ..
 

Nuclear Coordinates (Angstroms)
===============================

================ ============ ============ ============ ============
      Atom          Charge          X            Y            Z 
================ ============ ============ ============ ============
B                    5.000000     0.000000     0.000000     0.000000
F                    9.000000     0.000000     0.000000     1.268595
================ ============ ============ ============ ============

Minimal interatomic distance found:       1.2686 Angstrom
.. >>>>> [ IO READ: ao_md5 ] <<<<< ..
 
.. >>>>> [ RES  MEM :       4.147888 GB ] [ VIRT MEM :       5.946148 GB ] <<<<< ..
.. >>>>> [ WALL TIME:     144.719658  s ] [ CPU  TIME:    1903.541722  s ] <<<<< ..
 
* Saved determinants                                             1
Wall time: 0:02:34

