Date: 20/03/2021 03:29:30
===============
Quantum Package
===============

Git Commit: Fixing zmq bug
Git Date  : Tue Mar 2 14:27:22 2021 +0100
Git SHA1  : ee9f4516b39d8dd8fa2476d3d5d738bacfd91718
EZFIO Dir : hydrogen_chloride


Task server running : tcp://10.1.255.213:41279
 * mo_label          no_label
.. >>>>> [ IO READ: mo_guess_type ] <<<<< ..
 
.. >>>>> [ RES  MEM :       0.009510 GB ] [ VIRT MEM :       0.141159 GB ] <<<<< ..
.. >>>>> [ WALL TIME:       0.000235  s ] [ CPU  TIME:       0.037391  s ] <<<<< ..
 
.. >>>>> [ IO READ: ao_num ] <<<<< ..
 
.. >>>>> [ RES  MEM :       0.009720 GB ] [ VIRT MEM :       0.141159 GB ] <<<<< ..
.. >>>>> [ WALL TIME:       0.002750  s ] [ CPU  TIME:       0.037714  s ] <<<<< ..
 
.. >>>>> [ IO READ: ao_cartesian ] <<<<< ..
 
.. >>>>> [ RES  MEM :       0.009720 GB ] [ VIRT MEM :       0.141159 GB ] <<<<< ..
.. >>>>> [ WALL TIME:       0.003695  s ] [ CPU  TIME:       0.037949  s ] <<<<< ..
 
.. >>>>> [ IO READ: lin_dep_cutoff ] <<<<< ..
 
.. >>>>> [ RES  MEM :       0.009720 GB ] [ VIRT MEM :       0.141159 GB ] <<<<< ..
.. >>>>> [ WALL TIME:       0.010148  s ] [ CPU  TIME:       0.038266  s ] <<<<< ..
 
* Linear dependencies cut-off                       0.1000000000000000E-05
.. >>>>> [ IO READ: ao_power ] <<<<< ..
 
.. >>>>> [ RES  MEM :       0.012562 GB ] [ VIRT MEM :       1.942146 GB ] <<<<< ..
.. >>>>> [ WALL TIME:       0.023974  s ] [ CPU  TIME:       0.230057  s ] <<<<< ..
 
.. >>>>> [ IO READ: io_ao_integrals_overlap ] <<<<< ..
 
.. >>>>> [ RES  MEM :       0.012562 GB ] [ VIRT MEM :       1.942146 GB ] <<<<< ..
.. >>>>> [ WALL TIME:       0.025071  s ] [ CPU  TIME:       0.254610  s ] <<<<< ..
 
.. >>>>> [ IO READ: ao_prim_num ] <<<<< ..
 
.. >>>>> [ RES  MEM :       0.012943 GB ] [ VIRT MEM :       1.942146 GB ] <<<<< ..
.. >>>>> [ WALL TIME:       0.028598  s ] [ CPU  TIME:       0.333373  s ] <<<<< ..
 
.. >>>>> [ IO READ: ao_normalized ] <<<<< ..
 
.. >>>>> [ RES  MEM :       0.012943 GB ] [ VIRT MEM :       1.942146 GB ] <<<<< ..
.. >>>>> [ WALL TIME:       0.030193  s ] [ CPU  TIME:       0.371985  s ] <<<<< ..
 
.. >>>>> [ IO READ: primitives_normalized ] <<<<< ..
 
.. >>>>> [ RES  MEM :       0.012943 GB ] [ VIRT MEM :       1.942146 GB ] <<<<< ..
.. >>>>> [ WALL TIME:       0.031830  s ] [ CPU  TIME:       0.411589  s ] <<<<< ..
 
.. >>>>> [ IO READ: ao_coef ] <<<<< ..
 
.. >>>>> [ RES  MEM :       0.013004 GB ] [ VIRT MEM :       1.942146 GB ] <<<<< ..
.. >>>>> [ WALL TIME:       0.039077  s ] [ CPU  TIME:       0.583106  s ] <<<<< ..
 
.. >>>>> [ IO READ: ao_expo ] <<<<< ..
 
.. >>>>> [ RES  MEM :       0.013069 GB ] [ VIRT MEM :       1.942146 GB ] <<<<< ..
.. >>>>> [ WALL TIME:       0.044210  s ] [ CPU  TIME:       0.708075  s ] <<<<< ..
 
.. >>>>> [ IO READ: ao_nucl ] <<<<< ..
 
.. >>>>> [ RES  MEM :       0.013248 GB ] [ VIRT MEM :       1.942146 GB ] <<<<< ..
.. >>>>> [ WALL TIME:       0.049548  s ] [ CPU  TIME:       0.846055  s ] <<<<< ..
 
.. >>>>> [ IO READ: nucl_num ] <<<<< ..
 
.. >>>>> [ RES  MEM :       0.013248 GB ] [ VIRT MEM :       1.942146 GB ] <<<<< ..
.. >>>>> [ WALL TIME:       0.054749  s ] [ CPU  TIME:       0.981747  s ] <<<<< ..
 
.. >>>>> [ IO READ: nucl_label ] <<<<< ..
 
.. >>>>> [ RES  MEM :       0.013271 GB ] [ VIRT MEM :       1.942146 GB ] <<<<< ..
.. >>>>> [ WALL TIME:       0.059261  s ] [ CPU  TIME:       1.099646  s ] <<<<< ..
 
.. >>>>> [ IO READ: nucl_charge ] <<<<< ..
 
.. >>>>> [ RES  MEM :       0.013283 GB ] [ VIRT MEM :       1.942146 GB ] <<<<< ..
.. >>>>> [ WALL TIME:       0.062949  s ] [ CPU  TIME:       1.196118  s ] <<<<< ..
 
 
.. >>>>> [ RES  MEM :       0.013290 GB ] [ VIRT MEM :       1.942146 GB ] <<<<< ..
.. >>>>> [ WALL TIME:       0.065495  s ] [ CPU  TIME:       1.262795  s ] <<<<< ..
 

Nuclear Coordinates (Angstroms)
===============================

================ ============ ============ ============ ============
      Atom          Charge          X            Y            Z 
================ ============ ============ ============ ============
Cl                  17.000000     0.000000     0.000000    -0.013175
H                    1.000000     0.000000     0.000000     1.261999
================ ============ ============ ============ ============

Minimal interatomic distance found:       1.2752 Angstrom
* mo_num                                                        73
.. >>>>> [ IO READ: level_shift ] <<<<< ..
 
.. >>>>> [ RES  MEM :       0.084225 GB ] [ VIRT MEM :       2.135834 GB ] <<<<< ..
.. >>>>> [ WALL TIME:       0.160361  s ] [ CPU  TIME:       3.747121  s ] <<<<< ..
 
.. >>>>> [ IO READ: elec_alpha_num ] <<<<< ..
 
.. >>>>> [ RES  MEM :       0.084225 GB ] [ VIRT MEM :       2.135834 GB ] <<<<< ..
.. >>>>> [ WALL TIME:       0.165999  s ] [ CPU  TIME:       3.894287  s ] <<<<< ..
 
.. >>>>> [ IO READ: elec_beta_num ] <<<<< ..
 
.. >>>>> [ RES  MEM :       0.084225 GB ] [ VIRT MEM :       2.135834 GB ] <<<<< ..
.. >>>>> [ WALL TIME:       0.167037  s ] [ CPU  TIME:       3.921589  s ] <<<<< ..
 
.. >>>>> [ IO READ: frozen_orb_scf ] <<<<< ..
 
.. >>>>> [ RES  MEM :       0.084225 GB ] [ VIRT MEM :       2.135834 GB ] <<<<< ..
.. >>>>> [ WALL TIME:       0.168017  s ] [ CPU  TIME:       3.947370  s ] <<<<< ..
 
.. >>>>> [ IO READ: io_ao_one_e_integrals ] <<<<< ..
 
.. >>>>> [ RES  MEM :       0.084225 GB ] [ VIRT MEM :       2.135834 GB ] <<<<< ..
.. >>>>> [ WALL TIME:       0.168979  s ] [ CPU  TIME:       3.972724  s ] <<<<< ..
 
.. >>>>> [ IO READ: io_ao_integrals_kinetic ] <<<<< ..
 
.. >>>>> [ RES  MEM :       0.084225 GB ] [ VIRT MEM :       2.135834 GB ] <<<<< ..
.. >>>>> [ WALL TIME:       0.170075  s ] [ CPU  TIME:       4.001547  s ] <<<<< ..
 
.. >>>>> [ IO READ: io_ao_integrals_n_e ] <<<<< ..
 
.. >>>>> [ RES  MEM :       0.084999 GB ] [ VIRT MEM :       2.135834 GB ] <<<<< ..
.. >>>>> [ WALL TIME:       0.175775  s ] [ CPU  TIME:       4.154657  s ] <<<<< ..
 
.. >>>>> [ IO READ: do_pseudo ] <<<<< ..
 
.. >>>>> [ RES  MEM :       0.084999 GB ] [ VIRT MEM :       2.135834 GB ] <<<<< ..
.. >>>>> [ WALL TIME:       0.320967  s ] [ CPU  TIME:       8.034654  s ] <<<<< ..
 
.. >>>>> [ IO READ: do_direct_integrals ] <<<<< ..
 
.. >>>>> [ RES  MEM :       0.085831 GB ] [ VIRT MEM :       2.135834 GB ] <<<<< ..
.. >>>>> [ WALL TIME:       0.337028  s ] [ CPU  TIME:       8.468238  s ] <<<<< ..
 
 AO map initialized :                6374235
.. >>>>> [ IO READ: io_ao_two_e_integrals ] <<<<< ..
 
.. >>>>> [ RES  MEM :       0.088005 GB ] [ VIRT MEM :       2.139854 GB ] <<<<< ..
.. >>>>> [ WALL TIME:       0.346623  s ] [ CPU  TIME:       8.727247  s ] <<<<< ..
 
 Providing the AO integrals
.. >>>>> [ IO READ: ao_integrals_threshold ] <<<<< ..
 
.. >>>>> [ RES  MEM :       0.088242 GB ] [ VIRT MEM :       2.139854 GB ] <<<<< ..
.. >>>>> [ WALL TIME:       0.348950  s ] [ CPU  TIME:       8.790099  s ] <<<<< ..
 
.. >>>>> [ IO READ: is_periodic ] <<<<< ..
 
.. >>>>> [ RES  MEM :       0.090088 GB ] [ VIRT MEM :       2.284527 GB ] <<<<< ..
.. >>>>> [ WALL TIME:       0.374430  s ] [ CPU  TIME:       9.270969  s ] <<<<< ..
 
 Sorting the map
 AO integrals provided:
  Size of AO map :            18.3479366302490      MB
  Number of AO integrals :               1466367
  cpu  time :   85.7773800000000      s
  wall time :   3.24943709373474      s  ( x    26.3976121173073       )
.. >>>>> [ IO READ: restore_symm ] <<<<< ..
 
.. >>>>> [ RES  MEM :       0.117523 GB ] [ VIRT MEM :       2.383205 GB ] <<<<< ..
.. >>>>> [ WALL TIME:       3.632996  s ] [ CPU  TIME:      95.491650  s ] <<<<< ..
 
 
.. >>>>> [ RES  MEM :       0.156979 GB ] [ VIRT MEM :       2.383205 GB ] <<<<< ..
.. >>>>> [ WALL TIME:       3.710775  s ] [ CPU  TIME:      97.668899  s ] <<<<< ..
 
 Read mo_occ
.. >>>>> [ IO READ: ao_md5 ] <<<<< ..
 
.. >>>>> [ RES  MEM :       0.156979 GB ] [ VIRT MEM :       2.383205 GB ] <<<<< ..
.. >>>>> [ WALL TIME:       3.712360  s ] [ CPU  TIME:      97.712199  s ] <<<<< ..
 
.. >>>>> [ IO READ: io_nuclear_repulsion ] <<<<< ..
 
.. >>>>> [ RES  MEM :       0.159451 GB ] [ VIRT MEM :       2.383205 GB ] <<<<< ..
.. >>>>> [ WALL TIME:       4.011288  s ] [ CPU  TIME:     105.717233  s ] <<<<< ..
 
 
.. >>>>> [ RES  MEM :       0.159451 GB ] [ VIRT MEM :       2.383205 GB ] <<<<< ..
.. >>>>> [ WALL TIME:       4.011544  s ] [ CPU  TIME:     105.724396  s ] <<<<< ..
 
* Nuclear repulsion energy                           7.054734540466496    
.. >>>>> [ IO READ: n_it_scf_max ] <<<<< ..
 
.. >>>>> [ RES  MEM :       0.159451 GB ] [ VIRT MEM :       2.383205 GB ] <<<<< ..
.. >>>>> [ WALL TIME:       4.013613  s ] [ CPU  TIME:     105.780611  s ] <<<<< ..
 
.. >>>>> [ IO READ: scf_algorithm ] <<<<< ..
 
.. >>>>> [ RES  MEM :       0.159458 GB ] [ VIRT MEM :       2.383205 GB ] <<<<< ..
.. >>>>> [ WALL TIME:       4.027902  s ] [ CPU  TIME:     106.179902  s ] <<<<< ..
 
.. >>>>> [ IO READ: max_dim_diis ] <<<<< ..
 
.. >>>>> [ RES  MEM :       0.159458 GB ] [ VIRT MEM :       2.383205 GB ] <<<<< ..
.. >>>>> [ WALL TIME:       4.031358  s ] [ CPU  TIME:     106.275940  s ] <<<<< ..
 
.. >>>>> [ IO READ: threshold_diis ] <<<<< ..
 
.. >>>>> [ RES  MEM :       0.159458 GB ] [ VIRT MEM :       2.383205 GB ] <<<<< ..
.. >>>>> [ WALL TIME:       4.034494  s ] [ CPU  TIME:     106.360810  s ] <<<<< ..
 
.. >>>>> [ IO READ: thresh_scf ] <<<<< ..
 
.. >>>>> [ RES  MEM :       0.159458 GB ] [ VIRT MEM :       2.383205 GB ] <<<<< ..
.. >>>>> [ WALL TIME:       4.036549  s ] [ CPU  TIME:     106.416719  s ] <<<<< ..
 
 
.. >>>>> [ RES  MEM :       0.160496 GB ] [ VIRT MEM :       2.383205 GB ] <<<<< ..
.. >>>>> [ WALL TIME:       4.037661  s ] [ CPU  TIME:     106.447809  s ] <<<<< ..
 
 Energy of the guess =   -456.515440661804     
==== ================ ================ ================ ================
  N          Energy      Energy diff       DIIS error     Level shift   
==== ================ ================ ================ ================
   1  -459.9549095196    -3.4394688578     0.2950951624     0.0000000000   1
   2  -460.0898838570    -0.1349743374     0.0720516769     0.0000000000   2
   3  -460.1068856268    -0.0170017698     0.0127396801     0.0000000000   3
   4  -460.1075328623    -0.0006472355     0.0027170139     0.0000000000   4
   5  -460.1075906757    -0.0000578134     0.0010287514     0.0000000000   5
   6  -460.1075937394    -0.0000030637     0.0001224798     0.0000000000   6
   7  -460.1075937488    -0.0000000094     0.0001042914     0.0000000000   7
   8  -460.1075938085    -0.0000000597     0.0000546924     0.0000000000   8
   9  -460.1075938145    -0.0000000061     0.0000111012     0.0000000000   9
  10  -460.1075938153    -0.0000000008     0.0000073155     0.0000000000  10
  11  -460.1075938154    -0.0000000001     0.0000017126     0.0000000000  11
  12  -460.1075938155    -0.0000000000     0.0000011357     0.0000000000  12
==== ================ ================ ================ ================
 
 
.. >>>>> [ RES  MEM :       0.161171 GB ] [ VIRT MEM :       2.383354 GB ] <<<<< ..
.. >>>>> [ WALL TIME:       8.579259  s ] [ CPU  TIME:     214.554215  s ] <<<<< ..
 
MOs are now **Canonical**

Eigenvalues
-----------

======== ================
       1  -104.8505630506
       2   -10.5754160124
       3    -8.0425356980
       4    -8.0403937255
       5    -8.0403937255
       6    -1.1175724838
       7    -0.6255301551
       8    -0.4772468583
       9    -0.4772468583
      10     0.0294997465
      11     0.1057282674
      12     0.1154404847
      13     0.1154404847
      14     0.1455740840
      15     0.1924651042
      16     0.2394741726
      17     0.2394741726
      18     0.3480641718
      19     0.3496535221
      20     0.3496535230
      21     0.4300789075
      22     0.4363651275
      23     0.4363651275
      24     0.6243550017
      25     0.6299039289
      26     0.6299039289
      27     0.6656718102
      28     0.8535546387
      29     0.8535546387
      30     0.8610198758
      31     0.8610198758
      32     0.9199387053
      33     0.9352437393
      34     0.9352437398
      35     0.9689822924
      36     0.9689822924
      37     1.0889989579
      38     1.1886283598
      39     1.1886283598
      40     1.2958230743
      41     1.2958230743
      42     1.3030294632
      43     1.3750828698
      44     1.3750828698
      45     1.7591936862
      46     1.7591936862
      47     1.7695995485
      48     1.8650594338
      49     2.5045564418
      50     2.5148058737
      51     2.5148058737
      52     2.5593316156
      53     2.5593316156
      54     2.8347279186
      55     2.8347279186
      56     2.9110180182
      57     3.0297187309
      58     3.0297187309
      59     3.0563793827
      60     3.0563793827
      61     3.0616034443
      62     3.0616034443
      63     3.3066409165
      64     3.6122257020
      65     3.9091243604
      66     3.9091243604
      67     4.3925095009
      68     4.3925095009
      69     4.4937422155
      70     4.4937422155
      71     4.7585654915
      72     5.1331717163
      73     7.5199337032
======== ================

 
.. >>>>> [ RES  MEM :       0.169018 GB ] [ VIRT MEM :       2.383354 GB ] <<<<< ..
.. >>>>> [ WALL TIME:       8.590351  s ] [ CPU  TIME:     214.853557  s ] <<<<< ..
 
* SCF energy                                        -460.1075938154688    
 
.. >>>>> [ RES  MEM :       0.169075 GB ] [ VIRT MEM :       2.383354 GB ] <<<<< ..
.. >>>>> [ WALL TIME:       9.205958  s ] [ CPU  TIME:     224.805342  s ] <<<<< ..
 
Wall time: 0:00:14

