Date: 27/03/2021 01:33:50
===============
Quantum Package
===============

Git Commit: Fixing zmq bug
Git Date  : Tue Mar 2 14:27:22 2021 +0100
Git SHA1  : ee9f4516b39d8dd8fa2476d3d5d738bacfd91718
EZFIO Dir : carbon_monoxide


Task server running : tcp://10.1.255.225:41279
.. >>>>> [ IO READ: n_states ] <<<<< ..
 
.. >>>>> [ RES  MEM :       0.009556 GB ] [ VIRT MEM :       0.141804 GB ] <<<<< ..
.. >>>>> [ WALL TIME:       0.006719  s ] [ CPU  TIME:       0.017402  s ] <<<<< ..
 
.. >>>>> [ IO READ: read_wf ] <<<<< ..
 
.. >>>>> [ RES  MEM :       0.009743 GB ] [ VIRT MEM :       0.141804 GB ] <<<<< ..
.. >>>>> [ WALL TIME:       0.008641  s ] [ CPU  TIME:       0.017676  s ] <<<<< ..
 
.. >>>>> [ IO READ: ao_num ] <<<<< ..
 
.. >>>>> [ RES  MEM :       0.009743 GB ] [ VIRT MEM :       0.141804 GB ] <<<<< ..
.. >>>>> [ WALL TIME:       0.024514  s ] [ CPU  TIME:       0.018036  s ] <<<<< ..
 
* mo_num                                                        46
 Read  mo_coef
.. >>>>> [ IO READ: elec_beta_num ] <<<<< ..
 
.. >>>>> [ RES  MEM :       0.012562 GB ] [ VIRT MEM :       1.673229 GB ] <<<<< ..
.. >>>>> [ WALL TIME:       0.043754  s ] [ CPU  TIME:       0.112818  s ] <<<<< ..
 
.. >>>>> [ IO READ: elec_alpha_num ] <<<<< ..
 
.. >>>>> [ RES  MEM :       0.012562 GB ] [ VIRT MEM :       1.673229 GB ] <<<<< ..
.. >>>>> [ WALL TIME:       0.045455  s ] [ CPU  TIME:       0.148893  s ] <<<<< ..
 
 Read mo_occ
 * mo_label          Canonical
* Number of determinants                                   4604731
* N_int                                                          1
* Dimension of the psi arrays                              4604731
 Read psi_det
* Number of unique beta determinants                         86690
* Number of unique alpha determinants                        86690
 Read psi_coef     4604731           4
.. >>>>> [ IO READ: weight_one_e_dm ] <<<<< ..
 
.. >>>>> [ RES  MEM :       1.351875 GB ] [ VIRT MEM :       3.041592 GB ] <<<<< ..
.. >>>>> [ WALL TIME:      35.025961  s ] [ CPU  TIME:     292.122589  s ] <<<<< ..
 
.. >>>>> [ IO READ: mo_class ] <<<<< ..
 
.. >>>>> [ RES  MEM :       1.351971 GB ] [ VIRT MEM :       3.041592 GB ] <<<<< ..
.. >>>>> [ WALL TIME:      35.057904  s ] [ CPU  TIME:     292.856792  s ] <<<<< ..
 
* Number of core     MOs                                         2
* Number of inactive MOs                                         0
* Number of active   MOs                                        44
 Core MOs:
           1           2
 Active MOs:
           3           4           5           6           7           8
           9          10          11          12          13          14
          15          16          17          18          19          20
          21          22          23          24          25          26
          27          28          29          30          31          32
          33          34          35          36          37          38
          39          40          41          42          43          44
          45          46
 Core, Inactive and Active MOs:
           1           2           3           4           5           6
           7           8           9          10          11          12
          13          14          15          16          17          18
          19          20          21          22          23          24
          25          26          27          28          29          30
          31          32          33          34          35          36
          37          38          39          40          41          42
          43          44          45          46
* Number of virtual  MOs                                         0
 Virtual MOs:
 
 
.. >>>>> [ RES  MEM :       1.351971 GB ] [ VIRT MEM :       3.041592 GB ] <<<<< ..
.. >>>>> [ WALL TIME:      35.080036  s ] [ CPU  TIME:     293.365900  s ] <<<<< ..
 
MOs are now **Natural**

Eigenvalues
-----------

======== ================ ================
   MO       Eigenvalue       Cumulative   
======== ================ ================
       1     2.0000000000     2.0000000000
       2     2.0000000000     4.0000000000
       3     1.9826563910     5.9826563910
       4     1.9706351708     7.9532915617
       5     1.9239340587     9.8772256204
       6     1.5923481826    11.4695738030
       7     1.5923182374    13.0618920404
       8     0.4118401307    13.4737321711
       9     0.4117975656    13.8855297367
      10     0.0195932764    13.9051230131
      11     0.0121165592    13.9172395723
      12     0.0092211022    13.9264606745
      13     0.0092205866    13.9356812611
      14     0.0078348928    13.9435161539
      15     0.0059579702    13.9494741240
      16     0.0059545401    13.9554286641
      17     0.0058903202    13.9613189843
      18     0.0057663767    13.9670853610
      19     0.0057650186    13.9728503796
      20     0.0047721820    13.9776225616
      21     0.0047708480    13.9823934096
      22     0.0033371592    13.9857305687
      23     0.0033347670    13.9890653357
      24     0.0023998487    13.9914651844
      25     0.0015168944    13.9929820788
      26     0.0015162448    13.9944983236
      27     0.0009557599    13.9954540835
      28     0.0004493875    13.9959034710
      29     0.0004399734    13.9963434444
      30     0.0004392399    13.9967826842
      31     0.0003612906    13.9971439748
      32     0.0003609852    13.9975049600
      33     0.0003351848    13.9978401448
      34     0.0003343020    13.9981744468
      35     0.0002603677    13.9984348145
      36     0.0002190914    13.9986539059
      37     0.0002187125    13.9988726184
      38     0.0002096914    13.9990823098
      39     0.0001830215    13.9992653313
      40     0.0001828267    13.9994481580
      41     0.0001819069    13.9996300649
      42     0.0001092402    13.9997393051
      43     0.0001001336    13.9998394386
      44     0.0000999682    13.9999394068
      45     0.0000353885    13.9999747953
      46     0.0000252047    14.0000000000
======== ================ ================

 
.. >>>>> [ RES  MEM :       1.354664 GB ] [ VIRT MEM :       3.112881 GB ] <<<<< ..
.. >>>>> [ WALL TIME:      35.239711  s ] [ CPU  TIME:     297.002133  s ] <<<<< ..
 
.. >>>>> [ IO READ: lin_dep_cutoff ] <<<<< ..
 
.. >>>>> [ RES  MEM :       1.354729 GB ] [ VIRT MEM :       3.112881 GB ] <<<<< ..
.. >>>>> [ WALL TIME:      35.251228  s ] [ CPU  TIME:     297.267097  s ] <<<<< ..
 
.. >>>>> [ IO READ: io_ao_integrals_overlap ] <<<<< ..
 
.. >>>>> [ RES  MEM :       1.354729 GB ] [ VIRT MEM :       3.112881 GB ] <<<<< ..
.. >>>>> [ WALL TIME:      35.261258  s ] [ CPU  TIME:     297.497757  s ] <<<<< ..
 
.. >>>>> [ IO READ: ao_prim_num ] <<<<< ..
 
.. >>>>> [ RES  MEM :       1.354797 GB ] [ VIRT MEM :       3.112881 GB ] <<<<< ..
.. >>>>> [ WALL TIME:      35.268971  s ] [ CPU  TIME:     297.674150  s ] <<<<< ..
 
.. >>>>> [ IO READ: ao_normalized ] <<<<< ..
 
.. >>>>> [ RES  MEM :       1.354797 GB ] [ VIRT MEM :       3.112881 GB ] <<<<< ..
.. >>>>> [ WALL TIME:      35.270505  s ] [ CPU  TIME:     297.709798  s ] <<<<< ..
 
.. >>>>> [ IO READ: primitives_normalized ] <<<<< ..
 
.. >>>>> [ RES  MEM :       1.354797 GB ] [ VIRT MEM :       3.112881 GB ] <<<<< ..
.. >>>>> [ WALL TIME:      35.271578  s ] [ CPU  TIME:     297.734804  s ] <<<<< ..
 
.. >>>>> [ IO READ: ao_coef ] <<<<< ..
 
.. >>>>> [ RES  MEM :       1.354839 GB ] [ VIRT MEM :       3.112881 GB ] <<<<< ..
.. >>>>> [ WALL TIME:      35.276579  s ] [ CPU  TIME:     297.847514  s ] <<<<< ..
 
.. >>>>> [ IO READ: ao_power ] <<<<< ..
 
.. >>>>> [ RES  MEM :       1.354843 GB ] [ VIRT MEM :       3.112881 GB ] <<<<< ..
.. >>>>> [ WALL TIME:      35.288864  s ] [ CPU  TIME:     298.128629  s ] <<<<< ..
 
.. >>>>> [ IO READ: ao_expo ] <<<<< ..
 
.. >>>>> [ RES  MEM :       1.354851 GB ] [ VIRT MEM :       3.112881 GB ] <<<<< ..
.. >>>>> [ WALL TIME:      35.294414  s ] [ CPU  TIME:     298.254183  s ] <<<<< ..
 
.. >>>>> [ IO READ: ao_nucl ] <<<<< ..
 
.. >>>>> [ RES  MEM :       1.354950 GB ] [ VIRT MEM :       3.112881 GB ] <<<<< ..
.. >>>>> [ WALL TIME:      35.299170  s ] [ CPU  TIME:     298.362678  s ] <<<<< ..
 
.. >>>>> [ IO READ: nucl_num ] <<<<< ..
 
.. >>>>> [ RES  MEM :       1.354950 GB ] [ VIRT MEM :       3.112881 GB ] <<<<< ..
.. >>>>> [ WALL TIME:      35.310876  s ] [ CPU  TIME:     298.632424  s ] <<<<< ..
 
.. >>>>> [ IO READ: nucl_label ] <<<<< ..
 
.. >>>>> [ RES  MEM :       1.354977 GB ] [ VIRT MEM :       3.112881 GB ] <<<<< ..
.. >>>>> [ WALL TIME:      35.324200  s ] [ CPU  TIME:     298.939483  s ] <<<<< ..
 
.. >>>>> [ IO READ: nucl_charge ] <<<<< ..
 
.. >>>>> [ RES  MEM :       1.354980 GB ] [ VIRT MEM :       3.112881 GB ] <<<<< ..
.. >>>>> [ WALL TIME:      35.328673  s ] [ CPU  TIME:     299.042922  s ] <<<<< ..
 
 
.. >>>>> [ RES  MEM :       1.354988 GB ] [ VIRT MEM :       3.112881 GB ] <<<<< ..
.. >>>>> [ WALL TIME:      35.334663  s ] [ CPU  TIME:     299.181228  s ] <<<<< ..
 

Nuclear Coordinates (Angstroms)
===============================

================ ============ ============ ============ ============
      Atom          Charge          X            Y            Z 
================ ============ ============ ============ ============
C                    6.000000     0.000000     0.000000    -0.661165
O                    8.000000     0.000000     0.000000     0.472379
================ ============ ============ ============ ============

Minimal interatomic distance found:       1.1335 Angstrom
.. >>>>> [ IO READ: ao_md5 ] <<<<< ..
 
.. >>>>> [ RES  MEM :       1.356159 GB ] [ VIRT MEM :       3.112881 GB ] <<<<< ..
.. >>>>> [ WALL TIME:      35.346012  s ] [ CPU  TIME:     299.443398  s ] <<<<< ..
 
* Saved determinants                                             1
Wall time: 0:00:42

