Date: 25/03/2021 21:03:58
===============
Quantum Package
===============

Git Commit: Fixing zmq bug
Git Date  : Tue Mar 2 14:27:22 2021 +0100
Git SHA1  : ee9f4516b39d8dd8fa2476d3d5d738bacfd91718
EZFIO Dir : carbon_monoxide


Task server running : tcp://10.1.255.225:41279
 * mo_label          no_label
.. >>>>> [ IO READ: mo_guess_type ] <<<<< ..
 
.. >>>>> [ RES  MEM :       0.011219 GB ] [ VIRT MEM :       0.141159 GB ] <<<<< ..
.. >>>>> [ WALL TIME:       0.000194  s ] [ CPU  TIME:       0.035695  s ] <<<<< ..
 
.. >>>>> [ IO READ: ao_num ] <<<<< ..
 
.. >>>>> [ RES  MEM :       0.011406 GB ] [ VIRT MEM :       0.141159 GB ] <<<<< ..
.. >>>>> [ WALL TIME:       0.001993  s ] [ CPU  TIME:       0.036066  s ] <<<<< ..
 
.. >>>>> [ IO READ: ao_cartesian ] <<<<< ..
 
.. >>>>> [ RES  MEM :       0.011406 GB ] [ VIRT MEM :       0.141159 GB ] <<<<< ..
.. >>>>> [ WALL TIME:       0.002985  s ] [ CPU  TIME:       0.036317  s ] <<<<< ..
 
.. >>>>> [ IO READ: lin_dep_cutoff ] <<<<< ..
 
.. >>>>> [ RES  MEM :       0.011406 GB ] [ VIRT MEM :       0.141159 GB ] <<<<< ..
.. >>>>> [ WALL TIME:       0.005600  s ] [ CPU  TIME:       0.036632  s ] <<<<< ..
 
* Linear dependencies cut-off                       0.1000000000000000E-05
.. >>>>> [ IO READ: ao_power ] <<<<< ..
 
.. >>>>> [ RES  MEM :       0.015736 GB ] [ VIRT MEM :       1.676491 GB ] <<<<< ..
.. >>>>> [ WALL TIME:       0.020142  s ] [ CPU  TIME:       0.243402  s ] <<<<< ..
 
.. >>>>> [ IO READ: io_ao_integrals_overlap ] <<<<< ..
 
.. >>>>> [ RES  MEM :       0.015984 GB ] [ VIRT MEM :       1.676491 GB ] <<<<< ..
.. >>>>> [ WALL TIME:       0.021379  s ] [ CPU  TIME:       0.268570  s ] <<<<< ..
 
.. >>>>> [ IO READ: ao_prim_num ] <<<<< ..
 
.. >>>>> [ RES  MEM :       0.016132 GB ] [ VIRT MEM :       1.676491 GB ] <<<<< ..
.. >>>>> [ WALL TIME:       0.024213  s ] [ CPU  TIME:       0.325807  s ] <<<<< ..
 
.. >>>>> [ IO READ: ao_normalized ] <<<<< ..
 
.. >>>>> [ RES  MEM :       0.016132 GB ] [ VIRT MEM :       1.676491 GB ] <<<<< ..
.. >>>>> [ WALL TIME:       0.025296  s ] [ CPU  TIME:       0.348861  s ] <<<<< ..
 
.. >>>>> [ IO READ: primitives_normalized ] <<<<< ..
 
.. >>>>> [ RES  MEM :       0.016132 GB ] [ VIRT MEM :       1.676491 GB ] <<<<< ..
.. >>>>> [ WALL TIME:       0.026491  s ] [ CPU  TIME:       0.374265  s ] <<<<< ..
 
.. >>>>> [ IO READ: ao_coef ] <<<<< ..
 
.. >>>>> [ RES  MEM :       0.016159 GB ] [ VIRT MEM :       1.676491 GB ] <<<<< ..
.. >>>>> [ WALL TIME:       0.029775  s ] [ CPU  TIME:       0.442106  s ] <<<<< ..
 
.. >>>>> [ IO READ: ao_expo ] <<<<< ..
 
.. >>>>> [ RES  MEM :       0.016167 GB ] [ VIRT MEM :       1.676491 GB ] <<<<< ..
.. >>>>> [ WALL TIME:       0.033527  s ] [ CPU  TIME:       0.520464  s ] <<<<< ..
 
.. >>>>> [ IO READ: ao_nucl ] <<<<< ..
 
.. >>>>> [ RES  MEM :       0.016293 GB ] [ VIRT MEM :       1.676491 GB ] <<<<< ..
.. >>>>> [ WALL TIME:       0.037092  s ] [ CPU  TIME:       0.598260  s ] <<<<< ..
 
.. >>>>> [ IO READ: nucl_num ] <<<<< ..
 
.. >>>>> [ RES  MEM :       0.016293 GB ] [ VIRT MEM :       1.676491 GB ] <<<<< ..
.. >>>>> [ WALL TIME:       0.038817  s ] [ CPU  TIME:       0.636672  s ] <<<<< ..
 
.. >>>>> [ IO READ: nucl_label ] <<<<< ..
 
.. >>>>> [ RES  MEM :       0.016315 GB ] [ VIRT MEM :       1.676491 GB ] <<<<< ..
.. >>>>> [ WALL TIME:       0.041223  s ] [ CPU  TIME:       0.690171  s ] <<<<< ..
 
.. >>>>> [ IO READ: nucl_charge ] <<<<< ..
 
.. >>>>> [ RES  MEM :       0.016327 GB ] [ VIRT MEM :       1.676491 GB ] <<<<< ..
.. >>>>> [ WALL TIME:       0.043575  s ] [ CPU  TIME:       0.742510  s ] <<<<< ..
 
 
.. >>>>> [ RES  MEM :       0.016335 GB ] [ VIRT MEM :       1.676491 GB ] <<<<< ..
.. >>>>> [ WALL TIME:       0.045958  s ] [ CPU  TIME:       0.795491  s ] <<<<< ..
 

Nuclear Coordinates (Angstroms)
===============================

================ ============ ============ ============ ============
      Atom          Charge          X            Y            Z 
================ ============ ============ ============ ============
C                    6.000000     0.000000     0.000000    -0.661165
O                    8.000000     0.000000     0.000000     0.472379
================ ============ ============ ============ ============

Minimal interatomic distance found:       1.1335 Angstrom
* mo_num                                                        46
.. >>>>> [ IO READ: level_shift ] <<<<< ..
 
.. >>>>> [ RES  MEM :       0.018616 GB ] [ VIRT MEM :       1.747780 GB ] <<<<< ..
.. >>>>> [ WALL TIME:       0.067494  s ] [ CPU  TIME:       1.269984  s ] <<<<< ..
 
.. >>>>> [ IO READ: elec_alpha_num ] <<<<< ..
 
.. >>>>> [ RES  MEM :       0.018616 GB ] [ VIRT MEM :       1.747780 GB ] <<<<< ..
.. >>>>> [ WALL TIME:       0.069286  s ] [ CPU  TIME:       1.309445  s ] <<<<< ..
 
.. >>>>> [ IO READ: elec_beta_num ] <<<<< ..
 
.. >>>>> [ RES  MEM :       0.018616 GB ] [ VIRT MEM :       1.747780 GB ] <<<<< ..
.. >>>>> [ WALL TIME:       0.070317  s ] [ CPU  TIME:       1.332097  s ] <<<<< ..
 
.. >>>>> [ IO READ: frozen_orb_scf ] <<<<< ..
 
.. >>>>> [ RES  MEM :       0.018616 GB ] [ VIRT MEM :       1.747780 GB ] <<<<< ..
.. >>>>> [ WALL TIME:       0.071265  s ] [ CPU  TIME:       1.352965  s ] <<<<< ..
 
.. >>>>> [ IO READ: io_ao_one_e_integrals ] <<<<< ..
 
.. >>>>> [ RES  MEM :       0.018616 GB ] [ VIRT MEM :       1.747780 GB ] <<<<< ..
.. >>>>> [ WALL TIME:       0.072457  s ] [ CPU  TIME:       1.379189  s ] <<<<< ..
 
.. >>>>> [ IO READ: io_ao_integrals_kinetic ] <<<<< ..
 
.. >>>>> [ RES  MEM :       0.018616 GB ] [ VIRT MEM :       1.747780 GB ] <<<<< ..
.. >>>>> [ WALL TIME:       0.073437  s ] [ CPU  TIME:       1.400753  s ] <<<<< ..
 
.. >>>>> [ IO READ: io_ao_integrals_n_e ] <<<<< ..
 
.. >>>>> [ RES  MEM :       0.018616 GB ] [ VIRT MEM :       1.747780 GB ] <<<<< ..
.. >>>>> [ WALL TIME:       0.076235  s ] [ CPU  TIME:       1.462305  s ] <<<<< ..
 
.. >>>>> [ IO READ: do_pseudo ] <<<<< ..
 
.. >>>>> [ RES  MEM :       0.018616 GB ] [ VIRT MEM :       1.747780 GB ] <<<<< ..
.. >>>>> [ WALL TIME:       0.078423  s ] [ CPU  TIME:       1.510459  s ] <<<<< ..
 
.. >>>>> [ IO READ: do_direct_integrals ] <<<<< ..
 
.. >>>>> [ RES  MEM :       0.018616 GB ] [ VIRT MEM :       1.747780 GB ] <<<<< ..
.. >>>>> [ WALL TIME:       0.080894  s ] [ CPU  TIME:       1.564826  s ] <<<<< ..
 
 AO map initialized :                 813450
.. >>>>> [ IO READ: io_ao_two_e_integrals ] <<<<< ..
 
.. >>>>> [ RES  MEM :       0.018822 GB ] [ VIRT MEM :       1.747780 GB ] <<<<< ..
.. >>>>> [ WALL TIME:       0.082106  s ] [ CPU  TIME:       1.591395  s ] <<<<< ..
 
 Providing the AO integrals
.. >>>>> [ IO READ: ao_integrals_threshold ] <<<<< ..
 
.. >>>>> [ RES  MEM :       0.018822 GB ] [ VIRT MEM :       1.747780 GB ] <<<<< ..
.. >>>>> [ WALL TIME:       0.083126  s ] [ CPU  TIME:       1.613932  s ] <<<<< ..
 
.. >>>>> [ IO READ: is_periodic ] <<<<< ..
 
.. >>>>> [ RES  MEM :       0.021492 GB ] [ VIRT MEM :       1.892326 GB ] <<<<< ..
.. >>>>> [ WALL TIME:       0.103547  s ] [ CPU  TIME:       1.990205  s ] <<<<< ..
 
 Sorting the map
 AO integrals provided:
  Size of AO map :            2.48324012756348      MB
  Number of AO integrals :                208746
  cpu  time :   12.8188610000000      s
  wall time :  0.677197933197021      s  ( x    18.9292677540859       )
.. >>>>> [ IO READ: restore_symm ] <<<<< ..
 
.. >>>>> [ RES  MEM :       0.031437 GB ] [ VIRT MEM :       1.967583 GB ] <<<<< ..
.. >>>>> [ WALL TIME:       0.767543  s ] [ CPU  TIME:      14.596084  s ] <<<<< ..
 
 
.. >>>>> [ RES  MEM :       0.031914 GB ] [ VIRT MEM :       1.967583 GB ] <<<<< ..
.. >>>>> [ WALL TIME:       0.784829  s ] [ CPU  TIME:      14.993489  s ] <<<<< ..
 
 Read mo_occ
.. >>>>> [ IO READ: ao_md5 ] <<<<< ..
 
.. >>>>> [ RES  MEM :       0.031914 GB ] [ VIRT MEM :       1.967583 GB ] <<<<< ..
.. >>>>> [ WALL TIME:       0.786028  s ] [ CPU  TIME:      15.020929  s ] <<<<< ..
 
.. >>>>> [ IO READ: io_nuclear_repulsion ] <<<<< ..
 
.. >>>>> [ RES  MEM :       0.034870 GB ] [ VIRT MEM :       1.967628 GB ] <<<<< ..
.. >>>>> [ WALL TIME:       0.953921  s ] [ CPU  TIME:      18.983492  s ] <<<<< ..
 
 
.. >>>>> [ RES  MEM :       0.034870 GB ] [ VIRT MEM :       1.967628 GB ] <<<<< ..
.. >>>>> [ WALL TIME:       0.954174  s ] [ CPU  TIME:      18.989527  s ] <<<<< ..
 
* Nuclear repulsion energy                           22.40804858502572    
.. >>>>> [ IO READ: n_it_scf_max ] <<<<< ..
 
.. >>>>> [ RES  MEM :       0.034870 GB ] [ VIRT MEM :       1.967628 GB ] <<<<< ..
.. >>>>> [ WALL TIME:       0.955456  s ] [ CPU  TIME:      19.019381  s ] <<<<< ..
 
.. >>>>> [ IO READ: scf_algorithm ] <<<<< ..
 
.. >>>>> [ RES  MEM :       0.034870 GB ] [ VIRT MEM :       1.967628 GB ] <<<<< ..
.. >>>>> [ WALL TIME:       0.959224  s ] [ CPU  TIME:      19.108925  s ] <<<<< ..
 
.. >>>>> [ IO READ: max_dim_diis ] <<<<< ..
 
.. >>>>> [ RES  MEM :       0.034893 GB ] [ VIRT MEM :       1.967628 GB ] <<<<< ..
.. >>>>> [ WALL TIME:       0.960815  s ] [ CPU  TIME:      19.146424  s ] <<<<< ..
 
.. >>>>> [ IO READ: threshold_diis ] <<<<< ..
 
.. >>>>> [ RES  MEM :       0.034893 GB ] [ VIRT MEM :       1.967628 GB ] <<<<< ..
.. >>>>> [ WALL TIME:       0.961956  s ] [ CPU  TIME:      19.172981  s ] <<<<< ..
 
.. >>>>> [ IO READ: thresh_scf ] <<<<< ..
 
.. >>>>> [ RES  MEM :       0.034893 GB ] [ VIRT MEM :       1.967628 GB ] <<<<< ..
.. >>>>> [ WALL TIME:       0.963026  s ] [ CPU  TIME:      19.197884  s ] <<<<< ..
 
 
.. >>>>> [ RES  MEM :       0.035336 GB ] [ VIRT MEM :       1.967628 GB ] <<<<< ..
.. >>>>> [ WALL TIME:       0.963660  s ] [ CPU  TIME:      19.213050  s ] <<<<< ..
 
 Energy of the guess =   -110.511541458587     
==== ================ ================ ================ ================
  N          Energy      Energy diff       DIIS error     Level shift   
==== ================ ================ ================ ================
   1  -112.3188648316    -1.8073233730     0.4525601030     0.0000000000   1
   2  -112.6745325109    -0.3556676793     0.1712550482     0.0000000000   2
   3  -112.7531259326    -0.0785934217     0.0201236464     0.0000000000   3
   4  -112.7540919174    -0.0009659848     0.0060123516     0.0000000000   4
   5  -112.7541612525    -0.0000693350     0.0015125560     0.0000000000   5
   6  -112.7541652579    -0.0000040054     0.0017444308     0.5000000000   0
   7  -112.7541653963    -0.0000001385     0.0000945189     0.2500000000   1
   8  -112.7541654348    -0.0000000384     0.0000418117     0.1250000000   2
   9  -112.7541654454    -0.0000000106     0.0000215374     0.0625000000   3
  10  -112.7541654477    -0.0000000023     0.0000093901     0.0312500000   4
  11  -112.7541654481    -0.0000000004     0.0000037306     0.0156250000   5
  12  -112.7541654482    -0.0000000001     0.0000025064     0.0078125000   6
==== ================ ================ ================ ================
 
 
.. >>>>> [ RES  MEM :       0.036160 GB ] [ VIRT MEM :       1.967628 GB ] <<<<< ..
.. >>>>> [ WALL TIME:       2.160423  s ] [ CPU  TIME:      46.757819  s ] <<<<< ..
 
MOs are now **Canonical**

Eigenvalues
-----------

======== ================
       1   -20.6786402060
       2   -11.3760035538
       3    -1.5262524432
       4    -0.8078511212
       5    -0.6387293177
       6    -0.6387293177
       7    -0.5552999316
       8     0.0785902920
       9     0.0785902920
      10     0.0814344945
      11     0.1055193626
      12     0.1694666870
      13     0.1694666870
      14     0.2251902508
      15     0.2478784974
      16     0.2478784974
      17     0.3350067544
      18     0.4337503195
      19     0.4337503195
      20     0.5218860235
      21     0.6020431384
      22     0.6020431384
      23     0.6973667555
      24     0.7467299110
      25     0.7467299110
      26     0.9372380261
      27     1.0541786701
      28     1.0541786701
      29     1.0562224396
      30     1.2062290962
      31     1.2062290962
      32     1.4270269319
      33     1.6521203161
      34     1.6521203161
      35     1.6691373297
      36     1.6691373297
      37     1.9652422306
      38     1.9652422306
      39     2.1345640701
      40     2.2260613557
      41     2.9840351310
      42     3.5502395077
      43     3.5502395077
      44     3.6706201794
      45     3.6706201794
      46     4.0314000964
======== ================

 
.. >>>>> [ RES  MEM :       0.036255 GB ] [ VIRT MEM :       1.967628 GB ] <<<<< ..
.. >>>>> [ WALL TIME:       2.161436  s ] [ CPU  TIME:      46.782089  s ] <<<<< ..
 
* SCF energy                                        -112.7541654482338    
 
.. >>>>> [ RES  MEM :       0.036324 GB ] [ VIRT MEM :       1.967693 GB ] <<<<< ..
.. >>>>> [ WALL TIME:       2.247526  s ] [ CPU  TIME:      48.770366  s ] <<<<< ..
 
Wall time: 0:00:04

