Date: 17/03/2021 12:10:32
===============
Quantum Package
===============

Git Commit: Fixing zmq bug
Git Date  : Tue Mar 2 14:27:22 2021 +0100
Git SHA1  : ee9f4516b39d8dd8fa2476d3d5d738bacfd91718
EZFIO Dir : water


Task server running : tcp://10.1.255.208:41279
 * mo_label          no_label
.. >>>>> [ IO READ: mo_guess_type ] <<<<< ..
 
.. >>>>> [ RES  MEM :       0.009518 GB ] [ VIRT MEM :       0.141159 GB ] <<<<< ..
.. >>>>> [ WALL TIME:       0.000248  s ] [ CPU  TIME:       0.039880  s ] <<<<< ..
 
.. >>>>> [ IO READ: ao_num ] <<<<< ..
 
.. >>>>> [ RES  MEM :       0.009720 GB ] [ VIRT MEM :       0.141159 GB ] <<<<< ..
.. >>>>> [ WALL TIME:       0.030734  s ] [ CPU  TIME:       0.040236  s ] <<<<< ..
 
.. >>>>> [ IO READ: ao_cartesian ] <<<<< ..
 
.. >>>>> [ RES  MEM :       0.009720 GB ] [ VIRT MEM :       0.141159 GB ] <<<<< ..
.. >>>>> [ WALL TIME:       0.033925  s ] [ CPU  TIME:       0.040479  s ] <<<<< ..
 
.. >>>>> [ IO READ: lin_dep_cutoff ] <<<<< ..
 
.. >>>>> [ RES  MEM :       0.009720 GB ] [ VIRT MEM :       0.141159 GB ] <<<<< ..
.. >>>>> [ WALL TIME:       0.050081  s ] [ CPU  TIME:       0.040796  s ] <<<<< ..
 
* Linear dependencies cut-off                       0.1000000000000000E-05
.. >>>>> [ IO READ: ao_power ] <<<<< ..
 
.. >>>>> [ RES  MEM :       0.014462 GB ] [ VIRT MEM :       2.207802 GB ] <<<<< ..
.. >>>>> [ WALL TIME:       0.073307  s ] [ CPU  TIME:       0.240185  s ] <<<<< ..
 
.. >>>>> [ IO READ: io_ao_integrals_overlap ] <<<<< ..
 
.. >>>>> [ RES  MEM :       0.014462 GB ] [ VIRT MEM :       2.207802 GB ] <<<<< ..
.. >>>>> [ WALL TIME:       0.075007  s ] [ CPU  TIME:       0.281211  s ] <<<<< ..
 
.. >>>>> [ IO READ: ao_prim_num ] <<<<< ..
 
.. >>>>> [ RES  MEM :       0.014732 GB ] [ VIRT MEM :       2.207802 GB ] <<<<< ..
.. >>>>> [ WALL TIME:       0.099746  s ] [ CPU  TIME:       0.879542  s ] <<<<< ..
 
.. >>>>> [ IO READ: ao_normalized ] <<<<< ..
 
.. >>>>> [ RES  MEM :       0.014732 GB ] [ VIRT MEM :       2.207802 GB ] <<<<< ..
.. >>>>> [ WALL TIME:       0.101195  s ] [ CPU  TIME:       0.917617  s ] <<<<< ..
 
.. >>>>> [ IO READ: primitives_normalized ] <<<<< ..
 
.. >>>>> [ RES  MEM :       0.014732 GB ] [ VIRT MEM :       2.207802 GB ] <<<<< ..
.. >>>>> [ WALL TIME:       0.108258  s ] [ CPU  TIME:       1.108068  s ] <<<<< ..
 
.. >>>>> [ IO READ: ao_coef ] <<<<< ..
 
.. >>>>> [ RES  MEM :       0.014771 GB ] [ VIRT MEM :       2.207802 GB ] <<<<< ..
.. >>>>> [ WALL TIME:       0.117568  s ] [ CPU  TIME:       1.357583  s ] <<<<< ..
 
.. >>>>> [ IO READ: ao_expo ] <<<<< ..
 
.. >>>>> [ RES  MEM :       0.014805 GB ] [ VIRT MEM :       2.207802 GB ] <<<<< ..
.. >>>>> [ WALL TIME:       0.127050  s ] [ CPU  TIME:       1.628899  s ] <<<<< ..
 
.. >>>>> [ IO READ: ao_nucl ] <<<<< ..
 
.. >>>>> [ RES  MEM :       0.014927 GB ] [ VIRT MEM :       2.207802 GB ] <<<<< ..
.. >>>>> [ WALL TIME:       0.134562  s ] [ CPU  TIME:       1.853093  s ] <<<<< ..
 
.. >>>>> [ IO READ: nucl_num ] <<<<< ..
 
.. >>>>> [ RES  MEM :       0.014927 GB ] [ VIRT MEM :       2.207802 GB ] <<<<< ..
.. >>>>> [ WALL TIME:       0.176273  s ] [ CPU  TIME:       3.141053  s ] <<<<< ..
 
.. >>>>> [ IO READ: nucl_label ] <<<<< ..
 
.. >>>>> [ RES  MEM :       0.014950 GB ] [ VIRT MEM :       2.207802 GB ] <<<<< ..
.. >>>>> [ WALL TIME:       0.186867  s ] [ CPU  TIME:       3.469179  s ] <<<<< ..
 
.. >>>>> [ IO READ: nucl_charge ] <<<<< ..
 
.. >>>>> [ RES  MEM :       0.014961 GB ] [ VIRT MEM :       2.207802 GB ] <<<<< ..
.. >>>>> [ WALL TIME:       0.190122  s ] [ CPU  TIME:       3.570328  s ] <<<<< ..
 
 
.. >>>>> [ RES  MEM :       0.014969 GB ] [ VIRT MEM :       2.207802 GB ] <<<<< ..
.. >>>>> [ WALL TIME:       0.197652  s ] [ CPU  TIME:       3.803693  s ] <<<<< ..
 

Nuclear Coordinates (Angstroms)
===============================

================ ============ ============ ============ ============
      Atom          Charge          X            Y            Z 
================ ============ ============ ============ ============
O                    8.000000     0.000000     0.000000    -0.069903
H                    1.000000     0.000000     0.757532     0.518435
H                    1.000000     0.000000    -0.757532     0.518435
================ ============ ============ ============ ============

Minimal interatomic distance found:       0.9592 Angstrom
* mo_num                                                        41
.. >>>>> [ IO READ: level_shift ] <<<<< ..
 
.. >>>>> [ RES  MEM :       0.017303 GB ] [ VIRT MEM :       2.284786 GB ] <<<<< ..
.. >>>>> [ WALL TIME:       0.525058  s ] [ CPU  TIME:       9.814776  s ] <<<<< ..
 
.. >>>>> [ IO READ: elec_alpha_num ] <<<<< ..
 
.. >>>>> [ RES  MEM :       0.017303 GB ] [ VIRT MEM :       2.284786 GB ] <<<<< ..
.. >>>>> [ WALL TIME:       0.541677  s ] [ CPU  TIME:      10.312414  s ] <<<<< ..
 
.. >>>>> [ IO READ: elec_beta_num ] <<<<< ..
 
.. >>>>> [ RES  MEM :       0.017303 GB ] [ VIRT MEM :       2.284786 GB ] <<<<< ..
.. >>>>> [ WALL TIME:       0.544506  s ] [ CPU  TIME:      10.397340  s ] <<<<< ..
 
.. >>>>> [ IO READ: frozen_orb_scf ] <<<<< ..
 
.. >>>>> [ RES  MEM :       0.017303 GB ] [ VIRT MEM :       2.284786 GB ] <<<<< ..
.. >>>>> [ WALL TIME:       0.545416  s ] [ CPU  TIME:      10.424855  s ] <<<<< ..
 
.. >>>>> [ IO READ: io_ao_one_e_integrals ] <<<<< ..
 
.. >>>>> [ RES  MEM :       0.017303 GB ] [ VIRT MEM :       2.284786 GB ] <<<<< ..
.. >>>>> [ WALL TIME:       0.546312  s ] [ CPU  TIME:      10.451960  s ] <<<<< ..
 
.. >>>>> [ IO READ: io_ao_integrals_kinetic ] <<<<< ..
 
.. >>>>> [ RES  MEM :       0.017303 GB ] [ VIRT MEM :       2.284786 GB ] <<<<< ..
.. >>>>> [ WALL TIME:       0.548480  s ] [ CPU  TIME:      10.517123  s ] <<<<< ..
 
.. >>>>> [ IO READ: io_ao_integrals_n_e ] <<<<< ..
 
.. >>>>> [ RES  MEM :       0.017303 GB ] [ VIRT MEM :       2.284786 GB ] <<<<< ..
.. >>>>> [ WALL TIME:       0.550435  s ] [ CPU  TIME:      10.576956  s ] <<<<< ..
 
.. >>>>> [ IO READ: do_pseudo ] <<<<< ..
 
.. >>>>> [ RES  MEM :       0.017303 GB ] [ VIRT MEM :       2.284786 GB ] <<<<< ..
.. >>>>> [ WALL TIME:       0.560314  s ] [ CPU  TIME:      10.873019  s ] <<<<< ..
 
.. >>>>> [ IO READ: do_direct_integrals ] <<<<< ..
 
.. >>>>> [ RES  MEM :       0.017303 GB ] [ VIRT MEM :       2.284786 GB ] <<<<< ..
.. >>>>> [ WALL TIME:       0.597501  s ] [ CPU  TIME:      11.996109  s ] <<<<< ..
 
 AO map initialized :                 447931
.. >>>>> [ IO READ: io_ao_two_e_integrals ] <<<<< ..
 
.. >>>>> [ RES  MEM :       0.017513 GB ] [ VIRT MEM :       2.284786 GB ] <<<<< ..
.. >>>>> [ WALL TIME:       0.604796  s ] [ CPU  TIME:      12.221740  s ] <<<<< ..
 
 Providing the AO integrals
.. >>>>> [ IO READ: ao_integrals_threshold ] <<<<< ..
 
.. >>>>> [ RES  MEM :       0.017513 GB ] [ VIRT MEM :       2.284786 GB ] <<<<< ..
.. >>>>> [ WALL TIME:       0.607822  s ] [ CPU  TIME:      12.315343  s ] <<<<< ..
 
.. >>>>> [ IO READ: is_periodic ] <<<<< ..
 
.. >>>>> [ RES  MEM :       0.018471 GB ] [ VIRT MEM :       2.429333 GB ] <<<<< ..
.. >>>>> [ WALL TIME:       0.630929  s ] [ CPU  TIME:      12.551973  s ] <<<<< ..
 
 Sorting the map
 AO integrals provided:
  Size of AO map :            2.28028297424316      MB
  Number of AO integrals :                214113
  cpu  time :   6.21755800000000      s
  wall time :  0.299921989440918      s  ( x    20.7305840148303       )
.. >>>>> [ IO READ: restore_symm ] <<<<< ..
 
.. >>>>> [ RES  MEM :       0.029819 GB ] [ VIRT MEM :       2.500710 GB ] <<<<< ..
.. >>>>> [ WALL TIME:       0.924186  s ] [ CPU  TIME:      19.045690  s ] <<<<< ..
 
 
.. >>>>> [ RES  MEM :       0.030296 GB ] [ VIRT MEM :       2.500710 GB ] <<<<< ..
.. >>>>> [ WALL TIME:       0.937792  s ] [ CPU  TIME:      19.479695  s ] <<<<< ..
 
 Read mo_occ
.. >>>>> [ IO READ: ao_md5 ] <<<<< ..
 
.. >>>>> [ RES  MEM :       0.030296 GB ] [ VIRT MEM :       2.500710 GB ] <<<<< ..
.. >>>>> [ WALL TIME:       0.938875  s ] [ CPU  TIME:      19.513603  s ] <<<<< ..
 
.. >>>>> [ IO READ: io_nuclear_repulsion ] <<<<< ..
 
.. >>>>> [ RES  MEM :       0.031986 GB ] [ VIRT MEM :       2.500801 GB ] <<<<< ..
.. >>>>> [ WALL TIME:       1.069931  s ] [ CPU  TIME:      23.614767  s ] <<<<< ..
 
 
.. >>>>> [ RES  MEM :       0.031986 GB ] [ VIRT MEM :       2.500801 GB ] <<<<< ..
.. >>>>> [ WALL TIME:       1.070115  s ] [ CPU  TIME:      23.620522  s ] <<<<< ..
 
* Nuclear repulsion energy                           9.176580402467161    
.. >>>>> [ IO READ: n_it_scf_max ] <<<<< ..
 
.. >>>>> [ RES  MEM :       0.031986 GB ] [ VIRT MEM :       2.500801 GB ] <<<<< ..
.. >>>>> [ WALL TIME:       1.071724  s ] [ CPU  TIME:      23.670282  s ] <<<<< ..
 
.. >>>>> [ IO READ: scf_algorithm ] <<<<< ..
 
.. >>>>> [ RES  MEM :       0.031986 GB ] [ VIRT MEM :       2.500801 GB ] <<<<< ..
.. >>>>> [ WALL TIME:       1.076912  s ] [ CPU  TIME:      23.830668  s ] <<<<< ..
 
.. >>>>> [ IO READ: max_dim_diis ] <<<<< ..
 
.. >>>>> [ RES  MEM :       0.032024 GB ] [ VIRT MEM :       2.500801 GB ] <<<<< ..
.. >>>>> [ WALL TIME:       1.078773  s ] [ CPU  TIME:      23.888269  s ] <<<<< ..
 
.. >>>>> [ IO READ: threshold_diis ] <<<<< ..
 
.. >>>>> [ RES  MEM :       0.032024 GB ] [ VIRT MEM :       2.500801 GB ] <<<<< ..
.. >>>>> [ WALL TIME:       1.079682  s ] [ CPU  TIME:      23.916387  s ] <<<<< ..
 
.. >>>>> [ IO READ: thresh_scf ] <<<<< ..
 
.. >>>>> [ RES  MEM :       0.032024 GB ] [ VIRT MEM :       2.500801 GB ] <<<<< ..
.. >>>>> [ WALL TIME:       1.080810  s ] [ CPU  TIME:      23.951254  s ] <<<<< ..
 
 
.. >>>>> [ RES  MEM :       0.032242 GB ] [ VIRT MEM :       2.500801 GB ] <<<<< ..
.. >>>>> [ WALL TIME:       1.081362  s ] [ CPU  TIME:      23.968638  s ] <<<<< ..
 
 Energy of the guess =   -74.6662225303523     
==== ================ ================ ================ ================
  N          Energy      Energy diff       DIIS error     Level shift   
==== ================ ================ ================ ================
   1   -75.5966537674    -0.9304312370     0.5379185628     0.0000000000   1
   2   -76.0262506571    -0.4295968898     0.1107140466     0.0000000000   2
   3   -76.0405371672    -0.0142865101     0.0149410162     0.0000000000   3
   4   -76.0412664234    -0.0007292562     0.0044741789     0.0000000000   4
   5   -76.0412908737    -0.0000244503     0.0035911122     0.0000000000   5
   6   -76.0412928657    -0.0000019919     0.0032436314     0.0000000000   6
   7   -76.0412929350    -0.0000000693     0.0030375370     0.0000000000   7
   8   -76.0412983423    -0.0000054073     0.0019903637     0.0000000000   8
   9   -76.0412983423     0.0000000000     0.0019903637     0.0000000000   9
  10   -76.0413004900    -0.0000021477     0.0013160583     0.0000000000  10
  11   -76.0413013847    -0.0000008947     0.0008328711     0.0000000000   0
  12   -76.0413017590    -0.0000003743     0.0005493484     0.0000000000   1
  13   -76.0413019158    -0.0000001568     0.0003506831     0.0000000000   2
  14   -76.0413019815    -0.0000000657     0.0002293598     0.0000000000   3
  15   -76.0413020091    -0.0000000275     0.0001473935     0.0000000000   4
  16   -76.0413020206    -0.0000000115     0.0000959219     0.0000000000   5
  17   -76.0413020254    -0.0000000048     0.0000618648     0.0000000000   6
  18   -76.0413020275    -0.0000000020     0.0000401568     0.0000000000   7
  19   -76.0413020283    -0.0000000008     0.0000259469     0.0000000000   8
  20   -76.0413020287    -0.0000000004     0.0000168202     0.0000000000   9
  21   -76.0413020288    -0.0000000001     0.0000108783     0.0000000000  10
  22   -76.0413020289    -0.0000000001     0.0000070472     0.0000000000  11
==== ================ ================ ================ ================
 
 
.. >>>>> [ RES  MEM :       0.033508 GB ] [ VIRT MEM :       2.500801 GB ] <<<<< ..
.. >>>>> [ WALL TIME:       6.572748  s ] [ CPU  TIME:     170.654773  s ] <<<<< ..
 
MOs are now **Canonical**

Eigenvalues
-----------

======== ================
       1   -20.5776788565
       2    -1.3557764050
       3    -0.7178830977
       4    -0.5856361370
       5    -0.5093376370
       6     0.0353895700
       7     0.0579339856
       8     0.1739979124
       9     0.1967904249
      10     0.2225377841
      11     0.2315507350
      12     0.2901549716
      13     0.3314777657
      14     0.3857638529
      15     0.4034691372
      16     0.4332653549
      17     0.5391067975
      18     0.6481161550
      19     0.6581802361
      20     0.8105227305
      21     0.9297946079
      22     1.1013252165
      23     1.1156096951
      24     1.1487141593
      25     1.3063315951
      26     1.4662458484
      27     1.4823975666
      28     1.5833741854
      29     2.0026624782
      30     2.0100143109
      31     2.1084327431
      32     2.3655552197
      33     2.4792275107
      34     2.6244885853
      35     2.7141716235
      36     2.9675895050
      37     3.6730336439
      38     3.6901836186
      39     3.7025684374
      40     4.0237524412
      41     4.3055281910
======== ================

 
.. >>>>> [ RES  MEM :       0.033577 GB ] [ VIRT MEM :       2.500801 GB ] <<<<< ..
.. >>>>> [ WALL TIME:       6.581505  s ] [ CPU  TIME:     170.921719  s ] <<<<< ..
 
* SCF energy                                        -76.04130202887713    
 
.. >>>>> [ RES  MEM :       0.033684 GB ] [ VIRT MEM :       2.500862 GB ] <<<<< ..
.. >>>>> [ WALL TIME:       6.728133  s ] [ CPU  TIME:     175.447113  s ] <<<<< ..
 
Wall time: 0:00:11

