Date: 22/03/2021 09:48:13
===============
Quantum Package
===============

Git Commit: Fixing zmq bug
Git Date  : Tue Mar 2 14:27:22 2021 +0100
Git SHA1  : ee9f4516b39d8dd8fa2476d3d5d738bacfd91718
EZFIO Dir : water


Task server running : tcp://10.1.255.206:41279
 * mo_label          no_label
.. >>>>> [ IO READ: mo_guess_type ] <<<<< ..
 
.. >>>>> [ RES  MEM :       0.009502 GB ] [ VIRT MEM :       0.141159 GB ] <<<<< ..
.. >>>>> [ WALL TIME:       0.000242  s ] [ CPU  TIME:       0.019575  s ] <<<<< ..
 
.. >>>>> [ IO READ: ao_num ] <<<<< ..
 
.. >>>>> [ RES  MEM :       0.009712 GB ] [ VIRT MEM :       0.141159 GB ] <<<<< ..
.. >>>>> [ WALL TIME:       0.052596  s ] [ CPU  TIME:       0.019903  s ] <<<<< ..
 
.. >>>>> [ IO READ: ao_cartesian ] <<<<< ..
 
.. >>>>> [ RES  MEM :       0.009712 GB ] [ VIRT MEM :       0.141159 GB ] <<<<< ..
.. >>>>> [ WALL TIME:       0.053575  s ] [ CPU  TIME:       0.020131  s ] <<<<< ..
 
.. >>>>> [ IO READ: lin_dep_cutoff ] <<<<< ..
 
.. >>>>> [ RES  MEM :       0.009712 GB ] [ VIRT MEM :       0.141159 GB ] <<<<< ..
.. >>>>> [ WALL TIME:       0.059593  s ] [ CPU  TIME:       0.020431  s ] <<<<< ..
 
* Linear dependencies cut-off                       0.1000000000000000E-05
.. >>>>> [ IO READ: ao_power ] <<<<< ..
 
.. >>>>> [ RES  MEM :       0.014530 GB ] [ VIRT MEM :       2.203896 GB ] <<<<< ..
.. >>>>> [ WALL TIME:       0.065404  s ] [ CPU  TIME:       0.040891  s ] <<<<< ..
 
.. >>>>> [ IO READ: io_ao_integrals_overlap ] <<<<< ..
 
.. >>>>> [ RES  MEM :       0.014763 GB ] [ VIRT MEM :       2.203896 GB ] <<<<< ..
.. >>>>> [ WALL TIME:       0.066312  s ] [ CPU  TIME:       0.058467  s ] <<<<< ..
 
.. >>>>> [ IO READ: ao_prim_num ] <<<<< ..
 
.. >>>>> [ RES  MEM :       0.015160 GB ] [ VIRT MEM :       2.203896 GB ] <<<<< ..
.. >>>>> [ WALL TIME:       0.072819  s ] [ CPU  TIME:       0.206094  s ] <<<<< ..
 
.. >>>>> [ IO READ: ao_normalized ] <<<<< ..
 
.. >>>>> [ RES  MEM :       0.015160 GB ] [ VIRT MEM :       2.203896 GB ] <<<<< ..
.. >>>>> [ WALL TIME:       0.073931  s ] [ CPU  TIME:       0.233001  s ] <<<<< ..
 
.. >>>>> [ IO READ: primitives_normalized ] <<<<< ..
 
.. >>>>> [ RES  MEM :       0.015160 GB ] [ VIRT MEM :       2.203896 GB ] <<<<< ..
.. >>>>> [ WALL TIME:       0.074789  s ] [ CPU  TIME:       0.253794  s ] <<<<< ..
 
.. >>>>> [ IO READ: ao_coef ] <<<<< ..
 
.. >>>>> [ RES  MEM :       0.015209 GB ] [ VIRT MEM :       2.203896 GB ] <<<<< ..
.. >>>>> [ WALL TIME:       0.078467  s ] [ CPU  TIME:       0.343709  s ] <<<<< ..
 
.. >>>>> [ IO READ: ao_expo ] <<<<< ..
 
.. >>>>> [ RES  MEM :       0.015270 GB ] [ VIRT MEM :       2.203896 GB ] <<<<< ..
.. >>>>> [ WALL TIME:       0.081971  s ] [ CPU  TIME:       0.438529  s ] <<<<< ..
 
.. >>>>> [ IO READ: ao_nucl ] <<<<< ..
 
.. >>>>> [ RES  MEM :       0.015442 GB ] [ VIRT MEM :       2.203896 GB ] <<<<< ..
.. >>>>> [ WALL TIME:       0.085139  s ] [ CPU  TIME:       0.529993  s ] <<<<< ..
 
.. >>>>> [ IO READ: nucl_num ] <<<<< ..
 
.. >>>>> [ RES  MEM :       0.015442 GB ] [ VIRT MEM :       2.203896 GB ] <<<<< ..
.. >>>>> [ WALL TIME:       0.086940  s ] [ CPU  TIME:       0.582494  s ] <<<<< ..
 
.. >>>>> [ IO READ: nucl_label ] <<<<< ..
 
.. >>>>> [ RES  MEM :       0.015465 GB ] [ VIRT MEM :       2.203896 GB ] <<<<< ..
.. >>>>> [ WALL TIME:       0.089346  s ] [ CPU  TIME:       0.652661  s ] <<<<< ..
 
.. >>>>> [ IO READ: nucl_charge ] <<<<< ..
 
.. >>>>> [ RES  MEM :       0.015476 GB ] [ VIRT MEM :       2.203896 GB ] <<<<< ..
.. >>>>> [ WALL TIME:       0.091788  s ] [ CPU  TIME:       0.723832  s ] <<<<< ..
 
 
.. >>>>> [ RES  MEM :       0.015484 GB ] [ VIRT MEM :       2.203896 GB ] <<<<< ..
.. >>>>> [ WALL TIME:       0.094134  s ] [ CPU  TIME:       0.792206  s ] <<<<< ..
 

Nuclear Coordinates (Angstroms)
===============================

================ ============ ============ ============ ============
      Atom          Charge          X            Y            Z 
================ ============ ============ ============ ============
O                    8.000000     0.000000     0.000000    -0.069903
H                    1.000000     0.000000     0.757532     0.518435
H                    1.000000     0.000000    -0.757532     0.518435
================ ============ ============ ============ ============

Minimal interatomic distance found:       0.9592 Angstrom
* mo_num                                                        92
.. >>>>> [ IO READ: level_shift ] <<<<< ..
 
.. >>>>> [ RES  MEM :       0.089039 GB ] [ VIRT MEM :       2.423458 GB ] <<<<< ..
.. >>>>> [ WALL TIME:       0.125544  s ] [ CPU  TIME:       1.725429  s ] <<<<< ..
 
.. >>>>> [ IO READ: elec_alpha_num ] <<<<< ..
 
.. >>>>> [ RES  MEM :       0.089039 GB ] [ VIRT MEM :       2.423458 GB ] <<<<< ..
.. >>>>> [ WALL TIME:       0.136850  s ] [ CPU  TIME:       2.064170  s ] <<<<< ..
 
.. >>>>> [ IO READ: elec_beta_num ] <<<<< ..
 
.. >>>>> [ RES  MEM :       0.089039 GB ] [ VIRT MEM :       2.423458 GB ] <<<<< ..
.. >>>>> [ WALL TIME:       0.138082  s ] [ CPU  TIME:       2.101327  s ] <<<<< ..
 
.. >>>>> [ IO READ: frozen_orb_scf ] <<<<< ..
 
.. >>>>> [ RES  MEM :       0.089039 GB ] [ VIRT MEM :       2.423458 GB ] <<<<< ..
.. >>>>> [ WALL TIME:       0.138930  s ] [ CPU  TIME:       2.126994  s ] <<<<< ..
 
.. >>>>> [ IO READ: io_ao_one_e_integrals ] <<<<< ..
 
.. >>>>> [ RES  MEM :       0.089039 GB ] [ VIRT MEM :       2.423458 GB ] <<<<< ..
.. >>>>> [ WALL TIME:       0.139974  s ] [ CPU  TIME:       2.158518  s ] <<<<< ..
 
.. >>>>> [ IO READ: io_ao_integrals_kinetic ] <<<<< ..
 
.. >>>>> [ RES  MEM :       0.089039 GB ] [ VIRT MEM :       2.423458 GB ] <<<<< ..
.. >>>>> [ WALL TIME:       0.140822  s ] [ CPU  TIME:       2.184159  s ] <<<<< ..
 
.. >>>>> [ IO READ: io_ao_integrals_n_e ] <<<<< ..
 
.. >>>>> [ RES  MEM :       0.089966 GB ] [ VIRT MEM :       2.423458 GB ] <<<<< ..
.. >>>>> [ WALL TIME:       0.144220  s ] [ CPU  TIME:       2.288515  s ] <<<<< ..
 
.. >>>>> [ IO READ: do_pseudo ] <<<<< ..
 
.. >>>>> [ RES  MEM :       0.089966 GB ] [ VIRT MEM :       2.423458 GB ] <<<<< ..
.. >>>>> [ WALL TIME:       0.271548  s ] [ CPU  TIME:       6.179013  s ] <<<<< ..
 
.. >>>>> [ IO READ: do_direct_integrals ] <<<<< ..
 
.. >>>>> [ RES  MEM :       0.090664 GB ] [ VIRT MEM :       2.423458 GB ] <<<<< ..
.. >>>>> [ WALL TIME:       0.275905  s ] [ CPU  TIME:       6.313715  s ] <<<<< ..
 
 AO map initialized :               15487395
.. >>>>> [ IO READ: io_ao_two_e_integrals ] <<<<< ..
 
.. >>>>> [ RES  MEM :       0.091148 GB ] [ VIRT MEM :       2.423458 GB ] <<<<< ..
.. >>>>> [ WALL TIME:       0.278114  s ] [ CPU  TIME:       6.382014  s ] <<<<< ..
 
 Providing the AO integrals
.. >>>>> [ IO READ: ao_integrals_threshold ] <<<<< ..
 
.. >>>>> [ RES  MEM :       0.091148 GB ] [ VIRT MEM :       2.423458 GB ] <<<<< ..
.. >>>>> [ WALL TIME:       0.279192  s ] [ CPU  TIME:       6.415396  s ] <<<<< ..
 
.. >>>>> [ IO READ: is_periodic ] <<<<< ..
 
.. >>>>> [ RES  MEM :       0.094692 GB ] [ VIRT MEM :       2.579849 GB ] <<<<< ..
.. >>>>> [ WALL TIME:       0.316821  s ] [ CPU  TIME:       7.065906  s ] <<<<< ..
 
 Sorting the map
 AO integrals provided:
  Size of AO map :            78.0022850036621      MB
  Number of AO integrals :               7265298
  cpu  time :   74.1870530000000      s
  wall time :   3.21732807159424      s  ( x    23.0585912748522       )
.. >>>>> [ IO READ: restore_symm ] <<<<< ..
 
.. >>>>> [ RES  MEM :       0.186909 GB ] [ VIRT MEM :       2.731510 GB ] <<<<< ..
.. >>>>> [ WALL TIME:       3.555307  s ] [ CPU  TIME:      82.463652  s ] <<<<< ..
 
 
.. >>>>> [ RES  MEM :       0.245811 GB ] [ VIRT MEM :       2.731510 GB ] <<<<< ..
.. >>>>> [ WALL TIME:       3.801191  s ] [ CPU  TIME:      90.107108  s ] <<<<< ..
 
 Read mo_occ
.. >>>>> [ IO READ: ao_md5 ] <<<<< ..
 
.. >>>>> [ RES  MEM :       0.245811 GB ] [ VIRT MEM :       2.731510 GB ] <<<<< ..
.. >>>>> [ WALL TIME:       3.802304  s ] [ CPU  TIME:      90.142112  s ] <<<<< ..
 
.. >>>>> [ IO READ: io_nuclear_repulsion ] <<<<< ..
 
.. >>>>> [ RES  MEM :       0.248730 GB ] [ VIRT MEM :       2.731693 GB ] <<<<< ..
.. >>>>> [ WALL TIME:       4.271298  s ] [ CPU  TIME:     101.065830  s ] <<<<< ..
 
 
.. >>>>> [ RES  MEM :       0.248730 GB ] [ VIRT MEM :       2.731693 GB ] <<<<< ..
.. >>>>> [ WALL TIME:       4.271532  s ] [ CPU  TIME:     101.073307  s ] <<<<< ..
 
* Nuclear repulsion energy                           9.176580402467161    
.. >>>>> [ IO READ: n_it_scf_max ] <<<<< ..
 
.. >>>>> [ RES  MEM :       0.248730 GB ] [ VIRT MEM :       2.731693 GB ] <<<<< ..
.. >>>>> [ WALL TIME:       4.272635  s ] [ CPU  TIME:     101.107764  s ] <<<<< ..
 
.. >>>>> [ IO READ: scf_algorithm ] <<<<< ..
 
.. >>>>> [ RES  MEM :       0.248737 GB ] [ VIRT MEM :       2.731693 GB ] <<<<< ..
.. >>>>> [ WALL TIME:       4.305449  s ] [ CPU  TIME:     102.154353  s ] <<<<< ..
 
.. >>>>> [ IO READ: max_dim_diis ] <<<<< ..
 
.. >>>>> [ RES  MEM :       0.248737 GB ] [ VIRT MEM :       2.731693 GB ] <<<<< ..
.. >>>>> [ WALL TIME:       4.310475  s ] [ CPU  TIME:     102.314051  s ] <<<<< ..
 
.. >>>>> [ IO READ: threshold_diis ] <<<<< ..
 
.. >>>>> [ RES  MEM :       0.248737 GB ] [ VIRT MEM :       2.731693 GB ] <<<<< ..
.. >>>>> [ WALL TIME:       4.311386  s ] [ CPU  TIME:     102.342404  s ] <<<<< ..
 
.. >>>>> [ IO READ: thresh_scf ] <<<<< ..
 
.. >>>>> [ RES  MEM :       0.248737 GB ] [ VIRT MEM :       2.731693 GB ] <<<<< ..
.. >>>>> [ WALL TIME:       4.312288  s ] [ CPU  TIME:     102.370746  s ] <<<<< ..
 
 
.. >>>>> [ RES  MEM :       0.251015 GB ] [ VIRT MEM :       2.734173 GB ] <<<<< ..
.. >>>>> [ WALL TIME:       4.314512  s ] [ CPU  TIME:     102.441579  s ] <<<<< ..
 
 Energy of the guess =   -73.6833928314108     
==== ================ ================ ================ ================
  N          Energy      Energy diff       DIIS error     Level shift   
==== ================ ================ ================ ================
   1   -75.9645694435    -2.2811766121     0.2521574658     0.0000000000   1
   2   -76.0183367929    -0.0537673494     0.1462949659     0.0000000000   2
   3   -76.0599282248    -0.0415914319     0.0119748402     0.0000000000   3
   4   -76.0604350326    -0.0005068079     0.0024937168     0.0000000000   4
   5   -76.0604645398    -0.0000295071     0.0005415490     0.0000000000   5
   6   -76.0604659548    -0.0000014150     0.0003193392     0.0000000000   6
   7   -76.0604662685    -0.0000003137     0.0001516048     0.0000000000   7
   8   -76.0604663108    -0.0000000423     0.0000915021     0.0000000000   8
   9   -76.0604663227    -0.0000000120     0.0000632044     0.0000000000   9
  10   -76.0604663272    -0.0000000045     0.0000372439     0.0000000000  10
  11   -76.0604663290    -0.0000000018     0.0000264668     0.0000000000  11
  12   -76.0604663297    -0.0000000008     0.0000159569     0.0000000000  12
  13   -76.0604663301    -0.0000000003     0.0000112610     0.0000000000  13
  14   -76.0604663302    -0.0000000001     0.0000070924     0.0000000000  14
  15   -76.0604663303    -0.0000000001     0.0000048457     0.0000000000  15
==== ================ ================ ================ ================
 
 
.. >>>>> [ RES  MEM :       0.251572 GB ] [ VIRT MEM :       2.734173 GB ] <<<<< ..
.. >>>>> [ WALL TIME:      10.001708  s ] [ CPU  TIME:     259.952485  s ] <<<<< ..
 
MOs are now **Canonical**

Eigenvalues
-----------

======== ================
       1   -20.5676238128
       2    -1.3527436788
       3    -0.7164363748
       4    -0.5849405446
       5    -0.5102611340
       6     0.0294081939
       7     0.0476882080
       8     0.1359279567
       9     0.1586370196
      10     0.1751858443
      11     0.1830227665
      12     0.2273954834
      13     0.2449923630
      14     0.2653260156
      15     0.3003414469
      16     0.3103483771
      17     0.3658266537
      18     0.4377878512
      19     0.4664497456
      20     0.5994555429
      21     0.6584602924
      22     0.7082085080
      23     0.7224382314
      24     0.7315951433
      25     0.8310074681
      26     0.8463598387
      27     0.8916931548
      28     0.9129299955
      29     0.9182998578
      30     0.9225172631
      31     0.9308210388
      32     0.9620326903
      33     1.0217712238
      34     1.0438962643
      35     1.0828852303
      36     1.1090785795
      37     1.1764650652
      38     1.1822080111
      39     1.2601733783
      40     1.5108800033
      41     1.5362437066
      42     1.5844211080
      43     1.8038830052
      44     1.8202166412
      45     1.9872762613
      46     2.1189031146
      47     2.2626969206
      48     2.3162303571
      49     2.3260292217
      50     2.4185775544
      51     2.4206605032
      52     2.4427487465
      53     2.4790932137
      54     2.6763100805
      55     2.6976828592
      56     2.7723464584
      57     2.8178771932
      58     2.8849369055
      59     3.6549160308
      60     3.7453732303
      61     4.0183498137
      62     4.0851499336
      63     4.1673573055
      64     4.2489773982
      65     4.2905677749
      66     4.3755639924
      67     4.3781347281
      68     4.4061966131
      69     4.5175114895
      70     4.7260589402
      71     4.8467936653
      72     5.1493109268
      73     5.1537449460
      74     5.2555054572
      75     5.3305733158
      76     5.5259540509
      77     5.6676930998
      78     6.1782196930
      79     6.5135909585
      80     6.7095226439
      81     6.8989253219
      82     7.1335520836
      83     7.2529396313
      84     7.3074997800
      85     7.3151539092
      86     7.3267223052
      87     7.3557021188
      88     7.5373050455
      89     7.9023215162
      90     7.9267661203
      91     8.8081065207
      92    15.7739035330
======== ================

 
.. >>>>> [ RES  MEM :       0.253628 GB ] [ VIRT MEM :       2.734173 GB ] <<<<< ..
.. >>>>> [ WALL TIME:      10.005447  s ] [ CPU  TIME:     260.071643  s ] <<<<< ..
 
* SCF energy                                        -76.06046633025466    
 
.. >>>>> [ RES  MEM :       0.253738 GB ] [ VIRT MEM :       2.734173 GB ] <<<<< ..
.. >>>>> [ WALL TIME:      10.336861  s ] [ CPU  TIME:     270.472531  s ] <<<<< ..
 
Wall time: 0:00:13

