Date: 23/03/2021 08:18:17
===============
Quantum Package
===============

Git Commit: Fixing zmq bug
Git Date  : Tue Mar 2 14:27:22 2021 +0100
Git SHA1  : ee9f4516b39d8dd8fa2476d3d5d738bacfd91718
EZFIO Dir : hydrogen_sulfide


Task server running : tcp://10.1.255.205:41279
 * mo_label          no_label
.. >>>>> [ IO READ: mo_guess_type ] <<<<< ..
 
.. >>>>> [ RES  MEM :       0.009510 GB ] [ VIRT MEM :       0.141159 GB ] <<<<< ..
.. >>>>> [ WALL TIME:       0.000545  s ] [ CPU  TIME:       0.080738  s ] <<<<< ..
 
.. >>>>> [ IO READ: ao_num ] <<<<< ..
 
.. >>>>> [ RES  MEM :       0.009712 GB ] [ VIRT MEM :       0.141159 GB ] <<<<< ..
.. >>>>> [ WALL TIME:       0.005931  s ] [ CPU  TIME:       0.081623  s ] <<<<< ..
 
.. >>>>> [ IO READ: ao_cartesian ] <<<<< ..
 
.. >>>>> [ RES  MEM :       0.009712 GB ] [ VIRT MEM :       0.141159 GB ] <<<<< ..
.. >>>>> [ WALL TIME:       0.007240  s ] [ CPU  TIME:       0.082249  s ] <<<<< ..
 
.. >>>>> [ IO READ: lin_dep_cutoff ] <<<<< ..
 
.. >>>>> [ RES  MEM :       0.009712 GB ] [ VIRT MEM :       0.141159 GB ] <<<<< ..
.. >>>>> [ WALL TIME:       0.326180  s ] [ CPU  TIME:       0.083221  s ] <<<<< ..
 
* Linear dependencies cut-off                       0.1000000000000000E-05
.. >>>>> [ IO READ: ao_power ] <<<<< ..
 
.. >>>>> [ RES  MEM :       0.014534 GB ] [ VIRT MEM :       2.207802 GB ] <<<<< ..
.. >>>>> [ WALL TIME:       0.345135  s ] [ CPU  TIME:       0.327417  s ] <<<<< ..
 
.. >>>>> [ IO READ: io_ao_integrals_overlap ] <<<<< ..
 
.. >>>>> [ RES  MEM :       0.014778 GB ] [ VIRT MEM :       2.207802 GB ] <<<<< ..
.. >>>>> [ WALL TIME:       0.346316  s ] [ CPU  TIME:       0.359172  s ] <<<<< ..
 
.. >>>>> [ IO READ: ao_prim_num ] <<<<< ..
 
.. >>>>> [ RES  MEM :       0.015221 GB ] [ VIRT MEM :       2.207802 GB ] <<<<< ..
.. >>>>> [ WALL TIME:       0.361038  s ] [ CPU  TIME:       0.765472  s ] <<<<< ..
 
.. >>>>> [ IO READ: ao_normalized ] <<<<< ..
 
.. >>>>> [ RES  MEM :       0.015221 GB ] [ VIRT MEM :       2.207802 GB ] <<<<< ..
.. >>>>> [ WALL TIME:       0.361920  s ] [ CPU  TIME:       0.789532  s ] <<<<< ..
 
.. >>>>> [ IO READ: primitives_normalized ] <<<<< ..
 
.. >>>>> [ RES  MEM :       0.015221 GB ] [ VIRT MEM :       2.207802 GB ] <<<<< ..
.. >>>>> [ WALL TIME:       0.362888  s ] [ CPU  TIME:       0.815974  s ] <<<<< ..
 
.. >>>>> [ IO READ: ao_coef ] <<<<< ..
 
.. >>>>> [ RES  MEM :       0.015282 GB ] [ VIRT MEM :       2.207802 GB ] <<<<< ..
.. >>>>> [ WALL TIME:       0.367153  s ] [ CPU  TIME:       0.924737  s ] <<<<< ..
 
.. >>>>> [ IO READ: ao_expo ] <<<<< ..
 
.. >>>>> [ RES  MEM :       0.015369 GB ] [ VIRT MEM :       2.207802 GB ] <<<<< ..
.. >>>>> [ WALL TIME:       0.371122  s ] [ CPU  TIME:       1.031782  s ] <<<<< ..
 
.. >>>>> [ IO READ: ao_nucl ] <<<<< ..
 
.. >>>>> [ RES  MEM :       0.015560 GB ] [ VIRT MEM :       2.207802 GB ] <<<<< ..
.. >>>>> [ WALL TIME:       0.374807  s ] [ CPU  TIME:       1.138727  s ] <<<<< ..
 
.. >>>>> [ IO READ: nucl_num ] <<<<< ..
 
.. >>>>> [ RES  MEM :       0.015560 GB ] [ VIRT MEM :       2.207802 GB ] <<<<< ..
.. >>>>> [ WALL TIME:       0.380426  s ] [ CPU  TIME:       1.306872  s ] <<<<< ..
 
.. >>>>> [ IO READ: nucl_label ] <<<<< ..
 
.. >>>>> [ RES  MEM :       0.015583 GB ] [ VIRT MEM :       2.207802 GB ] <<<<< ..
.. >>>>> [ WALL TIME:       0.385417  s ] [ CPU  TIME:       1.456281  s ] <<<<< ..
 
.. >>>>> [ IO READ: nucl_charge ] <<<<< ..
 
.. >>>>> [ RES  MEM :       0.015594 GB ] [ VIRT MEM :       2.207802 GB ] <<<<< ..
.. >>>>> [ WALL TIME:       0.389177  s ] [ CPU  TIME:       1.568821  s ] <<<<< ..
 
 
.. >>>>> [ RES  MEM :       0.015602 GB ] [ VIRT MEM :       2.207802 GB ] <<<<< ..
.. >>>>> [ WALL TIME:       0.402908  s ] [ CPU  TIME:       1.979734  s ] <<<<< ..
 

Nuclear Coordinates (Angstroms)
===============================

================ ============ ============ ============ ============
      Atom          Charge          X            Y            Z 
================ ============ ============ ============ ============
S                   16.000000     0.000000     0.000000    -0.266521
H                    1.000000     0.000000     0.962193     0.662595
H                    1.000000     0.000000    -0.962193     0.662595
================ ============ ============ ============ ============

Minimal interatomic distance found:       1.3376 Angstrom
* mo_num                                                        96
.. >>>>> [ IO READ: level_shift ] <<<<< ..
 
.. >>>>> [ RES  MEM :       0.093288 GB ] [ VIRT MEM :       2.427364 GB ] <<<<< ..
.. >>>>> [ WALL TIME:       0.487306  s ] [ CPU  TIME:       4.496716  s ] <<<<< ..
 
.. >>>>> [ IO READ: elec_alpha_num ] <<<<< ..
 
.. >>>>> [ RES  MEM :       0.093288 GB ] [ VIRT MEM :       2.427364 GB ] <<<<< ..
.. >>>>> [ WALL TIME:       0.496627  s ] [ CPU  TIME:       4.785241  s ] <<<<< ..
 
.. >>>>> [ IO READ: elec_beta_num ] <<<<< ..
 
.. >>>>> [ RES  MEM :       0.093288 GB ] [ VIRT MEM :       2.427364 GB ] <<<<< ..
.. >>>>> [ WALL TIME:       0.497442  s ] [ CPU  TIME:       4.810922  s ] <<<<< ..
 
.. >>>>> [ IO READ: frozen_orb_scf ] <<<<< ..
 
.. >>>>> [ RES  MEM :       0.093288 GB ] [ VIRT MEM :       2.427364 GB ] <<<<< ..
.. >>>>> [ WALL TIME:       0.498264  s ] [ CPU  TIME:       4.836599  s ] <<<<< ..
 
.. >>>>> [ IO READ: io_ao_one_e_integrals ] <<<<< ..
 
.. >>>>> [ RES  MEM :       0.093288 GB ] [ VIRT MEM :       2.427364 GB ] <<<<< ..
.. >>>>> [ WALL TIME:       0.499113  s ] [ CPU  TIME:       4.863146  s ] <<<<< ..
 
.. >>>>> [ IO READ: io_ao_integrals_kinetic ] <<<<< ..
 
.. >>>>> [ RES  MEM :       0.093288 GB ] [ VIRT MEM :       2.427364 GB ] <<<<< ..
.. >>>>> [ WALL TIME:       0.499975  s ] [ CPU  TIME:       4.890075  s ] <<<<< ..
 
.. >>>>> [ IO READ: io_ao_integrals_n_e ] <<<<< ..
 
.. >>>>> [ RES  MEM :       0.094002 GB ] [ VIRT MEM :       2.427364 GB ] <<<<< ..
.. >>>>> [ WALL TIME:       0.505759  s ] [ CPU  TIME:       5.074130  s ] <<<<< ..
 
.. >>>>> [ IO READ: do_pseudo ] <<<<< ..
 
.. >>>>> [ RES  MEM :       0.094002 GB ] [ VIRT MEM :       2.427364 GB ] <<<<< ..
.. >>>>> [ WALL TIME:       0.675989  s ] [ CPU  TIME:      10.338375  s ] <<<<< ..
 
.. >>>>> [ IO READ: do_direct_integrals ] <<<<< ..
 
.. >>>>> [ RES  MEM :       0.094906 GB ] [ VIRT MEM :       2.427364 GB ] <<<<< ..
.. >>>>> [ WALL TIME:       0.715931  s ] [ CPU  TIME:      11.573519  s ] <<<<< ..
 
 AO map initialized :               17973010
.. >>>>> [ IO READ: io_ao_two_e_integrals ] <<<<< ..
 
.. >>>>> [ RES  MEM :       0.095406 GB ] [ VIRT MEM :       2.427364 GB ] <<<<< ..
.. >>>>> [ WALL TIME:       0.725037  s ] [ CPU  TIME:      11.855120  s ] <<<<< ..
 
 Providing the AO integrals
.. >>>>> [ IO READ: ao_integrals_threshold ] <<<<< ..
 
.. >>>>> [ RES  MEM :       0.095406 GB ] [ VIRT MEM :       2.427364 GB ] <<<<< ..
.. >>>>> [ WALL TIME:       0.726477  s ] [ CPU  TIME:      11.899644  s ] <<<<< ..
 
.. >>>>> [ IO READ: is_periodic ] <<<<< ..
 
.. >>>>> [ RES  MEM :       0.096863 GB ] [ VIRT MEM :       2.583755 GB ] <<<<< ..
.. >>>>> [ WALL TIME:       0.755722  s ] [ CPU  TIME:      12.542848  s ] <<<<< ..
 
 Sorting the map
 AO integrals provided:
  Size of AO map :            90.5505847930908      MB
  Number of AO integrals :               8402438
  cpu  time :   242.851359000000      s
  wall time :   8.06060791015625      s  ( x    30.1281692034680       )
.. >>>>> [ IO READ: restore_symm ] <<<<< ..
 
.. >>>>> [ RES  MEM :       0.202415 GB ] [ VIRT MEM :       2.746185 GB ] <<<<< ..
.. >>>>> [ WALL TIME:       8.858320  s ] [ CPU  TIME:     257.012482  s ] <<<<< ..
 
 
.. >>>>> [ RES  MEM :       0.259975 GB ] [ VIRT MEM :       2.746185 GB ] <<<<< ..
.. >>>>> [ WALL TIME:       9.133811  s ] [ CPU  TIME:     265.744592  s ] <<<<< ..
 
 Read mo_occ
.. >>>>> [ IO READ: ao_md5 ] <<<<< ..
 
.. >>>>> [ RES  MEM :       0.259975 GB ] [ VIRT MEM :       2.746185 GB ] <<<<< ..
.. >>>>> [ WALL TIME:       9.134900  s ] [ CPU  TIME:     265.778792  s ] <<<<< ..
 
.. >>>>> [ IO READ: io_nuclear_repulsion ] <<<<< ..
 
.. >>>>> [ RES  MEM :       0.262768 GB ] [ VIRT MEM :       2.746368 GB ] <<<<< ..
.. >>>>> [ WALL TIME:       9.859426  s ] [ CPU  TIME:     279.588523  s ] <<<<< ..
 
 
.. >>>>> [ RES  MEM :       0.262768 GB ] [ VIRT MEM :       2.746368 GB ] <<<<< ..
.. >>>>> [ WALL TIME:       9.859675  s ] [ CPU  TIME:     279.596525  s ] <<<<< ..
 
* Nuclear repulsion energy                           12.93509158572881    
.. >>>>> [ IO READ: n_it_scf_max ] <<<<< ..
 
.. >>>>> [ RES  MEM :       0.262768 GB ] [ VIRT MEM :       2.746368 GB ] <<<<< ..
.. >>>>> [ WALL TIME:       9.860682  s ] [ CPU  TIME:     279.628009  s ] <<<<< ..
 
.. >>>>> [ IO READ: scf_algorithm ] <<<<< ..
 
.. >>>>> [ RES  MEM :       0.262775 GB ] [ VIRT MEM :       2.746368 GB ] <<<<< ..
.. >>>>> [ WALL TIME:       9.899162  s ] [ CPU  TIME:     280.855714  s ] <<<<< ..
 
.. >>>>> [ IO READ: max_dim_diis ] <<<<< ..
 
.. >>>>> [ RES  MEM :       0.262783 GB ] [ VIRT MEM :       2.746368 GB ] <<<<< ..
.. >>>>> [ WALL TIME:       9.907406  s ] [ CPU  TIME:     281.118307  s ] <<<<< ..
 
.. >>>>> [ IO READ: threshold_diis ] <<<<< ..
 
.. >>>>> [ RES  MEM :       0.262783 GB ] [ VIRT MEM :       2.746368 GB ] <<<<< ..
.. >>>>> [ WALL TIME:       9.909360  s ] [ CPU  TIME:     281.179039  s ] <<<<< ..
 
.. >>>>> [ IO READ: thresh_scf ] <<<<< ..
 
.. >>>>> [ RES  MEM :       0.262783 GB ] [ VIRT MEM :       2.746368 GB ] <<<<< ..
.. >>>>> [ WALL TIME:       9.910392  s ] [ CPU  TIME:     281.211227  s ] <<<<< ..
 
 
.. >>>>> [ RES  MEM :       0.265457 GB ] [ VIRT MEM :       2.749046 GB ] <<<<< ..
.. >>>>> [ WALL TIME:       9.912682  s ] [ CPU  TIME:     281.284249  s ] <<<<< ..
 
 Energy of the guess =   -395.140245941965     
==== ================ ================ ================ ================
  N          Energy      Energy diff       DIIS error     Level shift   
==== ================ ================ ================ ================
   1  -398.5029834094    -3.3627374674     0.3149645193     0.0000000000   1
   2  -398.6925798937    -0.1895964843     0.0710396517     0.0000000000   2
   3  -398.7122987948    -0.0197189011     0.0140838097     0.0000000000   3
   4  -398.7137556181    -0.0014568233     0.0036669257     0.0000000000   4
   5  -398.7138217494    -0.0000661313     0.0009670098     0.0000000000   5
   6  -398.7138248176    -0.0000030682     0.0001661812     0.0000000000   6
   7  -398.7138249214    -0.0000001037     0.0001242700     0.0000000000   7
   8  -398.7138249966    -0.0000000752     0.0000530489     0.0000000000   8
   9  -398.7138250069    -0.0000000103     0.0000191901     0.0000000000   9
  10  -398.7138250085    -0.0000000016     0.0000074122     0.0000000000  10
  11  -398.7138250087    -0.0000000003     0.0000033533     0.0000000000  11
  12  -398.7138250088    -0.0000000000     0.0000013386     0.0000000000  12
==== ================ ================ ================ ================
 
 
.. >>>>> [ RES  MEM :       0.266041 GB ] [ VIRT MEM :       2.749046 GB ] <<<<< ..
.. >>>>> [ WALL TIME:      14.945480  s ] [ CPU  TIME:     427.123969  s ] <<<<< ..
 
MOs are now **Canonical**

Eigenvalues
-----------

======== ================
       1   -91.9669023437
       2    -8.9690553904
       3    -6.6503383510
       4    -6.6495701889
       5    -6.6482707776
       6    -0.9822453078
       7    -0.5891933597
       8    -0.5020664803
       9    -0.3855043505
      10     0.0287806682
      11     0.0494366100
      12     0.0905637913
      13     0.1002419885
      14     0.1089965560
      15     0.1415921211
      16     0.1666081452
      17     0.2074766942
      18     0.2190844949
      19     0.2387091281
      20     0.2411454460
      21     0.2944762888
      22     0.3327021489
      23     0.3405371780
      24     0.3643520046
      25     0.3678989376
      26     0.3699754622
      27     0.4017020663
      28     0.4070109649
      29     0.5400484965
      30     0.5530182150
      31     0.5810151171
      32     0.6091254155
      33     0.6876442034
      34     0.6923976333
      35     0.7063425563
      36     0.7867020913
      37     0.8164124932
      38     0.8301825599
      39     0.8515817888
      40     0.8752290507
      41     0.8832745174
      42     0.8947890143
      43     0.9163515634
      44     0.9545718468
      45     0.9896442081
      46     1.0012729438
      47     1.0561419150
      48     1.0753713526
      49     1.0846275913
      50     1.1092067415
      51     1.1272793658
      52     1.1598118061
      53     1.1973080252
      54     1.2725761637
      55     1.3387000270
      56     1.5759671448
      57     1.6133591611
      58     1.6149864478
      59     1.6583957212
      60     1.7002428191
      61     1.7798217612
      62     1.8112560493
      63     2.0500291769
      64     2.0576591461
      65     2.0831689805
      66     2.1951984040
      67     2.2597481059
      68     2.3509910969
      69     2.3707955540
      70     2.4199976468
      71     2.4346730732
      72     2.5526382960
      73     2.6047984530
      74     2.6304799594
      75     2.6908579688
      76     2.8506484964
      77     3.0883032580
      78     3.4424259314
      79     3.5405162979
      80     3.8758148681
      81     3.9454137053
      82     3.9701159403
      83     4.0050051092
      84     4.2260274250
      85     4.3291216162
      86     4.3474509998
      87     4.4122819866
      88     4.4433888191
      89     4.5279105730
      90     4.5642074227
      91     4.6108963049
      92     4.7215253193
      93     4.8752304443
      94     4.9660054250
      95     5.5056199502
      96     7.7226989692
======== ================

 
.. >>>>> [ RES  MEM :       0.266193 GB ] [ VIRT MEM :       2.749046 GB ] <<<<< ..
.. >>>>> [ WALL TIME:      14.959283  s ] [ CPU  TIME:     427.550672  s ] <<<<< ..
 
* SCF energy                                        -398.7138250087959    
 
.. >>>>> [ RES  MEM :       0.266331 GB ] [ VIRT MEM :       2.749046 GB ] <<<<< ..
.. >>>>> [ WALL TIME:      15.353742  s ] [ CPU  TIME:     439.919834  s ] <<<<< ..
 
Wall time: 0:00:18

