bash: no job control in this shell


    ,-----.     .-------.    .-'''-. .---.  .---.
  .'  .-,  '.   \  _(`)_ \  / _     \|   |  |_ _|
 / ,-.|  \ _ \  | (_ o._)| (`' )/`--'|   |  ( ' )
;  \  '_ /  | : |  (_,_) /(_ o _).   |   '-(_{;}_)
|  _`,/ \ _/  | |   '-.-'  (_,_). '. |      (_,_)
: (  '\_/ \   ; |   |     .---.  \  :| _ _--.   |
 \ `"/  \  )  \ |   |     \    `-'  ||( ' ) |   |
  '. \_/``"/)  )/   )      \       / (_{;}_)|   |
    '-----' `-' `---'       `-...-'  '(_,_) '---'



   -- Quantum  Package  Shell --

 0.02 %  in                     1 seconds 
slurmstepd: error: *** JOB 1158044 ON compute-3-7 CANCELLED AT 2021-03-24T22:12:22 ***
forrtl: error (78): process killed (SIGTERM)
Image              PC                Routine            Line        Source             
scf                00000000005C3665  Unknown               Unknown  Unknown
libpthread-2.17.s  00007F45F98A6630  Unknown               Unknown  Unknown
libc-2.17.so       00007F45F95BCC3D  __poll                Unknown  Unknown
scf                0000000000581998  Unknown               Unknown  Unknown
scf                0000000000577DDC  Unknown               Unknown  Unknown
scf                0000000000582F6B  Unknown               Unknown  Unknown
scf                000000000058390B  Unknown               Unknown  Unknown
scf                0000000000568EE9  Unknown               Unknown  Unknown
scf                00000000005697A0  Unknown               Unknown  Unknown
scf                000000000050EF3A  ao_two_e_integral         143  integrals_in_map_slave.irp.F90
scf                00000000004F2A14  bld_ao_two_e_inte         123  two_e_integrals.irp.F90
libiomp5.so        00007F45FA84AA43  __kmp_invoke_micr     Unknown  Unknown
libiomp5.so        00007F45FA80DCDA  Unknown               Unknown  Unknown
libiomp5.so        00007F45FA80F5B6  __kmp_fork_call       Unknown  Unknown
libiomp5.so        00007F45FA7CDBB0  __kmpc_fork_call      Unknown  Unknown
scf                00000000004F24CB  bld_ao_two_e_inte         120  two_e_integrals.irp.F90
scf                00000000004F1DE1  provide_ao_two_e_          30  two_e_integrals.irp.F90
scf                00000000004A2CAA  bld_ao_two_e_inte         209  fock_matrix_hf.irp.F90
scf                00000000004A1F7A  provide_ao_two_e_          88  fock_matrix_hf.irp.F90
scf                00000000004A0C06  provide_fock_matr         274  fock_matrix_hf.irp.F90
scf                000000000042E005  provide_fock_matr         192  fock_matrix.irp.F90
scf                000000000042D2AF  provide_fock_matr          34  fock_matrix.irp.F90
scf                00000000004B749A  provide_eigenvect          45  diagonalize_fock.irp.F90
scf                0000000000432369  huckel_guess_              35  huckel.irp.F90
scf                000000000040D446  create_guess_             110  scf.irp.F90
scf                000000000040CEB9  scf_                       17  scf.irp.F90
scf                000000000040CE93  MAIN__                     11  scf.irp.F90
scf                000000000040CE12  Unknown               Unknown  Unknown
libc-2.17.so       00007F45F94EB555  __libc_start_main     Unknown  Unknown
scf                000000000040CD2A  Unknown               Unknown  Unknown
