Date: 21/03/2021 06:37:10
===============
Quantum Package
===============

Git Commit: Fixing zmq bug
Git Date  : Tue Mar 2 14:27:22 2021 +0100
Git SHA1  : ee9f4516b39d8dd8fa2476d3d5d738bacfd91718
EZFIO Dir : hydrogen_sulfide


Task server running : tcp://10.1.255.206:41279
.. >>>>> [ IO READ: n_states ] <<<<< ..
 
.. >>>>> [ RES  MEM :       0.009552 GB ] [ VIRT MEM :       0.141804 GB ] <<<<< ..
.. >>>>> [ WALL TIME:       0.001329  s ] [ CPU  TIME:       0.024732  s ] <<<<< ..
 
.. >>>>> [ IO READ: read_wf ] <<<<< ..
 
.. >>>>> [ RES  MEM :       0.009747 GB ] [ VIRT MEM :       0.141804 GB ] <<<<< ..
.. >>>>> [ WALL TIME:       0.002185  s ] [ CPU  TIME:       0.024974  s ] <<<<< ..
 
.. >>>>> [ IO READ: ao_num ] <<<<< ..
 
.. >>>>> [ RES  MEM :       0.009747 GB ] [ VIRT MEM :       0.141804 GB ] <<<<< ..
.. >>>>> [ WALL TIME:       0.010222  s ] [ CPU  TIME:       0.025289  s ] <<<<< ..
 
* mo_num                                                        45
 Read  mo_coef
.. >>>>> [ IO READ: elec_beta_num ] <<<<< ..
 
.. >>>>> [ RES  MEM :       0.014515 GB ] [ VIRT MEM :       2.204540 GB ] <<<<< ..
.. >>>>> [ WALL TIME:       0.037348  s ] [ CPU  TIME:       0.357032  s ] <<<<< ..
 
.. >>>>> [ IO READ: elec_alpha_num ] <<<<< ..
 
.. >>>>> [ RES  MEM :       0.014515 GB ] [ VIRT MEM :       2.204540 GB ] <<<<< ..
.. >>>>> [ WALL TIME:       0.038202  s ] [ CPU  TIME:       0.381189  s ] <<<<< ..
 
 Read mo_occ
 * mo_label          Canonical
* Number of determinants                                  19721664
* N_int                                                          1
* Dimension of the psi arrays                             19721664
 Read psi_det
* Number of unique beta determinants                         76960
* Number of unique alpha determinants                        76960
 Read psi_coef    19721664           3
.. >>>>> [ IO READ: weight_one_e_dm ] <<<<< ..
 
.. >>>>> [ RES  MEM :       4.225494 GB ] [ VIRT MEM :       6.444012 GB ] <<<<< ..
.. >>>>> [ WALL TIME:     120.888975  s ] [ CPU  TIME:    1593.050705  s ] <<<<< ..
 
.. >>>>> [ IO READ: mo_class ] <<<<< ..
 
.. >>>>> [ RES  MEM :       4.225548 GB ] [ VIRT MEM :       6.444012 GB ] <<<<< ..
.. >>>>> [ WALL TIME:     120.931371  s ] [ CPU  TIME:    1594.360699  s ] <<<<< ..
 
* Number of core     MOs                                         5
* Number of inactive MOs                                         0
* Number of active   MOs                                        40
 Core MOs:
           1           2           3           4           5
 Active MOs:
           6           7           8           9          10          11
          12          13          14          15          16          17
          18          19          20          21          22          23
          24          25          26          27          28          29
          30          31          32          33          34          35
          36          37          38          39          40          41
          42          43          44          45
 Core, Inactive and Active MOs:
           1           2           3           4           5           6
           7           8           9          10          11          12
          13          14          15          16          17          18
          19          20          21          22          23          24
          25          26          27          28          29          30
          31          32          33          34          35          36
          37          38          39          40          41          42
          43          44          45
* Number of virtual  MOs                                         0
 Virtual MOs:
 
 
.. >>>>> [ RES  MEM :       4.225548 GB ] [ VIRT MEM :       6.444012 GB ] <<<<< ..
.. >>>>> [ WALL TIME:     120.977258  s ] [ CPU  TIME:    1595.780100  s ] <<<<< ..
 
MOs are now **Natural**

Eigenvalues
-----------

======== ================ ================
   MO       Eigenvalue       Cumulative   
======== ================ ================
       1     2.0000000000     2.0000000000
       2     2.0000000000     4.0000000000
       3     2.0000000000     6.0000000000
       4     2.0000000000     8.0000000000
       5     2.0000000000    10.0000000000
       6     1.9698970553    11.9698970553
       7     1.9460279625    13.9159250179
       8     1.9401568257    15.8560818436
       9     1.3040483460    17.1601301896
      10     0.3537882276    17.5139184171
      11     0.3348815113    17.8487999284
      12     0.0274807454    17.8762806738
      13     0.0169139010    17.8931945748
      14     0.0166796938    17.9098742687
      15     0.0152112877    17.9250855563
      16     0.0129726845    17.9380582409
      17     0.0118408405    17.9498990813
      18     0.0109637384    17.9608628198
      19     0.0103130801    17.9711758999
      20     0.0078022305    17.9789781303
      21     0.0040231941    17.9830013244
      22     0.0030840059    17.9860853303
      23     0.0018197968    17.9879051271
      24     0.0016411183    17.9895462454
      25     0.0013535626    17.9908998080
      26     0.0012630411    17.9921628491
      27     0.0012250575    17.9933879066
      28     0.0007829805    17.9941708871
      29     0.0007804786    17.9949513657
      30     0.0007780195    17.9957293851
      31     0.0006782963    17.9964076814
      32     0.0006501719    17.9970578532
      33     0.0006267926    17.9976846459
      34     0.0004920300    17.9981766758
      35     0.0004317546    17.9986084304
      36     0.0003086142    17.9989170446
      37     0.0002016173    17.9991186619
      38     0.0001979784    17.9993166403
      39     0.0001685156    17.9994851559
      40     0.0001418526    17.9996270085
      41     0.0000992926    17.9997263011
      42     0.0000985919    17.9998248930
      43     0.0000808317    17.9999057247
      44     0.0000506250    17.9999563497
      45     0.0000436503    18.0000000000
======== ================ ================

 
.. >>>>> [ RES  MEM :       4.227715 GB ] [ VIRT MEM :       6.520996 GB ] <<<<< ..
.. >>>>> [ WALL TIME:     121.400770  s ] [ CPU  TIME:    1600.430894  s ] <<<<< ..
 
.. >>>>> [ IO READ: lin_dep_cutoff ] <<<<< ..
 
.. >>>>> [ RES  MEM :       4.227810 GB ] [ VIRT MEM :       6.520996 GB ] <<<<< ..
.. >>>>> [ WALL TIME:     121.423903  s ] [ CPU  TIME:    1601.099539  s ] <<<<< ..
 
.. >>>>> [ IO READ: io_ao_integrals_overlap ] <<<<< ..
 
.. >>>>> [ RES  MEM :       4.227810 GB ] [ VIRT MEM :       6.520996 GB ] <<<<< ..
.. >>>>> [ WALL TIME:     121.429943  s ] [ CPU  TIME:    1601.274612  s ] <<<<< ..
 
.. >>>>> [ IO READ: ao_prim_num ] <<<<< ..
 
.. >>>>> [ RES  MEM :       4.227879 GB ] [ VIRT MEM :       6.520996 GB ] <<<<< ..
.. >>>>> [ WALL TIME:     121.441569  s ] [ CPU  TIME:    1601.610143  s ] <<<<< ..
 
.. >>>>> [ IO READ: ao_normalized ] <<<<< ..
 
.. >>>>> [ RES  MEM :       4.227879 GB ] [ VIRT MEM :       6.520996 GB ] <<<<< ..
.. >>>>> [ WALL TIME:     121.451170  s ] [ CPU  TIME:    1601.888217  s ] <<<<< ..
 
.. >>>>> [ IO READ: primitives_normalized ] <<<<< ..
 
.. >>>>> [ RES  MEM :       4.227879 GB ] [ VIRT MEM :       6.520996 GB ] <<<<< ..
.. >>>>> [ WALL TIME:     121.452175  s ] [ CPU  TIME:    1601.917550  s ] <<<<< ..
 
.. >>>>> [ IO READ: ao_coef ] <<<<< ..
 
.. >>>>> [ RES  MEM :       4.227924 GB ] [ VIRT MEM :       6.520996 GB ] <<<<< ..
.. >>>>> [ WALL TIME:     121.464267  s ] [ CPU  TIME:    1602.264290  s ] <<<<< ..
 
.. >>>>> [ IO READ: ao_power ] <<<<< ..
 
.. >>>>> [ RES  MEM :       4.227928 GB ] [ VIRT MEM :       6.520996 GB ] <<<<< ..
.. >>>>> [ WALL TIME:     121.501097  s ] [ CPU  TIME:    1603.399339  s ] <<<<< ..
 
.. >>>>> [ IO READ: ao_expo ] <<<<< ..
 
.. >>>>> [ RES  MEM :       4.227928 GB ] [ VIRT MEM :       6.520996 GB ] <<<<< ..
.. >>>>> [ WALL TIME:     121.553021  s ] [ CPU  TIME:    1604.999343  s ] <<<<< ..
 
.. >>>>> [ IO READ: ao_nucl ] <<<<< ..
 
.. >>>>> [ RES  MEM :       4.228004 GB ] [ VIRT MEM :       6.520996 GB ] <<<<< ..
.. >>>>> [ WALL TIME:     121.566677  s ] [ CPU  TIME:    1605.420034  s ] <<<<< ..
 
.. >>>>> [ IO READ: nucl_num ] <<<<< ..
 
.. >>>>> [ RES  MEM :       4.228004 GB ] [ VIRT MEM :       6.520996 GB ] <<<<< ..
.. >>>>> [ WALL TIME:     121.586052  s ] [ CPU  TIME:    1606.019676  s ] <<<<< ..
 
.. >>>>> [ IO READ: nucl_label ] <<<<< ..
 
.. >>>>> [ RES  MEM :       4.228031 GB ] [ VIRT MEM :       6.520996 GB ] <<<<< ..
.. >>>>> [ WALL TIME:     121.616546  s ] [ CPU  TIME:    1606.963250  s ] <<<<< ..
 
.. >>>>> [ IO READ: nucl_charge ] <<<<< ..
 
.. >>>>> [ RES  MEM :       4.228035 GB ] [ VIRT MEM :       6.520996 GB ] <<<<< ..
.. >>>>> [ WALL TIME:     121.619728  s ] [ CPU  TIME:    1607.062166  s ] <<<<< ..
 
 
.. >>>>> [ RES  MEM :       4.228043 GB ] [ VIRT MEM :       6.520996 GB ] <<<<< ..
.. >>>>> [ WALL TIME:     121.638570  s ] [ CPU  TIME:    1607.645243  s ] <<<<< ..
 

Nuclear Coordinates (Angstroms)
===============================

================ ============ ============ ============ ============
      Atom          Charge          X            Y            Z 
================ ============ ============ ============ ============
S                   16.000000     0.000000     0.000000    -0.266521
H                    1.000000     0.000000     0.962193     0.662595
H                    1.000000     0.000000    -0.962193     0.662595
================ ============ ============ ============ ============

Minimal interatomic distance found:       1.3376 Angstrom
.. >>>>> [ IO READ: ao_md5 ] <<<<< ..
 
.. >>>>> [ RES  MEM :       4.228043 GB ] [ VIRT MEM :       6.520996 GB ] <<<<< ..
.. >>>>> [ WALL TIME:     121.649129  s ] [ CPU  TIME:    1607.973537  s ] <<<<< ..
 
* Saved determinants                                             1
Wall time: 0:02:08

