Date: 08/04/2021 03:40:49
===============
Quantum Package
===============

Git Commit: Fixing zmq bug
Git Date  : Tue Mar 2 14:27:22 2021 +0100
Git SHA1  : ee9f4516b39d8dd8fa2476d3d5d738bacfd91718
EZFIO Dir : carbon_monoxide


Task server running : tcp://10.1.255.206:41279
.. >>>>> [ IO READ: n_states ] <<<<< ..
 
.. >>>>> [ RES  MEM :       0.009552 GB ] [ VIRT MEM :       0.141804 GB ] <<<<< ..
.. >>>>> [ WALL TIME:       0.002387  s ] [ CPU  TIME:       0.022124  s ] <<<<< ..
 
.. >>>>> [ IO READ: read_wf ] <<<<< ..
 
.. >>>>> [ RES  MEM :       0.009747 GB ] [ VIRT MEM :       0.141804 GB ] <<<<< ..
.. >>>>> [ WALL TIME:       0.003248  s ] [ CPU  TIME:       0.022368  s ] <<<<< ..
 
.. >>>>> [ IO READ: ao_num ] <<<<< ..
 
.. >>>>> [ RES  MEM :       0.009747 GB ] [ VIRT MEM :       0.141804 GB ] <<<<< ..
.. >>>>> [ WALL TIME:       0.014960  s ] [ CPU  TIME:       0.022755  s ] <<<<< ..
 
* mo_num                                                        92
 Read  mo_coef
.. >>>>> [ IO READ: elec_beta_num ] <<<<< ..
 
.. >>>>> [ RES  MEM :       0.016945 GB ] [ VIRT MEM :       2.216259 GB ] <<<<< ..
.. >>>>> [ WALL TIME:       0.219720  s ] [ CPU  TIME:       0.494084  s ] <<<<< ..
 
.. >>>>> [ IO READ: elec_alpha_num ] <<<<< ..
 
.. >>>>> [ RES  MEM :       0.016945 GB ] [ VIRT MEM :       2.216259 GB ] <<<<< ..
.. >>>>> [ WALL TIME:       0.220665  s ] [ CPU  TIME:       0.520784  s ] <<<<< ..
 
 Read mo_occ
 * mo_label          Canonical
* Number of determinants                                   4243545
* N_int                                                          2
* Dimension of the psi arrays                              4243545
 Read psi_det
* Number of unique beta determinants                        144321
* Number of unique alpha determinants                       144321
 Read psi_coef     4243545           8
.. >>>>> [ IO READ: weight_one_e_dm ] <<<<< ..
 
.. >>>>> [ RES  MEM :       2.340210 GB ] [ VIRT MEM :       4.569069 GB ] <<<<< ..
.. >>>>> [ WALL TIME:      62.878283  s ] [ CPU  TIME:     787.062618  s ] <<<<< ..
 
.. >>>>> [ IO READ: mo_class ] <<<<< ..
 
.. >>>>> [ RES  MEM :       2.340305 GB ] [ VIRT MEM :       4.569069 GB ] <<<<< ..
.. >>>>> [ WALL TIME:      62.934794  s ] [ CPU  TIME:     788.811084  s ] <<<<< ..
 
* Number of core     MOs                                         2
* Number of inactive MOs                                         0
* Number of active   MOs                                        90
 Core MOs:
           1           2
 Active MOs:
           3           4           5           6           7           8
           9          10          11          12          13          14
          15          16          17          18          19          20
          21          22          23          24          25          26
          27          28          29          30          31          32
          33          34          35          36          37          38
          39          40          41          42          43          44
          45          46          47          48          49          50
          51          52          53          54          55          56
          57          58          59          60          61          62
          63          64          65          66          67          68
          69          70          71          72          73          74
          75          76          77          78          79          80
          81          82          83          84          85          86
          87          88          89          90          91          92
 Core, Inactive and Active MOs:
           1           2           3           4           5           6
           7           8           9          10          11          12
          13          14          15          16          17          18
          19          20          21          22          23          24
          25          26          27          28          29          30
          31          32          33          34          35          36
          37          38          39          40          41          42
          43          44          45          46          47          48
          49          50          51          52          53          54
          55          56          57          58          59          60
          61          62          63          64          65          66
          67          68          69          70          71          72
          73          74          75          76          77          78
          79          80          81          82          83          84
          85          86          87          88          89          90
          91          92
* Number of virtual  MOs                                         0
 Virtual MOs:
 
 
.. >>>>> [ RES  MEM :       2.340305 GB ] [ VIRT MEM :       4.569069 GB ] <<<<< ..
.. >>>>> [ WALL TIME:      62.953841  s ] [ CPU  TIME:     789.400750  s ] <<<<< ..
 
MOs are now **Natural**

Eigenvalues
-----------

======== ================ ================
   MO       Eigenvalue       Cumulative   
======== ================ ================
       1     2.0000000000     2.0000000000
       2     2.0000000000     4.0000000000
       3     1.9831916844     5.9831916844
       4     1.9593710303     7.9425627148
       5     1.7588873052     9.7014500200
       6     1.7588776635    11.4603276835
       7     1.4767535219    12.9370812054
       8     0.3503241984    13.2874054038
       9     0.3503132990    13.6377187028
      10     0.1252934072    13.7630121101
      11     0.1240657915    13.8870779016
      12     0.0187583124    13.9058362140
      13     0.0086311941    13.9144674081
      14     0.0086307895    13.9230981976
      15     0.0079611876    13.9310593852
      16     0.0066151479    13.9376745331
      17     0.0066148062    13.9442893393
      18     0.0062117137    13.9505010530
      19     0.0054577788    13.9559588318
      20     0.0054567375    13.9614155693
      21     0.0050393456    13.9664549149
      22     0.0049139538    13.9713688687
      23     0.0049136067    13.9762824754
      24     0.0027775168    13.9790599922
      25     0.0027736006    13.9818335927
      26     0.0022782252    13.9841118180
      27     0.0013657369    13.9854775549
      28     0.0013655443    13.9868430991
      29     0.0010468535    13.9878899526
      30     0.0007722355    13.9886621880
      31     0.0007720949    13.9894342829
      32     0.0006995484    13.9901338313
      33     0.0006994737    13.9908333050
      34     0.0005254824    13.9913587874
      35     0.0005252386    13.9918840259
      36     0.0004900324    13.9923740584
      37     0.0004424623    13.9928165207
      38     0.0004380532    13.9932545739
      39     0.0004379728    13.9936925466
      40     0.0004141728    13.9941067194
      41     0.0004141548    13.9945208742
      42     0.0003275152    13.9948483894
      43     0.0003269680    13.9951753574
      44     0.0002980082    13.9954733656
      45     0.0002900160    13.9957633816
      46     0.0002526269    13.9960160085
      47     0.0002525614    13.9962685699
      48     0.0002265122    13.9964950821
      49     0.0001928081    13.9966878901
      50     0.0001927856    13.9968806758
      51     0.0001892957    13.9970699714
      52     0.0001888942    13.9972588657
      53     0.0001803855    13.9974392512
      54     0.0001803804    13.9976196315
      55     0.0001695799    13.9977892114
      56     0.0001694507    13.9979586621
      57     0.0001647258    13.9981233879
      58     0.0001484653    13.9982718532
      59     0.0001484160    13.9984202692
      60     0.0001153039    13.9985355731
      61     0.0001077395    13.9986433126
      62     0.0001075045    13.9987508170
      63     0.0000937009    13.9988445179
      64     0.0000640315    13.9989085494
      65     0.0000639703    13.9989725197
      66     0.0000637640    13.9990362837
      67     0.0000624485    13.9990987322
      68     0.0000621189    13.9991608511
      69     0.0000598240    13.9992206751
      70     0.0000550969    13.9992757720
      71     0.0000550529    13.9993308250
      72     0.0000511178    13.9993819428
      73     0.0000510207    13.9994329635
      74     0.0000474075    13.9994803711
      75     0.0000413095    13.9995216806
      76     0.0000411686    13.9995628492
      77     0.0000391297    13.9996019790
      78     0.0000390654    13.9996410443
      79     0.0000365644    13.9996776087
      80     0.0000365291    13.9997141378
      81     0.0000365259    13.9997506637
      82     0.0000328527    13.9997835164
      83     0.0000291753    13.9998126917
      84     0.0000290270    13.9998417187
      85     0.0000279853    13.9998697040
      86     0.0000279644    13.9998976683
      87     0.0000194067    13.9999170750
      88     0.0000193038    13.9999363788
      89     0.0000187902    13.9999551690
      90     0.0000187856    13.9999739546
      91     0.0000175723    13.9999915269
      92     0.0000084731    14.0000000000
======== ================ ================

 
.. >>>>> [ RES  MEM :       2.417400 GB ] [ VIRT MEM :       4.788631 GB ] <<<<< ..
.. >>>>> [ WALL TIME:      63.035927  s ] [ CPU  TIME:     791.900193  s ] <<<<< ..
 
.. >>>>> [ IO READ: lin_dep_cutoff ] <<<<< ..
 
.. >>>>> [ RES  MEM :       2.417400 GB ] [ VIRT MEM :       4.788631 GB ] <<<<< ..
.. >>>>> [ WALL TIME:      63.052533  s ] [ CPU  TIME:     792.397917  s ] <<<<< ..
 
.. >>>>> [ IO READ: io_ao_integrals_overlap ] <<<<< ..
 
.. >>>>> [ RES  MEM :       2.417400 GB ] [ VIRT MEM :       4.788631 GB ] <<<<< ..
.. >>>>> [ WALL TIME:      63.066091  s ] [ CPU  TIME:     792.804038  s ] <<<<< ..
 
.. >>>>> [ IO READ: ao_prim_num ] <<<<< ..
 
.. >>>>> [ RES  MEM :       2.417927 GB ] [ VIRT MEM :       4.788742 GB ] <<<<< ..
.. >>>>> [ WALL TIME:      63.069410  s ] [ CPU  TIME:     792.900813  s ] <<<<< ..
 
.. >>>>> [ IO READ: ao_normalized ] <<<<< ..
 
.. >>>>> [ RES  MEM :       2.417927 GB ] [ VIRT MEM :       4.788742 GB ] <<<<< ..
.. >>>>> [ WALL TIME:      63.070310  s ] [ CPU  TIME:     792.928059  s ] <<<<< ..
 
.. >>>>> [ IO READ: primitives_normalized ] <<<<< ..
 
.. >>>>> [ RES  MEM :       2.417927 GB ] [ VIRT MEM :       4.788742 GB ] <<<<< ..
.. >>>>> [ WALL TIME:      63.071232  s ] [ CPU  TIME:     792.955913  s ] <<<<< ..
 
.. >>>>> [ IO READ: ao_coef ] <<<<< ..
 
.. >>>>> [ RES  MEM :       2.417995 GB ] [ VIRT MEM :       4.788742 GB ] <<<<< ..
.. >>>>> [ WALL TIME:      63.074841  s ] [ CPU  TIME:     793.060437  s ] <<<<< ..
 
.. >>>>> [ IO READ: ao_power ] <<<<< ..
 
.. >>>>> [ RES  MEM :       2.417995 GB ] [ VIRT MEM :       4.788742 GB ] <<<<< ..
.. >>>>> [ WALL TIME:      63.078370  s ] [ CPU  TIME:     793.164941  s ] <<<<< ..
 
.. >>>>> [ IO READ: ao_expo ] <<<<< ..
 
.. >>>>> [ RES  MEM :       2.417995 GB ] [ VIRT MEM :       4.788742 GB ] <<<<< ..
.. >>>>> [ WALL TIME:      63.082604  s ] [ CPU  TIME:     793.290124  s ] <<<<< ..
 
.. >>>>> [ IO READ: ao_nucl ] <<<<< ..
 
.. >>>>> [ RES  MEM :       2.418079 GB ] [ VIRT MEM :       4.788742 GB ] <<<<< ..
.. >>>>> [ WALL TIME:      63.086636  s ] [ CPU  TIME:     793.411589  s ] <<<<< ..
 
.. >>>>> [ IO READ: nucl_num ] <<<<< ..
 
.. >>>>> [ RES  MEM :       2.418079 GB ] [ VIRT MEM :       4.788742 GB ] <<<<< ..
.. >>>>> [ WALL TIME:      63.117312  s ] [ CPU  TIME:     794.360404  s ] <<<<< ..
 
.. >>>>> [ IO READ: nucl_label ] <<<<< ..
 
.. >>>>> [ RES  MEM :       2.418106 GB ] [ VIRT MEM :       4.788742 GB ] <<<<< ..
.. >>>>> [ WALL TIME:      63.133933  s ] [ CPU  TIME:     794.874380  s ] <<<<< ..
 
.. >>>>> [ IO READ: nucl_charge ] <<<<< ..
 
.. >>>>> [ RES  MEM :       2.418110 GB ] [ VIRT MEM :       4.788742 GB ] <<<<< ..
.. >>>>> [ WALL TIME:      63.148464  s ] [ CPU  TIME:     795.323740  s ] <<<<< ..
 
 
.. >>>>> [ RES  MEM :       2.418118 GB ] [ VIRT MEM :       4.788742 GB ] <<<<< ..
.. >>>>> [ WALL TIME:      63.162897  s ] [ CPU  TIME:     795.769904  s ] <<<<< ..
 

Nuclear Coordinates (Angstroms)
===============================

================ ============ ============ ============ ============
      Atom          Charge          X            Y            Z 
================ ============ ============ ============ ============
C                    6.000000     0.000000     0.000000    -0.661165
O                    8.000000     0.000000     0.000000     0.472379
================ ============ ============ ============ ============

Minimal interatomic distance found:       1.1335 Angstrom
.. >>>>> [ IO READ: ao_md5 ] <<<<< ..
 
.. >>>>> [ RES  MEM :       2.418312 GB ] [ VIRT MEM :       4.788742 GB ] <<<<< ..
.. >>>>> [ WALL TIME:      63.180657  s ] [ CPU  TIME:     796.319089  s ] <<<<< ..
 
* Saved determinants                                             1
Wall time: 0:01:11

