Date: 10/04/2021 13:38:00
===============
Quantum Package
===============

Git Commit: Fixing zmq bug
Git Date  : Tue Mar 2 14:27:22 2021 +0100
Git SHA1  : ee9f4516b39d8dd8fa2476d3d5d738bacfd91718
EZFIO Dir : water


Task server running : tcp://10.1.255.206:41279
 * mo_label          no_label
.. >>>>> [ IO READ: mo_guess_type ] <<<<< ..
 
.. >>>>> [ RES  MEM :       0.009514 GB ] [ VIRT MEM :       0.141159 GB ] <<<<< ..
.. >>>>> [ WALL TIME:       0.000253  s ] [ CPU  TIME:       0.050513  s ] <<<<< ..
 
.. >>>>> [ IO READ: ao_num ] <<<<< ..
 
.. >>>>> [ RES  MEM :       0.009514 GB ] [ VIRT MEM :       0.141159 GB ] <<<<< ..
.. >>>>> [ WALL TIME:       0.015583  s ] [ CPU  TIME:       0.050837  s ] <<<<< ..
 
.. >>>>> [ IO READ: ao_cartesian ] <<<<< ..
 
.. >>>>> [ RES  MEM :       0.009716 GB ] [ VIRT MEM :       0.141159 GB ] <<<<< ..
.. >>>>> [ WALL TIME:       0.017550  s ] [ CPU  TIME:       0.051067  s ] <<<<< ..
 
.. >>>>> [ IO READ: lin_dep_cutoff ] <<<<< ..
 
.. >>>>> [ RES  MEM :       0.009716 GB ] [ VIRT MEM :       0.141159 GB ] <<<<< ..
.. >>>>> [ WALL TIME:       0.036830  s ] [ CPU  TIME:       0.051436  s ] <<<<< ..
 
* Linear dependencies cut-off                       0.1000000000000000E-05
.. >>>>> [ IO READ: ao_power ] <<<<< ..
 
.. >>>>> [ RES  MEM :       0.014534 GB ] [ VIRT MEM :       2.207802 GB ] <<<<< ..
.. >>>>> [ WALL TIME:       0.053704  s ] [ CPU  TIME:       0.278661  s ] <<<<< ..
 
.. >>>>> [ IO READ: io_ao_integrals_overlap ] <<<<< ..
 
.. >>>>> [ RES  MEM :       0.014755 GB ] [ VIRT MEM :       2.207802 GB ] <<<<< ..
.. >>>>> [ WALL TIME:       0.055522  s ] [ CPU  TIME:       0.324432  s ] <<<<< ..
 
.. >>>>> [ IO READ: ao_prim_num ] <<<<< ..
 
.. >>>>> [ RES  MEM :       0.015156 GB ] [ VIRT MEM :       2.207802 GB ] <<<<< ..
.. >>>>> [ WALL TIME:       0.061042  s ] [ CPU  TIME:       0.462391  s ] <<<<< ..
 
.. >>>>> [ IO READ: ao_normalized ] <<<<< ..
 
.. >>>>> [ RES  MEM :       0.015156 GB ] [ VIRT MEM :       2.207802 GB ] <<<<< ..
.. >>>>> [ WALL TIME:       0.064699  s ] [ CPU  TIME:       0.557540  s ] <<<<< ..
 
.. >>>>> [ IO READ: primitives_normalized ] <<<<< ..
 
.. >>>>> [ RES  MEM :       0.015156 GB ] [ VIRT MEM :       2.207802 GB ] <<<<< ..
.. >>>>> [ WALL TIME:       0.066912  s ] [ CPU  TIME:       0.615211  s ] <<<<< ..
 
.. >>>>> [ IO READ: ao_coef ] <<<<< ..
 
.. >>>>> [ RES  MEM :       0.015209 GB ] [ VIRT MEM :       2.207802 GB ] <<<<< ..
.. >>>>> [ WALL TIME:       0.081100  s ] [ CPU  TIME:       0.984493  s ] <<<<< ..
 
.. >>>>> [ IO READ: ao_expo ] <<<<< ..
 
.. >>>>> [ RES  MEM :       0.015270 GB ] [ VIRT MEM :       2.207802 GB ] <<<<< ..
.. >>>>> [ WALL TIME:       0.087083  s ] [ CPU  TIME:       1.153992  s ] <<<<< ..
 
.. >>>>> [ IO READ: ao_nucl ] <<<<< ..
 
.. >>>>> [ RES  MEM :       0.015442 GB ] [ VIRT MEM :       2.207802 GB ] <<<<< ..
.. >>>>> [ WALL TIME:       0.090855  s ] [ CPU  TIME:       1.261683  s ] <<<<< ..
 
.. >>>>> [ IO READ: nucl_num ] <<<<< ..
 
.. >>>>> [ RES  MEM :       0.015442 GB ] [ VIRT MEM :       2.207802 GB ] <<<<< ..
.. >>>>> [ WALL TIME:       0.105046  s ] [ CPU  TIME:       1.682332  s ] <<<<< ..
 
.. >>>>> [ IO READ: nucl_label ] <<<<< ..
 
.. >>>>> [ RES  MEM :       0.015465 GB ] [ VIRT MEM :       2.207802 GB ] <<<<< ..
.. >>>>> [ WALL TIME:       0.111298  s ] [ CPU  TIME:       1.871884  s ] <<<<< ..
 
.. >>>>> [ IO READ: nucl_charge ] <<<<< ..
 
.. >>>>> [ RES  MEM :       0.015476 GB ] [ VIRT MEM :       2.207802 GB ] <<<<< ..
.. >>>>> [ WALL TIME:       0.122274  s ] [ CPU  TIME:       2.211811  s ] <<<<< ..
 
 
.. >>>>> [ RES  MEM :       0.015484 GB ] [ VIRT MEM :       2.207802 GB ] <<<<< ..
.. >>>>> [ WALL TIME:       0.127689  s ] [ CPU  TIME:       2.379626  s ] <<<<< ..
 

Nuclear Coordinates (Angstroms)
===============================

================ ============ ============ ============ ============
      Atom          Charge          X            Y            Z 
================ ============ ============ ============ ============
O                    8.000000     0.000000     0.000000    -0.069903
H                    1.000000     0.000000     0.757532     0.518435
H                    1.000000     0.000000    -0.757532     0.518435
================ ============ ============ ============ ============

Minimal interatomic distance found:       0.9592 Angstrom
* mo_num                                                        92
.. >>>>> [ IO READ: level_shift ] <<<<< ..
 
.. >>>>> [ RES  MEM :       0.088821 GB ] [ VIRT MEM :       2.427364 GB ] <<<<< ..
.. >>>>> [ WALL TIME:       0.160831  s ] [ CPU  TIME:       3.370536  s ] <<<<< ..
 
.. >>>>> [ IO READ: elec_alpha_num ] <<<<< ..
 
.. >>>>> [ RES  MEM :       0.088821 GB ] [ VIRT MEM :       2.427364 GB ] <<<<< ..
.. >>>>> [ WALL TIME:       0.177081  s ] [ CPU  TIME:       3.857327  s ] <<<<< ..
 
.. >>>>> [ IO READ: elec_beta_num ] <<<<< ..
 
.. >>>>> [ RES  MEM :       0.088821 GB ] [ VIRT MEM :       2.427364 GB ] <<<<< ..
.. >>>>> [ WALL TIME:       0.180896  s ] [ CPU  TIME:       3.971780  s ] <<<<< ..
 
.. >>>>> [ IO READ: frozen_orb_scf ] <<<<< ..
 
.. >>>>> [ RES  MEM :       0.088821 GB ] [ VIRT MEM :       2.427364 GB ] <<<<< ..
.. >>>>> [ WALL TIME:       0.185465  s ] [ CPU  TIME:       4.108754  s ] <<<<< ..
 
.. >>>>> [ IO READ: io_ao_one_e_integrals ] <<<<< ..
 
.. >>>>> [ RES  MEM :       0.089031 GB ] [ VIRT MEM :       2.427364 GB ] <<<<< ..
.. >>>>> [ WALL TIME:       0.186555  s ] [ CPU  TIME:       4.141682  s ] <<<<< ..
 
.. >>>>> [ IO READ: io_ao_integrals_kinetic ] <<<<< ..
 
.. >>>>> [ RES  MEM :       0.089031 GB ] [ VIRT MEM :       2.427364 GB ] <<<<< ..
.. >>>>> [ WALL TIME:       0.189926  s ] [ CPU  TIME:       4.242828  s ] <<<<< ..
 
.. >>>>> [ IO READ: io_ao_integrals_n_e ] <<<<< ..
 
.. >>>>> [ RES  MEM :       0.089672 GB ] [ VIRT MEM :       2.427364 GB ] <<<<< ..
.. >>>>> [ WALL TIME:       0.193196  s ] [ CPU  TIME:       4.343349  s ] <<<<< ..
 
.. >>>>> [ IO READ: do_pseudo ] <<<<< ..
 
.. >>>>> [ RES  MEM :       0.089672 GB ] [ VIRT MEM :       2.427364 GB ] <<<<< ..
.. >>>>> [ WALL TIME:       0.205746  s ] [ CPU  TIME:       4.719294  s ] <<<<< ..
 
.. >>>>> [ IO READ: do_direct_integrals ] <<<<< ..
 
.. >>>>> [ RES  MEM :       0.090282 GB ] [ VIRT MEM :       2.427364 GB ] <<<<< ..
.. >>>>> [ WALL TIME:       0.226290  s ] [ CPU  TIME:       5.342289  s ] <<<<< ..
 
 AO map initialized :               15487395
.. >>>>> [ IO READ: io_ao_two_e_integrals ] <<<<< ..
 
.. >>>>> [ RES  MEM :       0.090775 GB ] [ VIRT MEM :       2.427364 GB ] <<<<< ..
.. >>>>> [ WALL TIME:       0.231428  s ] [ CPU  TIME:       5.502406  s ] <<<<< ..
 
 Providing the AO integrals
.. >>>>> [ IO READ: ao_integrals_threshold ] <<<<< ..
 
.. >>>>> [ RES  MEM :       0.090775 GB ] [ VIRT MEM :       2.427364 GB ] <<<<< ..
.. >>>>> [ WALL TIME:       0.233069  s ] [ CPU  TIME:       5.553483  s ] <<<<< ..
 
.. >>>>> [ IO READ: is_periodic ] <<<<< ..
 
.. >>>>> [ RES  MEM :       0.092957 GB ] [ VIRT MEM :       2.583755 GB ] <<<<< ..
.. >>>>> [ WALL TIME:       0.268870  s ] [ CPU  TIME:       6.320131  s ] <<<<< ..
 
 Sorting the map
 AO integrals provided:
  Size of AO map :            78.0022850036621      MB
  Number of AO integrals :               7265298
  cpu  time :   76.6141270000000      s
  wall time :   3.23935008049011      s  ( x    23.6510797216485       )
.. >>>>> [ IO READ: restore_symm ] <<<<< ..
 
.. >>>>> [ RES  MEM :       0.185673 GB ] [ VIRT MEM :       2.731556 GB ] <<<<< ..
.. >>>>> [ WALL TIME:       3.552134  s ] [ CPU  TIME:      84.651703  s ] <<<<< ..
 
 
.. >>>>> [ RES  MEM :       0.243916 GB ] [ VIRT MEM :       2.731556 GB ] <<<<< ..
.. >>>>> [ WALL TIME:       3.768417  s ] [ CPU  TIME:      91.555343  s ] <<<<< ..
 
 Read mo_occ
.. >>>>> [ IO READ: ao_md5 ] <<<<< ..
 
.. >>>>> [ RES  MEM :       0.243916 GB ] [ VIRT MEM :       2.731556 GB ] <<<<< ..
.. >>>>> [ WALL TIME:       3.771012  s ] [ CPU  TIME:      91.636240  s ] <<<<< ..
 
.. >>>>> [ IO READ: io_nuclear_repulsion ] <<<<< ..
 
.. >>>>> [ RES  MEM :       0.248074 GB ] [ VIRT MEM :       2.731739 GB ] <<<<< ..
.. >>>>> [ WALL TIME:       4.084906  s ] [ CPU  TIME:     101.291269  s ] <<<<< ..
 
 
.. >>>>> [ RES  MEM :       0.248074 GB ] [ VIRT MEM :       2.731739 GB ] <<<<< ..
.. >>>>> [ WALL TIME:       4.085132  s ] [ CPU  TIME:     101.298586  s ] <<<<< ..
 
* Nuclear repulsion energy                           9.176580402467161    
.. >>>>> [ IO READ: n_it_scf_max ] <<<<< ..
 
.. >>>>> [ RES  MEM :       0.248074 GB ] [ VIRT MEM :       2.731739 GB ] <<<<< ..
.. >>>>> [ WALL TIME:       4.086986  s ] [ CPU  TIME:     101.356235  s ] <<<<< ..
 
.. >>>>> [ IO READ: scf_algorithm ] <<<<< ..
 
.. >>>>> [ RES  MEM :       0.248089 GB ] [ VIRT MEM :       2.731739 GB ] <<<<< ..
.. >>>>> [ WALL TIME:       4.121013  s ] [ CPU  TIME:     102.441476  s ] <<<<< ..
 
.. >>>>> [ IO READ: max_dim_diis ] <<<<< ..
 
.. >>>>> [ RES  MEM :       0.248123 GB ] [ VIRT MEM :       2.731739 GB ] <<<<< ..
.. >>>>> [ WALL TIME:       4.127199  s ] [ CPU  TIME:     102.637145  s ] <<<<< ..
 
.. >>>>> [ IO READ: threshold_diis ] <<<<< ..
 
.. >>>>> [ RES  MEM :       0.248123 GB ] [ VIRT MEM :       2.731739 GB ] <<<<< ..
.. >>>>> [ WALL TIME:       4.128530  s ] [ CPU  TIME:     102.678596  s ] <<<<< ..
 
.. >>>>> [ IO READ: thresh_scf ] <<<<< ..
 
.. >>>>> [ RES  MEM :       0.248123 GB ] [ VIRT MEM :       2.731739 GB ] <<<<< ..
.. >>>>> [ WALL TIME:       4.131879  s ] [ CPU  TIME:     102.782425  s ] <<<<< ..
 
 
.. >>>>> [ RES  MEM :       0.250378 GB ] [ VIRT MEM :       2.734219 GB ] <<<<< ..
.. >>>>> [ WALL TIME:       4.134146  s ] [ CPU  TIME:     102.854575  s ] <<<<< ..
 
 Energy of the guess =   -73.6833928314106     
==== ================ ================ ================ ================
  N          Energy      Energy diff       DIIS error     Level shift   
==== ================ ================ ================ ================
   1   -75.9645694435    -2.2811766121     0.2521574658     0.0000000000   1
   2   -76.0183367929    -0.0537673494     0.1462949659     0.0000000000   2
   3   -76.0599282248    -0.0415914319     0.0119748402     0.0000000000   3
   4   -76.0604350326    -0.0005068079     0.0024937168     0.0000000000   4
   5   -76.0604645398    -0.0000295071     0.0005415490     0.0000000000   5
   6   -76.0604659548    -0.0000014150     0.0003193392     0.0000000000   6
   7   -76.0604662685    -0.0000003137     0.0001516048     0.0000000000   7
   8   -76.0604663108    -0.0000000423     0.0000915021     0.0000000000   8
   9   -76.0604663227    -0.0000000120     0.0000632044     0.0000000000   9
  10   -76.0604663272    -0.0000000045     0.0000372439     0.0000000000  10
  11   -76.0604663290    -0.0000000018     0.0000264668     0.0000000000  11
  12   -76.0604663297    -0.0000000008     0.0000159569     0.0000000000  12
  13   -76.0604663301    -0.0000000003     0.0000112610     0.0000000000  13
  14   -76.0604663302    -0.0000000001     0.0000070924     0.0000000000  14
  15   -76.0604663303    -0.0000000001     0.0000048457     0.0000000000  15
==== ================ ================ ================ ================
 
 
.. >>>>> [ RES  MEM :       0.251320 GB ] [ VIRT MEM :       2.734219 GB ] <<<<< ..
.. >>>>> [ WALL TIME:       9.193937  s ] [ CPU  TIME:     255.735129  s ] <<<<< ..
 
MOs are now **Canonical**

Eigenvalues
-----------

======== ================
       1   -20.5676238128
       2    -1.3527436788
       3    -0.7164363748
       4    -0.5849405446
       5    -0.5102611340
       6     0.0294081939
       7     0.0476882080
       8     0.1359279567
       9     0.1586370196
      10     0.1751858443
      11     0.1830227665
      12     0.2273954834
      13     0.2449923630
      14     0.2653260156
      15     0.3003414469
      16     0.3103483771
      17     0.3658266537
      18     0.4377878512
      19     0.4664497456
      20     0.5994555429
      21     0.6584602924
      22     0.7082085080
      23     0.7224382314
      24     0.7315951433
      25     0.8310074681
      26     0.8463598387
      27     0.8916931548
      28     0.9129299955
      29     0.9182998578
      30     0.9225172631
      31     0.9308210388
      32     0.9620326903
      33     1.0217712238
      34     1.0438962643
      35     1.0828852303
      36     1.1090785795
      37     1.1764650652
      38     1.1822080111
      39     1.2601733783
      40     1.5108800033
      41     1.5362437066
      42     1.5844211080
      43     1.8038830052
      44     1.8202166412
      45     1.9872762613
      46     2.1189031146
      47     2.2626969206
      48     2.3162303571
      49     2.3260292217
      50     2.4185775544
      51     2.4206605032
      52     2.4427487465
      53     2.4790932137
      54     2.6763100805
      55     2.6976828592
      56     2.7723464584
      57     2.8178771932
      58     2.8849369055
      59     3.6549160308
      60     3.7453732303
      61     4.0183498137
      62     4.0851499336
      63     4.1673573055
      64     4.2489773982
      65     4.2905677749
      66     4.3755639924
      67     4.3781347281
      68     4.4061966131
      69     4.5175114895
      70     4.7260589402
      71     4.8467936653
      72     5.1493109268
      73     5.1537449460
      74     5.2555054572
      75     5.3305733158
      76     5.5259540509
      77     5.6676930998
      78     6.1782196930
      79     6.5135909585
      80     6.7095226439
      81     6.8989253219
      82     7.1335520836
      83     7.2529396313
      84     7.3074997800
      85     7.3151539092
      86     7.3267223052
      87     7.3557021188
      88     7.5373050455
      89     7.9023215162
      90     7.9267661203
      91     8.8081065207
      92    15.7739035330
======== ================

 
.. >>>>> [ RES  MEM :       0.253399 GB ] [ VIRT MEM :       2.734219 GB ] <<<<< ..
.. >>>>> [ WALL TIME:       9.197741  s ] [ CPU  TIME:     255.856338  s ] <<<<< ..
 
* SCF energy                                        -76.06046633025464    
 
.. >>>>> [ RES  MEM :       0.253506 GB ] [ VIRT MEM :       2.734219 GB ] <<<<< ..
.. >>>>> [ WALL TIME:       9.541620  s ] [ CPU  TIME:     266.624919  s ] <<<<< ..
 
Wall time: 0:00:13

