Date: 23/03/2021 16:53:12
===============
Quantum Package
===============

Git Commit: Fixing zmq bug
Git Date  : Tue Mar 2 14:27:22 2021 +0100
Git SHA1  : ee9f4516b39d8dd8fa2476d3d5d738bacfd91718
EZFIO Dir : dinitrogen


Task server running : tcp://10.1.255.223:41279
.. >>>>> [ IO READ: n_states ] <<<<< ..
 
.. >>>>> [ RES  MEM :       0.009556 GB ] [ VIRT MEM :       0.141804 GB ] <<<<< ..
.. >>>>> [ WALL TIME:       0.001471  s ] [ CPU  TIME:       0.021124  s ] <<<<< ..
 
.. >>>>> [ IO READ: read_wf ] <<<<< ..
 
.. >>>>> [ RES  MEM :       0.009743 GB ] [ VIRT MEM :       0.141804 GB ] <<<<< ..
.. >>>>> [ WALL TIME:       0.002280  s ] [ CPU  TIME:       0.021361  s ] <<<<< ..
 
.. >>>>> [ IO READ: ao_num ] <<<<< ..
 
.. >>>>> [ RES  MEM :       0.009743 GB ] [ VIRT MEM :       0.141804 GB ] <<<<< ..
.. >>>>> [ WALL TIME:       0.013201  s ] [ CPU  TIME:       0.021683  s ] <<<<< ..
 
* mo_num                                                        46
 Read  mo_coef
.. >>>>> [ IO READ: elec_beta_num ] <<<<< ..
 
.. >>>>> [ RES  MEM :       0.012562 GB ] [ VIRT MEM :       1.673229 GB ] <<<<< ..
.. >>>>> [ WALL TIME:       0.106559  s ] [ CPU  TIME:       0.961747  s ] <<<<< ..
 
.. >>>>> [ IO READ: elec_alpha_num ] <<<<< ..
 
.. >>>>> [ RES  MEM :       0.012562 GB ] [ VIRT MEM :       1.673229 GB ] <<<<< ..
.. >>>>> [ WALL TIME:       0.108227  s ] [ CPU  TIME:       0.995461  s ] <<<<< ..
 
 Read mo_occ
 * mo_label          Canonical
* Number of determinants                                   3022461
* N_int                                                          1
* Dimension of the psi arrays                              3022461
 Read psi_det
* Number of unique beta determinants                         66873
* Number of unique alpha determinants                        66873
 Read psi_coef     3022461           6
.. >>>>> [ IO READ: weight_one_e_dm ] <<<<< ..
 
.. >>>>> [ RES  MEM :       1.168491 GB ] [ VIRT MEM :       2.857517 GB ] <<<<< ..
.. >>>>> [ WALL TIME:      22.931921  s ] [ CPU  TIME:     189.674457  s ] <<<<< ..
 
.. >>>>> [ IO READ: mo_class ] <<<<< ..
 
.. >>>>> [ RES  MEM :       1.168694 GB ] [ VIRT MEM :       2.857517 GB ] <<<<< ..
.. >>>>> [ WALL TIME:      23.078388  s ] [ CPU  TIME:     193.042922  s ] <<<<< ..
 
* Number of core     MOs                                         2
* Number of inactive MOs                                         0
* Number of active   MOs                                        44
 Core MOs:
           1           2
 Active MOs:
           3           4           5           6           7           8
           9          10          11          12          13          14
          15          16          17          18          19          20
          21          22          23          24          25          26
          27          28          29          30          31          32
          33          34          35          36          37          38
          39          40          41          42          43          44
          45          46
 Core, Inactive and Active MOs:
           1           2           3           4           5           6
           7           8           9          10          11          12
          13          14          15          16          17          18
          19          20          21          22          23          24
          25          26          27          28          29          30
          31          32          33          34          35          36
          37          38          39          40          41          42
          43          44          45          46
* Number of virtual  MOs                                         0
 Virtual MOs:
 
 
.. >>>>> [ RES  MEM :       1.168694 GB ] [ VIRT MEM :       2.857517 GB ] <<<<< ..
.. >>>>> [ WALL TIME:      23.107926  s ] [ CPU  TIME:     193.722687  s ] <<<<< ..
 
MOs are now **Natural**

Eigenvalues
-----------

======== ================ ================
   MO       Eigenvalue       Cumulative   
======== ================ ================
       1     2.0000000000     2.0000000000
       2     2.0000000000     4.0000000000
       3     1.9805193006     5.9805193006
       4     1.9401882634     7.9207075640
       5     1.7000904257     9.6207979896
       6     1.7000827868    11.3208807764
       7     1.6545547207    12.9754354971
       8     0.4532462946    13.4286817918
       9     0.4532338307    13.8819156224
      10     0.0199305841    13.9018462065
      11     0.0114694202    13.9133156268
      12     0.0081487287    13.9214643555
      13     0.0081466418    13.9296109973
      14     0.0074141534    13.9370251507
      15     0.0074095139    13.9444346646
      16     0.0073774834    13.9518121480
      17     0.0063752395    13.9581873875
      18     0.0063650601    13.9645524476
      19     0.0062007303    13.9707531779
      20     0.0061997761    13.9769529540
      21     0.0061467421    13.9830996961
      22     0.0030040033    13.9861036994
      23     0.0029983163    13.9891020157
      24     0.0020655295    13.9911675452
      25     0.0014665404    13.9926340856
      26     0.0014662467    13.9941003323
      27     0.0010924433    13.9951927757
      28     0.0004571430    13.9956499187
      29     0.0004569123    13.9961068310
      30     0.0004538035    13.9965606345
      31     0.0004112921    13.9969719266
      32     0.0004107379    13.9973826646
      33     0.0003366886    13.9977193532
      34     0.0003323167    13.9980516699
      35     0.0002680860    13.9983197558
      36     0.0002556804    13.9985754362
      37     0.0002204330    13.9987958692
      38     0.0002202285    13.9990160977
      39     0.0002184946    13.9992345922
      40     0.0002007138    13.9994353060
      41     0.0002000313    13.9996353374
      42     0.0001277882    13.9997631255
      43     0.0001271560    13.9998902815
      44     0.0000506347    13.9999409162
      45     0.0000409357    13.9999818519
      46     0.0000181481    14.0000000000
======== ================ ================

 
.. >>>>> [ RES  MEM :       1.171333 GB ] [ VIRT MEM :       2.928806 GB ] <<<<< ..
.. >>>>> [ WALL TIME:      23.286439  s ] [ CPU  TIME:     197.546455  s ] <<<<< ..
 
.. >>>>> [ IO READ: lin_dep_cutoff ] <<<<< ..
 
.. >>>>> [ RES  MEM :       1.171387 GB ] [ VIRT MEM :       2.928806 GB ] <<<<< ..
.. >>>>> [ WALL TIME:      23.306844  s ] [ CPU  TIME:     198.007625  s ] <<<<< ..
 
.. >>>>> [ IO READ: io_ao_integrals_overlap ] <<<<< ..
 
.. >>>>> [ RES  MEM :       1.171387 GB ] [ VIRT MEM :       2.928806 GB ] <<<<< ..
.. >>>>> [ WALL TIME:      23.314405  s ] [ CPU  TIME:     198.181609  s ] <<<<< ..
 
.. >>>>> [ IO READ: ao_prim_num ] <<<<< ..
 
.. >>>>> [ RES  MEM :       1.171459 GB ] [ VIRT MEM :       2.928806 GB ] <<<<< ..
.. >>>>> [ WALL TIME:      23.317845  s ] [ CPU  TIME:     198.258952  s ] <<<<< ..
 
.. >>>>> [ IO READ: ao_normalized ] <<<<< ..
 
.. >>>>> [ RES  MEM :       1.171459 GB ] [ VIRT MEM :       2.928806 GB ] <<<<< ..
.. >>>>> [ WALL TIME:      23.318893  s ] [ CPU  TIME:     198.282362  s ] <<<<< ..
 
.. >>>>> [ IO READ: primitives_normalized ] <<<<< ..
 
.. >>>>> [ RES  MEM :       1.171459 GB ] [ VIRT MEM :       2.928806 GB ] <<<<< ..
.. >>>>> [ WALL TIME:      23.319796  s ] [ CPU  TIME:     198.302536  s ] <<<<< ..
 
.. >>>>> [ IO READ: ao_coef ] <<<<< ..
 
.. >>>>> [ RES  MEM :       1.171501 GB ] [ VIRT MEM :       2.928806 GB ] <<<<< ..
.. >>>>> [ WALL TIME:      23.389794  s ] [ CPU  TIME:     199.868959  s ] <<<<< ..
 
.. >>>>> [ IO READ: ao_power ] <<<<< ..
 
.. >>>>> [ RES  MEM :       1.171505 GB ] [ VIRT MEM :       2.928806 GB ] <<<<< ..
.. >>>>> [ WALL TIME:      23.392735  s ] [ CPU  TIME:     199.933670  s ] <<<<< ..
 
.. >>>>> [ IO READ: ao_expo ] <<<<< ..
 
.. >>>>> [ RES  MEM :       1.171505 GB ] [ VIRT MEM :       2.928806 GB ] <<<<< ..
.. >>>>> [ WALL TIME:      23.396301  s ] [ CPU  TIME:     200.013694  s ] <<<<< ..
 
.. >>>>> [ IO READ: ao_nucl ] <<<<< ..
 
.. >>>>> [ RES  MEM :       1.171597 GB ] [ VIRT MEM :       2.928806 GB ] <<<<< ..
.. >>>>> [ WALL TIME:      23.400217  s ] [ CPU  TIME:     200.102873  s ] <<<<< ..
 
.. >>>>> [ IO READ: nucl_num ] <<<<< ..
 
.. >>>>> [ RES  MEM :       1.171597 GB ] [ VIRT MEM :       2.928806 GB ] <<<<< ..
.. >>>>> [ WALL TIME:      23.409012  s ] [ CPU  TIME:     200.305646  s ] <<<<< ..
 
.. >>>>> [ IO READ: nucl_label ] <<<<< ..
 
.. >>>>> [ RES  MEM :       1.171623 GB ] [ VIRT MEM :       2.928806 GB ] <<<<< ..
.. >>>>> [ WALL TIME:      23.461093  s ] [ CPU  TIME:     201.503216  s ] <<<<< ..
 
.. >>>>> [ IO READ: nucl_charge ] <<<<< ..
 
.. >>>>> [ RES  MEM :       1.171627 GB ] [ VIRT MEM :       2.928806 GB ] <<<<< ..
.. >>>>> [ WALL TIME:      23.516188  s ] [ CPU  TIME:     202.770732  s ] <<<<< ..
 
 
.. >>>>> [ RES  MEM :       1.171635 GB ] [ VIRT MEM :       2.928806 GB ] <<<<< ..
.. >>>>> [ WALL TIME:      23.523121  s ] [ CPU  TIME:     202.930605  s ] <<<<< ..
 

Nuclear Coordinates (Angstroms)
===============================

================ ============ ============ ============ ============
      Atom          Charge          X            Y            Z 
================ ============ ============ ============ ============
N                    7.000000     0.000000     0.000000     0.550390
N                    7.000000     0.000000     0.000000    -0.550390
================ ============ ============ ============ ============

Minimal interatomic distance found:       1.1008 Angstrom
.. >>>>> [ IO READ: ao_md5 ] <<<<< ..
 
.. >>>>> [ RES  MEM :       1.172356 GB ] [ VIRT MEM :       2.928806 GB ] <<<<< ..
.. >>>>> [ WALL TIME:      23.525258  s ] [ CPU  TIME:     202.981243  s ] <<<<< ..
 
* Saved determinants                                             1
Wall time: 0:00:28

