Date: 20/03/2021 08:24:42
===============
Quantum Package
===============

Git Commit: Fixing zmq bug
Git Date  : Tue Mar 2 14:27:22 2021 +0100
Git SHA1  : ee9f4516b39d8dd8fa2476d3d5d738bacfd91718
EZFIO Dir : dinitrogen


Task server running : tcp://10.1.255.223:41279
 * mo_label          no_label
.. >>>>> [ IO READ: mo_guess_type ] <<<<< ..
 
.. >>>>> [ RES  MEM :       0.009514 GB ] [ VIRT MEM :       0.141159 GB ] <<<<< ..
.. >>>>> [ WALL TIME:       0.000232  s ] [ CPU  TIME:       0.017965  s ] <<<<< ..
 
.. >>>>> [ IO READ: ao_num ] <<<<< ..
 
.. >>>>> [ RES  MEM :       0.009720 GB ] [ VIRT MEM :       0.141159 GB ] <<<<< ..
.. >>>>> [ WALL TIME:       0.019073  s ] [ CPU  TIME:       0.018366  s ] <<<<< ..
 
.. >>>>> [ IO READ: ao_cartesian ] <<<<< ..
 
.. >>>>> [ RES  MEM :       0.009720 GB ] [ VIRT MEM :       0.141159 GB ] <<<<< ..
.. >>>>> [ WALL TIME:       0.021072  s ] [ CPU  TIME:       0.018609  s ] <<<<< ..
 
.. >>>>> [ IO READ: lin_dep_cutoff ] <<<<< ..
 
.. >>>>> [ RES  MEM :       0.009720 GB ] [ VIRT MEM :       0.141159 GB ] <<<<< ..
.. >>>>> [ WALL TIME:       0.051005  s ] [ CPU  TIME:       0.018967  s ] <<<<< ..
 
* Linear dependencies cut-off                       0.1000000000000000E-05
.. >>>>> [ IO READ: ao_power ] <<<<< ..
 
.. >>>>> [ RES  MEM :       0.012260 GB ] [ VIRT MEM :       1.676491 GB ] <<<<< ..
.. >>>>> [ WALL TIME:       0.082005  s ] [ CPU  TIME:       0.432297  s ] <<<<< ..
 
.. >>>>> [ IO READ: io_ao_integrals_overlap ] <<<<< ..
 
.. >>>>> [ RES  MEM :       0.012505 GB ] [ VIRT MEM :       1.676491 GB ] <<<<< ..
.. >>>>> [ WALL TIME:       0.089814  s ] [ CPU  TIME:       0.588784  s ] <<<<< ..
 
.. >>>>> [ IO READ: ao_prim_num ] <<<<< ..
 
.. >>>>> [ RES  MEM :       0.012680 GB ] [ VIRT MEM :       1.676491 GB ] <<<<< ..
.. >>>>> [ WALL TIME:       0.101745  s ] [ CPU  TIME:       0.828075  s ] <<<<< ..
 
.. >>>>> [ IO READ: ao_normalized ] <<<<< ..
 
.. >>>>> [ RES  MEM :       0.012680 GB ] [ VIRT MEM :       1.676491 GB ] <<<<< ..
.. >>>>> [ WALL TIME:       0.103289  s ] [ CPU  TIME:       0.860480  s ] <<<<< ..
 
.. >>>>> [ IO READ: primitives_normalized ] <<<<< ..
 
.. >>>>> [ RES  MEM :       0.012680 GB ] [ VIRT MEM :       1.676491 GB ] <<<<< ..
.. >>>>> [ WALL TIME:       0.107771  s ] [ CPU  TIME:       0.954620  s ] <<<<< ..
 
.. >>>>> [ IO READ: ao_coef ] <<<<< ..
 
.. >>>>> [ RES  MEM :       0.012707 GB ] [ VIRT MEM :       1.676491 GB ] <<<<< ..
.. >>>>> [ WALL TIME:       0.116082  s ] [ CPU  TIME:       1.138284  s ] <<<<< ..
 
.. >>>>> [ IO READ: ao_expo ] <<<<< ..
 
.. >>>>> [ RES  MEM :       0.012718 GB ] [ VIRT MEM :       1.676491 GB ] <<<<< ..
.. >>>>> [ WALL TIME:       0.123397  s ] [ CPU  TIME:       1.298644  s ] <<<<< ..
 
.. >>>>> [ IO READ: ao_nucl ] <<<<< ..
 
.. >>>>> [ RES  MEM :       0.012844 GB ] [ VIRT MEM :       1.676491 GB ] <<<<< ..
.. >>>>> [ WALL TIME:       0.127426  s ] [ CPU  TIME:       1.390545  s ] <<<<< ..
 
.. >>>>> [ IO READ: nucl_num ] <<<<< ..
 
.. >>>>> [ RES  MEM :       0.012844 GB ] [ VIRT MEM :       1.676491 GB ] <<<<< ..
.. >>>>> [ WALL TIME:       0.134435  s ] [ CPU  TIME:       1.552212  s ] <<<<< ..
 
.. >>>>> [ IO READ: nucl_label ] <<<<< ..
 
.. >>>>> [ RES  MEM :       0.012867 GB ] [ VIRT MEM :       1.676491 GB ] <<<<< ..
.. >>>>> [ WALL TIME:       0.139292  s ] [ CPU  TIME:       1.664506  s ] <<<<< ..
 
.. >>>>> [ IO READ: nucl_charge ] <<<<< ..
 
.. >>>>> [ RES  MEM :       0.012878 GB ] [ VIRT MEM :       1.676491 GB ] <<<<< ..
.. >>>>> [ WALL TIME:       0.143659  s ] [ CPU  TIME:       1.765514  s ] <<<<< ..
 
 
.. >>>>> [ RES  MEM :       0.012886 GB ] [ VIRT MEM :       1.676491 GB ] <<<<< ..
.. >>>>> [ WALL TIME:       0.147722  s ] [ CPU  TIME:       1.859551  s ] <<<<< ..
 

Nuclear Coordinates (Angstroms)
===============================

================ ============ ============ ============ ============
      Atom          Charge          X            Y            Z 
================ ============ ============ ============ ============
N                    7.000000     0.000000     0.000000     0.550390
N                    7.000000     0.000000     0.000000    -0.550390
================ ============ ============ ============ ============

Minimal interatomic distance found:       1.1008 Angstrom
* mo_num                                                        46
.. >>>>> [ IO READ: level_shift ] <<<<< ..
 
.. >>>>> [ RES  MEM :       0.015160 GB ] [ VIRT MEM :       1.747780 GB ] <<<<< ..
.. >>>>> [ WALL TIME:       0.156992  s ] [ CPU  TIME:       2.073710  s ] <<<<< ..
 
.. >>>>> [ IO READ: elec_alpha_num ] <<<<< ..
 
.. >>>>> [ RES  MEM :       0.015160 GB ] [ VIRT MEM :       1.747780 GB ] <<<<< ..
.. >>>>> [ WALL TIME:       0.224718  s ] [ CPU  TIME:       3.631337  s ] <<<<< ..
 
.. >>>>> [ IO READ: elec_beta_num ] <<<<< ..
 
.. >>>>> [ RES  MEM :       0.015160 GB ] [ VIRT MEM :       1.747780 GB ] <<<<< ..
.. >>>>> [ WALL TIME:       0.225715  s ] [ CPU  TIME:       3.654282  s ] <<<<< ..
 
.. >>>>> [ IO READ: frozen_orb_scf ] <<<<< ..
 
.. >>>>> [ RES  MEM :       0.015160 GB ] [ VIRT MEM :       1.747780 GB ] <<<<< ..
.. >>>>> [ WALL TIME:       0.226710  s ] [ CPU  TIME:       3.677164  s ] <<<<< ..
 
.. >>>>> [ IO READ: io_ao_one_e_integrals ] <<<<< ..
 
.. >>>>> [ RES  MEM :       0.015160 GB ] [ VIRT MEM :       1.747780 GB ] <<<<< ..
.. >>>>> [ WALL TIME:       0.227632  s ] [ CPU  TIME:       3.698393  s ] <<<<< ..
 
.. >>>>> [ IO READ: io_ao_integrals_kinetic ] <<<<< ..
 
.. >>>>> [ RES  MEM :       0.015160 GB ] [ VIRT MEM :       1.747780 GB ] <<<<< ..
.. >>>>> [ WALL TIME:       0.228614  s ] [ CPU  TIME:       3.720941  s ] <<<<< ..
 
.. >>>>> [ IO READ: io_ao_integrals_n_e ] <<<<< ..
 
.. >>>>> [ RES  MEM :       0.015160 GB ] [ VIRT MEM :       1.747780 GB ] <<<<< ..
.. >>>>> [ WALL TIME:       0.237752  s ] [ CPU  TIME:       3.931142  s ] <<<<< ..
 
.. >>>>> [ IO READ: do_pseudo ] <<<<< ..
 
.. >>>>> [ RES  MEM :       0.015160 GB ] [ VIRT MEM :       1.747780 GB ] <<<<< ..
.. >>>>> [ WALL TIME:       0.245227  s ] [ CPU  TIME:       4.103039  s ] <<<<< ..
 
.. >>>>> [ IO READ: do_direct_integrals ] <<<<< ..
 
.. >>>>> [ RES  MEM :       0.015160 GB ] [ VIRT MEM :       1.747780 GB ] <<<<< ..
.. >>>>> [ WALL TIME:       0.332570  s ] [ CPU  TIME:       6.111858  s ] <<<<< ..
 
 AO map initialized :                 813450
.. >>>>> [ IO READ: io_ao_two_e_integrals ] <<<<< ..
 
.. >>>>> [ RES  MEM :       0.015358 GB ] [ VIRT MEM :       1.747780 GB ] <<<<< ..
.. >>>>> [ WALL TIME:       0.336503  s ] [ CPU  TIME:       6.202772  s ] <<<<< ..
 
 Providing the AO integrals
.. >>>>> [ IO READ: ao_integrals_threshold ] <<<<< ..
 
.. >>>>> [ RES  MEM :       0.015358 GB ] [ VIRT MEM :       1.747780 GB ] <<<<< ..
.. >>>>> [ WALL TIME:       0.337483  s ] [ CPU  TIME:       6.225670  s ] <<<<< ..
 
.. >>>>> [ IO READ: is_periodic ] <<<<< ..
 
.. >>>>> [ RES  MEM :       0.018360 GB ] [ VIRT MEM :       1.892326 GB ] <<<<< ..
.. >>>>> [ WALL TIME:       0.380754  s ] [ CPU  TIME:       7.167055  s ] <<<<< ..
 
 Sorting the map
 AO integrals provided:
  Size of AO map :            2.48324012756348      MB
  Number of AO integrals :                208746
  cpu  time :   12.4139230000000      s
  wall time :  0.720310926437378      s  ( x    17.2341173018139       )
.. >>>>> [ IO READ: restore_symm ] <<<<< ..
 
.. >>>>> [ RES  MEM :       0.025459 GB ] [ VIRT MEM :       1.963676 GB ] <<<<< ..
.. >>>>> [ WALL TIME:       1.093848  s ] [ CPU  TIME:      19.503356  s ] <<<<< ..
 
 
.. >>>>> [ RES  MEM :       0.026196 GB ] [ VIRT MEM :       1.963676 GB ] <<<<< ..
.. >>>>> [ WALL TIME:       1.113142  s ] [ CPU  TIME:      19.966409  s ] <<<<< ..
 
 Read mo_occ
.. >>>>> [ IO READ: ao_md5 ] <<<<< ..
 
.. >>>>> [ RES  MEM :       0.026196 GB ] [ VIRT MEM :       1.963676 GB ] <<<<< ..
.. >>>>> [ WALL TIME:       1.114951  s ] [ CPU  TIME:      20.009842  s ] <<<<< ..
 
.. >>>>> [ IO READ: io_nuclear_repulsion ] <<<<< ..
 
.. >>>>> [ RES  MEM :       0.029778 GB ] [ VIRT MEM :       1.963726 GB ] <<<<< ..
.. >>>>> [ WALL TIME:       1.339131  s ] [ CPU  TIME:      25.238413  s ] <<<<< ..
 
 
.. >>>>> [ RES  MEM :       0.029778 GB ] [ VIRT MEM :       1.963726 GB ] <<<<< ..
.. >>>>> [ WALL TIME:       1.339376  s ] [ CPU  TIME:      25.244251  s ] <<<<< ..
 
* Nuclear repulsion energy                           23.55573708199530    
.. >>>>> [ IO READ: n_it_scf_max ] <<<<< ..
 
.. >>>>> [ RES  MEM :       0.029778 GB ] [ VIRT MEM :       1.963726 GB ] <<<<< ..
.. >>>>> [ WALL TIME:       1.345745  s ] [ CPU  TIME:      25.391126  s ] <<<<< ..
 
.. >>>>> [ IO READ: scf_algorithm ] <<<<< ..
 
.. >>>>> [ RES  MEM :       0.029797 GB ] [ VIRT MEM :       1.963726 GB ] <<<<< ..
.. >>>>> [ WALL TIME:       1.352747  s ] [ CPU  TIME:      25.553983  s ] <<<<< ..
 
.. >>>>> [ IO READ: max_dim_diis ] <<<<< ..
 
.. >>>>> [ RES  MEM :       0.029797 GB ] [ VIRT MEM :       1.963726 GB ] <<<<< ..
.. >>>>> [ WALL TIME:       1.356948  s ] [ CPU  TIME:      25.651339  s ] <<<<< ..
 
.. >>>>> [ IO READ: threshold_diis ] <<<<< ..
 
.. >>>>> [ RES  MEM :       0.029797 GB ] [ VIRT MEM :       1.963726 GB ] <<<<< ..
.. >>>>> [ WALL TIME:       1.360056  s ] [ CPU  TIME:      25.723031  s ] <<<<< ..
 
.. >>>>> [ IO READ: thresh_scf ] <<<<< ..
 
.. >>>>> [ RES  MEM :       0.029797 GB ] [ VIRT MEM :       1.963726 GB ] <<<<< ..
.. >>>>> [ WALL TIME:       1.369283  s ] [ CPU  TIME:      25.935499  s ] <<<<< ..
 
 
.. >>>>> [ RES  MEM :       0.030365 GB ] [ VIRT MEM :       1.963726 GB ] <<<<< ..
.. >>>>> [ WALL TIME:       1.369900  s ] [ CPU  TIME:      25.950228  s ] <<<<< ..
 
 Energy of the guess =   -106.948090421057     
==== ================ ================ ================ ================
  N          Energy      Energy diff       DIIS error     Level shift   
==== ================ ================ ================ ================
   1  -108.8351730083    -1.8870825872     0.2421628236     0.0000000000   1
   2  -108.9569943206    -0.1218213124     0.0493121078     0.0000000000   2
   3  -108.9600442387    -0.0030499181     0.0101062523     0.0000000000   3
   4  -108.9602206134    -0.0001763747     0.0008980094     0.0000000000   4
   5  -108.9602208185    -0.0000002050     0.0007332629     0.0000000000   5
   6  -108.9602215773    -0.0000007589     0.0001752866     0.0000000000   6
   7  -108.9602216209    -0.0000000435     0.0000420680     0.0000000000   7
   8  -108.9602216234    -0.0000000025     0.0000102398     0.0000000000   8
   9  -108.9602216236    -0.0000000001     0.0000025314     0.0000000000   9
  10  -108.9602216236    -0.0000000000     0.0000006348     0.0000000000  10
==== ================ ================ ================ ================
 
 
.. >>>>> [ RES  MEM :       0.030731 GB ] [ VIRT MEM :       1.963726 GB ] <<<<< ..
.. >>>>> [ WALL TIME:       3.176938  s ] [ CPU  TIME:      67.081769  s ] <<<<< ..
 
MOs are now **Canonical**

Eigenvalues
-----------

======== ================
       1   -15.6994441678
       2   -15.6960804792
       3    -1.4770587348
       4    -0.7821827081
       5    -0.6341072859
       6    -0.6141208251
       7    -0.6141208251
       8     0.1038381306
       9     0.1236190195
      10     0.1236190195
      11     0.1401572281
      12     0.1504793842
      13     0.1504793842
      14     0.1961538609
      15     0.2522284923
      16     0.2522284923
      17     0.3252061760
      18     0.5859804248
      19     0.5859804248
      20     0.6908674281
      21     0.7118256161
      22     0.8004593575
      23     0.8004593575
      24     0.8658481057
      25     0.8658481057
      26     0.9472897752
      27     0.9810684639
      28     0.9810684639
      29     1.0843679383
      30     1.0843679383
      31     1.1363257070
      32     1.3273575018
      33     1.3838435750
      34     1.3838435750
      35     1.9001135352
      36     2.2223943820
      37     2.2223943820
      38     2.2452967062
      39     2.2452967062
      40     2.6507041008
      41     2.6507041008
      42     2.9527913154
      43     2.9979411233
      44     3.1307458923
      45     3.1307458923
      46     3.3303995450
======== ================

 
.. >>>>> [ RES  MEM :       0.112900 GB ] [ VIRT MEM :       2.050503 GB ] <<<<< ..
.. >>>>> [ WALL TIME:       3.181856  s ] [ CPU  TIME:      67.164471  s ] <<<<< ..
 
* SCF energy                                        -108.9602216235616    
 
.. >>>>> [ RES  MEM :       0.113068 GB ] [ VIRT MEM :       2.050564 GB ] <<<<< ..
.. >>>>> [ WALL TIME:       3.261999  s ] [ CPU  TIME:      68.968136  s ] <<<<< ..
 
Wall time: 0:00:07

